#! /c/Source/iverilog-install/bin/vvp
:ivl_version "12.0 (devel)" "(s20150603-1110-g18392a46)";
:ivl_delay_selection "TYPICAL";
:vpi_time_precision - 10;
:vpi_module "C:\iverilog\lib\ivl\system.vpi";
:vpi_module "C:\iverilog\lib\ivl\vhdl_sys.vpi";
:vpi_module "C:\iverilog\lib\ivl\vhdl_textio.vpi";
:vpi_module "C:\iverilog\lib\ivl\v2005_math.vpi";
:vpi_module "C:\iverilog\lib\ivl\va_math.vpi";
S_00000163ce832f70 .scope module, "cpu_tb" "cpu_tb" 2 7;
 .timescale -9 -10;
v00000163ce8d0810_0 .var "CLK", 0 0;
v00000163ce8d08b0_0 .net "INSTRUCTION", 31 0, L_00000163ce91ef70;  1 drivers
v00000163ce8d0950_0 .net "PC", 31 0, v00000163ce8ccbe0_0;  1 drivers
v00000163ce8d09f0_0 .var "RESET", 0 0;
v00000163ce8d0a90_0 .net "aluResult", 7 0, v00000163ce8ca090_0;  1 drivers
RS_00000163ce8748a8 .resolv tri, v00000163ce8c67b0_0, v00000163ce8cf700_0;
v00000163ce8d10d0_0 .net8 "busyWait", 0 0, RS_00000163ce8748a8;  2 drivers
v00000163ce8d3b10_0 .net "inst_address", 5 0, v00000163ce8c7bb0_0;  1 drivers
v00000163ce8d2030_0 .net "inst_busywait", 0 0, v00000163ce8d04f0_0;  1 drivers
v00000163ce8d2710_0 .net "inst_read", 0 0, v00000163ce8c6710_0;  1 drivers
v00000163ce8d20d0_0 .net "inst_readdata", 127 0, v00000163ce8d1030_0;  1 drivers
v00000163ce8d3c50_0 .net "mem_Address", 5 0, v00000163ce8cdfe0_0;  1 drivers
v00000163ce8d3bb0_0 .net "mem_Read", 0 0, v00000163ce8ce800_0;  1 drivers
v00000163ce8d1f90_0 .net "mem_Write", 0 0, v00000163ce8cfac0_0;  1 drivers
v00000163ce8d2b70_0 .net "mem_Writedata", 31 0, v00000163ce8cdea0_0;  1 drivers
v00000163ce8d2d50_0 .net "mem_busywait", 0 0, v00000163ce854420_0;  1 drivers
v00000163ce8d3a70_0 .net "mem_readdata", 31 0, v00000163ce854600_0;  1 drivers
v00000163ce8d3250_0 .net "read", 0 0, v00000163ce8ca1d0_0;  1 drivers
v00000163ce8d2e90_0 .net "readData", 7 0, v00000163ce8ce080_0;  1 drivers
v00000163ce8d2490_0 .net "regOut1", 7 0, L_00000163ce8515e0;  1 drivers
v00000163ce8d2350_0 .net "write", 0 0, v00000163ce8c8fb0_0;  1 drivers
S_00000163ce835910 .scope module, "my_data_memory" "data_memory" 2 60, 3 12 0, S_00000163ce832f70;
 .timescale -9 -10;
    .port_info 0 /INPUT 1 "clock";
    .port_info 1 /INPUT 1 "reset";
    .port_info 2 /INPUT 1 "read";
    .port_info 3 /INPUT 1 "write";
    .port_info 4 /INPUT 6 "address";
    .port_info 5 /INPUT 32 "writedata";
    .port_info 6 /OUTPUT 32 "readdata";
    .port_info 7 /OUTPUT 1 "busywait";
v00000163ce854ba0_0 .var *"_ivl_10", 7 0; Local signal
v00000163ce854a60_0 .var *"_ivl_3", 7 0; Local signal
v00000163ce855780_0 .var *"_ivl_4", 7 0; Local signal
v00000163ce854240_0 .var *"_ivl_5", 7 0; Local signal
v00000163ce853b60_0 .var *"_ivl_6", 7 0; Local signal
v00000163ce853ca0_0 .var *"_ivl_7", 7 0; Local signal
v00000163ce853de0_0 .var *"_ivl_8", 7 0; Local signal
v00000163ce855320_0 .var *"_ivl_9", 7 0; Local signal
v00000163ce8551e0_0 .net "address", 5 0, v00000163ce8cdfe0_0;  alias, 1 drivers
v00000163ce854420_0 .var "busywait", 0 0;
v00000163ce854b00_0 .net "clock", 0 0, v00000163ce8d0810_0;  1 drivers
v00000163ce853f20_0 .var/i "i", 31 0;
v00000163ce853fc0 .array "memory_array", 0 255, 7 0;
v00000163ce855000_0 .net "read", 0 0, v00000163ce8ce800_0;  alias, 1 drivers
v00000163ce854060_0 .var "readaccess", 0 0;
v00000163ce854600_0 .var "readdata", 31 0;
v00000163ce854100_0 .net "reset", 0 0, v00000163ce8d09f0_0;  1 drivers
v00000163ce8542e0_0 .net "write", 0 0, v00000163ce8cfac0_0;  alias, 1 drivers
v00000163ce854ec0_0 .var "writeaccess", 0 0;
v00000163ce8550a0_0 .net "writedata", 31 0, v00000163ce8cdea0_0;  alias, 1 drivers
E_00000163ce867c40 .event posedge, v00000163ce854100_0;
E_00000163ce867fc0 .event posedge, v00000163ce854b00_0;
E_00000163ce868480 .event anyedge, v00000163ce8542e0_0, v00000163ce855000_0;
S_00000163ce835aa0 .scope module, "my_instruction_cache" "icache" 2 69, 4 10 0, S_00000163ce832f70;
 .timescale -9 -10;
    .port_info 0 /INPUT 32 "PC";
    .port_info 1 /INPUT 1 "CLOCK";
    .port_info 2 /INPUT 1 "RESET";
    .port_info 3 /INPUT 128 "imem_READDATA";
    .port_info 4 /INPUT 1 "imem_BUSYWAIT";
    .port_info 5 /OUTPUT 1 "imem_READ";
    .port_info 6 /OUTPUT 32 "INSTRUCTION";
    .port_info 7 /OUTPUT 6 "imem_ADDRESS";
    .port_info 8 /OUTPUT 1 "iCache_BUSYWAIT";
P_00000163ce833100 .param/l "CACHE_UPDATE" 0 4 102, C4<10>;
P_00000163ce833138 .param/l "IDLE" 0 4 102, C4<00>;
P_00000163ce833170 .param/l "MEM_READ" 0 4 102, C4<01>;
L_00000163ce8516c0/d .functor BUFZ 3, L_00000163ce8d23f0, C4<000>, C4<000>, C4<000>;
L_00000163ce8516c0 .delay 3 (10,10,10) L_00000163ce8516c0/d;
L_00000163ce8508c0/d .functor BUFZ 1, L_00000163ce8d2670, C4<0>, C4<0>, C4<0>;
L_00000163ce8508c0 .delay 1 (10,10,10) L_00000163ce8508c0/d;
L_00000163ce850a10 .functor AND 1, L_00000163ce8d2fd0, L_00000163ce8508c0, C4<1>, C4<1>;
L_00000163ce850af0 .functor AND 1, L_00000163ce8d3070, L_00000163ce850a10, C4<1>, C4<1>;
L_00000163ce850a80 .functor AND 1, L_00000163ce8d2ad0, L_00000163ce850a10, C4<1>, C4<1>;
L_00000163ce850b60 .functor AND 1, L_00000163ce8d2cb0, L_00000163ce850a10, C4<1>, C4<1>;
v00000163ce855460_0 .net "CLOCK", 0 0, v00000163ce8d0810_0;  alias, 1 drivers
v00000163ce839220_0 .net "INSTRUCTION", 31 0, L_00000163ce91ef70;  alias, 1 drivers
v00000163ce83a580_0 .net "PC", 31 0, v00000163ce8ccbe0_0;  alias, 1 drivers
v00000163ce839e00_0 .net "RESET", 0 0, v00000163ce8d09f0_0;  alias, 1 drivers
v00000163ce839400_0 .net *"_ivl_0", 2 0, L_00000163ce8d23f0;  1 drivers
v00000163ce839ea0_0 .net *"_ivl_10", 0 0, L_00000163ce8d2670;  1 drivers
v00000163ce838a00_0 .net *"_ivl_13", 2 0, L_00000163ce8d2df0;  1 drivers
v00000163ce838be0_0 .net *"_ivl_14", 4 0, L_00000163ce8d25d0;  1 drivers
L_00000163ce8d61a8 .functor BUFT 1, C4<00>, C4<0>, C4<0>, C4<0>;
v00000163ce83a1c0_0 .net *"_ivl_17", 1 0, L_00000163ce8d61a8;  1 drivers
v00000163ce7ab880_0 .net *"_ivl_21", 2 0, L_00000163ce8d39d0;  1 drivers
v00000163ce8c65d0_0 .net *"_ivl_22", 0 0, L_00000163ce8d36b0;  1 drivers
L_00000163ce8d61f0 .functor BUFT 1, C4<01>, C4<0>, C4<0>, C4<0>;
v00000163ce8c63f0_0 .net/2s *"_ivl_24", 1 0, L_00000163ce8d61f0;  1 drivers
L_00000163ce8d6238 .functor BUFT 1, C4<00>, C4<0>, C4<0>, C4<0>;
v00000163ce8c5ef0_0 .net/2s *"_ivl_26", 1 0, L_00000163ce8d6238;  1 drivers
v00000163ce8c7070_0 .net *"_ivl_28", 1 0, L_00000163ce8d2850;  1 drivers
v00000163ce8c6490_0 .net *"_ivl_3", 2 0, L_00000163ce8d37f0;  1 drivers
v00000163ce8c5f90_0 .net *"_ivl_35", 1 0, L_00000163ce8d2990;  1 drivers
L_00000163ce8d6280 .functor BUFT 1, C4<01>, C4<0>, C4<0>, C4<0>;
v00000163ce8c5d10_0 .net/2u *"_ivl_36", 1 0, L_00000163ce8d6280;  1 drivers
v00000163ce8c6cb0_0 .net *"_ivl_38", 0 0, L_00000163ce8d3070;  1 drivers
v00000163ce8c7750_0 .net *"_ivl_4", 4 0, L_00000163ce8d3930;  1 drivers
v00000163ce8c6df0_0 .net *"_ivl_41", 0 0, L_00000163ce850af0;  1 drivers
v00000163ce8c6530_0 .net *"_ivl_43", 31 0, L_00000163ce8d2a30;  1 drivers
v00000163ce8c77f0_0 .net *"_ivl_45", 1 0, L_00000163ce8d32f0;  1 drivers
L_00000163ce8d62c8 .functor BUFT 1, C4<10>, C4<0>, C4<0>, C4<0>;
v00000163ce8c6670_0 .net/2u *"_ivl_46", 1 0, L_00000163ce8d62c8;  1 drivers
v00000163ce8c6350_0 .net *"_ivl_48", 0 0, L_00000163ce8d2ad0;  1 drivers
v00000163ce8c7890_0 .net *"_ivl_51", 0 0, L_00000163ce850a80;  1 drivers
v00000163ce8c6170_0 .net *"_ivl_53", 31 0, L_00000163ce8d3390;  1 drivers
v00000163ce8c6990_0 .net *"_ivl_55", 1 0, L_00000163ce8d3430;  1 drivers
L_00000163ce8d6310 .functor BUFT 1, C4<11>, C4<0>, C4<0>, C4<0>;
v00000163ce8c7610_0 .net/2u *"_ivl_56", 1 0, L_00000163ce8d6310;  1 drivers
v00000163ce8c76b0_0 .net *"_ivl_58", 0 0, L_00000163ce8d2cb0;  1 drivers
v00000163ce8c6e90_0 .net *"_ivl_61", 0 0, L_00000163ce850b60;  1 drivers
v00000163ce8c7430_0 .net *"_ivl_63", 31 0, L_00000163ce91fab0;  1 drivers
v00000163ce8c7110_0 .net *"_ivl_65", 31 0, L_00000163ce91f790;  1 drivers
v00000163ce8c6f30_0 .net *"_ivl_66", 31 0, L_00000163ce91f150;  1 drivers
v00000163ce8c6210_0 .net *"_ivl_68", 31 0, L_00000163ce91ffb0;  1 drivers
L_00000163ce8d6160 .functor BUFT 1, C4<00>, C4<0>, C4<0>, C4<0>;
v00000163ce8c7a70_0 .net *"_ivl_7", 1 0, L_00000163ce8d6160;  1 drivers
v00000163ce8c6fd0_0 .var "address", 9 0;
v00000163ce8c7930 .array "address_tag_array", 0 7, 2 0;
v00000163ce8c5db0_0 .net "comparator_result", 0 0, L_00000163ce8d2fd0;  1 drivers
v00000163ce8c74d0_0 .net "current_tag", 2 0, L_00000163ce8516c0;  1 drivers
v00000163ce8c71b0_0 .var "data_block", 127 0;
v00000163ce8c6030_0 .net "hit", 0 0, L_00000163ce850a10;  1 drivers
v00000163ce8c79d0_0 .var/i "i", 31 0;
v00000163ce8c67b0_0 .var "iCache_BUSYWAIT", 0 0;
v00000163ce8c7b10 .array "icache_data_array", 0 7, 127 0;
v00000163ce8c7bb0_0 .var "imem_ADDRESS", 5 0;
v00000163ce8c7250_0 .net "imem_BUSYWAIT", 0 0, v00000163ce8d04f0_0;  alias, 1 drivers
v00000163ce8c6710_0 .var "imem_READ", 0 0;
v00000163ce8c6850_0 .net "imem_READDATA", 127 0, v00000163ce8d1030_0;  alias, 1 drivers
v00000163ce8c68f0_0 .var "next_state", 1 0;
v00000163ce8c7570_0 .var "state", 1 0;
v00000163ce8c5e50_0 .net "valid_bit", 0 0, L_00000163ce8508c0;  1 drivers
v00000163ce8c6a30 .array "valid_bit_array", 0 7, 0 0;
E_00000163ce868180/0 .event anyedge, v00000163ce854100_0;
E_00000163ce868180/1 .event posedge, v00000163ce854b00_0;
E_00000163ce868180 .event/or E_00000163ce868180/0, E_00000163ce868180/1;
E_00000163ce868100 .event anyedge, v00000163ce8c7570_0;
E_00000163ce8684c0 .event anyedge, v00000163ce8c7570_0, v00000163ce8c6030_0, v00000163ce8c7250_0;
E_00000163ce868780/0 .event anyedge, v00000163ce8c6030_0;
E_00000163ce868780/1 .event posedge, v00000163ce854b00_0;
E_00000163ce868780 .event/or E_00000163ce868780/0, E_00000163ce868780/1;
v00000163ce8c7b10_0 .array/port v00000163ce8c7b10, 0;
v00000163ce8c7b10_1 .array/port v00000163ce8c7b10, 1;
v00000163ce8c7b10_2 .array/port v00000163ce8c7b10, 2;
E_00000163ce8687c0/0 .event anyedge, v00000163ce8c6fd0_0, v00000163ce8c7b10_0, v00000163ce8c7b10_1, v00000163ce8c7b10_2;
v00000163ce8c7b10_3 .array/port v00000163ce8c7b10, 3;
v00000163ce8c7b10_4 .array/port v00000163ce8c7b10, 4;
v00000163ce8c7b10_5 .array/port v00000163ce8c7b10, 5;
v00000163ce8c7b10_6 .array/port v00000163ce8c7b10, 6;
E_00000163ce8687c0/1 .event anyedge, v00000163ce8c7b10_3, v00000163ce8c7b10_4, v00000163ce8c7b10_5, v00000163ce8c7b10_6;
v00000163ce8c7b10_7 .array/port v00000163ce8c7b10, 7;
E_00000163ce8687c0/2 .event anyedge, v00000163ce8c7b10_7;
E_00000163ce8687c0 .event/or E_00000163ce8687c0/0, E_00000163ce8687c0/1, E_00000163ce8687c0/2;
E_00000163ce867c80 .event anyedge, v00000163ce83a580_0;
L_00000163ce8d23f0 .array/port v00000163ce8c7930, L_00000163ce8d3930;
L_00000163ce8d37f0 .part v00000163ce8c6fd0_0, 4, 3;
L_00000163ce8d3930 .concat [ 3 2 0 0], L_00000163ce8d37f0, L_00000163ce8d6160;
L_00000163ce8d2670 .array/port v00000163ce8c6a30, L_00000163ce8d25d0;
L_00000163ce8d2df0 .part v00000163ce8c6fd0_0, 4, 3;
L_00000163ce8d25d0 .concat [ 3 2 0 0], L_00000163ce8d2df0, L_00000163ce8d61a8;
L_00000163ce8d39d0 .part v00000163ce8c6fd0_0, 7, 3;
L_00000163ce8d36b0 .cmp/eq 3, L_00000163ce8516c0, L_00000163ce8d39d0;
L_00000163ce8d2850 .functor MUXZ 2, L_00000163ce8d6238, L_00000163ce8d61f0, L_00000163ce8d36b0, C4<>;
L_00000163ce8d2fd0 .delay 1 (9,9,9) L_00000163ce8d2fd0/d;
L_00000163ce8d2fd0/d .part L_00000163ce8d2850, 0, 1;
L_00000163ce8d2990 .part v00000163ce8c6fd0_0, 2, 2;
L_00000163ce8d3070 .cmp/eq 2, L_00000163ce8d2990, L_00000163ce8d6280;
L_00000163ce8d2a30 .part v00000163ce8c71b0_0, 32, 32;
L_00000163ce8d32f0 .part v00000163ce8c6fd0_0, 2, 2;
L_00000163ce8d2ad0 .cmp/eq 2, L_00000163ce8d32f0, L_00000163ce8d62c8;
L_00000163ce8d3390 .part v00000163ce8c71b0_0, 64, 32;
L_00000163ce8d3430 .part v00000163ce8c6fd0_0, 2, 2;
L_00000163ce8d2cb0 .cmp/eq 2, L_00000163ce8d3430, L_00000163ce8d6310;
L_00000163ce91fab0 .part v00000163ce8c71b0_0, 96, 32;
L_00000163ce91f790 .part v00000163ce8c71b0_0, 0, 32;
L_00000163ce91f150 .functor MUXZ 32, L_00000163ce91f790, L_00000163ce91fab0, L_00000163ce850b60, C4<>;
L_00000163ce91ffb0 .functor MUXZ 32, L_00000163ce91f150, L_00000163ce8d3390, L_00000163ce850a80, C4<>;
L_00000163ce91ef70 .delay 32 (10,10,10) L_00000163ce91ef70/d;
L_00000163ce91ef70/d .functor MUXZ 32, L_00000163ce91ffb0, L_00000163ce8d2a30, L_00000163ce850af0, C4<>;
S_00000163ce7108c0 .scope module, "mycpu" "CPU" 2 54, 5 3 0, S_00000163ce832f70;
 .timescale -9 -10;
    .port_info 0 /OUTPUT 32 "PC";
    .port_info 1 /INPUT 32 "INSTRUCTION";
    .port_info 2 /INPUT 1 "CLK";
    .port_info 3 /INPUT 1 "RESET";
    .port_info 4 /OUTPUT 8 "aluResult";
    .port_info 5 /OUTPUT 8 "regOut1";
    .port_info 6 /INPUT 8 "readdata";
    .port_info 7 /OUTPUT 1 "read";
    .port_info 8 /OUTPUT 1 "write";
    .port_info 9 /INPUT 1 "busywait";
v00000163ce8cc280_0 .net "BeqResult", 0 0, v00000163ce8c9d70_0;  1 drivers
v00000163ce8cb880_0 .net "CLK", 0 0, v00000163ce8d0810_0;  alias, 1 drivers
v00000163ce8cb600_0 .net "INSTRUCTION", 31 0, L_00000163ce91ef70;  alias, 1 drivers
v00000163ce8cb920_0 .net "PC", 31 0, v00000163ce8ccbe0_0;  alias, 1 drivers
v00000163ce8cb9c0_0 .net "PCJBeqNext", 31 0, v00000163ce8cb1a0_0;  1 drivers
v00000163ce8cba60_0 .net "PCNEXT", 31 0, v00000163ce8cc140_0;  1 drivers
v00000163ce8cbd80_0 .net "PCtobeExecuted", 31 0, v00000163ce8c6d50_0;  1 drivers
v00000163ce8cc5a0_0 .net "RESET", 0 0, v00000163ce8d09f0_0;  alias, 1 drivers
v00000163ce8cbe20_0 .net "aluResult", 7 0, v00000163ce8ca090_0;  alias, 1 drivers
v00000163ce8ccaa0_0 .net "alu_op", 2 0, v00000163ce8ca9f0_0;  1 drivers
v00000163ce8cf980_0 .net "beq", 0 0, v00000163ce8ca3b0_0;  1 drivers
v00000163ce8cf5c0_0 .net "beqJOK", 0 0, v00000163ce8c7390_0;  1 drivers
v00000163ce8cfa20_0 .net "beqOK", 0 0, v00000163ce8c62b0_0;  1 drivers
v00000163ce8ce1c0_0 .net8 "busywait", 0 0, RS_00000163ce8748a8;  alias, 2 drivers
v00000163ce8cec60_0 .net "imm_trigger", 0 0, v00000163ce8c9550_0;  1 drivers
v00000163ce8cf2a0_0 .net "immediate", 7 0, v00000163ce8c8f10_0;  1 drivers
v00000163ce8cf200_0 .net "j", 0 0, v00000163ce8c9e10_0;  1 drivers
v00000163ce8ced00_0 .net "mux1_Out", 7 0, v00000163ce8c9230_0;  1 drivers
v00000163ce8cf660_0 .net "mux2_Out", 7 0, v00000163ce8ca630_0;  1 drivers
v00000163ce8ce4e0_0 .net "mux3_out", 7 0, v00000163ce8cc320_0;  1 drivers
v00000163ce8cdd60_0 .net "offset32", 31 0, v00000163ce8cb380_0;  1 drivers
v00000163ce8ceee0_0 .net "offset7", 7 0, v00000163ce8c9050_0;  1 drivers
v00000163ce8cf0c0_0 .net "opcode", 7 0, v00000163ce8ca590_0;  1 drivers
v00000163ce8cee40_0 .net "read", 0 0, v00000163ce8ca1d0_0;  alias, 1 drivers
v00000163ce8ceb20_0 .net "readReg1_add", 2 0, v00000163ce8c9f50_0;  1 drivers
v00000163ce8cfc00_0 .net "readReg2_add", 2 0, v00000163ce8c9190_0;  1 drivers
v00000163ce8cea80_0 .net "readdata", 7 0, v00000163ce8ce080_0;  alias, 1 drivers
v00000163ce8cebc0_0 .net "regOut1", 7 0, L_00000163ce8515e0;  alias, 1 drivers
v00000163ce8cf160_0 .net "regOut2", 7 0, L_00000163ce850bd0;  1 drivers
v00000163ce8cdf40_0 .net "sub_trigger", 0 0, v00000163ce8c9690_0;  1 drivers
v00000163ce8cf340_0 .net "twoscomplement", 7 0, v00000163ce8cc960_0;  1 drivers
v00000163ce8cf3e0_0 .net "write", 0 0, v00000163ce8c8fb0_0;  alias, 1 drivers
v00000163ce8cf480_0 .net "writeReg_add", 2 0, v00000163ce8c90f0_0;  1 drivers
v00000163ce8ceda0_0 .net "write_from_memory", 0 0, v00000163ce8ca310_0;  1 drivers
v00000163ce8cde00_0 .net "writeenable", 0 0, v00000163ce8c9730_0;  1 drivers
S_00000163ce70fdb0 .scope module, "ANDInstance" "logicalAND" 5 76, 5 106 0, S_00000163ce7108c0;
 .timescale -9 -10;
    .port_info 0 /INPUT 1 "BEQ";
    .port_info 1 /INPUT 1 "ALU_ZERO";
    .port_info 2 /OUTPUT 1 "BEQ_OK";
v00000163ce8c60d0_0 .net "ALU_ZERO", 0 0, v00000163ce8c9d70_0;  alias, 1 drivers
v00000163ce8c72f0_0 .net "BEQ", 0 0, v00000163ce8ca3b0_0;  alias, 1 drivers
v00000163ce8c62b0_0 .var "BEQ_OK", 0 0;
E_00000163ce869200 .event anyedge, v00000163ce8c72f0_0, v00000163ce8c60d0_0;
S_00000163ce70ff40 .scope module, "MUX32Instance" "MUX32" 5 92, 5 482 0, S_00000163ce7108c0;
 .timescale -9 -10;
    .port_info 0 /INPUT 32 "PC_NEXT";
    .port_info 1 /INPUT 32 "PC_JBEQ_NEXT";
    .port_info 2 /INPUT 1 "BEQ_J_OK";
    .port_info 3 /OUTPUT 32 "PC_tobe_Executed";
v00000163ce8c6ad0_0 .net "BEQ_J_OK", 0 0, v00000163ce8c7390_0;  alias, 1 drivers
v00000163ce8c6b70_0 .net "PC_JBEQ_NEXT", 31 0, v00000163ce8cb1a0_0;  alias, 1 drivers
v00000163ce8c6c10_0 .net "PC_NEXT", 31 0, v00000163ce8cc140_0;  alias, 1 drivers
v00000163ce8c6d50_0 .var "PC_tobe_Executed", 31 0;
E_00000163ce8689c0 .event anyedge, v00000163ce8c6ad0_0, v00000163ce8c6b70_0, v00000163ce8c6c10_0;
S_00000163ce7100d0 .scope module, "ORInstance" "logicalOR" 5 80, 5 126 0, S_00000163ce7108c0;
 .timescale -9 -10;
    .port_info 0 /INPUT 1 "BEQ_OK";
    .port_info 1 /INPUT 1 "J";
    .port_info 2 /OUTPUT 1 "BEQ_J_OK";
v00000163ce8c7390_0 .var "BEQ_J_OK", 0 0;
v00000163ce8cabd0_0 .net "BEQ_OK", 0 0, v00000163ce8c62b0_0;  alias, 1 drivers
v00000163ce8ca810_0 .net "J", 0 0, v00000163ce8c9e10_0;  alias, 1 drivers
E_00000163ce869740 .event anyedge, v00000163ce8c62b0_0, v00000163ce8ca810_0;
S_00000163ce73df20 .scope module, "aluInstance" "alu" 5 61, 5 532 0, S_00000163ce7108c0;
 .timescale -9 -10;
    .port_info 0 /INPUT 8 "DATA1";
    .port_info 1 /INPUT 8 "DATA2";
    .port_info 2 /OUTPUT 8 "ALURESULT";
    .port_info 3 /OUTPUT 1 "BEQRESULT";
    .port_info 4 /INPUT 3 "ALUOP";
v00000163ce8c8d30_0 .net "ALUOP", 2 0, v00000163ce8ca9f0_0;  alias, 1 drivers
v00000163ce8ca090_0 .var "ALURESULT", 7 0;
v00000163ce8c9d70_0 .var "BEQRESULT", 0 0;
v00000163ce8ca130_0 .net "DATA1", 7 0, L_00000163ce8515e0;  alias, 1 drivers
v00000163ce8ca950_0 .net "DATA2", 7 0, v00000163ce8ca630_0;  alias, 1 drivers
v00000163ce8ca6d0_0 .net "addResult", 7 0, L_00000163ce8d34d0;  1 drivers
v00000163ce8c9af0_0 .net "andResult", 7 0, L_00000163ce8509a0;  1 drivers
v00000163ce8ca770_0 .net "fwdResult", 7 0, L_00000163ce851730;  1 drivers
v00000163ce8c99b0_0 .net "orResult", 7 0, L_00000163ce851180;  1 drivers
E_00000163ce8691c0 .event anyedge, v00000163ce8c8dd0_0;
E_00000163ce869440 .event anyedge, v00000163ce8c94b0_0, v00000163ce8c9cd0_0, v00000163ce8c8dd0_0, v00000163ce8c9370_0;
S_00000163ce73e0b0 .scope module, "add1" "ADD" 5 543, 5 585 0, S_00000163ce73df20;
 .timescale -9 -10;
    .port_info 0 /INPUT 8 "DATA1";
    .port_info 1 /INPUT 8 "DATA2";
    .port_info 2 /OUTPUT 8 "RESULT";
v00000163ce8c9b90_0 .net "DATA1", 7 0, L_00000163ce8515e0;  alias, 1 drivers
v00000163ce8c9870_0 .net "DATA2", 7 0, v00000163ce8ca630_0;  alias, 1 drivers
v00000163ce8c8dd0_0 .net "RESULT", 7 0, L_00000163ce8d34d0;  alias, 1 drivers
L_00000163ce8d34d0 .delay 8 (20,20,20) L_00000163ce8d34d0/d;
L_00000163ce8d34d0/d .arith/sum 8, L_00000163ce8515e0, v00000163ce8ca630_0;
S_00000163ce73e240 .scope module, "and1" "AND" 5 544, 5 597 0, S_00000163ce73df20;
 .timescale -9 -10;
    .port_info 0 /INPUT 8 "DATA1";
    .port_info 1 /INPUT 8 "DATA2";
    .port_info 2 /OUTPUT 8 "RESULT";
L_00000163ce8509a0/d .functor AND 8, L_00000163ce8515e0, v00000163ce8ca630_0, C4<11111111>, C4<11111111>;
L_00000163ce8509a0 .delay 8 (10,10,10) L_00000163ce8509a0/d;
v00000163ce8c9c30_0 .net "DATA1", 7 0, L_00000163ce8515e0;  alias, 1 drivers
v00000163ce8ca270_0 .net "DATA2", 7 0, v00000163ce8ca630_0;  alias, 1 drivers
v00000163ce8c9cd0_0 .net "RESULT", 7 0, L_00000163ce8509a0;  alias, 1 drivers
S_00000163ce7386f0 .scope module, "fwd1" "FWD" 5 542, 5 573 0, S_00000163ce73df20;
 .timescale -9 -10;
    .port_info 0 /INPUT 8 "DATA2";
    .port_info 1 /OUTPUT 8 "RESULT";
L_00000163ce851730/d .functor BUFZ 8, v00000163ce8ca630_0, C4<00000000>, C4<00000000>, C4<00000000>;
L_00000163ce851730 .delay 8 (10,10,10) L_00000163ce851730/d;
v00000163ce8ca8b0_0 .net "DATA2", 7 0, v00000163ce8ca630_0;  alias, 1 drivers
v00000163ce8c9370_0 .net "RESULT", 7 0, L_00000163ce851730;  alias, 1 drivers
S_00000163ce738880 .scope module, "or1" "OR" 5 545, 5 609 0, S_00000163ce73df20;
 .timescale -9 -10;
    .port_info 0 /INPUT 8 "DATA1";
    .port_info 1 /INPUT 8 "DATA2";
    .port_info 2 /OUTPUT 8 "RESULT";
L_00000163ce851180/d .functor OR 8, L_00000163ce8515e0, v00000163ce8ca630_0, C4<00000000>, C4<00000000>;
L_00000163ce851180 .delay 8 (10,10,10) L_00000163ce851180/d;
v00000163ce8c9a50_0 .net "DATA1", 7 0, L_00000163ce8515e0;  alias, 1 drivers
v00000163ce8c8e70_0 .net "DATA2", 7 0, v00000163ce8ca630_0;  alias, 1 drivers
v00000163ce8c94b0_0 .net "RESULT", 7 0, L_00000163ce851180;  alias, 1 drivers
S_00000163ce738a10 .scope module, "controlUnitInstance" "Control_Unit" 5 30, 5 281 0, S_00000163ce7108c0;
 .timescale -9 -10;
    .port_info 0 /INPUT 8 "OPCODE";
    .port_info 1 /OUTPUT 1 "SUB_TRIGGER";
    .port_info 2 /OUTPUT 1 "IMM_TRIGGER";
    .port_info 3 /OUTPUT 3 "ALU_OP";
    .port_info 4 /OUTPUT 1 "WRITE_ENABLE";
    .port_info 5 /OUTPUT 1 "J";
    .port_info 6 /OUTPUT 1 "BEQ";
    .port_info 7 /INPUT 1 "BUSYWAIT";
    .port_info 8 /OUTPUT 1 "READ";
    .port_info 9 /OUTPUT 1 "WRITE";
    .port_info 10 /OUTPUT 1 "WRITE_FROM_MEMORY";
    .port_info 11 /INPUT 3 "RT";
    .port_info 12 /INPUT 3 "RS";
    .port_info 13 /INPUT 3 "RD";
v00000163ce8ca9f0_0 .var "ALU_OP", 2 0;
v00000163ce8ca3b0_0 .var "BEQ", 0 0;
v00000163ce8c95f0_0 .net8 "BUSYWAIT", 0 0, RS_00000163ce8748a8;  alias, 2 drivers
v00000163ce8c9550_0 .var "IMM_TRIGGER", 0 0;
v00000163ce8c9e10_0 .var "J", 0 0;
v00000163ce8caa90_0 .net "OPCODE", 7 0, v00000163ce8ca590_0;  alias, 1 drivers
v00000163ce8c9eb0_0 .net "RD", 2 0, v00000163ce8c90f0_0;  alias, 1 drivers
v00000163ce8ca1d0_0 .var "READ", 0 0;
v00000163ce8cab30_0 .net "RS", 2 0, v00000163ce8c9190_0;  alias, 1 drivers
v00000163ce8ca450_0 .net "RT", 2 0, v00000163ce8c9f50_0;  alias, 1 drivers
v00000163ce8c9690_0 .var "SUB_TRIGGER", 0 0;
v00000163ce8c8fb0_0 .var "WRITE", 0 0;
v00000163ce8c9730_0 .var "WRITE_ENABLE", 0 0;
v00000163ce8ca310_0 .var "WRITE_FROM_MEMORY", 0 0;
E_00000163ce869780 .event anyedge, v00000163ce8c67b0_0;
E_00000163ce869400 .event anyedge, v00000163ce8c9eb0_0, v00000163ce8cab30_0, v00000163ce8ca450_0, v00000163ce8caa90_0;
S_00000163ce7171b0 .scope module, "decoderInstance" "Decoder" 5 23, 5 240 0, S_00000163ce7108c0;
 .timescale -9 -10;
    .port_info 0 /INPUT 32 "INSTRUCTION";
    .port_info 1 /OUTPUT 8 "OPCODE";
    .port_info 2 /OUTPUT 8 "IMMEDIATE";
    .port_info 3 /OUTPUT 8 "OFFSET";
    .port_info 4 /OUTPUT 3 "RT";
    .port_info 5 /OUTPUT 3 "RS";
    .port_info 6 /OUTPUT 3 "RD";
v00000163ce8c8f10_0 .var "IMMEDIATE", 7 0;
v00000163ce8ca4f0_0 .net "INSTRUCTION", 31 0, L_00000163ce91ef70;  alias, 1 drivers
v00000163ce8c9050_0 .var "OFFSET", 7 0;
v00000163ce8ca590_0 .var "OPCODE", 7 0;
v00000163ce8c90f0_0 .var "RD", 2 0;
v00000163ce8c9190_0 .var "RS", 2 0;
v00000163ce8c9f50_0 .var "RT", 2 0;
E_00000163ce868d80 .event anyedge, v00000163ce839220_0;
S_00000163ce717340 .scope module, "mux1" "MUX8" 5 49, 5 507 0, S_00000163ce7108c0;
 .timescale -9 -10;
    .port_info 0 /INPUT 8 "REG1";
    .port_info 1 /INPUT 8 "REG2";
    .port_info 2 /INPUT 1 "MUXSELECT";
    .port_info 3 /OUTPUT 8 "MUXOUT";
v00000163ce8c9230_0 .var "MUXOUT", 7 0;
v00000163ce8c92d0_0 .net "MUXSELECT", 0 0, v00000163ce8c9690_0;  alias, 1 drivers
v00000163ce8c9410_0 .net "REG1", 7 0, L_00000163ce850bd0;  alias, 1 drivers
v00000163ce8c97d0_0 .net "REG2", 7 0, v00000163ce8cc960_0;  alias, 1 drivers
E_00000163ce868fc0 .event anyedge, v00000163ce8c9690_0, v00000163ce8c97d0_0, v00000163ce8c9410_0;
S_00000163ce7174d0 .scope module, "mux2" "MUX8" 5 55, 5 507 0, S_00000163ce7108c0;
 .timescale -9 -10;
    .port_info 0 /INPUT 8 "REG1";
    .port_info 1 /INPUT 8 "REG2";
    .port_info 2 /INPUT 1 "MUXSELECT";
    .port_info 3 /OUTPUT 8 "MUXOUT";
v00000163ce8ca630_0 .var "MUXOUT", 7 0;
v00000163ce8c9910_0 .net "MUXSELECT", 0 0, v00000163ce8c9550_0;  alias, 1 drivers
v00000163ce8c9ff0_0 .net "REG1", 7 0, v00000163ce8c9230_0;  alias, 1 drivers
v00000163ce8cafc0_0 .net "REG2", 7 0, v00000163ce8c8f10_0;  alias, 1 drivers
E_00000163ce868dc0 .event anyedge, v00000163ce8c9550_0, v00000163ce8c8f10_0, v00000163ce8c9230_0;
S_00000163ce7158a0 .scope module, "mux3" "MUX8" 5 99, 5 507 0, S_00000163ce7108c0;
 .timescale -9 -10;
    .port_info 0 /INPUT 8 "REG1";
    .port_info 1 /INPUT 8 "REG2";
    .port_info 2 /INPUT 1 "MUXSELECT";
    .port_info 3 /OUTPUT 8 "MUXOUT";
v00000163ce8cc320_0 .var "MUXOUT", 7 0;
v00000163ce8cb2e0_0 .net "MUXSELECT", 0 0, v00000163ce8ca310_0;  alias, 1 drivers
v00000163ce8cbba0_0 .net "REG1", 7 0, v00000163ce8ca090_0;  alias, 1 drivers
v00000163ce8cc780_0 .net "REG2", 7 0, v00000163ce8ce080_0;  alias, 1 drivers
E_00000163ce868980 .event anyedge, v00000163ce8ca310_0, v00000163ce8cc780_0, v00000163ce8ca090_0;
S_00000163ce8cdb60 .scope module, "pcAdderInstance" "PC_Adder" 5 84, 5 175 0, S_00000163ce7108c0;
 .timescale -9 -10;
    .port_info 0 /OUTPUT 32 "PC_NEXT";
    .port_info 1 /INPUT 32 "PC";
v00000163ce8cc460_0 .net "PC", 31 0, v00000163ce8ccbe0_0;  alias, 1 drivers
v00000163ce8cc140_0 .var "PC_NEXT", 31 0;
S_00000163ce8ccee0 .scope module, "pcInstance" "PC" 5 96, 5 146 0, S_00000163ce7108c0;
 .timescale -9 -10;
    .port_info 0 /INPUT 1 "RESET";
    .port_info 1 /INPUT 1 "CLK";
    .port_info 2 /INPUT 32 "PC_tobe_Executed";
    .port_info 3 /OUTPUT 32 "PC";
    .port_info 4 /INPUT 1 "BUSYWAIT";
v00000163ce8cad40_0 .net8 "BUSYWAIT", 0 0, RS_00000163ce8748a8;  alias, 2 drivers
v00000163ce8ccb40_0 .net "CLK", 0 0, v00000163ce8d0810_0;  alias, 1 drivers
v00000163ce8ccbe0_0 .var "PC", 31 0;
v00000163ce8cb560_0 .net "PC_tobe_Executed", 31 0, v00000163ce8c6d50_0;  alias, 1 drivers
v00000163ce8cade0_0 .net "RESET", 0 0, v00000163ce8d09f0_0;  alias, 1 drivers
S_00000163ce8cd520 .scope module, "pcJBeqAdder" "PC_JBEQ_ADDER" 5 88, 5 189 0, S_00000163ce7108c0;
 .timescale -9 -10;
    .port_info 0 /INPUT 32 "PC_NEXT";
    .port_info 1 /INPUT 32 "OFFSET_32";
    .port_info 2 /INPUT 32 "INSTRUCTION";
    .port_info 3 /OUTPUT 32 "PC_JBEQ_NEXT";
v00000163ce8cae80_0 .net "INSTRUCTION", 31 0, L_00000163ce91ef70;  alias, 1 drivers
v00000163ce8cb100_0 .net "OFFSET_32", 31 0, v00000163ce8cb380_0;  alias, 1 drivers
v00000163ce8cb1a0_0 .var "PC_JBEQ_NEXT", 31 0;
v00000163ce8cb6a0_0 .net "PC_NEXT", 31 0, v00000163ce8cc140_0;  alias, 1 drivers
S_00000163ce8ccd50 .scope module, "registerInstance" "reg_file" 5 37, 5 622 0, S_00000163ce7108c0;
 .timescale -9 -10;
    .port_info 0 /INPUT 8 "IN";
    .port_info 1 /OUTPUT 8 "REGOUT1";
    .port_info 2 /OUTPUT 8 "REGOUT2";
    .port_info 3 /INPUT 3 "INADDRESS";
    .port_info 4 /INPUT 3 "OUT1ADDRESS";
    .port_info 5 /INPUT 3 "OUT2ADDRESS";
    .port_info 6 /INPUT 1 "WRITE";
    .port_info 7 /INPUT 1 "CLK";
    .port_info 8 /INPUT 1 "RESET";
L_00000163ce8515e0/d .functor BUFZ 8, L_00000163ce8d2210, C4<00000000>, C4<00000000>, C4<00000000>;
L_00000163ce8515e0 .delay 8 (20,20,20) L_00000163ce8515e0/d;
L_00000163ce850bd0/d .functor BUFZ 8, L_00000163ce8d2f30, C4<00000000>, C4<00000000>, C4<00000000>;
L_00000163ce850bd0 .delay 8 (20,20,20) L_00000163ce850bd0/d;
v00000163ce8cc0a0_0 .net "CLK", 0 0, v00000163ce8d0810_0;  alias, 1 drivers
v00000163ce8cc8c0_0 .net "IN", 7 0, v00000163ce8cc320_0;  alias, 1 drivers
v00000163ce8cbb00_0 .net "INADDRESS", 2 0, v00000163ce8c90f0_0;  alias, 1 drivers
v00000163ce8cb420_0 .net "OUT1ADDRESS", 2 0, v00000163ce8c9f50_0;  alias, 1 drivers
v00000163ce8cc6e0_0 .net "OUT2ADDRESS", 2 0, v00000163ce8c9190_0;  alias, 1 drivers
v00000163ce8cbc40_0 .net "REGOUT1", 7 0, L_00000163ce8515e0;  alias, 1 drivers
v00000163ce8cb7e0_0 .net "REGOUT2", 7 0, L_00000163ce850bd0;  alias, 1 drivers
v00000163ce8cbce0_0 .net "RESET", 0 0, v00000163ce8d09f0_0;  alias, 1 drivers
v00000163ce8cbec0_0 .net "WRITE", 0 0, v00000163ce8c9730_0;  alias, 1 drivers
v00000163ce8caf20_0 .net *"_ivl_0", 7 0, L_00000163ce8d2210;  1 drivers
v00000163ce8cc500_0 .net *"_ivl_10", 4 0, L_00000163ce8d28f0;  1 drivers
L_00000163ce8d5fb0 .functor BUFT 1, C4<00>, C4<0>, C4<0>, C4<0>;
v00000163ce8cb060_0 .net *"_ivl_13", 1 0, L_00000163ce8d5fb0;  1 drivers
v00000163ce8cb240_0 .net *"_ivl_2", 4 0, L_00000163ce8d3cf0;  1 drivers
L_00000163ce8d5f68 .functor BUFT 1, C4<00>, C4<0>, C4<0>, C4<0>;
v00000163ce8cca00_0 .net *"_ivl_5", 1 0, L_00000163ce8d5f68;  1 drivers
v00000163ce8cc640_0 .net *"_ivl_8", 7 0, L_00000163ce8d2f30;  1 drivers
v00000163ce8cb740_0 .var/i "index", 31 0;
v00000163ce8cc1e0 .array "register", 0 7, 7 0;
L_00000163ce8d2210 .array/port v00000163ce8cc1e0, L_00000163ce8d3cf0;
L_00000163ce8d3cf0 .concat [ 3 2 0 0], v00000163ce8c9f50_0, L_00000163ce8d5f68;
L_00000163ce8d2f30 .array/port v00000163ce8cc1e0, L_00000163ce8d28f0;
L_00000163ce8d28f0 .concat [ 3 2 0 0], v00000163ce8c9190_0, L_00000163ce8d5fb0;
S_00000163ce8cd070 .scope module, "shiftExtensionInstance" "ShiftingExtension" 5 69, 5 207 0, S_00000163ce7108c0;
 .timescale -9 -10;
    .port_info 0 /INPUT 8 "CURRENT_OFFSET";
    .port_info 1 /OUTPUT 32 "UPDATED_OFFSET";
v00000163ce8cbf60_0 .net "CURRENT_OFFSET", 7 0, v00000163ce8c9050_0;  alias, 1 drivers
v00000163ce8cb380_0 .var "UPDATED_OFFSET", 31 0;
v00000163ce8cb4c0_0 .var/i "counter", 31 0;
E_00000163ce8698c0 .event anyedge, v00000163ce8c9050_0;
S_00000163ce8cd840 .scope module, "twoscomplementInstance" "TwoS_Complement" 5 43, 5 464 0, S_00000163ce7108c0;
 .timescale -9 -10;
    .port_info 0 /INPUT 8 "VALUE";
    .port_info 1 /OUTPUT 8 "TWOS_COMPLEMENT";
v00000163ce8cc960_0 .var "TWOS_COMPLEMENT", 7 0;
v00000163ce8cc000_0 .var "Temp", 7 0;
v00000163ce8cc3c0_0 .net "VALUE", 7 0, L_00000163ce850bd0;  alias, 1 drivers
E_00000163ce8692c0 .event anyedge, v00000163ce8c9410_0;
S_00000163ce8cd200 .scope module, "mydata_cache" "dcache" 2 57, 6 9 0, S_00000163ce832f70;
 .timescale -9 -10;
    .port_info 0 /INPUT 1 "CLOCK";
    .port_info 1 /INPUT 1 "RESET";
    .port_info 2 /INPUT 1 "READ";
    .port_info 3 /INPUT 1 "WRITE";
    .port_info 4 /INPUT 8 "ADDRESS";
    .port_info 5 /INPUT 8 "WRIITEDATA";
    .port_info 6 /OUTPUT 8 "READDATA";
    .port_info 7 /OUTPUT 1 "BUSYWAIT";
    .port_info 8 /OUTPUT 1 "Mem_READ";
    .port_info 9 /OUTPUT 1 "Mem_WRITE";
    .port_info 10 /OUTPUT 6 "Mem_ADDRESS";
    .port_info 11 /OUTPUT 32 "Mem_WRITEDATA";
    .port_info 12 /INPUT 32 "Mem_READDATA";
    .port_info 13 /INPUT 1 "Mem_BUSYWAIT";
P_00000163ce715c40 .param/l "CACHE_UPDATE" 0 6 121, C4<11>;
P_00000163ce715c78 .param/l "IDLE" 0 6 121, C4<00>;
P_00000163ce715cb0 .param/l "MEM_READ" 0 6 121, C4<01>;
P_00000163ce715ce8 .param/l "MEM_WRITE" 0 6 121, C4<10>;
L_00000163ce850d20/d .functor BUFZ 3, L_00000163ce8d3110, C4<000>, C4<000>, C4<000>;
L_00000163ce850d20 .delay 3 (10,10,10) L_00000163ce850d20/d;
L_00000163ce8511f0/d .functor BUFZ 1, L_00000163ce8d27b0, C4<0>, C4<0>, C4<0>;
L_00000163ce8511f0 .delay 1 (10,10,10) L_00000163ce8511f0/d;
L_00000163ce850d90/d .functor BUFZ 1, L_00000163ce8d2530, C4<0>, C4<0>, C4<0>;
L_00000163ce850d90 .delay 1 (10,10,10) L_00000163ce850d90/d;
L_00000163ce851340 .functor AND 1, L_00000163ce8d3890, L_00000163ce8511f0, C4<1>, C4<1>;
v00000163ce8cf520_0 .net "ADDRESS", 7 0, v00000163ce8ca090_0;  alias, 1 drivers
v00000163ce8cf700_0 .var "BUSYWAIT", 0 0;
v00000163ce8ce580_0 .net "CLOCK", 0 0, v00000163ce8d0810_0;  alias, 1 drivers
v00000163ce8cdfe0_0 .var "Mem_ADDRESS", 5 0;
v00000163ce8cf840_0 .net "Mem_BUSYWAIT", 0 0, v00000163ce854420_0;  alias, 1 drivers
v00000163ce8ce800_0 .var "Mem_READ", 0 0;
v00000163ce8cfb60_0 .net "Mem_READDATA", 31 0, v00000163ce854600_0;  alias, 1 drivers
v00000163ce8cfac0_0 .var "Mem_WRITE", 0 0;
v00000163ce8cdea0_0 .var "Mem_WRITEDATA", 31 0;
v00000163ce8cef80_0 .net "READ", 0 0, v00000163ce8ca1d0_0;  alias, 1 drivers
v00000163ce8ce080_0 .var "READDATA", 7 0;
v00000163ce8cf7a0_0 .net "RESET", 0 0, v00000163ce8d09f0_0;  alias, 1 drivers
v00000163ce8cf8e0_0 .net "WRIITEDATA", 7 0, L_00000163ce8515e0;  alias, 1 drivers
v00000163ce8cf020_0 .net "WRITE", 0 0, v00000163ce8c8fb0_0;  alias, 1 drivers
v00000163ce8ce120_0 .net *"_ivl_0", 2 0, L_00000163ce8d3110;  1 drivers
v00000163ce8ce9e0_0 .net *"_ivl_10", 0 0, L_00000163ce8d27b0;  1 drivers
v00000163ce8ce8a0_0 .net *"_ivl_13", 2 0, L_00000163ce8d2170;  1 drivers
v00000163ce8ce620_0 .net *"_ivl_14", 4 0, L_00000163ce8d22b0;  1 drivers
L_00000163ce8d6040 .functor BUFT 1, C4<00>, C4<0>, C4<0>, C4<0>;
v00000163ce8ce260_0 .net *"_ivl_17", 1 0, L_00000163ce8d6040;  1 drivers
v00000163ce8ce300_0 .net *"_ivl_20", 0 0, L_00000163ce8d2530;  1 drivers
v00000163ce8ce3a0_0 .net *"_ivl_23", 2 0, L_00000163ce8d3750;  1 drivers
v00000163ce8ce440_0 .net *"_ivl_24", 4 0, L_00000163ce8d2c10;  1 drivers
L_00000163ce8d6088 .functor BUFT 1, C4<00>, C4<0>, C4<0>, C4<0>;
v00000163ce8ce6c0_0 .net *"_ivl_27", 1 0, L_00000163ce8d6088;  1 drivers
v00000163ce8ce760_0 .net *"_ivl_3", 2 0, L_00000163ce8d3d90;  1 drivers
v00000163ce8ce940_0 .net *"_ivl_31", 2 0, L_00000163ce8d3570;  1 drivers
v00000163ce8d0130_0 .net *"_ivl_32", 0 0, L_00000163ce8d3610;  1 drivers
L_00000163ce8d60d0 .functor BUFT 1, C4<01>, C4<0>, C4<0>, C4<0>;
v00000163ce8d0590_0 .net/2s *"_ivl_34", 1 0, L_00000163ce8d60d0;  1 drivers
L_00000163ce8d6118 .functor BUFT 1, C4<00>, C4<0>, C4<0>, C4<0>;
v00000163ce8d12b0_0 .net/2s *"_ivl_36", 1 0, L_00000163ce8d6118;  1 drivers
v00000163ce8d1710_0 .net *"_ivl_38", 1 0, L_00000163ce8d31b0;  1 drivers
v00000163ce8d1490_0 .net *"_ivl_4", 4 0, L_00000163ce8d3e30;  1 drivers
L_00000163ce8d5ff8 .functor BUFT 1, C4<00>, C4<0>, C4<0>, C4<0>;
v00000163ce8d1a30_0 .net *"_ivl_7", 1 0, L_00000163ce8d5ff8;  1 drivers
v00000163ce8d1b70 .array "address_tag_array", 0 7, 2 0;
v00000163ce8d0ef0 .array "cache_data_array", 0 7, 31 0;
v00000163ce8d0b30_0 .net "comparator_result", 0 0, L_00000163ce8d3890;  1 drivers
v00000163ce8d1350_0 .net "current_tag", 2 0, L_00000163ce850d20;  1 drivers
v00000163ce8cfd70_0 .var "data_block", 31 0;
v00000163ce8d13f0_0 .net "dirty_bit", 0 0, L_00000163ce850d90;  1 drivers
v00000163ce8cfeb0 .array "dirty_bit_array", 0 7, 0 0;
v00000163ce8d0bd0_0 .net "hit", 0 0, L_00000163ce851340;  1 drivers
v00000163ce8d1670_0 .var/i "i", 31 0;
v00000163ce8d1530_0 .var "next_state", 1 0;
v00000163ce8d1850_0 .var "readaccess", 0 0;
v00000163ce8d15d0_0 .var "state", 1 0;
v00000163ce8d0c70_0 .net "valid_bit", 0 0, L_00000163ce8511f0;  1 drivers
v00000163ce8d17b0 .array "valid_bit_array", 0 7, 0 0;
v00000163ce8d0270_0 .var "writeaccess", 0 0;
E_00000163ce869180 .event anyedge, v00000163ce8d15d0_0;
E_00000163ce868a00/0 .event anyedge, v00000163ce8d15d0_0, v00000163ce8ca1d0_0, v00000163ce8c8fb0_0, v00000163ce8d13f0_0;
E_00000163ce868a00/1 .event anyedge, v00000163ce8d0bd0_0, v00000163ce854420_0;
E_00000163ce868a00 .event/or E_00000163ce868a00/0, E_00000163ce868a00/1;
E_00000163ce869080 .event anyedge, v00000163ce8cfd70_0, v00000163ce8d0bd0_0, v00000163ce8d1850_0, v00000163ce8ca090_0;
v00000163ce8d0ef0_0 .array/port v00000163ce8d0ef0, 0;
v00000163ce8d0ef0_1 .array/port v00000163ce8d0ef0, 1;
v00000163ce8d0ef0_2 .array/port v00000163ce8d0ef0, 2;
E_00000163ce8697c0/0 .event anyedge, v00000163ce8ca090_0, v00000163ce8d0ef0_0, v00000163ce8d0ef0_1, v00000163ce8d0ef0_2;
v00000163ce8d0ef0_3 .array/port v00000163ce8d0ef0, 3;
v00000163ce8d0ef0_4 .array/port v00000163ce8d0ef0, 4;
v00000163ce8d0ef0_5 .array/port v00000163ce8d0ef0, 5;
v00000163ce8d0ef0_6 .array/port v00000163ce8d0ef0, 6;
E_00000163ce8697c0/1 .event anyedge, v00000163ce8d0ef0_3, v00000163ce8d0ef0_4, v00000163ce8d0ef0_5, v00000163ce8d0ef0_6;
v00000163ce8d0ef0_7 .array/port v00000163ce8d0ef0, 7;
E_00000163ce8697c0/2 .event anyedge, v00000163ce8d0ef0_7;
E_00000163ce8697c0 .event/or E_00000163ce8697c0/0, E_00000163ce8697c0/1, E_00000163ce8697c0/2;
E_00000163ce869000 .event anyedge, v00000163ce854100_0;
E_00000163ce869300 .event anyedge, v00000163ce8ca090_0, v00000163ce8c8fb0_0, v00000163ce8ca1d0_0;
L_00000163ce8d3110 .array/port v00000163ce8d1b70, L_00000163ce8d3e30;
L_00000163ce8d3d90 .part v00000163ce8ca090_0, 2, 3;
L_00000163ce8d3e30 .concat [ 3 2 0 0], L_00000163ce8d3d90, L_00000163ce8d5ff8;
L_00000163ce8d27b0 .array/port v00000163ce8d17b0, L_00000163ce8d22b0;
L_00000163ce8d2170 .part v00000163ce8ca090_0, 2, 3;
L_00000163ce8d22b0 .concat [ 3 2 0 0], L_00000163ce8d2170, L_00000163ce8d6040;
L_00000163ce8d2530 .array/port v00000163ce8cfeb0, L_00000163ce8d2c10;
L_00000163ce8d3750 .part v00000163ce8ca090_0, 2, 3;
L_00000163ce8d2c10 .concat [ 3 2 0 0], L_00000163ce8d3750, L_00000163ce8d6088;
L_00000163ce8d3570 .part v00000163ce8ca090_0, 5, 3;
L_00000163ce8d3610 .cmp/eq 3, L_00000163ce850d20, L_00000163ce8d3570;
L_00000163ce8d31b0 .functor MUXZ 2, L_00000163ce8d6118, L_00000163ce8d60d0, L_00000163ce8d3610, C4<>;
L_00000163ce8d3890 .delay 1 (9,9,9) L_00000163ce8d3890/d;
L_00000163ce8d3890/d .part L_00000163ce8d31b0, 0, 1;
S_00000163ce8cd9d0 .scope module, "myinstructionmemory" "instruction_memory" 2 73, 7 12 0, S_00000163ce832f70;
 .timescale -9 -10;
    .port_info 0 /INPUT 1 "clock";
    .port_info 1 /INPUT 1 "read";
    .port_info 2 /INPUT 6 "address";
    .port_info 3 /OUTPUT 128 "readinst";
    .port_info 4 /OUTPUT 1 "busywait";
v00000163ce8d0d10_0 .var *"_ivl_10", 7 0; Local signal
v00000163ce8d01d0_0 .var *"_ivl_11", 7 0; Local signal
v00000163ce8cfe10_0 .var *"_ivl_12", 7 0; Local signal
v00000163ce8d1ad0_0 .var *"_ivl_13", 7 0; Local signal
v00000163ce8d1c10_0 .var *"_ivl_14", 7 0; Local signal
v00000163ce8d0db0_0 .var *"_ivl_15", 7 0; Local signal
v00000163ce8d1170_0 .var *"_ivl_16", 7 0; Local signal
v00000163ce8d0310_0 .var *"_ivl_17", 7 0; Local signal
v00000163ce8d18f0_0 .var *"_ivl_2", 7 0; Local signal
v00000163ce8d1990_0 .var *"_ivl_3", 7 0; Local signal
v00000163ce8d1210_0 .var *"_ivl_4", 7 0; Local signal
v00000163ce8d0e50_0 .var *"_ivl_5", 7 0; Local signal
v00000163ce8cff50_0 .var *"_ivl_6", 7 0; Local signal
v00000163ce8cfff0_0 .var *"_ivl_7", 7 0; Local signal
v00000163ce8d0090_0 .var *"_ivl_8", 7 0; Local signal
v00000163ce8d03b0_0 .var *"_ivl_9", 7 0; Local signal
v00000163ce8d0450_0 .net "address", 5 0, v00000163ce8c7bb0_0;  alias, 1 drivers
v00000163ce8d04f0_0 .var "busywait", 0 0;
v00000163ce8d0630_0 .net "clock", 0 0, v00000163ce8d0810_0;  alias, 1 drivers
v00000163ce8d0f90 .array "memory_array", 0 1023, 7 0;
v00000163ce8d06d0_0 .net "read", 0 0, v00000163ce8c6710_0;  alias, 1 drivers
v00000163ce8d0770_0 .var "readaccess", 0 0;
v00000163ce8d1030_0 .var "readinst", 127 0;
E_00000163ce869480 .event anyedge, v00000163ce8c6710_0;
    .scope S_00000163ce7171b0;
T_0 ;
    %wait E_00000163ce868d80;
    %load/vec4 v00000163ce8ca4f0_0;
    %parti/s 8, 24, 6;
    %store/vec4 v00000163ce8ca590_0, 0, 8;
    %load/vec4 v00000163ce8ca590_0;
    %cmpi/e 6, 0, 8;
    %jmp/0xz  T_0.0, 4;
    %load/vec4 v00000163ce8ca4f0_0;
    %parti/s 8, 16, 6;
    %store/vec4 v00000163ce8c9050_0, 0, 8;
    %jmp T_0.1;
T_0.0 ;
    %load/vec4 v00000163ce8ca590_0;
    %cmpi/e 7, 0, 8;
    %jmp/0xz  T_0.2, 4;
    %load/vec4 v00000163ce8ca4f0_0;
    %parti/s 8, 16, 6;
    %store/vec4 v00000163ce8c9050_0, 0, 8;
    %load/vec4 v00000163ce8ca4f0_0;
    %parti/s 3, 0, 2;
    %store/vec4 v00000163ce8c9190_0, 0, 3;
    %load/vec4 v00000163ce8ca4f0_0;
    %parti/s 3, 8, 5;
    %store/vec4 v00000163ce8c9f50_0, 0, 3;
    %jmp T_0.3;
T_0.2 ;
    %load/vec4 v00000163ce8ca4f0_0;
    %parti/s 8, 0, 2;
    %store/vec4 v00000163ce8c8f10_0, 0, 8;
    %load/vec4 v00000163ce8ca4f0_0;
    %parti/s 3, 0, 2;
    %store/vec4 v00000163ce8c9190_0, 0, 3;
    %load/vec4 v00000163ce8ca4f0_0;
    %parti/s 3, 8, 5;
    %store/vec4 v00000163ce8c9f50_0, 0, 3;
    %load/vec4 v00000163ce8ca4f0_0;
    %parti/s 3, 16, 6;
    %store/vec4 v00000163ce8c90f0_0, 0, 3;
T_0.3 ;
T_0.1 ;
    %jmp T_0;
    .thread T_0, $push;
    .scope S_00000163ce738a10;
T_1 ;
    %wait E_00000163ce869400;
    %load/vec4 v00000163ce8caa90_0;
    %dup/vec4;
    %pushi/vec4 0, 0, 8;
    %cmp/u;
    %jmp/1 T_1.0, 6;
    %dup/vec4;
    %pushi/vec4 1, 0, 8;
    %cmp/u;
    %jmp/1 T_1.1, 6;
    %dup/vec4;
    %pushi/vec4 2, 0, 8;
    %cmp/u;
    %jmp/1 T_1.2, 6;
    %dup/vec4;
    %pushi/vec4 3, 0, 8;
    %cmp/u;
    %jmp/1 T_1.3, 6;
    %dup/vec4;
    %pushi/vec4 4, 0, 8;
    %cmp/u;
    %jmp/1 T_1.4, 6;
    %dup/vec4;
    %pushi/vec4 5, 0, 8;
    %cmp/u;
    %jmp/1 T_1.5, 6;
    %dup/vec4;
    %pushi/vec4 6, 0, 8;
    %cmp/u;
    %jmp/1 T_1.6, 6;
    %dup/vec4;
    %pushi/vec4 7, 0, 8;
    %cmp/u;
    %jmp/1 T_1.7, 6;
    %dup/vec4;
    %pushi/vec4 8, 0, 8;
    %cmp/u;
    %jmp/1 T_1.8, 6;
    %dup/vec4;
    %pushi/vec4 9, 0, 8;
    %cmp/u;
    %jmp/1 T_1.9, 6;
    %dup/vec4;
    %pushi/vec4 10, 0, 8;
    %cmp/u;
    %jmp/1 T_1.10, 6;
    %dup/vec4;
    %pushi/vec4 11, 0, 8;
    %cmp/u;
    %jmp/1 T_1.11, 6;
    %jmp T_1.12;
T_1.0 ;
    %delay 10, 0;
    %pushi/vec4 0, 0, 3;
    %store/vec4 v00000163ce8ca9f0_0, 0, 3;
    %pushi/vec4 1, 0, 1;
    %store/vec4 v00000163ce8c9550_0, 0, 1;
    %pushi/vec4 1, 0, 1;
    %store/vec4 v00000163ce8c9730_0, 0, 1;
    %pushi/vec4 0, 0, 1;
    %store/vec4 v00000163ce8c9690_0, 0, 1;
    %pushi/vec4 0, 0, 1;
    %store/vec4 v00000163ce8c9e10_0, 0, 1;
    %pushi/vec4 0, 0, 1;
    %store/vec4 v00000163ce8ca3b0_0, 0, 1;
    %pushi/vec4 0, 0, 1;
    %store/vec4 v00000163ce8ca1d0_0, 0, 1;
    %pushi/vec4 0, 0, 1;
    %store/vec4 v00000163ce8c8fb0_0, 0, 1;
    %pushi/vec4 0, 0, 1;
    %store/vec4 v00000163ce8ca310_0, 0, 1;
    %jmp T_1.12;
T_1.1 ;
    %delay 10, 0;
    %pushi/vec4 0, 0, 3;
    %store/vec4 v00000163ce8ca9f0_0, 0, 3;
    %pushi/vec4 0, 0, 1;
    %store/vec4 v00000163ce8c9550_0, 0, 1;
    %pushi/vec4 1, 0, 1;
    %store/vec4 v00000163ce8c9730_0, 0, 1;
    %pushi/vec4 0, 0, 1;
    %store/vec4 v00000163ce8c9690_0, 0, 1;
    %pushi/vec4 0, 0, 1;
    %store/vec4 v00000163ce8c9e10_0, 0, 1;
    %pushi/vec4 0, 0, 1;
    %store/vec4 v00000163ce8ca3b0_0, 0, 1;
    %pushi/vec4 0, 0, 1;
    %store/vec4 v00000163ce8ca1d0_0, 0, 1;
    %pushi/vec4 0, 0, 1;
    %store/vec4 v00000163ce8c8fb0_0, 0, 1;
    %pushi/vec4 0, 0, 1;
    %store/vec4 v00000163ce8ca310_0, 0, 1;
    %jmp T_1.12;
T_1.2 ;
    %delay 10, 0;
    %pushi/vec4 1, 0, 3;
    %store/vec4 v00000163ce8ca9f0_0, 0, 3;
    %pushi/vec4 0, 0, 1;
    %store/vec4 v00000163ce8c9550_0, 0, 1;
    %pushi/vec4 1, 0, 1;
    %store/vec4 v00000163ce8c9730_0, 0, 1;
    %pushi/vec4 0, 0, 1;
    %store/vec4 v00000163ce8c9690_0, 0, 1;
    %pushi/vec4 0, 0, 1;
    %store/vec4 v00000163ce8c9e10_0, 0, 1;
    %pushi/vec4 0, 0, 1;
    %store/vec4 v00000163ce8ca3b0_0, 0, 1;
    %pushi/vec4 0, 0, 1;
    %store/vec4 v00000163ce8ca1d0_0, 0, 1;
    %pushi/vec4 0, 0, 1;
    %store/vec4 v00000163ce8c8fb0_0, 0, 1;
    %pushi/vec4 0, 0, 1;
    %store/vec4 v00000163ce8ca310_0, 0, 1;
    %jmp T_1.12;
T_1.3 ;
    %delay 10, 0;
    %pushi/vec4 1, 0, 3;
    %store/vec4 v00000163ce8ca9f0_0, 0, 3;
    %pushi/vec4 0, 0, 1;
    %store/vec4 v00000163ce8c9550_0, 0, 1;
    %pushi/vec4 1, 0, 1;
    %store/vec4 v00000163ce8c9730_0, 0, 1;
    %pushi/vec4 1, 0, 1;
    %store/vec4 v00000163ce8c9690_0, 0, 1;
    %pushi/vec4 0, 0, 1;
    %store/vec4 v00000163ce8c9e10_0, 0, 1;
    %pushi/vec4 0, 0, 1;
    %store/vec4 v00000163ce8ca3b0_0, 0, 1;
    %pushi/vec4 0, 0, 1;
    %store/vec4 v00000163ce8ca1d0_0, 0, 1;
    %pushi/vec4 0, 0, 1;
    %store/vec4 v00000163ce8c8fb0_0, 0, 1;
    %pushi/vec4 0, 0, 1;
    %store/vec4 v00000163ce8ca310_0, 0, 1;
    %jmp T_1.12;
T_1.4 ;
    %delay 10, 0;
    %pushi/vec4 2, 0, 3;
    %store/vec4 v00000163ce8ca9f0_0, 0, 3;
    %pushi/vec4 0, 0, 1;
    %store/vec4 v00000163ce8c9550_0, 0, 1;
    %pushi/vec4 1, 0, 1;
    %store/vec4 v00000163ce8c9730_0, 0, 1;
    %pushi/vec4 0, 0, 1;
    %store/vec4 v00000163ce8c9690_0, 0, 1;
    %pushi/vec4 0, 0, 1;
    %store/vec4 v00000163ce8c9e10_0, 0, 1;
    %pushi/vec4 0, 0, 1;
    %store/vec4 v00000163ce8ca3b0_0, 0, 1;
    %pushi/vec4 0, 0, 1;
    %store/vec4 v00000163ce8ca1d0_0, 0, 1;
    %pushi/vec4 0, 0, 1;
    %store/vec4 v00000163ce8c8fb0_0, 0, 1;
    %pushi/vec4 0, 0, 1;
    %store/vec4 v00000163ce8ca310_0, 0, 1;
    %jmp T_1.12;
T_1.5 ;
    %delay 10, 0;
    %pushi/vec4 3, 0, 3;
    %store/vec4 v00000163ce8ca9f0_0, 0, 3;
    %pushi/vec4 0, 0, 1;
    %store/vec4 v00000163ce8c9550_0, 0, 1;
    %pushi/vec4 1, 0, 1;
    %store/vec4 v00000163ce8c9730_0, 0, 1;
    %pushi/vec4 0, 0, 1;
    %store/vec4 v00000163ce8c9690_0, 0, 1;
    %pushi/vec4 0, 0, 1;
    %store/vec4 v00000163ce8c9e10_0, 0, 1;
    %pushi/vec4 0, 0, 1;
    %store/vec4 v00000163ce8ca3b0_0, 0, 1;
    %pushi/vec4 0, 0, 1;
    %store/vec4 v00000163ce8ca1d0_0, 0, 1;
    %pushi/vec4 0, 0, 1;
    %store/vec4 v00000163ce8c8fb0_0, 0, 1;
    %pushi/vec4 0, 0, 1;
    %store/vec4 v00000163ce8ca310_0, 0, 1;
    %jmp T_1.12;
T_1.6 ;
    %delay 10, 0;
    %pushi/vec4 0, 0, 1;
    %store/vec4 v00000163ce8c9730_0, 0, 1;
    %pushi/vec4 0, 0, 1;
    %store/vec4 v00000163ce8c9690_0, 0, 1;
    %pushi/vec4 0, 0, 1;
    %store/vec4 v00000163ce8c9550_0, 0, 1;
    %pushi/vec4 1, 0, 1;
    %store/vec4 v00000163ce8c9e10_0, 0, 1;
    %pushi/vec4 0, 0, 1;
    %store/vec4 v00000163ce8ca3b0_0, 0, 1;
    %pushi/vec4 0, 0, 1;
    %store/vec4 v00000163ce8ca1d0_0, 0, 1;
    %pushi/vec4 0, 0, 1;
    %store/vec4 v00000163ce8c8fb0_0, 0, 1;
    %pushi/vec4 0, 0, 1;
    %store/vec4 v00000163ce8ca310_0, 0, 1;
    %jmp T_1.12;
T_1.7 ;
    %delay 10, 0;
    %pushi/vec4 1, 0, 3;
    %store/vec4 v00000163ce8ca9f0_0, 0, 3;
    %pushi/vec4 0, 0, 1;
    %store/vec4 v00000163ce8c9730_0, 0, 1;
    %pushi/vec4 0, 0, 1;
    %store/vec4 v00000163ce8c9550_0, 0, 1;
    %pushi/vec4 1, 0, 1;
    %store/vec4 v00000163ce8c9690_0, 0, 1;
    %pushi/vec4 0, 0, 1;
    %store/vec4 v00000163ce8c9e10_0, 0, 1;
    %pushi/vec4 1, 0, 1;
    %store/vec4 v00000163ce8ca3b0_0, 0, 1;
    %pushi/vec4 0, 0, 1;
    %store/vec4 v00000163ce8ca1d0_0, 0, 1;
    %pushi/vec4 0, 0, 1;
    %store/vec4 v00000163ce8c8fb0_0, 0, 1;
    %pushi/vec4 0, 0, 1;
    %store/vec4 v00000163ce8ca310_0, 0, 1;
    %jmp T_1.12;
T_1.8 ;
    %delay 10, 0;
    %pushi/vec4 0, 0, 3;
    %store/vec4 v00000163ce8ca9f0_0, 0, 3;
    %pushi/vec4 1, 0, 1;
    %store/vec4 v00000163ce8c9730_0, 0, 1;
    %pushi/vec4 0, 0, 1;
    %store/vec4 v00000163ce8c9550_0, 0, 1;
    %pushi/vec4 0, 0, 1;
    %store/vec4 v00000163ce8c9690_0, 0, 1;
    %pushi/vec4 0, 0, 1;
    %store/vec4 v00000163ce8c9e10_0, 0, 1;
    %pushi/vec4 0, 0, 1;
    %store/vec4 v00000163ce8ca3b0_0, 0, 1;
    %pushi/vec4 1, 0, 1;
    %store/vec4 v00000163ce8ca1d0_0, 0, 1;
    %pushi/vec4 0, 0, 1;
    %store/vec4 v00000163ce8c8fb0_0, 0, 1;
    %pushi/vec4 1, 0, 1;
    %store/vec4 v00000163ce8ca310_0, 0, 1;
    %jmp T_1.12;
T_1.9 ;
    %delay 10, 0;
    %pushi/vec4 0, 0, 3;
    %store/vec4 v00000163ce8ca9f0_0, 0, 3;
    %pushi/vec4 1, 0, 1;
    %store/vec4 v00000163ce8c9730_0, 0, 1;
    %pushi/vec4 1, 0, 1;
    %store/vec4 v00000163ce8c9550_0, 0, 1;
    %pushi/vec4 0, 0, 1;
    %store/vec4 v00000163ce8c9690_0, 0, 1;
    %pushi/vec4 0, 0, 1;
    %store/vec4 v00000163ce8c9e10_0, 0, 1;
    %pushi/vec4 0, 0, 1;
    %store/vec4 v00000163ce8ca3b0_0, 0, 1;
    %pushi/vec4 1, 0, 1;
    %store/vec4 v00000163ce8ca1d0_0, 0, 1;
    %pushi/vec4 0, 0, 1;
    %store/vec4 v00000163ce8c8fb0_0, 0, 1;
    %pushi/vec4 1, 0, 1;
    %store/vec4 v00000163ce8ca310_0, 0, 1;
    %jmp T_1.12;
T_1.10 ;
    %delay 10, 0;
    %pushi/vec4 0, 0, 3;
    %store/vec4 v00000163ce8ca9f0_0, 0, 3;
    %pushi/vec4 0, 0, 1;
    %store/vec4 v00000163ce8c9730_0, 0, 1;
    %pushi/vec4 0, 0, 1;
    %store/vec4 v00000163ce8c9550_0, 0, 1;
    %pushi/vec4 0, 0, 1;
    %store/vec4 v00000163ce8c9690_0, 0, 1;
    %pushi/vec4 0, 0, 1;
    %store/vec4 v00000163ce8c9e10_0, 0, 1;
    %pushi/vec4 0, 0, 1;
    %store/vec4 v00000163ce8ca3b0_0, 0, 1;
    %pushi/vec4 0, 0, 1;
    %store/vec4 v00000163ce8ca1d0_0, 0, 1;
    %pushi/vec4 1, 0, 1;
    %store/vec4 v00000163ce8c8fb0_0, 0, 1;
    %pushi/vec4 0, 0, 1;
    %store/vec4 v00000163ce8ca310_0, 0, 1;
    %jmp T_1.12;
T_1.11 ;
    %delay 10, 0;
    %pushi/vec4 0, 0, 3;
    %store/vec4 v00000163ce8ca9f0_0, 0, 3;
    %pushi/vec4 0, 0, 1;
    %store/vec4 v00000163ce8c9730_0, 0, 1;
    %pushi/vec4 1, 0, 1;
    %store/vec4 v00000163ce8c9550_0, 0, 1;
    %pushi/vec4 0, 0, 1;
    %store/vec4 v00000163ce8c9690_0, 0, 1;
    %pushi/vec4 0, 0, 1;
    %store/vec4 v00000163ce8c9e10_0, 0, 1;
    %pushi/vec4 0, 0, 1;
    %store/vec4 v00000163ce8ca3b0_0, 0, 1;
    %pushi/vec4 0, 0, 1;
    %store/vec4 v00000163ce8ca1d0_0, 0, 1;
    %pushi/vec4 1, 0, 1;
    %store/vec4 v00000163ce8c8fb0_0, 0, 1;
    %pushi/vec4 0, 0, 1;
    %store/vec4 v00000163ce8ca310_0, 0, 1;
    %jmp T_1.12;
T_1.12 ;
    %pop/vec4 1;
    %jmp T_1;
    .thread T_1, $push;
    .scope S_00000163ce738a10;
T_2 ;
    %wait E_00000163ce869780;
    %load/vec4 v00000163ce8c95f0_0;
    %cmpi/e 0, 0, 1;
    %jmp/0xz  T_2.0, 4;
    %pushi/vec4 0, 0, 1;
    %store/vec4 v00000163ce8ca1d0_0, 0, 1;
    %pushi/vec4 0, 0, 1;
    %store/vec4 v00000163ce8c8fb0_0, 0, 1;
T_2.0 ;
    %jmp T_2;
    .thread T_2, $push;
    .scope S_00000163ce8ccd50;
T_3 ;
    %wait E_00000163ce867fc0;
    %load/vec4 v00000163ce8cbce0_0;
    %flag_set/vec4 8;
    %jmp/0xz  T_3.0, 8;
    %delay 10, 0;
    %pushi/vec4 0, 0, 32;
    %store/vec4 v00000163ce8cb740_0, 0, 32;
T_3.2 ;
    %load/vec4 v00000163ce8cb740_0;
    %cmpi/s 8, 0, 32;
    %jmp/0xz T_3.3, 5;
    %pushi/vec4 0, 0, 8;
    %ix/getv/s 3, v00000163ce8cb740_0;
    %ix/load 4, 0, 0; Constant delay
    %assign/vec4/a/d v00000163ce8cc1e0, 0, 4;
    ; show_stmt_assign_vector: Get l-value for compressed += operand
    %load/vec4 v00000163ce8cb740_0;
    %pushi/vec4 1, 0, 32;
    %add;
    %store/vec4 v00000163ce8cb740_0, 0, 32;
    %jmp T_3.2;
T_3.3 ;
T_3.0 ;
    %load/vec4 v00000163ce8cbec0_0;
    %flag_set/vec4 8;
    %jmp/0xz  T_3.4, 8;
    %delay 10, 0;
    %load/vec4 v00000163ce8cc8c0_0;
    %load/vec4 v00000163ce8cbb00_0;
    %pad/u 5;
    %ix/vec4 3;
    %ix/load 4, 0, 0; Constant delay
    %assign/vec4/a/d v00000163ce8cc1e0, 0, 4;
T_3.4 ;
    %jmp T_3;
    .thread T_3;
    .scope S_00000163ce8ccd50;
T_4 ;
    %vpi_call 5 656 "$dumpfile", "cpu_wavedata_Grp18CPU.vcd" {0 0 0};
    %pushi/vec4 0, 0, 32;
    %store/vec4 v00000163ce8cb740_0, 0, 32;
T_4.0 ;
    %load/vec4 v00000163ce8cb740_0;
    %cmpi/s 8, 0, 32;
    %jmp/0xz T_4.1, 5;
    %vpi_call 5 658 "$dumpvars", 32'sb00000000000000000000000000000001, &A<v00000163ce8cc1e0, v00000163ce8cb740_0 > {0 0 0};
    ; show_stmt_assign_vector: Get l-value for compressed += operand
    %load/vec4 v00000163ce8cb740_0;
    %pushi/vec4 1, 0, 32;
    %add;
    %store/vec4 v00000163ce8cb740_0, 0, 32;
    %jmp T_4.0;
T_4.1 ;
    %end;
    .thread T_4;
    .scope S_00000163ce8ccd50;
T_5 ;
    %delay 50, 0;
    %vpi_call 5 664 "$display", "\012\011\011\011==================================================================" {0 0 0};
    %vpi_call 5 665 "$display", "\011\011\011 Change of Register Content Starting from Time #5" {0 0 0};
    %vpi_call 5 666 "$display", "\011\011\011==================================================================\012" {0 0 0};
    %vpi_call 5 667 "$display", "\011\011time\011regs0\011regs1\011regs2\011regs3\011regs4\011regs5\011regs6\011regs7" {0 0 0};
    %vpi_call 5 668 "$display", "\011\011-------------------------------------------------------------------------------------" {0 0 0};
    %vpi_call 5 669 "$monitor", $time, "\011%d\011%d\011%d\011%d\011%d\011%d\011%d\011%d", &A<v00000163ce8cc1e0, 0>, &A<v00000163ce8cc1e0, 1>, &A<v00000163ce8cc1e0, 2>, &A<v00000163ce8cc1e0, 3>, &A<v00000163ce8cc1e0, 4>, &A<v00000163ce8cc1e0, 5>, &A<v00000163ce8cc1e0, 6>, &A<v00000163ce8cc1e0, 7> {0 0 0};
    %end;
    .thread T_5;
    .scope S_00000163ce8cd840;
T_6 ;
    %wait E_00000163ce8692c0;
    %load/vec4 v00000163ce8cc3c0_0;
    %inv;
    %addi 1, 0, 8;
    %store/vec4 v00000163ce8cc000_0, 0, 8;
    %delay 10, 0;
    %load/vec4 v00000163ce8cc000_0;
    %store/vec4 v00000163ce8cc960_0, 0, 8;
    %jmp T_6;
    .thread T_6, $push;
    .scope S_00000163ce717340;
T_7 ;
    %wait E_00000163ce868fc0;
    %load/vec4 v00000163ce8c92d0_0;
    %flag_set/vec4 8;
    %jmp/0xz  T_7.0, 8;
    %load/vec4 v00000163ce8c97d0_0;
    %store/vec4 v00000163ce8c9230_0, 0, 8;
    %jmp T_7.1;
T_7.0 ;
    %load/vec4 v00000163ce8c9410_0;
    %store/vec4 v00000163ce8c9230_0, 0, 8;
T_7.1 ;
    %jmp T_7;
    .thread T_7, $push;
    .scope S_00000163ce7174d0;
T_8 ;
    %wait E_00000163ce868dc0;
    %load/vec4 v00000163ce8c9910_0;
    %flag_set/vec4 8;
    %jmp/0xz  T_8.0, 8;
    %load/vec4 v00000163ce8cafc0_0;
    %store/vec4 v00000163ce8ca630_0, 0, 8;
    %jmp T_8.1;
T_8.0 ;
    %load/vec4 v00000163ce8c9ff0_0;
    %store/vec4 v00000163ce8ca630_0, 0, 8;
T_8.1 ;
    %jmp T_8;
    .thread T_8, $push;
    .scope S_00000163ce73df20;
T_9 ;
    %wait E_00000163ce869440;
    %load/vec4 v00000163ce8c8d30_0;
    %dup/vec4;
    %pushi/vec4 0, 0, 3;
    %cmp/u;
    %jmp/1 T_9.0, 6;
    %dup/vec4;
    %pushi/vec4 1, 0, 3;
    %cmp/u;
    %jmp/1 T_9.1, 6;
    %dup/vec4;
    %pushi/vec4 2, 0, 3;
    %cmp/u;
    %jmp/1 T_9.2, 6;
    %dup/vec4;
    %pushi/vec4 3, 0, 3;
    %cmp/u;
    %jmp/1 T_9.3, 6;
    %pushi/vec4 0, 0, 8;
    %store/vec4 v00000163ce8ca090_0, 0, 8;
    %jmp T_9.5;
T_9.0 ;
    %load/vec4 v00000163ce8ca770_0;
    %store/vec4 v00000163ce8ca090_0, 0, 8;
    %jmp T_9.5;
T_9.1 ;
    %load/vec4 v00000163ce8ca6d0_0;
    %store/vec4 v00000163ce8ca090_0, 0, 8;
    %jmp T_9.5;
T_9.2 ;
    %load/vec4 v00000163ce8c9af0_0;
    %store/vec4 v00000163ce8ca090_0, 0, 8;
    %jmp T_9.5;
T_9.3 ;
    %load/vec4 v00000163ce8c99b0_0;
    %store/vec4 v00000163ce8ca090_0, 0, 8;
    %jmp T_9.5;
T_9.5 ;
    %pop/vec4 1;
    %jmp T_9;
    .thread T_9, $push;
    .scope S_00000163ce73df20;
T_10 ;
    %wait E_00000163ce8691c0;
    %load/vec4 v00000163ce8ca6d0_0;
    %cmpi/e 0, 0, 8;
    %jmp/0xz  T_10.0, 4;
    %pushi/vec4 1, 0, 1;
    %store/vec4 v00000163ce8c9d70_0, 0, 1;
    %jmp T_10.1;
T_10.0 ;
    %pushi/vec4 0, 0, 1;
    %store/vec4 v00000163ce8c9d70_0, 0, 1;
T_10.1 ;
    %jmp T_10;
    .thread T_10, $push;
    .scope S_00000163ce8cd070;
T_11 ;
    %wait E_00000163ce8698c0;
    %pushi/vec4 0, 0, 32;
    %store/vec4 v00000163ce8cb4c0_0, 0, 32;
T_11.0 ;
    %load/vec4 v00000163ce8cb4c0_0;
    %cmpi/s 32, 0, 32;
    %jmp/0xz T_11.1, 5;
    %load/vec4 v00000163ce8cb4c0_0;
    %cmpi/s 8, 0, 32;
    %jmp/0xz  T_11.2, 5;
    %load/vec4 v00000163ce8cbf60_0;
    %load/vec4 v00000163ce8cb4c0_0;
    %part/s 1;
    %ix/getv/s 4, v00000163ce8cb4c0_0;
    %store/vec4 v00000163ce8cb380_0, 4, 1;
    %jmp T_11.3;
T_11.2 ;
    %load/vec4 v00000163ce8cbf60_0;
    %parti/s 1, 7, 4;
    %ix/getv/s 4, v00000163ce8cb4c0_0;
    %store/vec4 v00000163ce8cb380_0, 4, 1;
T_11.3 ;
    ; show_stmt_assign_vector: Get l-value for compressed += operand
    %load/vec4 v00000163ce8cb4c0_0;
    %pushi/vec4 1, 0, 32;
    %add;
    %store/vec4 v00000163ce8cb4c0_0, 0, 32;
    %jmp T_11.0;
T_11.1 ;
    %load/vec4 v00000163ce8cb380_0;
    %ix/load 4, 2, 0;
    %flag_set/imm 4, 0;
    %shiftl 4;
    %store/vec4 v00000163ce8cb380_0, 0, 32;
    %jmp T_11;
    .thread T_11, $push;
    .scope S_00000163ce70fdb0;
T_12 ;
    %wait E_00000163ce869200;
    %load/vec4 v00000163ce8c72f0_0;
    %load/vec4 v00000163ce8c60d0_0;
    %and;
    %store/vec4 v00000163ce8c62b0_0, 0, 1;
    %jmp T_12;
    .thread T_12, $push;
    .scope S_00000163ce7100d0;
T_13 ;
    %wait E_00000163ce869740;
    %load/vec4 v00000163ce8cabd0_0;
    %load/vec4 v00000163ce8ca810_0;
    %or;
    %store/vec4 v00000163ce8c7390_0, 0, 1;
    %jmp T_13;
    .thread T_13, $push;
    .scope S_00000163ce8cdb60;
T_14 ;
    %wait E_00000163ce867c80;
    %delay 10, 0;
    %load/vec4 v00000163ce8cc460_0;
    %addi 4, 0, 32;
    %store/vec4 v00000163ce8cc140_0, 0, 32;
    %jmp T_14;
    .thread T_14, $push;
    .scope S_00000163ce8cd520;
T_15 ;
    %wait E_00000163ce868d80;
    %delay 20, 0;
    %load/vec4 v00000163ce8cb6a0_0;
    %load/vec4 v00000163ce8cb100_0;
    %add;
    %store/vec4 v00000163ce8cb1a0_0, 0, 32;
    %jmp T_15;
    .thread T_15, $push;
    .scope S_00000163ce70ff40;
T_16 ;
    %wait E_00000163ce8689c0;
    %load/vec4 v00000163ce8c6ad0_0;
    %flag_set/vec4 8;
    %jmp/0xz  T_16.0, 8;
    %load/vec4 v00000163ce8c6b70_0;
    %store/vec4 v00000163ce8c6d50_0, 0, 32;
    %jmp T_16.1;
T_16.0 ;
    %load/vec4 v00000163ce8c6c10_0;
    %store/vec4 v00000163ce8c6d50_0, 0, 32;
T_16.1 ;
    %jmp T_16;
    .thread T_16, $push;
    .scope S_00000163ce8ccee0;
T_17 ;
    %wait E_00000163ce867fc0;
    %load/vec4 v00000163ce8cad40_0;
    %cmpi/e 0, 0, 1;
    %jmp/0xz  T_17.0, 4;
    %load/vec4 v00000163ce8cade0_0;
    %flag_set/vec4 8;
    %jmp/0xz  T_17.2, 8;
    %delay 10, 0;
    %pushi/vec4 0, 0, 32;
    %store/vec4 v00000163ce8ccbe0_0, 0, 32;
T_17.2 ;
T_17.0 ;
    %jmp T_17;
    .thread T_17;
    .scope S_00000163ce8ccee0;
T_18 ;
    %wait E_00000163ce867fc0;
    %load/vec4 v00000163ce8cad40_0;
    %cmpi/e 0, 0, 1;
    %jmp/0xz  T_18.0, 4;
    %delay 10, 0;
    %load/vec4 v00000163ce8cb560_0;
    %store/vec4 v00000163ce8ccbe0_0, 0, 32;
T_18.0 ;
    %jmp T_18;
    .thread T_18;
    .scope S_00000163ce7158a0;
T_19 ;
    %wait E_00000163ce868980;
    %load/vec4 v00000163ce8cb2e0_0;
    %flag_set/vec4 8;
    %jmp/0xz  T_19.0, 8;
    %load/vec4 v00000163ce8cc780_0;
    %store/vec4 v00000163ce8cc320_0, 0, 8;
    %jmp T_19.1;
T_19.0 ;
    %load/vec4 v00000163ce8cbba0_0;
    %store/vec4 v00000163ce8cc320_0, 0, 8;
T_19.1 ;
    %jmp T_19;
    .thread T_19, $push;
    .scope S_00000163ce8cd200;
T_20 ;
    %wait E_00000163ce869300;
    %load/vec4 v00000163ce8cef80_0;
    %flag_set/vec4 8;
    %load/vec4 v00000163ce8cf020_0;
    %flag_set/vec4 9;
    %flag_or 9, 8;
    %jmp/0xz  T_20.0, 9;
    %pushi/vec4 1, 0, 1;
    %store/vec4 v00000163ce8cf700_0, 0, 1;
    %pushi/vec4 1, 0, 1;
    %store/vec4 v00000163ce8d1850_0, 0, 1;
    %pushi/vec4 1, 0, 1;
    %store/vec4 v00000163ce8d0270_0, 0, 1;
    %jmp T_20.1;
T_20.0 ;
    %pushi/vec4 0, 0, 1;
    %store/vec4 v00000163ce8cf700_0, 0, 1;
T_20.1 ;
    %jmp T_20;
    .thread T_20, $push;
    .scope S_00000163ce8cd200;
T_21 ;
    %wait E_00000163ce869000;
    %pushi/vec4 0, 0, 32;
    %store/vec4 v00000163ce8d1670_0, 0, 32;
T_21.0 ;
    %load/vec4 v00000163ce8d1670_0;
    %cmpi/s 8, 0, 32;
    %jmp/0xz T_21.1, 5;
    %pushi/vec4 0, 0, 1;
    %ix/getv/s 4, v00000163ce8d1670_0;
    %store/vec4a v00000163ce8d17b0, 4, 0;
    %pushi/vec4 0, 0, 1;
    %ix/getv/s 4, v00000163ce8d1670_0;
    %store/vec4a v00000163ce8cfeb0, 4, 0;
    %pushi/vec4 7, 7, 3;
    %ix/getv/s 4, v00000163ce8d1670_0;
    %store/vec4a v00000163ce8d1b70, 4, 0;
    %pushi/vec4 4294967295, 4294967295, 32;
    %ix/getv/s 4, v00000163ce8d1670_0;
    %store/vec4a v00000163ce8d0ef0, 4, 0;
    ; show_stmt_assign_vector: Get l-value for compressed += operand
    %load/vec4 v00000163ce8d1670_0;
    %pushi/vec4 1, 0, 32;
    %add;
    %store/vec4 v00000163ce8d1670_0, 0, 32;
    %jmp T_21.0;
T_21.1 ;
    %jmp T_21;
    .thread T_21, $push;
    .scope S_00000163ce8cd200;
T_22 ;
    %wait E_00000163ce8697c0;
    %delay 10, 0;
    %load/vec4 v00000163ce8cf520_0;
    %parti/s 3, 2, 3;
    %pad/u 5;
    %ix/vec4 4;
    %load/vec4a v00000163ce8d0ef0, 4;
    %store/vec4 v00000163ce8cfd70_0, 0, 32;
    %jmp T_22;
    .thread T_22, $push;
    .scope S_00000163ce8cd200;
T_23 ;
    %wait E_00000163ce867fc0;
    %load/vec4 v00000163ce8d0bd0_0;
    %flag_set/vec4 8;
    %jmp/0xz  T_23.0, 8;
    %pushi/vec4 0, 0, 1;
    %store/vec4 v00000163ce8cf700_0, 0, 1;
T_23.0 ;
    %jmp T_23;
    .thread T_23;
    .scope S_00000163ce8cd200;
T_24 ;
    %wait E_00000163ce869080;
    %load/vec4 v00000163ce8d1850_0;
    %load/vec4 v00000163ce8d0bd0_0;
    %and;
    %flag_set/vec4 8;
    %jmp/0xz  T_24.0, 8;
    %load/vec4 v00000163ce8cf520_0;
    %parti/s 2, 0, 2;
    %dup/vec4;
    %pushi/vec4 0, 0, 2;
    %cmp/u;
    %jmp/1 T_24.2, 6;
    %dup/vec4;
    %pushi/vec4 1, 0, 2;
    %cmp/u;
    %jmp/1 T_24.3, 6;
    %dup/vec4;
    %pushi/vec4 2, 0, 2;
    %cmp/u;
    %jmp/1 T_24.4, 6;
    %dup/vec4;
    %pushi/vec4 3, 0, 2;
    %cmp/u;
    %jmp/1 T_24.5, 6;
    %jmp T_24.6;
T_24.2 ;
    %load/vec4 v00000163ce8cfd70_0;
    %parti/s 8, 0, 2;
    %store/vec4 v00000163ce8ce080_0, 0, 8;
    %jmp T_24.6;
T_24.3 ;
    %load/vec4 v00000163ce8cfd70_0;
    %parti/s 8, 8, 5;
    %store/vec4 v00000163ce8ce080_0, 0, 8;
    %jmp T_24.6;
T_24.4 ;
    %load/vec4 v00000163ce8cfd70_0;
    %parti/s 8, 16, 6;
    %store/vec4 v00000163ce8ce080_0, 0, 8;
    %jmp T_24.6;
T_24.5 ;
    %load/vec4 v00000163ce8cfd70_0;
    %parti/s 8, 24, 6;
    %store/vec4 v00000163ce8ce080_0, 0, 8;
    %jmp T_24.6;
T_24.6 ;
    %pop/vec4 1;
    %pushi/vec4 0, 0, 1;
    %store/vec4 v00000163ce8d1850_0, 0, 1;
T_24.0 ;
    %jmp T_24;
    .thread T_24, $push;
    .scope S_00000163ce8cd200;
T_25 ;
    %wait E_00000163ce867fc0;
    %load/vec4 v00000163ce8d0bd0_0;
    %load/vec4 v00000163ce8d0270_0;
    %and;
    %flag_set/vec4 8;
    %jmp/0xz  T_25.0, 8;
    %delay 10, 0;
    %pushi/vec4 1, 0, 1;
    %load/vec4 v00000163ce8cf520_0;
    %parti/s 3, 2, 3;
    %pad/u 5;
    %ix/vec4 4;
    %store/vec4a v00000163ce8cfeb0, 4, 0;
    %load/vec4 v00000163ce8cf520_0;
    %parti/s 2, 0, 2;
    %dup/vec4;
    %pushi/vec4 0, 0, 2;
    %cmp/u;
    %jmp/1 T_25.2, 6;
    %dup/vec4;
    %pushi/vec4 1, 0, 2;
    %cmp/u;
    %jmp/1 T_25.3, 6;
    %dup/vec4;
    %pushi/vec4 2, 0, 2;
    %cmp/u;
    %jmp/1 T_25.4, 6;
    %dup/vec4;
    %pushi/vec4 3, 0, 2;
    %cmp/u;
    %jmp/1 T_25.5, 6;
    %jmp T_25.6;
T_25.2 ;
    %load/vec4 v00000163ce8cf8e0_0;
    %load/vec4 v00000163ce8cf520_0;
    %parti/s 3, 2, 3;
    %pad/u 5;
    %ix/vec4 4;
    %flag_mov 8, 4;
    %ix/load 5, 0, 0;
    %flag_set/imm 4, 0;
    %flag_or 4, 8;
    %store/vec4a v00000163ce8d0ef0, 4, 5;
    %jmp T_25.6;
T_25.3 ;
    %load/vec4 v00000163ce8cf8e0_0;
    %load/vec4 v00000163ce8cf520_0;
    %parti/s 3, 2, 3;
    %pad/u 5;
    %ix/vec4 4;
    %flag_mov 8, 4;
    %ix/load 5, 8, 0;
    %flag_set/imm 4, 0;
    %flag_or 4, 8;
    %store/vec4a v00000163ce8d0ef0, 4, 5;
    %jmp T_25.6;
T_25.4 ;
    %load/vec4 v00000163ce8cf8e0_0;
    %load/vec4 v00000163ce8cf520_0;
    %parti/s 3, 2, 3;
    %pad/u 5;
    %ix/vec4 4;
    %flag_mov 8, 4;
    %ix/load 5, 16, 0;
    %flag_set/imm 4, 0;
    %flag_or 4, 8;
    %store/vec4a v00000163ce8d0ef0, 4, 5;
    %jmp T_25.6;
T_25.5 ;
    %load/vec4 v00000163ce8cf8e0_0;
    %load/vec4 v00000163ce8cf520_0;
    %parti/s 3, 2, 3;
    %pad/u 5;
    %ix/vec4 4;
    %flag_mov 8, 4;
    %ix/load 5, 24, 0;
    %flag_set/imm 4, 0;
    %flag_or 4, 8;
    %store/vec4a v00000163ce8d0ef0, 4, 5;
    %jmp T_25.6;
T_25.6 ;
    %pop/vec4 1;
    %pushi/vec4 0, 0, 1;
    %store/vec4 v00000163ce8d0270_0, 0, 1;
T_25.0 ;
    %jmp T_25;
    .thread T_25;
    .scope S_00000163ce8cd200;
T_26 ;
    %wait E_00000163ce868a00;
    %load/vec4 v00000163ce8d15d0_0;
    %dup/vec4;
    %pushi/vec4 0, 0, 2;
    %cmp/u;
    %jmp/1 T_26.0, 6;
    %dup/vec4;
    %pushi/vec4 1, 0, 2;
    %cmp/u;
    %jmp/1 T_26.1, 6;
    %dup/vec4;
    %pushi/vec4 2, 0, 2;
    %cmp/u;
    %jmp/1 T_26.2, 6;
    %dup/vec4;
    %pushi/vec4 3, 0, 2;
    %cmp/u;
    %jmp/1 T_26.3, 6;
    %jmp T_26.4;
T_26.0 ;
    %load/vec4 v00000163ce8cef80_0;
    %load/vec4 v00000163ce8cf020_0;
    %or;
    %load/vec4 v00000163ce8d13f0_0;
    %nor/r;
    %and;
    %load/vec4 v00000163ce8d0bd0_0;
    %nor/r;
    %and;
    %flag_set/vec4 8;
    %jmp/0xz  T_26.5, 8;
    %pushi/vec4 1, 0, 2;
    %store/vec4 v00000163ce8d1530_0, 0, 2;
    %jmp T_26.6;
T_26.5 ;
    %load/vec4 v00000163ce8cef80_0;
    %load/vec4 v00000163ce8cf020_0;
    %or;
    %load/vec4 v00000163ce8d13f0_0;
    %and;
    %load/vec4 v00000163ce8d0bd0_0;
    %nor/r;
    %and;
    %flag_set/vec4 8;
    %jmp/0xz  T_26.7, 8;
    %pushi/vec4 2, 0, 2;
    %store/vec4 v00000163ce8d1530_0, 0, 2;
    %jmp T_26.8;
T_26.7 ;
    %pushi/vec4 0, 0, 2;
    %store/vec4 v00000163ce8d1530_0, 0, 2;
T_26.8 ;
T_26.6 ;
    %jmp T_26.4;
T_26.1 ;
    %load/vec4 v00000163ce8cf840_0;
    %flag_set/vec4 8;
    %jmp/0xz  T_26.9, 8;
    %pushi/vec4 1, 0, 2;
    %store/vec4 v00000163ce8d1530_0, 0, 2;
    %jmp T_26.10;
T_26.9 ;
    %pushi/vec4 3, 0, 2;
    %store/vec4 v00000163ce8d1530_0, 0, 2;
T_26.10 ;
    %jmp T_26.4;
T_26.2 ;
    %load/vec4 v00000163ce8cf840_0;
    %flag_set/vec4 8;
    %jmp/0xz  T_26.11, 8;
    %pushi/vec4 2, 0, 2;
    %store/vec4 v00000163ce8d1530_0, 0, 2;
    %jmp T_26.12;
T_26.11 ;
    %pushi/vec4 1, 0, 2;
    %store/vec4 v00000163ce8d1530_0, 0, 2;
T_26.12 ;
    %jmp T_26.4;
T_26.3 ;
    %pushi/vec4 0, 0, 2;
    %store/vec4 v00000163ce8d1530_0, 0, 2;
    %jmp T_26.4;
T_26.4 ;
    %pop/vec4 1;
    %jmp T_26;
    .thread T_26, $push;
    .scope S_00000163ce8cd200;
T_27 ;
    %wait E_00000163ce869180;
    %load/vec4 v00000163ce8d15d0_0;
    %dup/vec4;
    %pushi/vec4 0, 0, 2;
    %cmp/u;
    %jmp/1 T_27.0, 6;
    %dup/vec4;
    %pushi/vec4 1, 0, 2;
    %cmp/u;
    %jmp/1 T_27.1, 6;
    %dup/vec4;
    %pushi/vec4 2, 0, 2;
    %cmp/u;
    %jmp/1 T_27.2, 6;
    %dup/vec4;
    %pushi/vec4 3, 0, 2;
    %cmp/u;
    %jmp/1 T_27.3, 6;
    %jmp T_27.4;
T_27.0 ;
    %pushi/vec4 0, 0, 1;
    %store/vec4 v00000163ce8ce800_0, 0, 1;
    %pushi/vec4 0, 0, 1;
    %store/vec4 v00000163ce8cfac0_0, 0, 1;
    %pushi/vec4 63, 63, 6;
    %store/vec4 v00000163ce8cdfe0_0, 0, 6;
    %pushi/vec4 4294967295, 4294967295, 32;
    %store/vec4 v00000163ce8cdea0_0, 0, 32;
    %pushi/vec4 0, 0, 1;
    %store/vec4 v00000163ce8cf700_0, 0, 1;
    %jmp T_27.4;
T_27.1 ;
    %pushi/vec4 1, 0, 1;
    %store/vec4 v00000163ce8ce800_0, 0, 1;
    %pushi/vec4 0, 0, 1;
    %store/vec4 v00000163ce8cfac0_0, 0, 1;
    %load/vec4 v00000163ce8cf520_0;
    %parti/s 6, 2, 3;
    %store/vec4 v00000163ce8cdfe0_0, 0, 6;
    %pushi/vec4 4294967295, 4294967295, 32;
    %store/vec4 v00000163ce8cdea0_0, 0, 32;
    %jmp T_27.4;
T_27.2 ;
    %pushi/vec4 0, 0, 1;
    %store/vec4 v00000163ce8ce800_0, 0, 1;
    %pushi/vec4 1, 0, 1;
    %store/vec4 v00000163ce8cfac0_0, 0, 1;
    %load/vec4 v00000163ce8d1350_0;
    %load/vec4 v00000163ce8cf520_0;
    %parti/s 3, 2, 3;
    %concat/vec4; draw_concat_vec4
    %store/vec4 v00000163ce8cdfe0_0, 0, 6;
    %load/vec4 v00000163ce8cfd70_0;
    %store/vec4 v00000163ce8cdea0_0, 0, 32;
    %jmp T_27.4;
T_27.3 ;
    %pushi/vec4 0, 0, 1;
    %store/vec4 v00000163ce8ce800_0, 0, 1;
    %pushi/vec4 0, 0, 1;
    %store/vec4 v00000163ce8cfac0_0, 0, 1;
    %pushi/vec4 63, 63, 6;
    %store/vec4 v00000163ce8cdfe0_0, 0, 6;
    %pushi/vec4 4294967295, 4294967295, 32;
    %store/vec4 v00000163ce8cdea0_0, 0, 32;
    %delay 10, 0;
    %load/vec4 v00000163ce8cfb60_0;
    %load/vec4 v00000163ce8cf520_0;
    %parti/s 3, 2, 3;
    %pad/u 5;
    %ix/vec4 4;
    %store/vec4a v00000163ce8d0ef0, 4, 0;
    %load/vec4 v00000163ce8cf520_0;
    %parti/s 3, 5, 4;
    %load/vec4 v00000163ce8cf520_0;
    %parti/s 3, 2, 3;
    %pad/u 5;
    %ix/vec4 4;
    %store/vec4a v00000163ce8d1b70, 4, 0;
    %pushi/vec4 1, 0, 1;
    %load/vec4 v00000163ce8cf520_0;
    %parti/s 3, 2, 3;
    %pad/u 5;
    %ix/vec4 4;
    %store/vec4a v00000163ce8d17b0, 4, 0;
    %pushi/vec4 0, 0, 1;
    %load/vec4 v00000163ce8cf520_0;
    %parti/s 3, 2, 3;
    %pad/u 5;
    %ix/vec4 4;
    %store/vec4a v00000163ce8cfeb0, 4, 0;
    %jmp T_27.4;
T_27.4 ;
    %pop/vec4 1;
    %jmp T_27;
    .thread T_27, $push;
    .scope S_00000163ce8cd200;
T_28 ;
    %wait E_00000163ce868180;
    %load/vec4 v00000163ce8cf7a0_0;
    %flag_set/vec4 8;
    %jmp/0xz  T_28.0, 8;
    %pushi/vec4 0, 0, 2;
    %store/vec4 v00000163ce8d15d0_0, 0, 2;
    %jmp T_28.1;
T_28.0 ;
    %load/vec4 v00000163ce8d1530_0;
    %store/vec4 v00000163ce8d15d0_0, 0, 2;
T_28.1 ;
    %jmp T_28;
    .thread T_28;
    .scope S_00000163ce835910;
T_29 ;
    %wait E_00000163ce868480;
    %load/vec4 v00000163ce855000_0;
    %flag_set/vec4 8;
    %load/vec4 v00000163ce8542e0_0;
    %flag_set/vec4 9;
    %flag_or 9, 8;
    %jmp/0 T_29.0, 9;
    %pushi/vec4 1, 0, 2;
    %jmp/1 T_29.1, 9;
T_29.0 ; End of true expr.
    %pushi/vec4 0, 0, 2;
    %jmp/0 T_29.1, 9;
 ; End of false expr.
    %blend;
T_29.1;
    %pad/s 1;
    %store/vec4 v00000163ce854420_0, 0, 1;
    %load/vec4 v00000163ce855000_0;
    %load/vec4 v00000163ce8542e0_0;
    %nor/r;
    %and;
    %flag_set/vec4 8;
    %jmp/0 T_29.2, 8;
    %pushi/vec4 1, 0, 2;
    %jmp/1 T_29.3, 8;
T_29.2 ; End of true expr.
    %pushi/vec4 0, 0, 2;
    %jmp/0 T_29.3, 8;
 ; End of false expr.
    %blend;
T_29.3;
    %pad/s 1;
    %store/vec4 v00000163ce854060_0, 0, 1;
    %load/vec4 v00000163ce855000_0;
    %nor/r;
    %load/vec4 v00000163ce8542e0_0;
    %and;
    %flag_set/vec4 8;
    %jmp/0 T_29.4, 8;
    %pushi/vec4 1, 0, 2;
    %jmp/1 T_29.5, 8;
T_29.4 ; End of true expr.
    %pushi/vec4 0, 0, 2;
    %jmp/0 T_29.5, 8;
 ; End of false expr.
    %blend;
T_29.5;
    %pad/s 1;
    %store/vec4 v00000163ce854ec0_0, 0, 1;
    %jmp T_29;
    .thread T_29, $push;
    .scope S_00000163ce835910;
T_30 ;
    %wait E_00000163ce867fc0;
    %load/vec4 v00000163ce854060_0;
    %flag_set/vec4 8;
    %jmp/0xz  T_30.0, 8;
    %load/vec4 v00000163ce8551e0_0;
    %concati/vec4 0, 0, 2;
    %pad/u 10;
    %ix/vec4 4;
    %load/vec4a v00000163ce853fc0, 4;
    %store/vec4 v00000163ce854a60_0, 0, 8;
    %pushi/vec4 400, 0, 64;
    %ix/vec4 4;
    %delayx 4;
    %load/vec4 v00000163ce854a60_0;
    %ix/load 4, 0, 0;
    %flag_set/imm 4, 0;
    %store/vec4 v00000163ce854600_0, 4, 8;
    %load/vec4 v00000163ce8551e0_0;
    %concati/vec4 1, 0, 2;
    %pad/u 10;
    %ix/vec4 4;
    %load/vec4a v00000163ce853fc0, 4;
    %store/vec4 v00000163ce855780_0, 0, 8;
    %pushi/vec4 400, 0, 64;
    %ix/vec4 4;
    %delayx 4;
    %load/vec4 v00000163ce855780_0;
    %ix/load 4, 8, 0;
    %flag_set/imm 4, 0;
    %store/vec4 v00000163ce854600_0, 4, 8;
    %load/vec4 v00000163ce8551e0_0;
    %concati/vec4 2, 0, 2;
    %pad/u 10;
    %ix/vec4 4;
    %load/vec4a v00000163ce853fc0, 4;
    %store/vec4 v00000163ce854240_0, 0, 8;
    %pushi/vec4 400, 0, 64;
    %ix/vec4 4;
    %delayx 4;
    %load/vec4 v00000163ce854240_0;
    %ix/load 4, 16, 0;
    %flag_set/imm 4, 0;
    %store/vec4 v00000163ce854600_0, 4, 8;
    %load/vec4 v00000163ce8551e0_0;
    %concati/vec4 3, 0, 2;
    %pad/u 10;
    %ix/vec4 4;
    %load/vec4a v00000163ce853fc0, 4;
    %store/vec4 v00000163ce853b60_0, 0, 8;
    %pushi/vec4 400, 0, 64;
    %ix/vec4 4;
    %delayx 4;
    %load/vec4 v00000163ce853b60_0;
    %ix/load 4, 24, 0;
    %flag_set/imm 4, 0;
    %store/vec4 v00000163ce854600_0, 4, 8;
    %pushi/vec4 0, 0, 1;
    %store/vec4 v00000163ce854420_0, 0, 1;
    %pushi/vec4 0, 0, 1;
    %store/vec4 v00000163ce854060_0, 0, 1;
T_30.0 ;
    %load/vec4 v00000163ce854ec0_0;
    %flag_set/vec4 8;
    %jmp/0xz  T_30.2, 8;
    %load/vec4 v00000163ce8550a0_0;
    %parti/s 8, 0, 2;
    %store/vec4 v00000163ce853ca0_0, 0, 8;
    %pushi/vec4 400, 0, 64;
    %ix/vec4 4;
    %delayx 4;
    %load/vec4 v00000163ce853ca0_0;
    %load/vec4 v00000163ce8551e0_0;
    %concati/vec4 0, 0, 2;
    %pad/u 10;
    %ix/vec4 4;
    %store/vec4a v00000163ce853fc0, 4, 0;
    %load/vec4 v00000163ce8550a0_0;
    %parti/s 8, 8, 5;
    %store/vec4 v00000163ce853de0_0, 0, 8;
    %pushi/vec4 400, 0, 64;
    %ix/vec4 4;
    %delayx 4;
    %load/vec4 v00000163ce853de0_0;
    %load/vec4 v00000163ce8551e0_0;
    %concati/vec4 1, 0, 2;
    %pad/u 10;
    %ix/vec4 4;
    %store/vec4a v00000163ce853fc0, 4, 0;
    %load/vec4 v00000163ce8550a0_0;
    %parti/s 8, 16, 6;
    %store/vec4 v00000163ce855320_0, 0, 8;
    %pushi/vec4 400, 0, 64;
    %ix/vec4 4;
    %delayx 4;
    %load/vec4 v00000163ce855320_0;
    %load/vec4 v00000163ce8551e0_0;
    %concati/vec4 2, 0, 2;
    %pad/u 10;
    %ix/vec4 4;
    %store/vec4a v00000163ce853fc0, 4, 0;
    %load/vec4 v00000163ce8550a0_0;
    %parti/s 8, 24, 6;
    %store/vec4 v00000163ce854ba0_0, 0, 8;
    %pushi/vec4 400, 0, 64;
    %ix/vec4 4;
    %delayx 4;
    %load/vec4 v00000163ce854ba0_0;
    %load/vec4 v00000163ce8551e0_0;
    %concati/vec4 3, 0, 2;
    %pad/u 10;
    %ix/vec4 4;
    %store/vec4a v00000163ce853fc0, 4, 0;
    %pushi/vec4 0, 0, 1;
    %store/vec4 v00000163ce854420_0, 0, 1;
    %pushi/vec4 0, 0, 1;
    %store/vec4 v00000163ce854ec0_0, 0, 1;
T_30.2 ;
    %jmp T_30;
    .thread T_30;
    .scope S_00000163ce835910;
T_31 ;
    %wait E_00000163ce867c40;
    %load/vec4 v00000163ce854100_0;
    %flag_set/vec4 8;
    %jmp/0xz  T_31.0, 8;
    %pushi/vec4 0, 0, 32;
    %store/vec4 v00000163ce853f20_0, 0, 32;
T_31.2 ;
    %load/vec4 v00000163ce853f20_0;
    %cmpi/s 256, 0, 32;
    %jmp/0xz T_31.3, 5;
    %pushi/vec4 0, 0, 8;
    %ix/getv/s 4, v00000163ce853f20_0;
    %store/vec4a v00000163ce853fc0, 4, 0;
    %load/vec4 v00000163ce853f20_0;
    %addi 1, 0, 32;
    %store/vec4 v00000163ce853f20_0, 0, 32;
    %jmp T_31.2;
T_31.3 ;
    %pushi/vec4 0, 0, 1;
    %store/vec4 v00000163ce854420_0, 0, 1;
    %pushi/vec4 0, 0, 1;
    %store/vec4 v00000163ce854060_0, 0, 1;
    %pushi/vec4 0, 0, 1;
    %store/vec4 v00000163ce854ec0_0, 0, 1;
T_31.0 ;
    %jmp T_31;
    .thread T_31;
    .scope S_00000163ce835aa0;
T_32 ;
    %vpi_call 4 39 "$dumpfile", "cpu_wavedata_Grp18CPU.vcd" {0 0 0};
    %pushi/vec4 0, 0, 32;
    %store/vec4 v00000163ce8c79d0_0, 0, 32;
T_32.0 ;
    %load/vec4 v00000163ce8c79d0_0;
    %cmpi/s 8, 0, 32;
    %jmp/0xz T_32.1, 5;
    %vpi_call 4 41 "$dumpvars", 32'sb00000000000000000000000000000001, &A<v00000163ce8c7b10, v00000163ce8c79d0_0 > {0 0 0};
    ; show_stmt_assign_vector: Get l-value for compressed += operand
    %load/vec4 v00000163ce8c79d0_0;
    %pushi/vec4 1, 0, 32;
    %add;
    %store/vec4 v00000163ce8c79d0_0, 0, 32;
    %jmp T_32.0;
T_32.1 ;
    %pushi/vec4 0, 0, 32;
    %store/vec4 v00000163ce8c79d0_0, 0, 32;
T_32.2 ;
    %load/vec4 v00000163ce8c79d0_0;
    %cmpi/s 8, 0, 32;
    %jmp/0xz T_32.3, 5;
    %vpi_call 4 44 "$dumpvars", 32'sb00000000000000000000000000000001, &A<v00000163ce8c7930, v00000163ce8c79d0_0 > {0 0 0};
    %vpi_call 4 45 "$dumpvars", 32'sb00000000000000000000000000000001, &A<v00000163ce8c6a30, v00000163ce8c79d0_0 > {0 0 0};
    ; show_stmt_assign_vector: Get l-value for compressed += operand
    %load/vec4 v00000163ce8c79d0_0;
    %pushi/vec4 1, 0, 32;
    %add;
    %store/vec4 v00000163ce8c79d0_0, 0, 32;
    %jmp T_32.2;
T_32.3 ;
    %end;
    .thread T_32;
    .scope S_00000163ce835aa0;
T_33 ;
    %wait E_00000163ce868180;
    %load/vec4 v00000163ce839e00_0;
    %flag_set/vec4 8;
    %jmp/0xz  T_33.0, 8;
    %pushi/vec4 0, 0, 32;
    %store/vec4 v00000163ce8c79d0_0, 0, 32;
T_33.2 ;
    %load/vec4 v00000163ce8c79d0_0;
    %cmpi/s 8, 0, 32;
    %jmp/0xz T_33.3, 5;
    %pushi/vec4 0, 0, 1;
    %ix/getv/s 4, v00000163ce8c79d0_0;
    %store/vec4a v00000163ce8c6a30, 4, 0;
    %pushi/vec4 7, 7, 3;
    %ix/getv/s 4, v00000163ce8c79d0_0;
    %store/vec4a v00000163ce8c7930, 4, 0;
    %pushi/vec4 4294967295, 4294967295, 32;
    %concati/vec4 4294967295, 4294967295, 32;
    %concati/vec4 4294967295, 4294967295, 32;
    %concati/vec4 4294967295, 4294967295, 32;
    %ix/getv/s 4, v00000163ce8c79d0_0;
    %store/vec4a v00000163ce8c7b10, 4, 0;
    ; show_stmt_assign_vector: Get l-value for compressed += operand
    %load/vec4 v00000163ce8c79d0_0;
    %pushi/vec4 1, 0, 32;
    %add;
    %store/vec4 v00000163ce8c79d0_0, 0, 32;
    %jmp T_33.2;
T_33.3 ;
T_33.0 ;
    %jmp T_33;
    .thread T_33;
    .scope S_00000163ce835aa0;
T_34 ;
    %wait E_00000163ce867c80;
    %load/vec4 v00000163ce83a580_0;
    %parti/s 10, 0, 2;
    %store/vec4 v00000163ce8c6fd0_0, 0, 10;
    %jmp T_34;
    .thread T_34, $push;
    .scope S_00000163ce835aa0;
T_35 ;
    %wait E_00000163ce867c80;
    %pushi/vec4 1, 0, 1;
    %store/vec4 v00000163ce8c67b0_0, 0, 1;
    %jmp T_35;
    .thread T_35, $push;
    .scope S_00000163ce835aa0;
T_36 ;
    %wait E_00000163ce8687c0;
    %delay 10, 0;
    %load/vec4 v00000163ce8c6fd0_0;
    %parti/s 3, 4, 4;
    %pad/u 5;
    %ix/vec4 4;
    %load/vec4a v00000163ce8c7b10, 4;
    %store/vec4 v00000163ce8c71b0_0, 0, 128;
    %jmp T_36;
    .thread T_36, $push;
    .scope S_00000163ce835aa0;
T_37 ;
    %wait E_00000163ce868780;
    %load/vec4 v00000163ce8c6030_0;
    %flag_set/vec4 8;
    %jmp/0xz  T_37.0, 8;
    %pushi/vec4 0, 0, 1;
    %store/vec4 v00000163ce8c67b0_0, 0, 1;
T_37.0 ;
    %jmp T_37;
    .thread T_37;
    .scope S_00000163ce835aa0;
T_38 ;
    %wait E_00000163ce8684c0;
    %load/vec4 v00000163ce8c7570_0;
    %dup/vec4;
    %pushi/vec4 0, 0, 2;
    %cmp/u;
    %jmp/1 T_38.0, 6;
    %dup/vec4;
    %pushi/vec4 1, 0, 2;
    %cmp/u;
    %jmp/1 T_38.1, 6;
    %dup/vec4;
    %pushi/vec4 2, 0, 2;
    %cmp/u;
    %jmp/1 T_38.2, 6;
    %jmp T_38.3;
T_38.0 ;
    %load/vec4 v00000163ce8c6030_0;
    %nor/r;
    %flag_set/vec4 8;
    %jmp/0xz  T_38.4, 8;
    %pushi/vec4 1, 0, 2;
    %store/vec4 v00000163ce8c68f0_0, 0, 2;
    %jmp T_38.5;
T_38.4 ;
    %pushi/vec4 0, 0, 2;
    %store/vec4 v00000163ce8c68f0_0, 0, 2;
T_38.5 ;
    %jmp T_38.3;
T_38.1 ;
    %load/vec4 v00000163ce8c7250_0;
    %flag_set/vec4 8;
    %jmp/0xz  T_38.6, 8;
    %pushi/vec4 1, 0, 2;
    %store/vec4 v00000163ce8c68f0_0, 0, 2;
    %jmp T_38.7;
T_38.6 ;
    %pushi/vec4 2, 0, 2;
    %store/vec4 v00000163ce8c68f0_0, 0, 2;
T_38.7 ;
    %jmp T_38.3;
T_38.2 ;
    %pushi/vec4 0, 0, 2;
    %store/vec4 v00000163ce8c68f0_0, 0, 2;
    %jmp T_38.3;
T_38.3 ;
    %pop/vec4 1;
    %jmp T_38;
    .thread T_38, $push;
    .scope S_00000163ce835aa0;
T_39 ;
    %wait E_00000163ce868100;
    %load/vec4 v00000163ce8c7570_0;
    %dup/vec4;
    %pushi/vec4 0, 0, 2;
    %cmp/u;
    %jmp/1 T_39.0, 6;
    %dup/vec4;
    %pushi/vec4 1, 0, 2;
    %cmp/u;
    %jmp/1 T_39.1, 6;
    %dup/vec4;
    %pushi/vec4 2, 0, 2;
    %cmp/u;
    %jmp/1 T_39.2, 6;
    %jmp T_39.3;
T_39.0 ;
    %pushi/vec4 0, 0, 1;
    %store/vec4 v00000163ce8c6710_0, 0, 1;
    %pushi/vec4 63, 63, 6;
    %store/vec4 v00000163ce8c7bb0_0, 0, 6;
    %pushi/vec4 0, 0, 1;
    %store/vec4 v00000163ce8c67b0_0, 0, 1;
    %jmp T_39.3;
T_39.1 ;
    %pushi/vec4 1, 0, 1;
    %store/vec4 v00000163ce8c6710_0, 0, 1;
    %load/vec4 v00000163ce8c6fd0_0;
    %parti/s 6, 4, 4;
    %store/vec4 v00000163ce8c7bb0_0, 0, 6;
    %jmp T_39.3;
T_39.2 ;
    %pushi/vec4 0, 0, 1;
    %store/vec4 v00000163ce8c6710_0, 0, 1;
    %pushi/vec4 63, 63, 6;
    %store/vec4 v00000163ce8c7bb0_0, 0, 6;
    %delay 10, 0;
    %load/vec4 v00000163ce8c6850_0;
    %load/vec4 v00000163ce8c6fd0_0;
    %parti/s 3, 4, 4;
    %pad/u 5;
    %ix/vec4 4;
    %store/vec4a v00000163ce8c7b10, 4, 0;
    %load/vec4 v00000163ce8c6fd0_0;
    %parti/s 3, 7, 4;
    %load/vec4 v00000163ce8c6fd0_0;
    %parti/s 3, 4, 4;
    %pad/u 5;
    %ix/vec4 4;
    %store/vec4a v00000163ce8c7930, 4, 0;
    %pushi/vec4 1, 0, 1;
    %load/vec4 v00000163ce8c6fd0_0;
    %parti/s 3, 4, 4;
    %pad/u 5;
    %ix/vec4 4;
    %store/vec4a v00000163ce8c6a30, 4, 0;
    %jmp T_39.3;
T_39.3 ;
    %pop/vec4 1;
    %jmp T_39;
    .thread T_39, $push;
    .scope S_00000163ce835aa0;
T_40 ;
    %wait E_00000163ce868180;
    %load/vec4 v00000163ce839e00_0;
    %flag_set/vec4 8;
    %jmp/0xz  T_40.0, 8;
    %pushi/vec4 0, 0, 2;
    %store/vec4 v00000163ce8c7570_0, 0, 2;
    %jmp T_40.1;
T_40.0 ;
    %load/vec4 v00000163ce8c68f0_0;
    %store/vec4 v00000163ce8c7570_0, 0, 2;
T_40.1 ;
    %jmp T_40;
    .thread T_40;
    .scope S_00000163ce8cd9d0;
T_41 ;
    %pushi/vec4 0, 0, 1;
    %store/vec4 v00000163ce8d04f0_0, 0, 1;
    %pushi/vec4 0, 0, 1;
    %store/vec4 v00000163ce8d0770_0, 0, 1;
    %pushi/vec4 262169, 0, 32;
    %split/vec4 8;
    %ix/load 4, 0, 0;
    %flag_set/imm 4, 0;
    %store/vec4a v00000163ce8d0f90, 4, 0;
    %split/vec4 8;
    %ix/load 4, 1, 0;
    %flag_set/imm 4, 0;
    %store/vec4a v00000163ce8d0f90, 4, 0;
    %split/vec4 8;
    %ix/load 4, 2, 0;
    %flag_set/imm 4, 0;
    %store/vec4a v00000163ce8d0f90, 4, 0;
    %ix/load 4, 3, 0;
    %flag_set/imm 4, 0;
    %store/vec4a v00000163ce8d0f90, 4, 0;
    %pushi/vec4 327715, 0, 32;
    %split/vec4 8;
    %ix/load 4, 4, 0;
    %flag_set/imm 4, 0;
    %store/vec4a v00000163ce8d0f90, 4, 0;
    %split/vec4 8;
    %ix/load 4, 5, 0;
    %flag_set/imm 4, 0;
    %store/vec4a v00000163ce8d0f90, 4, 0;
    %split/vec4 8;
    %ix/load 4, 6, 0;
    %flag_set/imm 4, 0;
    %store/vec4a v00000163ce8d0f90, 4, 0;
    %ix/load 4, 7, 0;
    %flag_set/imm 4, 0;
    %store/vec4a v00000163ce8d0f90, 4, 0;
    %pushi/vec4 33948677, 0, 32;
    %split/vec4 8;
    %ix/load 4, 8, 0;
    %flag_set/imm 4, 0;
    %store/vec4a v00000163ce8d0f90, 4, 0;
    %split/vec4 8;
    %ix/load 4, 9, 0;
    %flag_set/imm 4, 0;
    %store/vec4a v00000163ce8d0f90, 4, 0;
    %split/vec4 8;
    %ix/load 4, 10, 0;
    %flag_set/imm 4, 0;
    %store/vec4a v00000163ce8d0f90, 4, 0;
    %ix/load 4, 11, 0;
    %flag_set/imm 4, 0;
    %store/vec4a v00000163ce8d0f90, 4, 0;
    %pushi/vec4 65626, 0, 32;
    %split/vec4 8;
    %ix/load 4, 12, 0;
    %flag_set/imm 4, 0;
    %store/vec4a v00000163ce8d0f90, 4, 0;
    %split/vec4 8;
    %ix/load 4, 13, 0;
    %flag_set/imm 4, 0;
    %store/vec4a v00000163ce8d0f90, 4, 0;
    %split/vec4 8;
    %ix/load 4, 14, 0;
    %flag_set/imm 4, 0;
    %store/vec4a v00000163ce8d0f90, 4, 0;
    %ix/load 4, 15, 0;
    %flag_set/imm 4, 0;
    %store/vec4a v00000163ce8d0f90, 4, 0;
    %pushi/vec4 50397444, 0, 32;
    %split/vec4 8;
    %ix/load 4, 16, 0;
    %flag_set/imm 4, 0;
    %store/vec4a v00000163ce8d0f90, 4, 0;
    %split/vec4 8;
    %ix/load 4, 17, 0;
    %flag_set/imm 4, 0;
    %store/vec4a v00000163ce8d0f90, 4, 0;
    %split/vec4 8;
    %ix/load 4, 18, 0;
    %flag_set/imm 4, 0;
    %store/vec4a v00000163ce8d0f90, 4, 0;
    %ix/load 4, 19, 0;
    %flag_set/imm 4, 0;
    %store/vec4a v00000163ce8d0f90, 4, 0;
    %end;
    .thread T_41;
    .scope S_00000163ce8cd9d0;
T_42 ;
    %wait E_00000163ce869480;
    %load/vec4 v00000163ce8d06d0_0;
    %flag_set/vec4 8;
    %jmp/0 T_42.0, 8;
    %pushi/vec4 1, 0, 2;
    %jmp/1 T_42.1, 8;
T_42.0 ; End of true expr.
    %pushi/vec4 0, 0, 2;
    %jmp/0 T_42.1, 8;
 ; End of false expr.
    %blend;
T_42.1;
    %pad/s 1;
    %store/vec4 v00000163ce8d04f0_0, 0, 1;
    %load/vec4 v00000163ce8d06d0_0;
    %flag_set/vec4 8;
    %jmp/0 T_42.2, 8;
    %pushi/vec4 1, 0, 2;
    %jmp/1 T_42.3, 8;
T_42.2 ; End of true expr.
    %pushi/vec4 0, 0, 2;
    %jmp/0 T_42.3, 8;
 ; End of false expr.
    %blend;
T_42.3;
    %pad/s 1;
    %store/vec4 v00000163ce8d0770_0, 0, 1;
    %jmp T_42;
    .thread T_42, $push;
    .scope S_00000163ce8cd9d0;
T_43 ;
    %wait E_00000163ce867fc0;
    %load/vec4 v00000163ce8d0770_0;
    %flag_set/vec4 8;
    %jmp/0xz  T_43.0, 8;
    %load/vec4 v00000163ce8d0450_0;
    %concati/vec4 0, 0, 4;
    %pad/u 12;
    %ix/vec4 4;
    %load/vec4a v00000163ce8d0f90, 4;
    %store/vec4 v00000163ce8d18f0_0, 0, 8;
    %pushi/vec4 400, 0, 64;
    %ix/vec4 4;
    %delayx 4;
    %load/vec4 v00000163ce8d18f0_0;
    %ix/load 4, 0, 0;
    %flag_set/imm 4, 0;
    %store/vec4 v00000163ce8d1030_0, 4, 8;
    %load/vec4 v00000163ce8d0450_0;
    %concati/vec4 1, 0, 4;
    %pad/u 12;
    %ix/vec4 4;
    %load/vec4a v00000163ce8d0f90, 4;
    %store/vec4 v00000163ce8d1990_0, 0, 8;
    %pushi/vec4 400, 0, 64;
    %ix/vec4 4;
    %delayx 4;
    %load/vec4 v00000163ce8d1990_0;
    %ix/load 4, 8, 0;
    %flag_set/imm 4, 0;
    %store/vec4 v00000163ce8d1030_0, 4, 8;
    %load/vec4 v00000163ce8d0450_0;
    %concati/vec4 2, 0, 4;
    %pad/u 12;
    %ix/vec4 4;
    %load/vec4a v00000163ce8d0f90, 4;
    %store/vec4 v00000163ce8d1210_0, 0, 8;
    %pushi/vec4 400, 0, 64;
    %ix/vec4 4;
    %delayx 4;
    %load/vec4 v00000163ce8d1210_0;
    %ix/load 4, 16, 0;
    %flag_set/imm 4, 0;
    %store/vec4 v00000163ce8d1030_0, 4, 8;
    %load/vec4 v00000163ce8d0450_0;
    %concati/vec4 3, 0, 4;
    %pad/u 12;
    %ix/vec4 4;
    %load/vec4a v00000163ce8d0f90, 4;
    %store/vec4 v00000163ce8d0e50_0, 0, 8;
    %pushi/vec4 400, 0, 64;
    %ix/vec4 4;
    %delayx 4;
    %load/vec4 v00000163ce8d0e50_0;
    %ix/load 4, 24, 0;
    %flag_set/imm 4, 0;
    %store/vec4 v00000163ce8d1030_0, 4, 8;
    %load/vec4 v00000163ce8d0450_0;
    %concati/vec4 4, 0, 4;
    %pad/u 12;
    %ix/vec4 4;
    %load/vec4a v00000163ce8d0f90, 4;
    %store/vec4 v00000163ce8cff50_0, 0, 8;
    %pushi/vec4 400, 0, 64;
    %ix/vec4 4;
    %delayx 4;
    %load/vec4 v00000163ce8cff50_0;
    %ix/load 4, 32, 0;
    %flag_set/imm 4, 0;
    %store/vec4 v00000163ce8d1030_0, 4, 8;
    %load/vec4 v00000163ce8d0450_0;
    %concati/vec4 5, 0, 4;
    %pad/u 12;
    %ix/vec4 4;
    %load/vec4a v00000163ce8d0f90, 4;
    %store/vec4 v00000163ce8cfff0_0, 0, 8;
    %pushi/vec4 400, 0, 64;
    %ix/vec4 4;
    %delayx 4;
    %load/vec4 v00000163ce8cfff0_0;
    %ix/load 4, 40, 0;
    %flag_set/imm 4, 0;
    %store/vec4 v00000163ce8d1030_0, 4, 8;
    %load/vec4 v00000163ce8d0450_0;
    %concati/vec4 6, 0, 4;
    %pad/u 12;
    %ix/vec4 4;
    %load/vec4a v00000163ce8d0f90, 4;
    %store/vec4 v00000163ce8d0090_0, 0, 8;
    %pushi/vec4 400, 0, 64;
    %ix/vec4 4;
    %delayx 4;
    %load/vec4 v00000163ce8d0090_0;
    %ix/load 4, 48, 0;
    %flag_set/imm 4, 0;
    %store/vec4 v00000163ce8d1030_0, 4, 8;
    %load/vec4 v00000163ce8d0450_0;
    %concati/vec4 7, 0, 4;
    %pad/u 12;
    %ix/vec4 4;
    %load/vec4a v00000163ce8d0f90, 4;
    %store/vec4 v00000163ce8d03b0_0, 0, 8;
    %pushi/vec4 400, 0, 64;
    %ix/vec4 4;
    %delayx 4;
    %load/vec4 v00000163ce8d03b0_0;
    %ix/load 4, 56, 0;
    %flag_set/imm 4, 0;
    %store/vec4 v00000163ce8d1030_0, 4, 8;
    %load/vec4 v00000163ce8d0450_0;
    %concati/vec4 8, 0, 4;
    %pad/u 12;
    %ix/vec4 4;
    %load/vec4a v00000163ce8d0f90, 4;
    %store/vec4 v00000163ce8d0d10_0, 0, 8;
    %pushi/vec4 400, 0, 64;
    %ix/vec4 4;
    %delayx 4;
    %load/vec4 v00000163ce8d0d10_0;
    %ix/load 4, 64, 0;
    %flag_set/imm 4, 0;
    %store/vec4 v00000163ce8d1030_0, 4, 8;
    %load/vec4 v00000163ce8d0450_0;
    %concati/vec4 9, 0, 4;
    %pad/u 12;
    %ix/vec4 4;
    %load/vec4a v00000163ce8d0f90, 4;
    %store/vec4 v00000163ce8d01d0_0, 0, 8;
    %pushi/vec4 400, 0, 64;
    %ix/vec4 4;
    %delayx 4;
    %load/vec4 v00000163ce8d01d0_0;
    %ix/load 4, 72, 0;
    %flag_set/imm 4, 0;
    %store/vec4 v00000163ce8d1030_0, 4, 8;
    %load/vec4 v00000163ce8d0450_0;
    %concati/vec4 10, 0, 4;
    %pad/u 12;
    %ix/vec4 4;
    %load/vec4a v00000163ce8d0f90, 4;
    %store/vec4 v00000163ce8cfe10_0, 0, 8;
    %pushi/vec4 400, 0, 64;
    %ix/vec4 4;
    %delayx 4;
    %load/vec4 v00000163ce8cfe10_0;
    %ix/load 4, 80, 0;
    %flag_set/imm 4, 0;
    %store/vec4 v00000163ce8d1030_0, 4, 8;
    %load/vec4 v00000163ce8d0450_0;
    %concati/vec4 11, 0, 4;
    %pad/u 12;
    %ix/vec4 4;
    %load/vec4a v00000163ce8d0f90, 4;
    %store/vec4 v00000163ce8d1ad0_0, 0, 8;
    %pushi/vec4 400, 0, 64;
    %ix/vec4 4;
    %delayx 4;
    %load/vec4 v00000163ce8d1ad0_0;
    %ix/load 4, 88, 0;
    %flag_set/imm 4, 0;
    %store/vec4 v00000163ce8d1030_0, 4, 8;
    %load/vec4 v00000163ce8d0450_0;
    %concati/vec4 12, 0, 4;
    %pad/u 12;
    %ix/vec4 4;
    %load/vec4a v00000163ce8d0f90, 4;
    %store/vec4 v00000163ce8d1c10_0, 0, 8;
    %pushi/vec4 400, 0, 64;
    %ix/vec4 4;
    %delayx 4;
    %load/vec4 v00000163ce8d1c10_0;
    %ix/load 4, 96, 0;
    %flag_set/imm 4, 0;
    %store/vec4 v00000163ce8d1030_0, 4, 8;
    %load/vec4 v00000163ce8d0450_0;
    %concati/vec4 13, 0, 4;
    %pad/u 12;
    %ix/vec4 4;
    %load/vec4a v00000163ce8d0f90, 4;
    %store/vec4 v00000163ce8d0db0_0, 0, 8;
    %pushi/vec4 400, 0, 64;
    %ix/vec4 4;
    %delayx 4;
    %load/vec4 v00000163ce8d0db0_0;
    %ix/load 4, 104, 0;
    %flag_set/imm 4, 0;
    %store/vec4 v00000163ce8d1030_0, 4, 8;
    %load/vec4 v00000163ce8d0450_0;
    %concati/vec4 14, 0, 4;
    %pad/u 12;
    %ix/vec4 4;
    %load/vec4a v00000163ce8d0f90, 4;
    %store/vec4 v00000163ce8d1170_0, 0, 8;
    %pushi/vec4 400, 0, 64;
    %ix/vec4 4;
    %delayx 4;
    %load/vec4 v00000163ce8d1170_0;
    %ix/load 4, 112, 0;
    %flag_set/imm 4, 0;
    %store/vec4 v00000163ce8d1030_0, 4, 8;
    %load/vec4 v00000163ce8d0450_0;
    %concati/vec4 15, 0, 4;
    %pad/u 12;
    %ix/vec4 4;
    %load/vec4a v00000163ce8d0f90, 4;
    %store/vec4 v00000163ce8d0310_0, 0, 8;
    %pushi/vec4 400, 0, 64;
    %ix/vec4 4;
    %delayx 4;
    %load/vec4 v00000163ce8d0310_0;
    %ix/load 4, 120, 0;
    %flag_set/imm 4, 0;
    %store/vec4 v00000163ce8d1030_0, 4, 8;
    %pushi/vec4 0, 0, 1;
    %store/vec4 v00000163ce8d04f0_0, 0, 1;
    %pushi/vec4 0, 0, 1;
    %store/vec4 v00000163ce8d0770_0, 0, 1;
T_43.0 ;
    %jmp T_43;
    .thread T_43;
    .scope S_00000163ce832f70;
T_44 ;
    %vpi_call 2 81 "$dumpfile", "cpu_wavedata_G18_L6p2.vcd" {0 0 0};
    %vpi_call 2 82 "$dumpvars", 32'sb00000000000000000000000000000000, S_00000163ce832f70 {0 0 0};
    %pushi/vec4 0, 0, 1;
    %store/vec4 v00000163ce8d0810_0, 0, 1;
    %pushi/vec4 1, 0, 1;
    %store/vec4 v00000163ce8d09f0_0, 0, 1;
    %delay 100, 0;
    %pushi/vec4 0, 0, 1;
    %store/vec4 v00000163ce8d09f0_0, 0, 1;
    %delay 15000, 0;
    %vpi_call 2 92 "$finish" {0 0 0};
    %end;
    .thread T_44;
    .scope S_00000163ce832f70;
T_45 ;
    %delay 40, 0;
    %load/vec4 v00000163ce8d0810_0;
    %inv;
    %store/vec4 v00000163ce8d0810_0, 0, 1;
    %jmp T_45;
    .thread T_45;
# The file index is used to find the file name in the following table.
:file_names 8;
    "N/A";
    "<interactive>";
    "cpu_tb.v";
    "./DataMemory_LAB06_Part2.v";
    "./icacheFSM_Grp18.v";
    "./CPU_Lab6_Part3.v";
    "./dcacheFSM_Grp18.v";
    "./InstrMemory_LAB06_Part3.v";
