#! /c/Source/iverilog-install/bin/vvp
:ivl_version "12.0 (devel)" "(s20150603-1110-g18392a46)";
:ivl_delay_selection "TYPICAL";
:vpi_time_precision - 10;
:vpi_module "C:\iverilog\lib\ivl\system.vpi";
:vpi_module "C:\iverilog\lib\ivl\vhdl_sys.vpi";
:vpi_module "C:\iverilog\lib\ivl\vhdl_textio.vpi";
:vpi_module "C:\iverilog\lib\ivl\v2005_math.vpi";
:vpi_module "C:\iverilog\lib\ivl\va_math.vpi";
S_000001a11f4e6ac0 .scope module, "dcache" "dcache" 2 9;
 .timescale -9 -10;
    .port_info 0 /INPUT 1 "CLOCK";
    .port_info 1 /INPUT 1 "RESET";
    .port_info 2 /INPUT 1 "READ";
    .port_info 3 /INPUT 1 "WRITE";
    .port_info 4 /INPUT 8 "ADDRESS";
    .port_info 5 /INPUT 8 "WRIITEDATA";
    .port_info 6 /OUTPUT 8 "READDATA";
    .port_info 7 /OUTPUT 1 "BUSYWAIT";
    .port_info 8 /OUTPUT 1 "Mem_READ";
    .port_info 9 /OUTPUT 1 "Mem_WRITE";
    .port_info 10 /OUTPUT 6 "Mem_ADDRESS";
    .port_info 11 /OUTPUT 32 "Mem_WRITEDATA";
    .port_info 12 /INPUT 32 "Mem_READDATA";
    .port_info 13 /INPUT 1 "Mem_BUSYWAIT";
P_000001a11f4e6c50 .param/l "CACHE_UPDATE" 0 2 121, C4<11>;
P_000001a11f4e6c88 .param/l "IDLE" 0 2 121, C4<00>;
P_000001a11f4e6cc0 .param/l "MEM_READ" 0 2 121, C4<01>;
P_000001a11f4e6cf8 .param/l "MEM_WRITE" 0 2 121, C4<10>;
L_000001a11f527140/d .functor BUFZ 3, L_000001a11f5a9930, C4<000>, C4<000>, C4<000>;
L_000001a11f527140 .delay 3 (10,10,10) L_000001a11f527140/d;
L_000001a11f526e30/d .functor BUFZ 1, L_000001a11f5a9b10, C4<0>, C4<0>, C4<0>;
L_000001a11f526e30 .delay 1 (10,10,10) L_000001a11f526e30/d;
L_000001a11f527ae0/d .functor BUFZ 1, L_000001a11f5a8d50, C4<0>, C4<0>, C4<0>;
L_000001a11f527ae0 .delay 1 (10,10,10) L_000001a11f527ae0/d;
L_000001a11f527450 .functor AND 1, L_000001a11f5ac750, L_000001a11f526e30, C4<1>, C4<1>;
o000001a11f54efd8 .functor BUFZ 8, C4<zzzzzzzz>; HiZ drive
v000001a11f5292d0_0 .net "ADDRESS", 7 0, o000001a11f54efd8;  0 drivers
v000001a11f5295f0_0 .var "BUSYWAIT", 0 0;
o000001a11f54f038 .functor BUFZ 1, C4<z>; HiZ drive
v000001a11f529550_0 .net "CLOCK", 0 0, o000001a11f54f038;  0 drivers
v000001a11f529690_0 .var "Mem_ADDRESS", 5 0;
o000001a11f54f098 .functor BUFZ 1, C4<z>; HiZ drive
v000001a11f5297d0_0 .net "Mem_BUSYWAIT", 0 0, o000001a11f54f098;  0 drivers
v000001a11f529870_0 .var "Mem_READ", 0 0;
o000001a11f54f0f8 .functor BUFZ 32, C4<zzzzzzzzzzzzzzzzzzzzzzzzzzzzzzzz>; HiZ drive
v000001a11f529b90_0 .net "Mem_READDATA", 31 0, o000001a11f54f0f8;  0 drivers
v000001a11f529cd0_0 .var "Mem_WRITE", 0 0;
v000001a11f5a9750_0 .var "Mem_WRITEDATA", 31 0;
o000001a11f54f188 .functor BUFZ 1, C4<z>; HiZ drive
v000001a11f5a9890_0 .net "READ", 0 0, o000001a11f54f188;  0 drivers
v000001a11f5a9e30_0 .var "READDATA", 7 0;
o000001a11f54f1e8 .functor BUFZ 1, C4<z>; HiZ drive
v000001a11f5a8b70_0 .net "RESET", 0 0, o000001a11f54f1e8;  0 drivers
o000001a11f54f218 .functor BUFZ 8, C4<zzzzzzzz>; HiZ drive
v000001a11f5a88f0_0 .net "WRIITEDATA", 7 0, o000001a11f54f218;  0 drivers
o000001a11f54f248 .functor BUFZ 1, C4<z>; HiZ drive
v000001a11f5a92f0_0 .net "WRITE", 0 0, o000001a11f54f248;  0 drivers
v000001a11f5a85d0_0 .net *"_ivl_0", 2 0, L_000001a11f5a9930;  1 drivers
v000001a11f5a8990_0 .net *"_ivl_10", 0 0, L_000001a11f5a9b10;  1 drivers
v000001a11f5a9570_0 .net *"_ivl_13", 2 0, L_000001a11f5a8cb0;  1 drivers
v000001a11f5a97f0_0 .net *"_ivl_14", 4 0, L_000001a11f5aa290;  1 drivers
L_000001a11f6f00d0 .functor BUFT 1, C4<00>, C4<0>, C4<0>, C4<0>;
v000001a11f5aa0b0_0 .net *"_ivl_17", 1 0, L_000001a11f6f00d0;  1 drivers
v000001a11f5a96b0_0 .net *"_ivl_20", 0 0, L_000001a11f5a8d50;  1 drivers
v000001a11f5a8f30_0 .net *"_ivl_23", 2 0, L_000001a11f5aa330;  1 drivers
v000001a11f5a9390_0 .net *"_ivl_24", 4 0, L_000001a11f5a8490;  1 drivers
L_000001a11f6f0118 .functor BUFT 1, C4<00>, C4<0>, C4<0>, C4<0>;
v000001a11f5a8c10_0 .net *"_ivl_27", 1 0, L_000001a11f6f0118;  1 drivers
v000001a11f5a91b0_0 .net *"_ivl_3", 2 0, L_000001a11f5aa1f0;  1 drivers
v000001a11f5a8710_0 .net *"_ivl_31", 2 0, L_000001a11f5a8530;  1 drivers
v000001a11f5a9ed0_0 .net *"_ivl_32", 0 0, L_000001a11f5a8df0;  1 drivers
L_000001a11f6f0160 .functor BUFT 1, C4<01>, C4<0>, C4<0>, C4<0>;
v000001a11f5aa150_0 .net/2s *"_ivl_34", 1 0, L_000001a11f6f0160;  1 drivers
L_000001a11f6f01a8 .functor BUFT 1, C4<00>, C4<0>, C4<0>, C4<0>;
v000001a11f5a9d90_0 .net/2s *"_ivl_36", 1 0, L_000001a11f6f01a8;  1 drivers
v000001a11f5a9bb0_0 .net *"_ivl_38", 1 0, L_000001a11f5a8e90;  1 drivers
v000001a11f5a94d0_0 .net *"_ivl_4", 4 0, L_000001a11f5a9110;  1 drivers
L_000001a11f6f0088 .functor BUFT 1, C4<00>, C4<0>, C4<0>, C4<0>;
v000001a11f5a9430_0 .net *"_ivl_7", 1 0, L_000001a11f6f0088;  1 drivers
v000001a11f5a9f70 .array "address_tag_array", 0 7, 2 0;
v000001a11f5a9c50 .array "cache_data_array", 0 7, 31 0;
v000001a11f5a9cf0_0 .net "comparator_result", 0 0, L_000001a11f5ac750;  1 drivers
v000001a11f5a8670_0 .net "current_tag", 2 0, L_000001a11f527140;  1 drivers
v000001a11f5a8fd0_0 .var "data_block", 31 0;
v000001a11f5a9a70_0 .net "dirty_bit", 0 0, L_000001a11f527ae0;  1 drivers
v000001a11f5a99d0 .array "dirty_bit_array", 0 7, 0 0;
v000001a11f5aa010_0 .net "hit", 0 0, L_000001a11f527450;  1 drivers
v000001a11f5a9250_0 .var/i "i", 31 0;
v000001a11f5a9610_0 .var "next_state", 1 0;
v000001a11f5a8a30_0 .var "readaccess", 0 0;
v000001a11f5a9070_0 .var "state", 1 0;
v000001a11f5a8ad0_0 .net "valid_bit", 0 0, L_000001a11f526e30;  1 drivers
v000001a11f5a87b0 .array "valid_bit_array", 0 7, 0 0;
v000001a11f5a8850_0 .var "writeaccess", 0 0;
E_000001a11f532700/0 .event anyedge, v000001a11f5a8b70_0;
E_000001a11f532700/1 .event posedge, v000001a11f529550_0;
E_000001a11f532700 .event/or E_000001a11f532700/0, E_000001a11f532700/1;
E_000001a11f533240 .event anyedge, v000001a11f5a9070_0;
E_000001a11f532740/0 .event anyedge, v000001a11f5a9070_0, v000001a11f5a9890_0, v000001a11f5a92f0_0, v000001a11f5a9a70_0;
E_000001a11f532740/1 .event anyedge, v000001a11f5aa010_0, v000001a11f5297d0_0;
E_000001a11f532740 .event/or E_000001a11f532740/0, E_000001a11f532740/1;
E_000001a11f532fc0 .event posedge, v000001a11f529550_0;
E_000001a11f532f40 .event anyedge, v000001a11f5a8fd0_0, v000001a11f5aa010_0, v000001a11f5a8a30_0, v000001a11f5292d0_0;
v000001a11f5a9c50_0 .array/port v000001a11f5a9c50, 0;
v000001a11f5a9c50_1 .array/port v000001a11f5a9c50, 1;
v000001a11f5a9c50_2 .array/port v000001a11f5a9c50, 2;
E_000001a11f5326c0/0 .event anyedge, v000001a11f5292d0_0, v000001a11f5a9c50_0, v000001a11f5a9c50_1, v000001a11f5a9c50_2;
v000001a11f5a9c50_3 .array/port v000001a11f5a9c50, 3;
v000001a11f5a9c50_4 .array/port v000001a11f5a9c50, 4;
v000001a11f5a9c50_5 .array/port v000001a11f5a9c50, 5;
v000001a11f5a9c50_6 .array/port v000001a11f5a9c50, 6;
E_000001a11f5326c0/1 .event anyedge, v000001a11f5a9c50_3, v000001a11f5a9c50_4, v000001a11f5a9c50_5, v000001a11f5a9c50_6;
v000001a11f5a9c50_7 .array/port v000001a11f5a9c50, 7;
E_000001a11f5326c0/2 .event anyedge, v000001a11f5a9c50_7;
E_000001a11f5326c0 .event/or E_000001a11f5326c0/0, E_000001a11f5326c0/1, E_000001a11f5326c0/2;
E_000001a11f533040 .event anyedge, v000001a11f5a8b70_0;
E_000001a11f5325c0 .event anyedge, v000001a11f5292d0_0, v000001a11f5a92f0_0, v000001a11f5a9890_0;
L_000001a11f5a9930 .array/port v000001a11f5a9f70, L_000001a11f5a9110;
L_000001a11f5aa1f0 .part o000001a11f54efd8, 2, 3;
L_000001a11f5a9110 .concat [ 3 2 0 0], L_000001a11f5aa1f0, L_000001a11f6f0088;
L_000001a11f5a9b10 .array/port v000001a11f5a87b0, L_000001a11f5aa290;
L_000001a11f5a8cb0 .part o000001a11f54efd8, 2, 3;
L_000001a11f5aa290 .concat [ 3 2 0 0], L_000001a11f5a8cb0, L_000001a11f6f00d0;
L_000001a11f5a8d50 .array/port v000001a11f5a99d0, L_000001a11f5a8490;
L_000001a11f5aa330 .part o000001a11f54efd8, 2, 3;
L_000001a11f5a8490 .concat [ 3 2 0 0], L_000001a11f5aa330, L_000001a11f6f0118;
L_000001a11f5a8530 .part o000001a11f54efd8, 5, 3;
L_000001a11f5a8df0 .cmp/eq 3, L_000001a11f527140, L_000001a11f5a8530;
L_000001a11f5a8e90 .functor MUXZ 2, L_000001a11f6f01a8, L_000001a11f6f0160, L_000001a11f5a8df0, C4<>;
L_000001a11f5ac750 .delay 1 (9,9,9) L_000001a11f5ac750/d;
L_000001a11f5ac750/d .part L_000001a11f5a8e90, 0, 1;
    .scope S_000001a11f4e6ac0;
T_0 ;
    %wait E_000001a11f5325c0;
    %load/vec4 v000001a11f5a9890_0;
    %flag_set/vec4 8;
    %load/vec4 v000001a11f5a92f0_0;
    %flag_set/vec4 9;
    %flag_or 9, 8;
    %jmp/0xz  T_0.0, 9;
    %pushi/vec4 1, 0, 1;
    %store/vec4 v000001a11f5295f0_0, 0, 1;
    %pushi/vec4 1, 0, 1;
    %store/vec4 v000001a11f5a8a30_0, 0, 1;
    %pushi/vec4 1, 0, 1;
    %store/vec4 v000001a11f5a8850_0, 0, 1;
    %jmp T_0.1;
T_0.0 ;
    %pushi/vec4 0, 0, 1;
    %store/vec4 v000001a11f5295f0_0, 0, 1;
T_0.1 ;
    %jmp T_0;
    .thread T_0, $push;
    .scope S_000001a11f4e6ac0;
T_1 ;
    %wait E_000001a11f533040;
    %pushi/vec4 0, 0, 32;
    %store/vec4 v000001a11f5a9250_0, 0, 32;
T_1.0 ;
    %load/vec4 v000001a11f5a9250_0;
    %cmpi/s 8, 0, 32;
    %jmp/0xz T_1.1, 5;
    %pushi/vec4 0, 0, 1;
    %ix/getv/s 4, v000001a11f5a9250_0;
    %store/vec4a v000001a11f5a87b0, 4, 0;
    %pushi/vec4 0, 0, 1;
    %ix/getv/s 4, v000001a11f5a9250_0;
    %store/vec4a v000001a11f5a99d0, 4, 0;
    %pushi/vec4 7, 7, 3;
    %ix/getv/s 4, v000001a11f5a9250_0;
    %store/vec4a v000001a11f5a9f70, 4, 0;
    %pushi/vec4 4294967295, 4294967295, 32;
    %ix/getv/s 4, v000001a11f5a9250_0;
    %store/vec4a v000001a11f5a9c50, 4, 0;
    ; show_stmt_assign_vector: Get l-value for compressed += operand
    %load/vec4 v000001a11f5a9250_0;
    %pushi/vec4 1, 0, 32;
    %add;
    %store/vec4 v000001a11f5a9250_0, 0, 32;
    %jmp T_1.0;
T_1.1 ;
    %jmp T_1;
    .thread T_1, $push;
    .scope S_000001a11f4e6ac0;
T_2 ;
    %wait E_000001a11f5326c0;
    %delay 10, 0;
    %load/vec4 v000001a11f5292d0_0;
    %parti/s 3, 2, 3;
    %pad/u 5;
    %ix/vec4 4;
    %load/vec4a v000001a11f5a9c50, 4;
    %store/vec4 v000001a11f5a8fd0_0, 0, 32;
    %jmp T_2;
    .thread T_2, $push;
    .scope S_000001a11f4e6ac0;
T_3 ;
    %wait E_000001a11f532fc0;
    %load/vec4 v000001a11f5aa010_0;
    %flag_set/vec4 8;
    %jmp/0xz  T_3.0, 8;
    %pushi/vec4 0, 0, 1;
    %store/vec4 v000001a11f5295f0_0, 0, 1;
T_3.0 ;
    %jmp T_3;
    .thread T_3;
    .scope S_000001a11f4e6ac0;
T_4 ;
    %wait E_000001a11f532f40;
    %load/vec4 v000001a11f5a8a30_0;
    %load/vec4 v000001a11f5aa010_0;
    %and;
    %flag_set/vec4 8;
    %jmp/0xz  T_4.0, 8;
    %load/vec4 v000001a11f5292d0_0;
    %parti/s 2, 0, 2;
    %dup/vec4;
    %pushi/vec4 0, 0, 2;
    %cmp/u;
    %jmp/1 T_4.2, 6;
    %dup/vec4;
    %pushi/vec4 1, 0, 2;
    %cmp/u;
    %jmp/1 T_4.3, 6;
    %dup/vec4;
    %pushi/vec4 2, 0, 2;
    %cmp/u;
    %jmp/1 T_4.4, 6;
    %dup/vec4;
    %pushi/vec4 3, 0, 2;
    %cmp/u;
    %jmp/1 T_4.5, 6;
    %jmp T_4.6;
T_4.2 ;
    %load/vec4 v000001a11f5a8fd0_0;
    %parti/s 8, 0, 2;
    %store/vec4 v000001a11f5a9e30_0, 0, 8;
    %jmp T_4.6;
T_4.3 ;
    %load/vec4 v000001a11f5a8fd0_0;
    %parti/s 8, 8, 5;
    %store/vec4 v000001a11f5a9e30_0, 0, 8;
    %jmp T_4.6;
T_4.4 ;
    %load/vec4 v000001a11f5a8fd0_0;
    %parti/s 8, 16, 6;
    %store/vec4 v000001a11f5a9e30_0, 0, 8;
    %jmp T_4.6;
T_4.5 ;
    %load/vec4 v000001a11f5a8fd0_0;
    %parti/s 8, 24, 6;
    %store/vec4 v000001a11f5a9e30_0, 0, 8;
    %jmp T_4.6;
T_4.6 ;
    %pop/vec4 1;
    %pushi/vec4 0, 0, 1;
    %store/vec4 v000001a11f5a8a30_0, 0, 1;
T_4.0 ;
    %jmp T_4;
    .thread T_4, $push;
    .scope S_000001a11f4e6ac0;
T_5 ;
    %wait E_000001a11f532fc0;
    %load/vec4 v000001a11f5aa010_0;
    %load/vec4 v000001a11f5a8850_0;
    %and;
    %flag_set/vec4 8;
    %jmp/0xz  T_5.0, 8;
    %delay 10, 0;
    %pushi/vec4 1, 0, 1;
    %load/vec4 v000001a11f5292d0_0;
    %parti/s 3, 2, 3;
    %pad/u 5;
    %ix/vec4 4;
    %store/vec4a v000001a11f5a99d0, 4, 0;
    %load/vec4 v000001a11f5292d0_0;
    %parti/s 2, 0, 2;
    %dup/vec4;
    %pushi/vec4 0, 0, 2;
    %cmp/u;
    %jmp/1 T_5.2, 6;
    %dup/vec4;
    %pushi/vec4 1, 0, 2;
    %cmp/u;
    %jmp/1 T_5.3, 6;
    %dup/vec4;
    %pushi/vec4 2, 0, 2;
    %cmp/u;
    %jmp/1 T_5.4, 6;
    %dup/vec4;
    %pushi/vec4 3, 0, 2;
    %cmp/u;
    %jmp/1 T_5.5, 6;
    %jmp T_5.6;
T_5.2 ;
    %load/vec4 v000001a11f5a88f0_0;
    %load/vec4 v000001a11f5292d0_0;
    %parti/s 3, 2, 3;
    %pad/u 5;
    %ix/vec4 4;
    %flag_mov 8, 4;
    %ix/load 5, 0, 0;
    %flag_set/imm 4, 0;
    %flag_or 4, 8;
    %store/vec4a v000001a11f5a9c50, 4, 5;
    %jmp T_5.6;
T_5.3 ;
    %load/vec4 v000001a11f5a88f0_0;
    %load/vec4 v000001a11f5292d0_0;
    %parti/s 3, 2, 3;
    %pad/u 5;
    %ix/vec4 4;
    %flag_mov 8, 4;
    %ix/load 5, 8, 0;
    %flag_set/imm 4, 0;
    %flag_or 4, 8;
    %store/vec4a v000001a11f5a9c50, 4, 5;
    %jmp T_5.6;
T_5.4 ;
    %load/vec4 v000001a11f5a88f0_0;
    %load/vec4 v000001a11f5292d0_0;
    %parti/s 3, 2, 3;
    %pad/u 5;
    %ix/vec4 4;
    %flag_mov 8, 4;
    %ix/load 5, 16, 0;
    %flag_set/imm 4, 0;
    %flag_or 4, 8;
    %store/vec4a v000001a11f5a9c50, 4, 5;
    %jmp T_5.6;
T_5.5 ;
    %load/vec4 v000001a11f5a88f0_0;
    %load/vec4 v000001a11f5292d0_0;
    %parti/s 3, 2, 3;
    %pad/u 5;
    %ix/vec4 4;
    %flag_mov 8, 4;
    %ix/load 5, 24, 0;
    %flag_set/imm 4, 0;
    %flag_or 4, 8;
    %store/vec4a v000001a11f5a9c50, 4, 5;
    %jmp T_5.6;
T_5.6 ;
    %pop/vec4 1;
    %pushi/vec4 0, 0, 1;
    %store/vec4 v000001a11f5a8850_0, 0, 1;
T_5.0 ;
    %jmp T_5;
    .thread T_5;
    .scope S_000001a11f4e6ac0;
T_6 ;
    %wait E_000001a11f532740;
    %load/vec4 v000001a11f5a9070_0;
    %dup/vec4;
    %pushi/vec4 0, 0, 2;
    %cmp/u;
    %jmp/1 T_6.0, 6;
    %dup/vec4;
    %pushi/vec4 1, 0, 2;
    %cmp/u;
    %jmp/1 T_6.1, 6;
    %dup/vec4;
    %pushi/vec4 2, 0, 2;
    %cmp/u;
    %jmp/1 T_6.2, 6;
    %dup/vec4;
    %pushi/vec4 3, 0, 2;
    %cmp/u;
    %jmp/1 T_6.3, 6;
    %jmp T_6.4;
T_6.0 ;
    %load/vec4 v000001a11f5a9890_0;
    %load/vec4 v000001a11f5a92f0_0;
    %or;
    %load/vec4 v000001a11f5a9a70_0;
    %nor/r;
    %and;
    %load/vec4 v000001a11f5aa010_0;
    %nor/r;
    %and;
    %flag_set/vec4 8;
    %jmp/0xz  T_6.5, 8;
    %pushi/vec4 1, 0, 2;
    %store/vec4 v000001a11f5a9610_0, 0, 2;
    %jmp T_6.6;
T_6.5 ;
    %load/vec4 v000001a11f5a9890_0;
    %load/vec4 v000001a11f5a92f0_0;
    %or;
    %load/vec4 v000001a11f5a9a70_0;
    %and;
    %load/vec4 v000001a11f5aa010_0;
    %nor/r;
    %and;
    %flag_set/vec4 8;
    %jmp/0xz  T_6.7, 8;
    %pushi/vec4 2, 0, 2;
    %store/vec4 v000001a11f5a9610_0, 0, 2;
    %jmp T_6.8;
T_6.7 ;
    %pushi/vec4 0, 0, 2;
    %store/vec4 v000001a11f5a9610_0, 0, 2;
T_6.8 ;
T_6.6 ;
    %jmp T_6.4;
T_6.1 ;
    %load/vec4 v000001a11f5297d0_0;
    %flag_set/vec4 8;
    %jmp/0xz  T_6.9, 8;
    %pushi/vec4 1, 0, 2;
    %store/vec4 v000001a11f5a9610_0, 0, 2;
    %jmp T_6.10;
T_6.9 ;
    %pushi/vec4 3, 0, 2;
    %store/vec4 v000001a11f5a9610_0, 0, 2;
T_6.10 ;
    %jmp T_6.4;
T_6.2 ;
    %load/vec4 v000001a11f5297d0_0;
    %flag_set/vec4 8;
    %jmp/0xz  T_6.11, 8;
    %pushi/vec4 2, 0, 2;
    %store/vec4 v000001a11f5a9610_0, 0, 2;
    %jmp T_6.12;
T_6.11 ;
    %pushi/vec4 1, 0, 2;
    %store/vec4 v000001a11f5a9610_0, 0, 2;
T_6.12 ;
    %jmp T_6.4;
T_6.3 ;
    %pushi/vec4 0, 0, 2;
    %store/vec4 v000001a11f5a9610_0, 0, 2;
    %jmp T_6.4;
T_6.4 ;
    %pop/vec4 1;
    %jmp T_6;
    .thread T_6, $push;
    .scope S_000001a11f4e6ac0;
T_7 ;
    %wait E_000001a11f533240;
    %load/vec4 v000001a11f5a9070_0;
    %dup/vec4;
    %pushi/vec4 0, 0, 2;
    %cmp/u;
    %jmp/1 T_7.0, 6;
    %dup/vec4;
    %pushi/vec4 1, 0, 2;
    %cmp/u;
    %jmp/1 T_7.1, 6;
    %dup/vec4;
    %pushi/vec4 2, 0, 2;
    %cmp/u;
    %jmp/1 T_7.2, 6;
    %dup/vec4;
    %pushi/vec4 3, 0, 2;
    %cmp/u;
    %jmp/1 T_7.3, 6;
    %jmp T_7.4;
T_7.0 ;
    %pushi/vec4 0, 0, 1;
    %store/vec4 v000001a11f529870_0, 0, 1;
    %pushi/vec4 0, 0, 1;
    %store/vec4 v000001a11f529cd0_0, 0, 1;
    %pushi/vec4 63, 63, 6;
    %store/vec4 v000001a11f529690_0, 0, 6;
    %pushi/vec4 4294967295, 4294967295, 32;
    %store/vec4 v000001a11f5a9750_0, 0, 32;
    %pushi/vec4 0, 0, 1;
    %store/vec4 v000001a11f5295f0_0, 0, 1;
    %jmp T_7.4;
T_7.1 ;
    %pushi/vec4 1, 0, 1;
    %store/vec4 v000001a11f529870_0, 0, 1;
    %pushi/vec4 0, 0, 1;
    %store/vec4 v000001a11f529cd0_0, 0, 1;
    %load/vec4 v000001a11f5292d0_0;
    %parti/s 6, 2, 3;
    %store/vec4 v000001a11f529690_0, 0, 6;
    %pushi/vec4 4294967295, 4294967295, 32;
    %store/vec4 v000001a11f5a9750_0, 0, 32;
    %jmp T_7.4;
T_7.2 ;
    %pushi/vec4 0, 0, 1;
    %store/vec4 v000001a11f529870_0, 0, 1;
    %pushi/vec4 1, 0, 1;
    %store/vec4 v000001a11f529cd0_0, 0, 1;
    %load/vec4 v000001a11f5a8670_0;
    %load/vec4 v000001a11f5292d0_0;
    %parti/s 3, 2, 3;
    %concat/vec4; draw_concat_vec4
    %store/vec4 v000001a11f529690_0, 0, 6;
    %load/vec4 v000001a11f5a8fd0_0;
    %store/vec4 v000001a11f5a9750_0, 0, 32;
    %jmp T_7.4;
T_7.3 ;
    %pushi/vec4 0, 0, 1;
    %store/vec4 v000001a11f529870_0, 0, 1;
    %pushi/vec4 0, 0, 1;
    %store/vec4 v000001a11f529cd0_0, 0, 1;
    %pushi/vec4 63, 63, 6;
    %store/vec4 v000001a11f529690_0, 0, 6;
    %pushi/vec4 4294967295, 4294967295, 32;
    %store/vec4 v000001a11f5a9750_0, 0, 32;
    %delay 10, 0;
    %load/vec4 v000001a11f529b90_0;
    %load/vec4 v000001a11f5292d0_0;
    %parti/s 3, 2, 3;
    %pad/u 5;
    %ix/vec4 4;
    %store/vec4a v000001a11f5a9c50, 4, 0;
    %load/vec4 v000001a11f5292d0_0;
    %parti/s 3, 5, 4;
    %load/vec4 v000001a11f5292d0_0;
    %parti/s 3, 2, 3;
    %pad/u 5;
    %ix/vec4 4;
    %store/vec4a v000001a11f5a9f70, 4, 0;
    %pushi/vec4 1, 0, 1;
    %load/vec4 v000001a11f5292d0_0;
    %parti/s 3, 2, 3;
    %pad/u 5;
    %ix/vec4 4;
    %store/vec4a v000001a11f5a87b0, 4, 0;
    %pushi/vec4 0, 0, 1;
    %load/vec4 v000001a11f5292d0_0;
    %parti/s 3, 2, 3;
    %pad/u 5;
    %ix/vec4 4;
    %store/vec4a v000001a11f5a99d0, 4, 0;
    %jmp T_7.4;
T_7.4 ;
    %pop/vec4 1;
    %jmp T_7;
    .thread T_7, $push;
    .scope S_000001a11f4e6ac0;
T_8 ;
    %wait E_000001a11f532700;
    %load/vec4 v000001a11f5a8b70_0;
    %flag_set/vec4 8;
    %jmp/0xz  T_8.0, 8;
    %pushi/vec4 0, 0, 2;
    %store/vec4 v000001a11f5a9070_0, 0, 2;
    %jmp T_8.1;
T_8.0 ;
    %load/vec4 v000001a11f5a9610_0;
    %store/vec4 v000001a11f5a9070_0, 0, 2;
T_8.1 ;
    %jmp T_8;
    .thread T_8;
# The file index is used to find the file name in the following table.
:file_names 3;
    "N/A";
    "<interactive>";
    "dcacheFSM_Grp18.v";
