#! /c/Source/iverilog-install/bin/vvp
:ivl_version "12.0 (devel)" "(s20150603-1110-g18392a46)";
:ivl_delay_selection "TYPICAL";
:vpi_time_precision - 10;
:vpi_module "C:\iverilog\lib\ivl\system.vpi";
:vpi_module "C:\iverilog\lib\ivl\vhdl_sys.vpi";
:vpi_module "C:\iverilog\lib\ivl\vhdl_textio.vpi";
:vpi_module "C:\iverilog\lib\ivl\v2005_math.vpi";
:vpi_module "C:\iverilog\lib\ivl\va_math.vpi";
S_000001415e746ac0 .scope module, "icache" "icache" 2 10;
 .timescale -9 -10;
    .port_info 0 /INPUT 32 "PC";
    .port_info 1 /INPUT 1 "CLOCK";
    .port_info 2 /INPUT 1 "RESET";
    .port_info 3 /INPUT 128 "imem_READDATA";
    .port_info 4 /INPUT 1 "imem_BUSYWAIT";
    .port_info 5 /OUTPUT 1 "imem_READ";
    .port_info 6 /OUTPUT 32 "INSTRUCTION";
    .port_info 7 /OUTPUT 6 "imem_ADDRESS";
    .port_info 8 /OUTPUT 1 "iCache_BUSYWAIT";
P_000001415e78fe90 .param/l "CACHE_UPDATE" 0 2 102, C4<10>;
P_000001415e78fec8 .param/l "IDLE" 0 2 102, C4<00>;
P_000001415e78ff00 .param/l "MEM_READ" 0 2 102, C4<01>;
L_000001415e792ed0/d .functor BUFZ 3, L_000001415e7fe8e0, C4<000>, C4<000>, C4<000>;
L_000001415e792ed0 .delay 3 (10,10,10) L_000001415e792ed0/d;
L_000001415e793330/d .functor BUFZ 1, L_000001415e7fe520, C4<0>, C4<0>, C4<0>;
L_000001415e793330 .delay 1 (10,10,10) L_000001415e793330/d;
L_000001415e7933a0 .functor AND 1, L_000001415e7fe7a0, L_000001415e793330, C4<1>, C4<1>;
L_000001415e793410 .functor AND 1, L_000001415e7fd580, L_000001415e7933a0, C4<1>, C4<1>;
L_000001415e792ae0 .functor AND 1, L_000001415e7fd620, L_000001415e7933a0, C4<1>, C4<1>;
L_000001415e792610 .functor AND 1, L_000001415e7fd8a0, L_000001415e7933a0, C4<1>, C4<1>;
o000001415e7ab008 .functor BUFZ 1, C4<z>; HiZ drive
v000001415e7aa4e0_0 .net "CLOCK", 0 0, o000001415e7ab008;  0 drivers
v000001415e7aab20_0 .net "INSTRUCTION", 31 0, L_000001415e7fea20;  1 drivers
o000001415e7ab068 .functor BUFZ 32, C4<zzzzzzzzzzzzzzzzzzzzzzzzzzzzzzzz>; HiZ drive
v000001415e7a9fe0_0 .net "PC", 31 0, o000001415e7ab068;  0 drivers
o000001415e7ab098 .functor BUFZ 1, C4<z>; HiZ drive
v000001415e7a9a40_0 .net "RESET", 0 0, o000001415e7ab098;  0 drivers
v000001415e7aabc0_0 .net *"_ivl_0", 2 0, L_000001415e7fe8e0;  1 drivers
v000001415e7aada0_0 .net *"_ivl_10", 0 0, L_000001415e7fe520;  1 drivers
v000001415e7aa8a0_0 .net *"_ivl_13", 2 0, L_000001415e7fd300;  1 drivers
v000001415e7aa080_0 .net *"_ivl_14", 4 0, L_000001415e7fd440;  1 drivers
L_000001415e7fef50 .functor BUFT 1, C4<00>, C4<0>, C4<0>, C4<0>;
v000001415e7aae40_0 .net *"_ivl_17", 1 0, L_000001415e7fef50;  1 drivers
v000001415e7a9900_0 .net *"_ivl_21", 2 0, L_000001415e7fec00;  1 drivers
v000001415e7a9e00_0 .net *"_ivl_22", 0 0, L_000001415e7fe700;  1 drivers
L_000001415e7fef98 .functor BUFT 1, C4<01>, C4<0>, C4<0>, C4<0>;
v000001415e7a9540_0 .net/2s *"_ivl_24", 1 0, L_000001415e7fef98;  1 drivers
L_000001415e7fefe0 .functor BUFT 1, C4<00>, C4<0>, C4<0>, C4<0>;
v000001415e7a9680_0 .net/2s *"_ivl_26", 1 0, L_000001415e7fefe0;  1 drivers
v000001415e7aa9e0_0 .net *"_ivl_28", 1 0, L_000001415e7feac0;  1 drivers
v000001415e7a92c0_0 .net *"_ivl_3", 2 0, L_000001415e7fd1c0;  1 drivers
v000001415e7aa760_0 .net *"_ivl_35", 1 0, L_000001415e7fe5c0;  1 drivers
L_000001415e7ff028 .functor BUFT 1, C4<01>, C4<0>, C4<0>, C4<0>;
v000001415e7aa580_0 .net/2u *"_ivl_36", 1 0, L_000001415e7ff028;  1 drivers
v000001415e7a9360_0 .net *"_ivl_38", 0 0, L_000001415e7fd580;  1 drivers
v000001415e7a9c20_0 .net *"_ivl_4", 4 0, L_000001415e7fde40;  1 drivers
v000001415e7aaee0_0 .net *"_ivl_41", 0 0, L_000001415e793410;  1 drivers
v000001415e7a9cc0_0 .net *"_ivl_43", 31 0, L_000001415e7fdf80;  1 drivers
v000001415e7aa620_0 .net *"_ivl_45", 1 0, L_000001415e7fd260;  1 drivers
L_000001415e7ff070 .functor BUFT 1, C4<10>, C4<0>, C4<0>, C4<0>;
v000001415e7aa800_0 .net/2u *"_ivl_46", 1 0, L_000001415e7ff070;  1 drivers
v000001415e7a97c0_0 .net *"_ivl_48", 0 0, L_000001415e7fd620;  1 drivers
v000001415e7a99a0_0 .net *"_ivl_51", 0 0, L_000001415e792ae0;  1 drivers
v000001415e7a90e0_0 .net *"_ivl_53", 31 0, L_000001415e7fd9e0;  1 drivers
v000001415e7aad00_0 .net *"_ivl_55", 1 0, L_000001415e7fe980;  1 drivers
L_000001415e7ff0b8 .functor BUFT 1, C4<11>, C4<0>, C4<0>, C4<0>;
v000001415e7aac60_0 .net/2u *"_ivl_56", 1 0, L_000001415e7ff0b8;  1 drivers
v000001415e7aa6c0_0 .net *"_ivl_58", 0 0, L_000001415e7fd8a0;  1 drivers
v000001415e7a9ae0_0 .net *"_ivl_61", 0 0, L_000001415e792610;  1 drivers
v000001415e7a9040_0 .net *"_ivl_63", 31 0, L_000001415e7fdee0;  1 drivers
v000001415e7aa260_0 .net *"_ivl_65", 31 0, L_000001415e7fe020;  1 drivers
v000001415e7a9180_0 .net *"_ivl_66", 31 0, L_000001415e7fed40;  1 drivers
v000001415e7a9220_0 .net *"_ivl_68", 31 0, L_000001415e7fe660;  1 drivers
L_000001415e7fef08 .functor BUFT 1, C4<00>, C4<0>, C4<0>, C4<0>;
v000001415e7a9400_0 .net *"_ivl_7", 1 0, L_000001415e7fef08;  1 drivers
v000001415e7aa300_0 .var "address", 9 0;
v000001415e7aa120 .array "address_tag_array", 0 7, 2 0;
v000001415e7a94a0_0 .net "comparator_result", 0 0, L_000001415e7fe7a0;  1 drivers
v000001415e7a9860_0 .net "current_tag", 2 0, L_000001415e792ed0;  1 drivers
v000001415e7a9ea0_0 .var "data_block", 127 0;
v000001415e7a9b80_0 .net "hit", 0 0, L_000001415e7933a0;  1 drivers
v000001415e7a9f40_0 .var/i "i", 31 0;
v000001415e7a9d60_0 .var "iCache_BUSYWAIT", 0 0;
v000001415e7a95e0 .array "icache_data_array", 0 7, 127 0;
v000001415e7a9720_0 .var "imem_ADDRESS", 5 0;
o000001415e7ab998 .functor BUFZ 1, C4<z>; HiZ drive
v000001415e7aa3a0_0 .net "imem_BUSYWAIT", 0 0, o000001415e7ab998;  0 drivers
v000001415e788fd0_0 .var "imem_READ", 0 0;
o000001415e7ab9f8 .functor BUFZ 128, C4<zzzzzzzzzzzzzzzzzzzzzzzzzzzzzzzzzzzzzzzzzzzzzzzzzzzzzzzzzzzzzzzzzzzzzzzzzzzzzzzzzzzzzzzzzzzzzzzzzzzzzzzzzzzzzzzzzzzzzzzzzzzzzzzz>; HiZ drive
v000001415e788490_0 .net "imem_READDATA", 127 0, o000001415e7ab9f8;  0 drivers
v000001415e7885d0_0 .var "next_state", 1 0;
v000001415e7fdbc0_0 .var "state", 1 0;
v000001415e7fd080_0 .net "valid_bit", 0 0, L_000001415e793330;  1 drivers
v000001415e7fd800 .array "valid_bit_array", 0 7, 0 0;
E_000001415e7a74e0/0 .event anyedge, v000001415e7a9a40_0;
E_000001415e7a74e0/1 .event posedge, v000001415e7aa4e0_0;
E_000001415e7a74e0 .event/or E_000001415e7a74e0/0, E_000001415e7a74e0/1;
E_000001415e7a71e0 .event anyedge, v000001415e7fdbc0_0;
E_000001415e7a7e60 .event anyedge, v000001415e7fdbc0_0, v000001415e7a9b80_0, v000001415e7aa3a0_0;
E_000001415e7a7760/0 .event anyedge, v000001415e7a9b80_0;
E_000001415e7a7760/1 .event posedge, v000001415e7aa4e0_0;
E_000001415e7a7760 .event/or E_000001415e7a7760/0, E_000001415e7a7760/1;
v000001415e7a95e0_0 .array/port v000001415e7a95e0, 0;
v000001415e7a95e0_1 .array/port v000001415e7a95e0, 1;
v000001415e7a95e0_2 .array/port v000001415e7a95e0, 2;
E_000001415e7a7720/0 .event anyedge, v000001415e7aa300_0, v000001415e7a95e0_0, v000001415e7a95e0_1, v000001415e7a95e0_2;
v000001415e7a95e0_3 .array/port v000001415e7a95e0, 3;
v000001415e7a95e0_4 .array/port v000001415e7a95e0, 4;
v000001415e7a95e0_5 .array/port v000001415e7a95e0, 5;
v000001415e7a95e0_6 .array/port v000001415e7a95e0, 6;
E_000001415e7a7720/1 .event anyedge, v000001415e7a95e0_3, v000001415e7a95e0_4, v000001415e7a95e0_5, v000001415e7a95e0_6;
v000001415e7a95e0_7 .array/port v000001415e7a95e0, 7;
E_000001415e7a7720/2 .event anyedge, v000001415e7a95e0_7;
E_000001415e7a7720 .event/or E_000001415e7a7720/0, E_000001415e7a7720/1, E_000001415e7a7720/2;
E_000001415e7a7de0 .event anyedge, v000001415e7a9fe0_0;
L_000001415e7fe8e0 .array/port v000001415e7aa120, L_000001415e7fde40;
L_000001415e7fd1c0 .part v000001415e7aa300_0, 4, 3;
L_000001415e7fde40 .concat [ 3 2 0 0], L_000001415e7fd1c0, L_000001415e7fef08;
L_000001415e7fe520 .array/port v000001415e7fd800, L_000001415e7fd440;
L_000001415e7fd300 .part v000001415e7aa300_0, 4, 3;
L_000001415e7fd440 .concat [ 3 2 0 0], L_000001415e7fd300, L_000001415e7fef50;
L_000001415e7fec00 .part v000001415e7aa300_0, 7, 3;
L_000001415e7fe700 .cmp/eq 3, L_000001415e792ed0, L_000001415e7fec00;
L_000001415e7feac0 .functor MUXZ 2, L_000001415e7fefe0, L_000001415e7fef98, L_000001415e7fe700, C4<>;
L_000001415e7fe7a0 .delay 1 (9,9,9) L_000001415e7fe7a0/d;
L_000001415e7fe7a0/d .part L_000001415e7feac0, 0, 1;
L_000001415e7fe5c0 .part v000001415e7aa300_0, 2, 2;
L_000001415e7fd580 .cmp/eq 2, L_000001415e7fe5c0, L_000001415e7ff028;
L_000001415e7fdf80 .part v000001415e7a9ea0_0, 32, 32;
L_000001415e7fd260 .part v000001415e7aa300_0, 2, 2;
L_000001415e7fd620 .cmp/eq 2, L_000001415e7fd260, L_000001415e7ff070;
L_000001415e7fd9e0 .part v000001415e7a9ea0_0, 64, 32;
L_000001415e7fe980 .part v000001415e7aa300_0, 2, 2;
L_000001415e7fd8a0 .cmp/eq 2, L_000001415e7fe980, L_000001415e7ff0b8;
L_000001415e7fdee0 .part v000001415e7a9ea0_0, 96, 32;
L_000001415e7fe020 .part v000001415e7a9ea0_0, 0, 32;
L_000001415e7fed40 .functor MUXZ 32, L_000001415e7fe020, L_000001415e7fdee0, L_000001415e792610, C4<>;
L_000001415e7fe660 .functor MUXZ 32, L_000001415e7fed40, L_000001415e7fd9e0, L_000001415e792ae0, C4<>;
L_000001415e7fea20 .delay 32 (10,10,10) L_000001415e7fea20/d;
L_000001415e7fea20/d .functor MUXZ 32, L_000001415e7fe660, L_000001415e7fdf80, L_000001415e793410, C4<>;
    .scope S_000001415e746ac0;
T_0 ;
    %vpi_call 2 39 "$dumpfile", "cpu_wavedata_Grp18CPU.vcd" {0 0 0};
    %pushi/vec4 0, 0, 32;
    %store/vec4 v000001415e7a9f40_0, 0, 32;
T_0.0 ;
    %load/vec4 v000001415e7a9f40_0;
    %cmpi/s 8, 0, 32;
    %jmp/0xz T_0.1, 5;
    %vpi_call 2 41 "$dumpvars", 32'sb00000000000000000000000000000001, &A<v000001415e7a95e0, v000001415e7a9f40_0 > {0 0 0};
    ; show_stmt_assign_vector: Get l-value for compressed += operand
    %load/vec4 v000001415e7a9f40_0;
    %pushi/vec4 1, 0, 32;
    %add;
    %store/vec4 v000001415e7a9f40_0, 0, 32;
    %jmp T_0.0;
T_0.1 ;
    %pushi/vec4 0, 0, 32;
    %store/vec4 v000001415e7a9f40_0, 0, 32;
T_0.2 ;
    %load/vec4 v000001415e7a9f40_0;
    %cmpi/s 8, 0, 32;
    %jmp/0xz T_0.3, 5;
    %vpi_call 2 44 "$dumpvars", 32'sb00000000000000000000000000000001, &A<v000001415e7aa120, v000001415e7a9f40_0 > {0 0 0};
    %vpi_call 2 45 "$dumpvars", 32'sb00000000000000000000000000000001, &A<v000001415e7fd800, v000001415e7a9f40_0 > {0 0 0};
    ; show_stmt_assign_vector: Get l-value for compressed += operand
    %load/vec4 v000001415e7a9f40_0;
    %pushi/vec4 1, 0, 32;
    %add;
    %store/vec4 v000001415e7a9f40_0, 0, 32;
    %jmp T_0.2;
T_0.3 ;
    %end;
    .thread T_0;
    .scope S_000001415e746ac0;
T_1 ;
    %wait E_000001415e7a74e0;
    %load/vec4 v000001415e7a9a40_0;
    %flag_set/vec4 8;
    %jmp/0xz  T_1.0, 8;
    %pushi/vec4 0, 0, 32;
    %store/vec4 v000001415e7a9f40_0, 0, 32;
T_1.2 ;
    %load/vec4 v000001415e7a9f40_0;
    %cmpi/s 8, 0, 32;
    %jmp/0xz T_1.3, 5;
    %pushi/vec4 0, 0, 1;
    %ix/getv/s 4, v000001415e7a9f40_0;
    %store/vec4a v000001415e7fd800, 4, 0;
    %pushi/vec4 7, 7, 3;
    %ix/getv/s 4, v000001415e7a9f40_0;
    %store/vec4a v000001415e7aa120, 4, 0;
    %pushi/vec4 4294967295, 4294967295, 32;
    %concati/vec4 4294967295, 4294967295, 32;
    %concati/vec4 4294967295, 4294967295, 32;
    %concati/vec4 4294967295, 4294967295, 32;
    %ix/getv/s 4, v000001415e7a9f40_0;
    %store/vec4a v000001415e7a95e0, 4, 0;
    ; show_stmt_assign_vector: Get l-value for compressed += operand
    %load/vec4 v000001415e7a9f40_0;
    %pushi/vec4 1, 0, 32;
    %add;
    %store/vec4 v000001415e7a9f40_0, 0, 32;
    %jmp T_1.2;
T_1.3 ;
T_1.0 ;
    %jmp T_1;
    .thread T_1;
    .scope S_000001415e746ac0;
T_2 ;
    %wait E_000001415e7a7de0;
    %load/vec4 v000001415e7a9fe0_0;
    %parti/s 10, 0, 2;
    %store/vec4 v000001415e7aa300_0, 0, 10;
    %jmp T_2;
    .thread T_2, $push;
    .scope S_000001415e746ac0;
T_3 ;
    %wait E_000001415e7a7de0;
    %pushi/vec4 1, 0, 1;
    %store/vec4 v000001415e7a9d60_0, 0, 1;
    %jmp T_3;
    .thread T_3, $push;
    .scope S_000001415e746ac0;
T_4 ;
    %wait E_000001415e7a7720;
    %delay 10, 0;
    %load/vec4 v000001415e7aa300_0;
    %parti/s 3, 4, 4;
    %pad/u 5;
    %ix/vec4 4;
    %load/vec4a v000001415e7a95e0, 4;
    %store/vec4 v000001415e7a9ea0_0, 0, 128;
    %jmp T_4;
    .thread T_4, $push;
    .scope S_000001415e746ac0;
T_5 ;
    %wait E_000001415e7a7760;
    %load/vec4 v000001415e7a9b80_0;
    %flag_set/vec4 8;
    %jmp/0xz  T_5.0, 8;
    %pushi/vec4 0, 0, 1;
    %store/vec4 v000001415e7a9d60_0, 0, 1;
T_5.0 ;
    %jmp T_5;
    .thread T_5;
    .scope S_000001415e746ac0;
T_6 ;
    %wait E_000001415e7a7e60;
    %load/vec4 v000001415e7fdbc0_0;
    %dup/vec4;
    %pushi/vec4 0, 0, 2;
    %cmp/u;
    %jmp/1 T_6.0, 6;
    %dup/vec4;
    %pushi/vec4 1, 0, 2;
    %cmp/u;
    %jmp/1 T_6.1, 6;
    %dup/vec4;
    %pushi/vec4 2, 0, 2;
    %cmp/u;
    %jmp/1 T_6.2, 6;
    %jmp T_6.3;
T_6.0 ;
    %load/vec4 v000001415e7a9b80_0;
    %nor/r;
    %flag_set/vec4 8;
    %jmp/0xz  T_6.4, 8;
    %pushi/vec4 1, 0, 2;
    %store/vec4 v000001415e7885d0_0, 0, 2;
    %jmp T_6.5;
T_6.4 ;
    %pushi/vec4 0, 0, 2;
    %store/vec4 v000001415e7885d0_0, 0, 2;
T_6.5 ;
    %jmp T_6.3;
T_6.1 ;
    %load/vec4 v000001415e7aa3a0_0;
    %flag_set/vec4 8;
    %jmp/0xz  T_6.6, 8;
    %pushi/vec4 1, 0, 2;
    %store/vec4 v000001415e7885d0_0, 0, 2;
    %jmp T_6.7;
T_6.6 ;
    %pushi/vec4 2, 0, 2;
    %store/vec4 v000001415e7885d0_0, 0, 2;
T_6.7 ;
    %jmp T_6.3;
T_6.2 ;
    %pushi/vec4 0, 0, 2;
    %store/vec4 v000001415e7885d0_0, 0, 2;
    %jmp T_6.3;
T_6.3 ;
    %pop/vec4 1;
    %jmp T_6;
    .thread T_6, $push;
    .scope S_000001415e746ac0;
T_7 ;
    %wait E_000001415e7a71e0;
    %load/vec4 v000001415e7fdbc0_0;
    %dup/vec4;
    %pushi/vec4 0, 0, 2;
    %cmp/u;
    %jmp/1 T_7.0, 6;
    %dup/vec4;
    %pushi/vec4 1, 0, 2;
    %cmp/u;
    %jmp/1 T_7.1, 6;
    %dup/vec4;
    %pushi/vec4 2, 0, 2;
    %cmp/u;
    %jmp/1 T_7.2, 6;
    %jmp T_7.3;
T_7.0 ;
    %pushi/vec4 0, 0, 1;
    %store/vec4 v000001415e788fd0_0, 0, 1;
    %pushi/vec4 63, 63, 6;
    %store/vec4 v000001415e7a9720_0, 0, 6;
    %pushi/vec4 0, 0, 1;
    %store/vec4 v000001415e7a9d60_0, 0, 1;
    %jmp T_7.3;
T_7.1 ;
    %pushi/vec4 1, 0, 1;
    %store/vec4 v000001415e788fd0_0, 0, 1;
    %load/vec4 v000001415e7aa300_0;
    %parti/s 6, 4, 4;
    %store/vec4 v000001415e7a9720_0, 0, 6;
    %jmp T_7.3;
T_7.2 ;
    %pushi/vec4 0, 0, 1;
    %store/vec4 v000001415e788fd0_0, 0, 1;
    %pushi/vec4 63, 63, 6;
    %store/vec4 v000001415e7a9720_0, 0, 6;
    %delay 10, 0;
    %load/vec4 v000001415e788490_0;
    %load/vec4 v000001415e7aa300_0;
    %parti/s 3, 4, 4;
    %pad/u 5;
    %ix/vec4 4;
    %store/vec4a v000001415e7a95e0, 4, 0;
    %load/vec4 v000001415e7aa300_0;
    %parti/s 3, 7, 4;
    %load/vec4 v000001415e7aa300_0;
    %parti/s 3, 4, 4;
    %pad/u 5;
    %ix/vec4 4;
    %store/vec4a v000001415e7aa120, 4, 0;
    %pushi/vec4 1, 0, 1;
    %load/vec4 v000001415e7aa300_0;
    %parti/s 3, 4, 4;
    %pad/u 5;
    %ix/vec4 4;
    %store/vec4a v000001415e7fd800, 4, 0;
    %jmp T_7.3;
T_7.3 ;
    %pop/vec4 1;
    %jmp T_7;
    .thread T_7, $push;
    .scope S_000001415e746ac0;
T_8 ;
    %wait E_000001415e7a74e0;
    %load/vec4 v000001415e7a9a40_0;
    %flag_set/vec4 8;
    %jmp/0xz  T_8.0, 8;
    %pushi/vec4 0, 0, 2;
    %store/vec4 v000001415e7fdbc0_0, 0, 2;
    %jmp T_8.1;
T_8.0 ;
    %load/vec4 v000001415e7885d0_0;
    %store/vec4 v000001415e7fdbc0_0, 0, 2;
T_8.1 ;
    %jmp T_8;
    .thread T_8;
# The file index is used to find the file name in the following table.
:file_names 3;
    "N/A";
    "<interactive>";
    "icacheFSM_Grp18.v";
