#! /c/Source/iverilog-install/bin/vvp
:ivl_version "12.0 (devel)" "(s20150603-1110-g18392a46)";
:ivl_delay_selection "TYPICAL";
:vpi_time_precision + 0;
:vpi_module "C:\iverilog\lib\ivl\system.vpi";
:vpi_module "C:\iverilog\lib\ivl\vhdl_sys.vpi";
:vpi_module "C:\iverilog\lib\ivl\vhdl_textio.vpi";
:vpi_module "C:\iverilog\lib\ivl\v2005_math.vpi";
:vpi_module "C:\iverilog\lib\ivl\va_math.vpi";
S_0000020617526b50 .scope module, "instruction_memory" "instruction_memory" 2 12;
 .timescale 0 0;
    .port_info 0 /INPUT 1 "clock";
    .port_info 1 /INPUT 1 "read";
    .port_info 2 /INPUT 6 "address";
    .port_info 3 /OUTPUT 128 "readinst";
    .port_info 4 /OUTPUT 1 "busywait";
v0000020617526ce0_0 .var *"_ivl_10", 7 0; Local signal
v0000020617526d80_0 .var *"_ivl_11", 7 0; Local signal
v0000020617526e20_0 .var *"_ivl_12", 7 0; Local signal
v0000020617526ec0_0 .var *"_ivl_13", 7 0; Local signal
v0000020617526f60_0 .var *"_ivl_14", 7 0; Local signal
v00000206177edc40_0 .var *"_ivl_15", 7 0; Local signal
v00000206177edce0_0 .var *"_ivl_16", 7 0; Local signal
v00000206177edd80_0 .var *"_ivl_17", 7 0; Local signal
v00000206177ede20_0 .var *"_ivl_2", 7 0; Local signal
v00000206177edec0_0 .var *"_ivl_3", 7 0; Local signal
v0000020617791a60_0 .var *"_ivl_4", 7 0; Local signal
v0000020617791b00_0 .var *"_ivl_5", 7 0; Local signal
v0000020617791ba0_0 .var *"_ivl_6", 7 0; Local signal
v0000020617791c40_0 .var *"_ivl_7", 7 0; Local signal
v00000206177ed480_0 .var *"_ivl_8", 7 0; Local signal
v00000206177ed5c0_0 .var *"_ivl_9", 7 0; Local signal
o00000206177a02a8 .functor BUFZ 6, C4<zzzzzz>; HiZ drive
v00000206177ed520_0 .net "address", 5 0, o00000206177a02a8;  0 drivers
v00000206177ed700_0 .var "busywait", 0 0;
o00000206177a0308 .functor BUFZ 1, C4<z>; HiZ drive
v00000206177ed660_0 .net "clock", 0 0, o00000206177a0308;  0 drivers
v00000206177eda20 .array "memory_array", 0 1023, 7 0;
o00000206177a0338 .functor BUFZ 1, C4<z>; HiZ drive
v00000206177ed8e0_0 .net "read", 0 0, o00000206177a0338;  0 drivers
v00000206177edb60_0 .var "readaccess", 0 0;
v00000206177ed7a0_0 .var "readinst", 127 0;
E_0000020617785ae0 .event posedge, v00000206177ed660_0;
E_0000020617786160 .event anyedge, v00000206177ed8e0_0;
    .scope S_0000020617526b50;
T_0 ;
    %pushi/vec4 0, 0, 1;
    %store/vec4 v00000206177ed700_0, 0, 1;
    %pushi/vec4 0, 0, 1;
    %store/vec4 v00000206177edb60_0, 0, 1;
    %pushi/vec4 262169, 0, 32;
    %split/vec4 8;
    %ix/load 4, 0, 0;
    %flag_set/imm 4, 0;
    %store/vec4a v00000206177eda20, 4, 0;
    %split/vec4 8;
    %ix/load 4, 1, 0;
    %flag_set/imm 4, 0;
    %store/vec4a v00000206177eda20, 4, 0;
    %split/vec4 8;
    %ix/load 4, 2, 0;
    %flag_set/imm 4, 0;
    %store/vec4a v00000206177eda20, 4, 0;
    %ix/load 4, 3, 0;
    %flag_set/imm 4, 0;
    %store/vec4a v00000206177eda20, 4, 0;
    %pushi/vec4 327715, 0, 32;
    %split/vec4 8;
    %ix/load 4, 4, 0;
    %flag_set/imm 4, 0;
    %store/vec4a v00000206177eda20, 4, 0;
    %split/vec4 8;
    %ix/load 4, 5, 0;
    %flag_set/imm 4, 0;
    %store/vec4a v00000206177eda20, 4, 0;
    %split/vec4 8;
    %ix/load 4, 6, 0;
    %flag_set/imm 4, 0;
    %store/vec4a v00000206177eda20, 4, 0;
    %ix/load 4, 7, 0;
    %flag_set/imm 4, 0;
    %store/vec4a v00000206177eda20, 4, 0;
    %pushi/vec4 33948677, 0, 32;
    %split/vec4 8;
    %ix/load 4, 8, 0;
    %flag_set/imm 4, 0;
    %store/vec4a v00000206177eda20, 4, 0;
    %split/vec4 8;
    %ix/load 4, 9, 0;
    %flag_set/imm 4, 0;
    %store/vec4a v00000206177eda20, 4, 0;
    %split/vec4 8;
    %ix/load 4, 10, 0;
    %flag_set/imm 4, 0;
    %store/vec4a v00000206177eda20, 4, 0;
    %ix/load 4, 11, 0;
    %flag_set/imm 4, 0;
    %store/vec4a v00000206177eda20, 4, 0;
    %pushi/vec4 65626, 0, 32;
    %split/vec4 8;
    %ix/load 4, 12, 0;
    %flag_set/imm 4, 0;
    %store/vec4a v00000206177eda20, 4, 0;
    %split/vec4 8;
    %ix/load 4, 13, 0;
    %flag_set/imm 4, 0;
    %store/vec4a v00000206177eda20, 4, 0;
    %split/vec4 8;
    %ix/load 4, 14, 0;
    %flag_set/imm 4, 0;
    %store/vec4a v00000206177eda20, 4, 0;
    %ix/load 4, 15, 0;
    %flag_set/imm 4, 0;
    %store/vec4a v00000206177eda20, 4, 0;
    %pushi/vec4 50397444, 0, 32;
    %split/vec4 8;
    %ix/load 4, 16, 0;
    %flag_set/imm 4, 0;
    %store/vec4a v00000206177eda20, 4, 0;
    %split/vec4 8;
    %ix/load 4, 17, 0;
    %flag_set/imm 4, 0;
    %store/vec4a v00000206177eda20, 4, 0;
    %split/vec4 8;
    %ix/load 4, 18, 0;
    %flag_set/imm 4, 0;
    %store/vec4a v00000206177eda20, 4, 0;
    %ix/load 4, 19, 0;
    %flag_set/imm 4, 0;
    %store/vec4a v00000206177eda20, 4, 0;
    %end;
    .thread T_0;
    .scope S_0000020617526b50;
T_1 ;
    %wait E_0000020617786160;
    %load/vec4 v00000206177ed8e0_0;
    %flag_set/vec4 8;
    %jmp/0 T_1.0, 8;
    %pushi/vec4 1, 0, 2;
    %jmp/1 T_1.1, 8;
T_1.0 ; End of true expr.
    %pushi/vec4 0, 0, 2;
    %jmp/0 T_1.1, 8;
 ; End of false expr.
    %blend;
T_1.1;
    %pad/s 1;
    %store/vec4 v00000206177ed700_0, 0, 1;
    %load/vec4 v00000206177ed8e0_0;
    %flag_set/vec4 8;
    %jmp/0 T_1.2, 8;
    %pushi/vec4 1, 0, 2;
    %jmp/1 T_1.3, 8;
T_1.2 ; End of true expr.
    %pushi/vec4 0, 0, 2;
    %jmp/0 T_1.3, 8;
 ; End of false expr.
    %blend;
T_1.3;
    %pad/s 1;
    %store/vec4 v00000206177edb60_0, 0, 1;
    %jmp T_1;
    .thread T_1, $push;
    .scope S_0000020617526b50;
T_2 ;
    %wait E_0000020617785ae0;
    %load/vec4 v00000206177edb60_0;
    %flag_set/vec4 8;
    %jmp/0xz  T_2.0, 8;
    %load/vec4 v00000206177ed520_0;
    %concati/vec4 0, 0, 4;
    %pad/u 12;
    %ix/vec4 4;
    %load/vec4a v00000206177eda20, 4;
    %store/vec4 v00000206177ede20_0, 0, 8;
    %pushi/vec4 40, 0, 64;
    %ix/vec4 4;
    %delayx 4;
    %load/vec4 v00000206177ede20_0;
    %ix/load 4, 0, 0;
    %flag_set/imm 4, 0;
    %store/vec4 v00000206177ed7a0_0, 4, 8;
    %load/vec4 v00000206177ed520_0;
    %concati/vec4 1, 0, 4;
    %pad/u 12;
    %ix/vec4 4;
    %load/vec4a v00000206177eda20, 4;
    %store/vec4 v00000206177edec0_0, 0, 8;
    %pushi/vec4 40, 0, 64;
    %ix/vec4 4;
    %delayx 4;
    %load/vec4 v00000206177edec0_0;
    %ix/load 4, 8, 0;
    %flag_set/imm 4, 0;
    %store/vec4 v00000206177ed7a0_0, 4, 8;
    %load/vec4 v00000206177ed520_0;
    %concati/vec4 2, 0, 4;
    %pad/u 12;
    %ix/vec4 4;
    %load/vec4a v00000206177eda20, 4;
    %store/vec4 v0000020617791a60_0, 0, 8;
    %pushi/vec4 40, 0, 64;
    %ix/vec4 4;
    %delayx 4;
    %load/vec4 v0000020617791a60_0;
    %ix/load 4, 16, 0;
    %flag_set/imm 4, 0;
    %store/vec4 v00000206177ed7a0_0, 4, 8;
    %load/vec4 v00000206177ed520_0;
    %concati/vec4 3, 0, 4;
    %pad/u 12;
    %ix/vec4 4;
    %load/vec4a v00000206177eda20, 4;
    %store/vec4 v0000020617791b00_0, 0, 8;
    %pushi/vec4 40, 0, 64;
    %ix/vec4 4;
    %delayx 4;
    %load/vec4 v0000020617791b00_0;
    %ix/load 4, 24, 0;
    %flag_set/imm 4, 0;
    %store/vec4 v00000206177ed7a0_0, 4, 8;
    %load/vec4 v00000206177ed520_0;
    %concati/vec4 4, 0, 4;
    %pad/u 12;
    %ix/vec4 4;
    %load/vec4a v00000206177eda20, 4;
    %store/vec4 v0000020617791ba0_0, 0, 8;
    %pushi/vec4 40, 0, 64;
    %ix/vec4 4;
    %delayx 4;
    %load/vec4 v0000020617791ba0_0;
    %ix/load 4, 32, 0;
    %flag_set/imm 4, 0;
    %store/vec4 v00000206177ed7a0_0, 4, 8;
    %load/vec4 v00000206177ed520_0;
    %concati/vec4 5, 0, 4;
    %pad/u 12;
    %ix/vec4 4;
    %load/vec4a v00000206177eda20, 4;
    %store/vec4 v0000020617791c40_0, 0, 8;
    %pushi/vec4 40, 0, 64;
    %ix/vec4 4;
    %delayx 4;
    %load/vec4 v0000020617791c40_0;
    %ix/load 4, 40, 0;
    %flag_set/imm 4, 0;
    %store/vec4 v00000206177ed7a0_0, 4, 8;
    %load/vec4 v00000206177ed520_0;
    %concati/vec4 6, 0, 4;
    %pad/u 12;
    %ix/vec4 4;
    %load/vec4a v00000206177eda20, 4;
    %store/vec4 v00000206177ed480_0, 0, 8;
    %pushi/vec4 40, 0, 64;
    %ix/vec4 4;
    %delayx 4;
    %load/vec4 v00000206177ed480_0;
    %ix/load 4, 48, 0;
    %flag_set/imm 4, 0;
    %store/vec4 v00000206177ed7a0_0, 4, 8;
    %load/vec4 v00000206177ed520_0;
    %concati/vec4 7, 0, 4;
    %pad/u 12;
    %ix/vec4 4;
    %load/vec4a v00000206177eda20, 4;
    %store/vec4 v00000206177ed5c0_0, 0, 8;
    %pushi/vec4 40, 0, 64;
    %ix/vec4 4;
    %delayx 4;
    %load/vec4 v00000206177ed5c0_0;
    %ix/load 4, 56, 0;
    %flag_set/imm 4, 0;
    %store/vec4 v00000206177ed7a0_0, 4, 8;
    %load/vec4 v00000206177ed520_0;
    %concati/vec4 8, 0, 4;
    %pad/u 12;
    %ix/vec4 4;
    %load/vec4a v00000206177eda20, 4;
    %store/vec4 v0000020617526ce0_0, 0, 8;
    %pushi/vec4 40, 0, 64;
    %ix/vec4 4;
    %delayx 4;
    %load/vec4 v0000020617526ce0_0;
    %ix/load 4, 64, 0;
    %flag_set/imm 4, 0;
    %store/vec4 v00000206177ed7a0_0, 4, 8;
    %load/vec4 v00000206177ed520_0;
    %concati/vec4 9, 0, 4;
    %pad/u 12;
    %ix/vec4 4;
    %load/vec4a v00000206177eda20, 4;
    %store/vec4 v0000020617526d80_0, 0, 8;
    %pushi/vec4 40, 0, 64;
    %ix/vec4 4;
    %delayx 4;
    %load/vec4 v0000020617526d80_0;
    %ix/load 4, 72, 0;
    %flag_set/imm 4, 0;
    %store/vec4 v00000206177ed7a0_0, 4, 8;
    %load/vec4 v00000206177ed520_0;
    %concati/vec4 10, 0, 4;
    %pad/u 12;
    %ix/vec4 4;
    %load/vec4a v00000206177eda20, 4;
    %store/vec4 v0000020617526e20_0, 0, 8;
    %pushi/vec4 40, 0, 64;
    %ix/vec4 4;
    %delayx 4;
    %load/vec4 v0000020617526e20_0;
    %ix/load 4, 80, 0;
    %flag_set/imm 4, 0;
    %store/vec4 v00000206177ed7a0_0, 4, 8;
    %load/vec4 v00000206177ed520_0;
    %concati/vec4 11, 0, 4;
    %pad/u 12;
    %ix/vec4 4;
    %load/vec4a v00000206177eda20, 4;
    %store/vec4 v0000020617526ec0_0, 0, 8;
    %pushi/vec4 40, 0, 64;
    %ix/vec4 4;
    %delayx 4;
    %load/vec4 v0000020617526ec0_0;
    %ix/load 4, 88, 0;
    %flag_set/imm 4, 0;
    %store/vec4 v00000206177ed7a0_0, 4, 8;
    %load/vec4 v00000206177ed520_0;
    %concati/vec4 12, 0, 4;
    %pad/u 12;
    %ix/vec4 4;
    %load/vec4a v00000206177eda20, 4;
    %store/vec4 v0000020617526f60_0, 0, 8;
    %pushi/vec4 40, 0, 64;
    %ix/vec4 4;
    %delayx 4;
    %load/vec4 v0000020617526f60_0;
    %ix/load 4, 96, 0;
    %flag_set/imm 4, 0;
    %store/vec4 v00000206177ed7a0_0, 4, 8;
    %load/vec4 v00000206177ed520_0;
    %concati/vec4 13, 0, 4;
    %pad/u 12;
    %ix/vec4 4;
    %load/vec4a v00000206177eda20, 4;
    %store/vec4 v00000206177edc40_0, 0, 8;
    %pushi/vec4 40, 0, 64;
    %ix/vec4 4;
    %delayx 4;
    %load/vec4 v00000206177edc40_0;
    %ix/load 4, 104, 0;
    %flag_set/imm 4, 0;
    %store/vec4 v00000206177ed7a0_0, 4, 8;
    %load/vec4 v00000206177ed520_0;
    %concati/vec4 14, 0, 4;
    %pad/u 12;
    %ix/vec4 4;
    %load/vec4a v00000206177eda20, 4;
    %store/vec4 v00000206177edce0_0, 0, 8;
    %pushi/vec4 40, 0, 64;
    %ix/vec4 4;
    %delayx 4;
    %load/vec4 v00000206177edce0_0;
    %ix/load 4, 112, 0;
    %flag_set/imm 4, 0;
    %store/vec4 v00000206177ed7a0_0, 4, 8;
    %load/vec4 v00000206177ed520_0;
    %concati/vec4 15, 0, 4;
    %pad/u 12;
    %ix/vec4 4;
    %load/vec4a v00000206177eda20, 4;
    %store/vec4 v00000206177edd80_0, 0, 8;
    %pushi/vec4 40, 0, 64;
    %ix/vec4 4;
    %delayx 4;
    %load/vec4 v00000206177edd80_0;
    %ix/load 4, 120, 0;
    %flag_set/imm 4, 0;
    %store/vec4 v00000206177ed7a0_0, 4, 8;
    %pushi/vec4 0, 0, 1;
    %store/vec4 v00000206177ed700_0, 0, 1;
    %pushi/vec4 0, 0, 1;
    %store/vec4 v00000206177edb60_0, 0, 1;
T_2.0 ;
    %jmp T_2;
    .thread T_2;
# The file index is used to find the file name in the following table.
:file_names 3;
    "N/A";
    "<interactive>";
    "InstrMemory_LAB06_Part3.v";
