#! /c/Source/iverilog-install/bin/vvp
:ivl_version "12.0 (devel)" "(s20150603-1110-g18392a46)";
:ivl_delay_selection "TYPICAL";
:vpi_time_precision + 0;
:vpi_module "C:\iverilog\lib\ivl\system.vpi";
:vpi_module "C:\iverilog\lib\ivl\vhdl_sys.vpi";
:vpi_module "C:\iverilog\lib\ivl\vhdl_textio.vpi";
:vpi_module "C:\iverilog\lib\ivl\v2005_math.vpi";
:vpi_module "C:\iverilog\lib\ivl\va_math.vpi";
S_0000016d64aeae20 .scope module, "testbench" "testbench" 2 2;
 .timescale 0 0;
v0000016d64b4d9d0_0 .var "data1", 7 0;
v0000016d64b4dcf0_0 .var "data2", 7 0;
v0000016d64b4da70_0 .net "r", 7 0, v0000016d64b4d2f0_0;  1 drivers
v0000016d64b4d6b0_0 .var "sel", 2 0;
S_0000016d64c6e960 .scope module, "alu1" "alu" 2 10, 2 49 0, S_0000016d64aeae20;
 .timescale 0 0;
    .port_info 0 /INPUT 8 "DATA1";
    .port_info 1 /INPUT 8 "DATA2";
    .port_info 2 /OUTPUT 8 "RESULT";
    .port_info 3 /INPUT 3 "SELECT";
v0000016d64b4d750_0 .net "DATA1", 7 0, v0000016d64b4d9d0_0;  1 drivers
v0000016d64b4d250_0 .net "DATA2", 7 0, v0000016d64b4dcf0_0;  1 drivers
v0000016d64b4d2f0_0 .var "RESULT", 7 0;
v0000016d64b4dbb0_0 .net "SELECT", 2 0, v0000016d64b4d6b0_0;  1 drivers
v0000016d64b4de30_0 .net "addResult", 7 0, L_0000016d64b4dc50;  1 drivers
v0000016d64b4df70_0 .net "andResult", 7 0, L_0000016d64ae92f0;  1 drivers
v0000016d64b4d1b0_0 .net "fwdResult", 7 0, L_0000016d64afaa30;  1 drivers
v0000016d64b4d7f0_0 .net "orResult", 7 0, L_0000016d64c67140;  1 drivers
E_0000016d64ae45e0 .event anyedge, v0000016d64b4d110_0, v0000016d64afa5d0_0, v0000016d64ae8fe0_0, v0000016d64b4d390_0;
S_0000016d64c6eaf0 .scope module, "add1" "ADD" 2 59, 2 90 0, S_0000016d64c6e960;
 .timescale 0 0;
    .port_info 0 /INPUT 8 "DATA1";
    .port_info 1 /INPUT 8 "DATA2";
    .port_info 2 /OUTPUT 8 "RESULT";
v0000016d64c66fa0_0 .net "DATA1", 7 0, v0000016d64b4d9d0_0;  alias, 1 drivers
v0000016d64afefa0_0 .net "DATA2", 7 0, v0000016d64b4dcf0_0;  alias, 1 drivers
v0000016d64ae8fe0_0 .net "RESULT", 7 0, L_0000016d64b4dc50;  alias, 1 drivers
L_0000016d64b4dc50 .delay 8 (2,2,2) L_0000016d64b4dc50/d;
L_0000016d64b4dc50/d .arith/sum 8, v0000016d64b4d9d0_0, v0000016d64b4dcf0_0;
S_0000016d64c6ec80 .scope module, "and1" "AND" 2 60, 2 102 0, S_0000016d64c6e960;
 .timescale 0 0;
    .port_info 0 /INPUT 8 "DATA1";
    .port_info 1 /INPUT 8 "DATA2";
    .port_info 2 /OUTPUT 8 "RESULT";
L_0000016d64ae92f0/d .functor AND 8, v0000016d64b4d9d0_0, v0000016d64b4dcf0_0, C4<11111111>, C4<11111111>;
L_0000016d64ae92f0 .delay 8 (1,1,1) L_0000016d64ae92f0/d;
v0000016d64aeafb0_0 .net "DATA1", 7 0, v0000016d64b4d9d0_0;  alias, 1 drivers
v0000016d64aeb050_0 .net "DATA2", 7 0, v0000016d64b4dcf0_0;  alias, 1 drivers
v0000016d64afa5d0_0 .net "RESULT", 7 0, L_0000016d64ae92f0;  alias, 1 drivers
S_0000016d64afa670 .scope module, "fwd1" "FWD" 2 58, 2 78 0, S_0000016d64c6e960;
 .timescale 0 0;
    .port_info 0 /INPUT 8 "DATA2";
    .port_info 1 /OUTPUT 8 "RESULT";
L_0000016d64afaa30/d .functor BUFZ 8, v0000016d64b4dcf0_0, C4<00000000>, C4<00000000>, C4<00000000>;
L_0000016d64afaa30 .delay 8 (1,1,1) L_0000016d64afaa30/d;
v0000016d64afa800_0 .net "DATA2", 7 0, v0000016d64b4dcf0_0;  alias, 1 drivers
v0000016d64b4d390_0 .net "RESULT", 7 0, L_0000016d64afaa30;  alias, 1 drivers
S_0000016d64afa8a0 .scope module, "or1" "OR" 2 61, 2 114 0, S_0000016d64c6e960;
 .timescale 0 0;
    .port_info 0 /INPUT 8 "DATA1";
    .port_info 1 /INPUT 8 "DATA2";
    .port_info 2 /OUTPUT 8 "RESULT";
L_0000016d64c67140/d .functor OR 8, v0000016d64b4d9d0_0, v0000016d64b4dcf0_0, C4<00000000>, C4<00000000>;
L_0000016d64c67140 .delay 8 (1,1,1) L_0000016d64c67140/d;
v0000016d64b4d930_0 .net "DATA1", 7 0, v0000016d64b4d9d0_0;  alias, 1 drivers
v0000016d64b4dd90_0 .net "DATA2", 7 0, v0000016d64b4dcf0_0;  alias, 1 drivers
v0000016d64b4d110_0 .net "RESULT", 7 0, L_0000016d64c67140;  alias, 1 drivers
    .scope S_0000016d64c6e960;
T_0 ;
    %wait E_0000016d64ae45e0;
    %load/vec4 v0000016d64b4dbb0_0;
    %dup/vec4;
    %pushi/vec4 0, 0, 3;
    %cmp/u;
    %jmp/1 T_0.0, 6;
    %dup/vec4;
    %pushi/vec4 1, 0, 3;
    %cmp/u;
    %jmp/1 T_0.1, 6;
    %dup/vec4;
    %pushi/vec4 2, 0, 3;
    %cmp/u;
    %jmp/1 T_0.2, 6;
    %dup/vec4;
    %pushi/vec4 3, 0, 3;
    %cmp/u;
    %jmp/1 T_0.3, 6;
    %pushi/vec4 0, 0, 8;
    %store/vec4 v0000016d64b4d2f0_0, 0, 8;
    %jmp T_0.5;
T_0.0 ;
    %load/vec4 v0000016d64b4d1b0_0;
    %store/vec4 v0000016d64b4d2f0_0, 0, 8;
    %jmp T_0.5;
T_0.1 ;
    %load/vec4 v0000016d64b4de30_0;
    %store/vec4 v0000016d64b4d2f0_0, 0, 8;
    %jmp T_0.5;
T_0.2 ;
    %load/vec4 v0000016d64b4df70_0;
    %store/vec4 v0000016d64b4d2f0_0, 0, 8;
    %jmp T_0.5;
T_0.3 ;
    %load/vec4 v0000016d64b4d7f0_0;
    %store/vec4 v0000016d64b4d2f0_0, 0, 8;
    %jmp T_0.5;
T_0.5 ;
    %pop/vec4 1;
    %jmp T_0;
    .thread T_0, $push;
    .scope S_0000016d64aeae20;
T_1 ;
    %vpi_call 2 16 "$monitor", "data1 = %b, data2 = %b     result=%b", v0000016d64b4d9d0_0, v0000016d64b4dcf0_0, v0000016d64b4da70_0 {0 0 0};
    %vpi_call 2 17 "$dumpfile", "wavedata_grp18_aluOutput.vcd" {0 0 0};
    %vpi_call 2 18 "$dumpvars", 32'sb00000000000000000000000000000000, S_0000016d64aeae20 {0 0 0};
    %vpi_call 2 20 "$display", "Forward Operation : " {0 0 0};
    %pushi/vec4 1, 0, 8;
    %store/vec4 v0000016d64b4d9d0_0, 0, 8;
    %pushi/vec4 11, 0, 8;
    %store/vec4 v0000016d64b4dcf0_0, 0, 8;
    %pushi/vec4 0, 0, 3;
    %store/vec4 v0000016d64b4d6b0_0, 0, 3;
    %delay 5, 0;
    %vpi_call 2 26 "$display", "ADD Operation : " {0 0 0};
    %pushi/vec4 1, 0, 8;
    %store/vec4 v0000016d64b4d9d0_0, 0, 8;
    %pushi/vec4 14, 0, 8;
    %store/vec4 v0000016d64b4dcf0_0, 0, 8;
    %pushi/vec4 1, 0, 3;
    %store/vec4 v0000016d64b4d6b0_0, 0, 3;
    %delay 5, 0;
    %vpi_call 2 32 "$display", "Bitwise AND Operation : " {0 0 0};
    %pushi/vec4 1, 0, 8;
    %store/vec4 v0000016d64b4d9d0_0, 0, 8;
    %pushi/vec4 2, 0, 8;
    %store/vec4 v0000016d64b4dcf0_0, 0, 8;
    %pushi/vec4 2, 0, 3;
    %store/vec4 v0000016d64b4d6b0_0, 0, 3;
    %delay 5, 0;
    %vpi_call 2 38 "$display", "Bitwise OR Operation : " {0 0 0};
    %pushi/vec4 9, 0, 8;
    %store/vec4 v0000016d64b4d9d0_0, 0, 8;
    %pushi/vec4 15, 0, 8;
    %store/vec4 v0000016d64b4dcf0_0, 0, 8;
    %pushi/vec4 3, 0, 3;
    %store/vec4 v0000016d64b4d6b0_0, 0, 3;
    %end;
    .thread T_1;
# The file index is used to find the file name in the following table.
:file_names 3;
    "N/A";
    "<interactive>";
    "alu.v";
