#! /c/Source/iverilog-install/bin/vvp
:ivl_version "12.0 (devel)" "(s20150603-1110-g18392a46)";
:ivl_delay_selection "TYPICAL";
:vpi_time_precision - 10;
:vpi_module "C:\iverilog\lib\ivl\system.vpi";
:vpi_module "C:\iverilog\lib\ivl\vhdl_sys.vpi";
:vpi_module "C:\iverilog\lib\ivl\vhdl_textio.vpi";
:vpi_module "C:\iverilog\lib\ivl\v2005_math.vpi";
:vpi_module "C:\iverilog\lib\ivl\va_math.vpi";
S_00000289b493e4c0 .scope module, "cpu_tb" "cpu_tb" 2 5;
 .timescale -9 -10;
v00000289b4a4eb90_0 .var "CLK", 0 0;
v00000289b4a4e0f0_0 .var "INSTRUCTION", 31 0;
v00000289b4a4d6f0_0 .net "PC", 31 0, v00000289b4a46390_0;  1 drivers
v00000289b4a4e230_0 .var "RESET", 0 0;
v00000289b4a4e690_0 .net "aluResult", 7 0, v00000289b4a44240_0;  1 drivers
v00000289b4a4e410_0 .net "busyWait", 0 0, v00000289b4a4b6e0_0;  1 drivers
v00000289b4a4e370 .array "instr_mem", 0 1023, 7 0;
v00000289b4a4e4b0_0 .net "mem_Address", 5 0, v00000289b4a4cae0_0;  1 drivers
v00000289b4a4e550_0 .net "mem_Read", 0 0, v00000289b4a4c720_0;  1 drivers
v00000289b4a4d8d0_0 .net "mem_Write", 0 0, v00000289b4a4c860_0;  1 drivers
v00000289b4a4e5f0_0 .net "mem_Writedata", 31 0, v00000289b4a4b280_0;  1 drivers
v00000289b4a4ecd0_0 .net "mem_busywait", 0 0, v00000289b4949c80_0;  1 drivers
v00000289b4a4d150_0 .net "mem_readdata", 31 0, v00000289b494a7c0_0;  1 drivers
v00000289b4a4d650_0 .net "read", 0 0, v00000289b4a45dc0_0;  1 drivers
v00000289b4a4d790_0 .net "readData", 7 0, v00000289b4a4bd20_0;  1 drivers
v00000289b4a4eeb0_0 .net "regOut1", 7 0, L_00000289b4947e40;  1 drivers
v00000289b4a4d1f0_0 .net "write", 0 0, v00000289b4a449c0_0;  1 drivers
S_00000289b493e820 .scope module, "my_data_memory" "data_memory" 2 57, 3 12 0, S_00000289b493e4c0;
 .timescale -9 -10;
    .port_info 0 /INPUT 1 "clock";
    .port_info 1 /INPUT 1 "reset";
    .port_info 2 /INPUT 1 "read";
    .port_info 3 /INPUT 1 "write";
    .port_info 4 /INPUT 6 "address";
    .port_info 5 /INPUT 32 "writedata";
    .port_info 6 /OUTPUT 32 "readdata";
    .port_info 7 /OUTPUT 1 "busywait";
v00000289b4949fa0_0 .var *"_ivl_10", 7 0; Local signal
v00000289b494a0e0_0 .var *"_ivl_3", 7 0; Local signal
v00000289b494a900_0 .var *"_ivl_4", 7 0; Local signal
v00000289b49491e0_0 .var *"_ivl_5", 7 0; Local signal
v00000289b4948f60_0 .var *"_ivl_6", 7 0; Local signal
v00000289b494a220_0 .var *"_ivl_7", 7 0; Local signal
v00000289b494a540_0 .var *"_ivl_8", 7 0; Local signal
v00000289b494a4a0_0 .var *"_ivl_9", 7 0; Local signal
v00000289b494aae0_0 .net "address", 5 0, v00000289b4a4cae0_0;  alias, 1 drivers
v00000289b4949c80_0 .var "busywait", 0 0;
v00000289b49490a0_0 .net "clock", 0 0, v00000289b4a4eb90_0;  1 drivers
v00000289b4949d20_0 .var/i "i", 31 0;
v00000289b4949e60 .array "memory_array", 0 255, 7 0;
v00000289b4949280_0 .net "read", 0 0, v00000289b4a4c720_0;  alias, 1 drivers
v00000289b494a720_0 .var "readaccess", 0 0;
v00000289b494a7c0_0 .var "readdata", 31 0;
v00000289b494ac20_0 .net "reset", 0 0, v00000289b4a4e230_0;  1 drivers
v00000289b4949320_0 .net "write", 0 0, v00000289b4a4c860_0;  alias, 1 drivers
v00000289b493a0e0_0 .var "writeaccess", 0 0;
v00000289b493a720_0 .net "writedata", 31 0, v00000289b4a4b280_0;  alias, 1 drivers
E_00000289b49335e0 .event posedge, v00000289b494ac20_0;
E_00000289b4932de0 .event posedge, v00000289b49490a0_0;
E_00000289b4932a20 .event anyedge, v00000289b4949320_0, v00000289b4949280_0;
S_00000289b493e9b0 .scope module, "mycpu" "CPU" 2 51, 4 3 0, S_00000289b493e4c0;
 .timescale -9 -10;
    .port_info 0 /OUTPUT 32 "PC";
    .port_info 1 /INPUT 32 "INSTRUCTION";
    .port_info 2 /INPUT 1 "CLK";
    .port_info 3 /INPUT 1 "RESET";
    .port_info 4 /OUTPUT 8 "aluResult";
    .port_info 5 /OUTPUT 8 "regOut1";
    .port_info 6 /INPUT 8 "readdata";
    .port_info 7 /OUTPUT 1 "read";
    .port_info 8 /OUTPUT 1 "write";
    .port_info 9 /INPUT 1 "busywait";
v00000289b4a47a10_0 .net "BeqResult", 0 0, v00000289b4a45a00_0;  1 drivers
v00000289b4a471f0_0 .net "CLK", 0 0, v00000289b4a4eb90_0;  alias, 1 drivers
v00000289b4a47ab0_0 .net "INSTRUCTION", 31 0, v00000289b4a4e0f0_0;  1 drivers
v00000289b4a47290_0 .net "PC", 31 0, v00000289b4a46390_0;  alias, 1 drivers
v00000289b4a4cf40_0 .net "PCJBeqNext", 31 0, v00000289b4a47b50_0;  1 drivers
v00000289b4a4c220_0 .net "PCNEXT", 31 0, v00000289b4a46d90_0;  1 drivers
v00000289b4a4ca40_0 .net "PCtobeExecuted", 31 0, v00000289b4a45960_0;  1 drivers
v00000289b4a4c540_0 .net "RESET", 0 0, v00000289b4a4e230_0;  alias, 1 drivers
v00000289b4a4c180_0 .net "aluResult", 7 0, v00000289b4a44240_0;  alias, 1 drivers
v00000289b4a4b0a0_0 .net "alu_op", 2 0, v00000289b4a455a0_0;  1 drivers
v00000289b4a4b5a0_0 .net "beq", 0 0, v00000289b4a45d20_0;  1 drivers
v00000289b4a4b140_0 .net "beqJOK", 0 0, v00000289b4a444c0_0;  1 drivers
v00000289b4a4c5e0_0 .net "beqOK", 0 0, v00000289b4a45f00_0;  1 drivers
v00000289b4a4b320_0 .net "busywait", 0 0, v00000289b4a4b6e0_0;  alias, 1 drivers
v00000289b4a4b1e0_0 .net "imm_trigger", 0 0, v00000289b4a45640_0;  1 drivers
v00000289b4a4b820_0 .net "immediate", 7 0, v00000289b4a44e20_0;  1 drivers
v00000289b4a4b8c0_0 .net "j", 0 0, v00000289b4a45aa0_0;  1 drivers
v00000289b4a4c680_0 .net "mux1_Out", 7 0, v00000289b4a45280_0;  1 drivers
v00000289b4a4ccc0_0 .net "mux2_Out", 7 0, v00000289b4a47bf0_0;  1 drivers
v00000289b4a4c4a0_0 .net "mux3_out", 7 0, v00000289b4a47d30_0;  1 drivers
v00000289b4a4bdc0_0 .net "offset32", 31 0, v00000289b4a47150_0;  1 drivers
v00000289b4a4baa0_0 .net "offset7", 7 0, v00000289b4a44ba0_0;  1 drivers
v00000289b4a4c7c0_0 .net "opcode", 7 0, v00000289b4a44ec0_0;  1 drivers
v00000289b4a4c2c0_0 .net "read", 0 0, v00000289b4a45dc0_0;  alias, 1 drivers
v00000289b4a4be60_0 .net "readReg1_add", 2 0, v00000289b4a451e0_0;  1 drivers
v00000289b4a4b960_0 .net "readReg2_add", 2 0, v00000289b4a450a0_0;  1 drivers
v00000289b4a4cd60_0 .net "readdata", 7 0, v00000289b4a4bd20_0;  alias, 1 drivers
v00000289b4a4b3c0_0 .net "regOut1", 7 0, L_00000289b4947e40;  alias, 1 drivers
v00000289b4a4b460_0 .net "regOut2", 7 0, L_00000289b4948a80;  1 drivers
v00000289b4a4b640_0 .net "sub_trigger", 0 0, v00000289b4a44920_0;  1 drivers
v00000289b4a4bfa0_0 .net "twoscomplement", 7 0, v00000289b4a461b0_0;  1 drivers
v00000289b4a4ba00_0 .net "write", 0 0, v00000289b4a449c0_0;  alias, 1 drivers
v00000289b4a4bc80_0 .net "writeReg_add", 2 0, v00000289b4a44f60_0;  1 drivers
v00000289b4a4c0e0_0 .net "write_from_memory", 0 0, v00000289b4a44b00_0;  1 drivers
v00000289b4a4c040_0 .net "writeenable", 0 0, v00000289b4a44a60_0;  1 drivers
S_00000289b48af630 .scope module, "ANDInstance" "logicalAND" 4 76, 4 106 0, S_00000289b493e9b0;
 .timescale -9 -10;
    .port_info 0 /INPUT 1 "BEQ";
    .port_info 1 /INPUT 1 "ALU_ZERO";
    .port_info 2 /OUTPUT 1 "BEQ_OK";
v00000289b493a180_0 .net "ALU_ZERO", 0 0, v00000289b4a45a00_0;  alias, 1 drivers
v00000289b493a2c0_0 .net "BEQ", 0 0, v00000289b4a45d20_0;  alias, 1 drivers
v00000289b4a45f00_0 .var "BEQ_OK", 0 0;
E_00000289b4933460 .event anyedge, v00000289b493a2c0_0, v00000289b493a180_0;
S_00000289b48af7c0 .scope module, "MUX32Instance" "MUX32" 4 92, 4 482 0, S_00000289b493e9b0;
 .timescale -9 -10;
    .port_info 0 /INPUT 32 "PC_NEXT";
    .port_info 1 /INPUT 32 "PC_JBEQ_NEXT";
    .port_info 2 /INPUT 1 "BEQ_J_OK";
    .port_info 3 /OUTPUT 32 "PC_tobe_Executed";
v00000289b4a45820_0 .net "BEQ_J_OK", 0 0, v00000289b4a444c0_0;  alias, 1 drivers
v00000289b4a45be0_0 .net "PC_JBEQ_NEXT", 31 0, v00000289b4a47b50_0;  alias, 1 drivers
v00000289b4a44420_0 .net "PC_NEXT", 31 0, v00000289b4a46d90_0;  alias, 1 drivers
v00000289b4a45960_0 .var "PC_tobe_Executed", 31 0;
E_00000289b49362a0 .event anyedge, v00000289b4a45820_0, v00000289b4a45be0_0, v00000289b4a44420_0;
S_00000289b48af950 .scope module, "ORInstance" "logicalOR" 4 80, 4 126 0, S_00000289b493e9b0;
 .timescale -9 -10;
    .port_info 0 /INPUT 1 "BEQ_OK";
    .port_info 1 /INPUT 1 "J";
    .port_info 2 /OUTPUT 1 "BEQ_J_OK";
v00000289b4a444c0_0 .var "BEQ_J_OK", 0 0;
v00000289b4a456e0_0 .net "BEQ_OK", 0 0, v00000289b4a45f00_0;  alias, 1 drivers
v00000289b4a45780_0 .net "J", 0 0, v00000289b4a45aa0_0;  alias, 1 drivers
E_00000289b4936420 .event anyedge, v00000289b4a45f00_0, v00000289b4a45780_0;
S_00000289b48ddf60 .scope module, "aluInstance" "alu" 4 61, 4 532 0, S_00000289b493e9b0;
 .timescale -9 -10;
    .port_info 0 /INPUT 8 "DATA1";
    .port_info 1 /INPUT 8 "DATA2";
    .port_info 2 /OUTPUT 8 "ALURESULT";
    .port_info 3 /OUTPUT 1 "BEQRESULT";
    .port_info 4 /INPUT 3 "ALUOP";
v00000289b4a441a0_0 .net "ALUOP", 2 0, v00000289b4a455a0_0;  alias, 1 drivers
v00000289b4a44240_0 .var "ALURESULT", 7 0;
v00000289b4a45a00_0 .var "BEQRESULT", 0 0;
v00000289b4a447e0_0 .net "DATA1", 7 0, L_00000289b4947e40;  alias, 1 drivers
v00000289b4a45460_0 .net "DATA2", 7 0, v00000289b4a47bf0_0;  alias, 1 drivers
v00000289b4a45c80_0 .net "addResult", 7 0, L_00000289b4a4dab0;  1 drivers
v00000289b4a44600_0 .net "andResult", 7 0, L_00000289b4948c40;  1 drivers
v00000289b4a442e0_0 .net "fwdResult", 7 0, L_00000289b4948bd0;  1 drivers
v00000289b4a44d80_0 .net "orResult", 7 0, L_00000289b4948770;  1 drivers
E_00000289b49363a0 .event anyedge, v00000289b4a45320_0;
E_00000289b49363e0 .event anyedge, v00000289b4a44ce0_0, v00000289b4a45500_0, v00000289b4a45320_0, v00000289b4a44060_0;
S_00000289b48de0f0 .scope module, "add1" "ADD" 4 543, 4 585 0, S_00000289b48ddf60;
 .timescale -9 -10;
    .port_info 0 /INPUT 8 "DATA1";
    .port_info 1 /INPUT 8 "DATA2";
    .port_info 2 /OUTPUT 8 "RESULT";
v00000289b4a44c40_0 .net "DATA1", 7 0, L_00000289b4947e40;  alias, 1 drivers
v00000289b4a45140_0 .net "DATA2", 7 0, v00000289b4a47bf0_0;  alias, 1 drivers
v00000289b4a45320_0 .net "RESULT", 7 0, L_00000289b4a4dab0;  alias, 1 drivers
L_00000289b4a4dab0 .delay 8 (20,20,20) L_00000289b4a4dab0/d;
L_00000289b4a4dab0/d .arith/sum 8, L_00000289b4947e40, v00000289b4a47bf0_0;
S_00000289b48de280 .scope module, "and1" "AND" 4 544, 4 597 0, S_00000289b48ddf60;
 .timescale -9 -10;
    .port_info 0 /INPUT 8 "DATA1";
    .port_info 1 /INPUT 8 "DATA2";
    .port_info 2 /OUTPUT 8 "RESULT";
L_00000289b4948c40/d .functor AND 8, L_00000289b4947e40, v00000289b4a47bf0_0, C4<11111111>, C4<11111111>;
L_00000289b4948c40 .delay 8 (10,10,10) L_00000289b4948c40/d;
v00000289b4a458c0_0 .net "DATA1", 7 0, L_00000289b4947e40;  alias, 1 drivers
v00000289b4a45b40_0 .net "DATA2", 7 0, v00000289b4a47bf0_0;  alias, 1 drivers
v00000289b4a45500_0 .net "RESULT", 7 0, L_00000289b4948c40;  alias, 1 drivers
S_00000289b48d7f20 .scope module, "fwd1" "FWD" 4 542, 4 573 0, S_00000289b48ddf60;
 .timescale -9 -10;
    .port_info 0 /INPUT 8 "DATA2";
    .port_info 1 /OUTPUT 8 "RESULT";
L_00000289b4948bd0/d .functor BUFZ 8, v00000289b4a47bf0_0, C4<00000000>, C4<00000000>, C4<00000000>;
L_00000289b4948bd0 .delay 8 (10,10,10) L_00000289b4948bd0/d;
v00000289b4a44560_0 .net "DATA2", 7 0, v00000289b4a47bf0_0;  alias, 1 drivers
v00000289b4a44060_0 .net "RESULT", 7 0, L_00000289b4948bd0;  alias, 1 drivers
S_00000289b48d80b0 .scope module, "or1" "OR" 4 545, 4 609 0, S_00000289b48ddf60;
 .timescale -9 -10;
    .port_info 0 /INPUT 8 "DATA1";
    .port_info 1 /INPUT 8 "DATA2";
    .port_info 2 /OUTPUT 8 "RESULT";
L_00000289b4948770/d .functor OR 8, L_00000289b4947e40, v00000289b4a47bf0_0, C4<00000000>, C4<00000000>;
L_00000289b4948770 .delay 8 (10,10,10) L_00000289b4948770/d;
v00000289b4a453c0_0 .net "DATA1", 7 0, L_00000289b4947e40;  alias, 1 drivers
v00000289b4a44100_0 .net "DATA2", 7 0, v00000289b4a47bf0_0;  alias, 1 drivers
v00000289b4a44ce0_0 .net "RESULT", 7 0, L_00000289b4948770;  alias, 1 drivers
S_00000289b48d8240 .scope module, "controlUnitInstance" "Control_Unit" 4 30, 4 281 0, S_00000289b493e9b0;
 .timescale -9 -10;
    .port_info 0 /INPUT 8 "OPCODE";
    .port_info 1 /OUTPUT 1 "SUB_TRIGGER";
    .port_info 2 /OUTPUT 1 "IMM_TRIGGER";
    .port_info 3 /OUTPUT 3 "ALU_OP";
    .port_info 4 /OUTPUT 1 "WRITE_ENABLE";
    .port_info 5 /OUTPUT 1 "J";
    .port_info 6 /OUTPUT 1 "BEQ";
    .port_info 7 /INPUT 1 "BUSYWAIT";
    .port_info 8 /OUTPUT 1 "READ";
    .port_info 9 /OUTPUT 1 "WRITE";
    .port_info 10 /OUTPUT 1 "WRITE_FROM_MEMORY";
    .port_info 11 /INPUT 3 "RT";
    .port_info 12 /INPUT 3 "RS";
    .port_info 13 /INPUT 3 "RD";
v00000289b4a455a0_0 .var "ALU_OP", 2 0;
v00000289b4a45d20_0 .var "BEQ", 0 0;
v00000289b4a446a0_0 .net "BUSYWAIT", 0 0, v00000289b4a4b6e0_0;  alias, 1 drivers
v00000289b4a45640_0 .var "IMM_TRIGGER", 0 0;
v00000289b4a45aa0_0 .var "J", 0 0;
v00000289b4a44380_0 .net "OPCODE", 7 0, v00000289b4a44ec0_0;  alias, 1 drivers
v00000289b4a44740_0 .net "RD", 2 0, v00000289b4a44f60_0;  alias, 1 drivers
v00000289b4a45dc0_0 .var "READ", 0 0;
v00000289b4a44880_0 .net "RS", 2 0, v00000289b4a450a0_0;  alias, 1 drivers
v00000289b4a45e60_0 .net "RT", 2 0, v00000289b4a451e0_0;  alias, 1 drivers
v00000289b4a44920_0 .var "SUB_TRIGGER", 0 0;
v00000289b4a449c0_0 .var "WRITE", 0 0;
v00000289b4a44a60_0 .var "WRITE_ENABLE", 0 0;
v00000289b4a44b00_0 .var "WRITE_FROM_MEMORY", 0 0;
E_00000289b4935f20 .event anyedge, v00000289b4a446a0_0;
E_00000289b4936260 .event anyedge, v00000289b4a44740_0, v00000289b4a44880_0, v00000289b4a45e60_0, v00000289b4a44380_0;
S_00000289b48b72e0 .scope module, "decoderInstance" "Decoder" 4 23, 4 240 0, S_00000289b493e9b0;
 .timescale -9 -10;
    .port_info 0 /INPUT 32 "INSTRUCTION";
    .port_info 1 /OUTPUT 8 "OPCODE";
    .port_info 2 /OUTPUT 8 "IMMEDIATE";
    .port_info 3 /OUTPUT 8 "OFFSET";
    .port_info 4 /OUTPUT 3 "RT";
    .port_info 5 /OUTPUT 3 "RS";
    .port_info 6 /OUTPUT 3 "RD";
v00000289b4a44e20_0 .var "IMMEDIATE", 7 0;
v00000289b4a45000_0 .net "INSTRUCTION", 31 0, v00000289b4a4e0f0_0;  alias, 1 drivers
v00000289b4a44ba0_0 .var "OFFSET", 7 0;
v00000289b4a44ec0_0 .var "OPCODE", 7 0;
v00000289b4a44f60_0 .var "RD", 2 0;
v00000289b4a450a0_0 .var "RS", 2 0;
v00000289b4a451e0_0 .var "RT", 2 0;
E_00000289b49361a0 .event anyedge, v00000289b4a45000_0;
S_00000289b48b7470 .scope module, "mux1" "MUX8" 4 49, 4 507 0, S_00000289b493e9b0;
 .timescale -9 -10;
    .port_info 0 /INPUT 8 "REG1";
    .port_info 1 /INPUT 8 "REG2";
    .port_info 2 /INPUT 1 "MUXSELECT";
    .port_info 3 /OUTPUT 8 "MUXOUT";
v00000289b4a45280_0 .var "MUXOUT", 7 0;
v00000289b4a464d0_0 .net "MUXSELECT", 0 0, v00000289b4a44920_0;  alias, 1 drivers
v00000289b4a47790_0 .net "REG1", 7 0, L_00000289b4948a80;  alias, 1 drivers
v00000289b4a46b10_0 .net "REG2", 7 0, v00000289b4a461b0_0;  alias, 1 drivers
E_00000289b4936660 .event anyedge, v00000289b4a44920_0, v00000289b4a46b10_0, v00000289b4a47790_0;
S_00000289b48b58e0 .scope module, "mux2" "MUX8" 4 55, 4 507 0, S_00000289b493e9b0;
 .timescale -9 -10;
    .port_info 0 /INPUT 8 "REG1";
    .port_info 1 /INPUT 8 "REG2";
    .port_info 2 /INPUT 1 "MUXSELECT";
    .port_info 3 /OUTPUT 8 "MUXOUT";
v00000289b4a47bf0_0 .var "MUXOUT", 7 0;
v00000289b4a46ed0_0 .net "MUXSELECT", 0 0, v00000289b4a45640_0;  alias, 1 drivers
v00000289b4a46bb0_0 .net "REG1", 7 0, v00000289b4a45280_0;  alias, 1 drivers
v00000289b4a47f10_0 .net "REG2", 7 0, v00000289b4a44e20_0;  alias, 1 drivers
E_00000289b4935ae0 .event anyedge, v00000289b4a45640_0, v00000289b4a44e20_0, v00000289b4a45280_0;
S_00000289b48b5a70 .scope module, "mux3" "MUX8" 4 99, 4 507 0, S_00000289b493e9b0;
 .timescale -9 -10;
    .port_info 0 /INPUT 8 "REG1";
    .port_info 1 /INPUT 8 "REG2";
    .port_info 2 /INPUT 1 "MUXSELECT";
    .port_info 3 /OUTPUT 8 "MUXOUT";
v00000289b4a47d30_0 .var "MUXOUT", 7 0;
v00000289b4a462f0_0 .net "MUXSELECT", 0 0, v00000289b4a44b00_0;  alias, 1 drivers
v00000289b4a47c90_0 .net "REG1", 7 0, v00000289b4a44240_0;  alias, 1 drivers
v00000289b4a475b0_0 .net "REG2", 7 0, v00000289b4a4bd20_0;  alias, 1 drivers
E_00000289b4935b20 .event anyedge, v00000289b4a44b00_0, v00000289b4a475b0_0, v00000289b4a44240_0;
S_00000289b48b5c00 .scope module, "pcAdderInstance" "PC_Adder" 4 84, 4 175 0, S_00000289b493e9b0;
 .timescale -9 -10;
    .port_info 0 /OUTPUT 32 "PC_NEXT";
    .port_info 1 /INPUT 32 "PC";
v00000289b4a46250_0 .net "PC", 31 0, v00000289b4a46390_0;  alias, 1 drivers
v00000289b4a46d90_0 .var "PC_NEXT", 31 0;
E_00000289b4936720 .event anyedge, v00000289b4a46250_0;
S_00000289b4a4ab80 .scope module, "pcInstance" "PC" 4 96, 4 146 0, S_00000289b493e9b0;
 .timescale -9 -10;
    .port_info 0 /INPUT 1 "RESET";
    .port_info 1 /INPUT 1 "CLK";
    .port_info 2 /INPUT 32 "PC_tobe_Executed";
    .port_info 3 /OUTPUT 32 "PC";
    .port_info 4 /INPUT 1 "BUSYWAIT";
v00000289b4a469d0_0 .net "BUSYWAIT", 0 0, v00000289b4a4b6e0_0;  alias, 1 drivers
v00000289b4a47510_0 .net "CLK", 0 0, v00000289b4a4eb90_0;  alias, 1 drivers
v00000289b4a46390_0 .var "PC", 31 0;
v00000289b4a46c50_0 .net "PC_tobe_Executed", 31 0, v00000289b4a45960_0;  alias, 1 drivers
v00000289b4a476f0_0 .net "RESET", 0 0, v00000289b4a4e230_0;  alias, 1 drivers
S_00000289b4a4ad10 .scope module, "pcJBeqAdder" "PC_JBEQ_ADDER" 4 88, 4 189 0, S_00000289b493e9b0;
 .timescale -9 -10;
    .port_info 0 /INPUT 32 "PC_NEXT";
    .port_info 1 /INPUT 32 "OFFSET_32";
    .port_info 2 /INPUT 32 "INSTRUCTION";
    .port_info 3 /OUTPUT 32 "PC_JBEQ_NEXT";
v00000289b4a466b0_0 .net "INSTRUCTION", 31 0, v00000289b4a4e0f0_0;  alias, 1 drivers
v00000289b4a47830_0 .net "OFFSET_32", 31 0, v00000289b4a47150_0;  alias, 1 drivers
v00000289b4a47b50_0 .var "PC_JBEQ_NEXT", 31 0;
v00000289b4a47650_0 .net "PC_NEXT", 31 0, v00000289b4a46d90_0;  alias, 1 drivers
S_00000289b4a4a090 .scope module, "registerInstance" "reg_file" 4 37, 4 622 0, S_00000289b493e9b0;
 .timescale -9 -10;
    .port_info 0 /INPUT 8 "IN";
    .port_info 1 /OUTPUT 8 "REGOUT1";
    .port_info 2 /OUTPUT 8 "REGOUT2";
    .port_info 3 /INPUT 3 "INADDRESS";
    .port_info 4 /INPUT 3 "OUT1ADDRESS";
    .port_info 5 /INPUT 3 "OUT2ADDRESS";
    .port_info 6 /INPUT 1 "WRITE";
    .port_info 7 /INPUT 1 "CLK";
    .port_info 8 /INPUT 1 "RESET";
L_00000289b4947e40/d .functor BUFZ 8, L_00000289b4a4d290, C4<00000000>, C4<00000000>, C4<00000000>;
L_00000289b4947e40 .delay 8 (20,20,20) L_00000289b4947e40/d;
L_00000289b4948a80/d .functor BUFZ 8, L_00000289b4a4e730, C4<00000000>, C4<00000000>, C4<00000000>;
L_00000289b4948a80 .delay 8 (20,20,20) L_00000289b4948a80/d;
v00000289b4a46430_0 .net "CLK", 0 0, v00000289b4a4eb90_0;  alias, 1 drivers
v00000289b4a46110_0 .net "IN", 7 0, v00000289b4a47d30_0;  alias, 1 drivers
v00000289b4a46610_0 .net "INADDRESS", 2 0, v00000289b4a44f60_0;  alias, 1 drivers
v00000289b4a478d0_0 .net "OUT1ADDRESS", 2 0, v00000289b4a451e0_0;  alias, 1 drivers
v00000289b4a47330_0 .net "OUT2ADDRESS", 2 0, v00000289b4a450a0_0;  alias, 1 drivers
v00000289b4a47e70_0 .net "REGOUT1", 7 0, L_00000289b4947e40;  alias, 1 drivers
v00000289b4a46cf0_0 .net "REGOUT2", 7 0, L_00000289b4948a80;  alias, 1 drivers
v00000289b4a46890_0 .net "RESET", 0 0, v00000289b4a4e230_0;  alias, 1 drivers
v00000289b4a46e30_0 .net "WRITE", 0 0, v00000289b4a44a60_0;  alias, 1 drivers
v00000289b4a46070_0 .net *"_ivl_0", 7 0, L_00000289b4a4d290;  1 drivers
v00000289b4a46750_0 .net *"_ivl_10", 4 0, L_00000289b4a4da10;  1 drivers
L_00000289b4a4f0c0 .functor BUFT 1, C4<00>, C4<0>, C4<0>, C4<0>;
v00000289b4a46a70_0 .net *"_ivl_13", 1 0, L_00000289b4a4f0c0;  1 drivers
v00000289b4a47970_0 .net *"_ivl_2", 4 0, L_00000289b4a4d970;  1 drivers
L_00000289b4a4f078 .functor BUFT 1, C4<00>, C4<0>, C4<0>, C4<0>;
v00000289b4a47470_0 .net *"_ivl_5", 1 0, L_00000289b4a4f078;  1 drivers
v00000289b4a46f70_0 .net *"_ivl_8", 7 0, L_00000289b4a4e730;  1 drivers
v00000289b4a467f0_0 .var/i "index", 31 0;
v00000289b4a47010 .array "register", 0 7, 7 0;
L_00000289b4a4d290 .array/port v00000289b4a47010, L_00000289b4a4d970;
L_00000289b4a4d970 .concat [ 3 2 0 0], v00000289b4a451e0_0, L_00000289b4a4f078;
L_00000289b4a4e730 .array/port v00000289b4a47010, L_00000289b4a4da10;
L_00000289b4a4da10 .concat [ 3 2 0 0], v00000289b4a450a0_0, L_00000289b4a4f0c0;
S_00000289b4a4a540 .scope module, "shiftExtensionInstance" "ShiftingExtension" 4 69, 4 207 0, S_00000289b493e9b0;
 .timescale -9 -10;
    .port_info 0 /INPUT 8 "CURRENT_OFFSET";
    .port_info 1 /OUTPUT 32 "UPDATED_OFFSET";
v00000289b4a470b0_0 .net "CURRENT_OFFSET", 7 0, v00000289b4a44ba0_0;  alias, 1 drivers
v00000289b4a47150_0 .var "UPDATED_OFFSET", 31 0;
v00000289b4a47dd0_0 .var/i "counter", 31 0;
E_00000289b49364a0 .event anyedge, v00000289b4a44ba0_0;
S_00000289b4a4a220 .scope module, "twoscomplementInstance" "TwoS_Complement" 4 43, 4 464 0, S_00000289b493e9b0;
 .timescale -9 -10;
    .port_info 0 /INPUT 8 "VALUE";
    .port_info 1 /OUTPUT 8 "TWOS_COMPLEMENT";
v00000289b4a461b0_0 .var "TWOS_COMPLEMENT", 7 0;
v00000289b4a46930_0 .var "Temp", 7 0;
v00000289b4a473d0_0 .net "VALUE", 7 0, L_00000289b4948a80;  alias, 1 drivers
E_00000289b4936860 .event anyedge, v00000289b4a47790_0;
S_00000289b4a4a860 .scope module, "mydata_cache" "dcache" 2 54, 5 12 0, S_00000289b493e4c0;
 .timescale -9 -10;
    .port_info 0 /INPUT 1 "CLOCK";
    .port_info 1 /INPUT 1 "RESET";
    .port_info 2 /INPUT 1 "READ";
    .port_info 3 /INPUT 1 "WRITE";
    .port_info 4 /INPUT 8 "ADDRESS";
    .port_info 5 /INPUT 8 "WRIITEDATA";
    .port_info 6 /OUTPUT 8 "READDATA";
    .port_info 7 /OUTPUT 1 "BUSYWAIT";
    .port_info 8 /OUTPUT 1 "Mem_READ";
    .port_info 9 /OUTPUT 1 "Mem_WRITE";
    .port_info 10 /OUTPUT 6 "Mem_ADDRESS";
    .port_info 11 /OUTPUT 32 "Mem_WRITEDATA";
    .port_info 12 /INPUT 32 "Mem_READDATA";
    .port_info 13 /INPUT 1 "Mem_BUSYWAIT";
P_00000289b48b39d0 .param/l "CACHE_UPDATE" 0 5 124, C4<11>;
P_00000289b48b3a08 .param/l "IDLE" 0 5 124, C4<00>;
P_00000289b48b3a40 .param/l "MEM_READ" 0 5 124, C4<01>;
P_00000289b48b3a78 .param/l "MEM_WRITE" 0 5 124, C4<10>;
L_00000289b4948150/d .functor BUFZ 3, L_00000289b4a4e7d0, C4<000>, C4<000>, C4<000>;
L_00000289b4948150 .delay 3 (10,10,10) L_00000289b4948150/d;
L_00000289b4948cb0/d .functor BUFZ 1, L_00000289b4a97710, C4<0>, C4<0>, C4<0>;
L_00000289b4948cb0 .delay 1 (10,10,10) L_00000289b4948cb0/d;
L_00000289b4947eb0/d .functor BUFZ 1, L_00000289b4a97df0, C4<0>, C4<0>, C4<0>;
L_00000289b4947eb0 .delay 1 (10,10,10) L_00000289b4947eb0/d;
L_00000289b4947f20 .functor AND 1, L_00000289b4a98b10, L_00000289b4948cb0, C4<1>, C4<1>;
v00000289b4a4cb80_0 .net "ADDRESS", 7 0, v00000289b4a44240_0;  alias, 1 drivers
v00000289b4a4b6e0_0 .var "BUSYWAIT", 0 0;
v00000289b4a4c900_0 .net "CLOCK", 0 0, v00000289b4a4eb90_0;  alias, 1 drivers
v00000289b4a4cae0_0 .var "Mem_ADDRESS", 5 0;
v00000289b4a4c360_0 .net "Mem_BUSYWAIT", 0 0, v00000289b4949c80_0;  alias, 1 drivers
v00000289b4a4c720_0 .var "Mem_READ", 0 0;
v00000289b4a4ce00_0 .net "Mem_READDATA", 31 0, v00000289b494a7c0_0;  alias, 1 drivers
v00000289b4a4c860_0 .var "Mem_WRITE", 0 0;
v00000289b4a4b280_0 .var "Mem_WRITEDATA", 31 0;
v00000289b4a4b780_0 .net "READ", 0 0, v00000289b4a45dc0_0;  alias, 1 drivers
v00000289b4a4bd20_0 .var "READDATA", 7 0;
v00000289b4a4c9a0_0 .net "RESET", 0 0, v00000289b4a4e230_0;  alias, 1 drivers
v00000289b4a4b500_0 .net "WRIITEDATA", 7 0, L_00000289b4947e40;  alias, 1 drivers
v00000289b4a4bb40_0 .net "WRITE", 0 0, v00000289b4a449c0_0;  alias, 1 drivers
v00000289b4a4bbe0_0 .net *"_ivl_0", 2 0, L_00000289b4a4e7d0;  1 drivers
v00000289b4a4bf00_0 .net *"_ivl_10", 0 0, L_00000289b4a97710;  1 drivers
v00000289b4a4c400_0 .net *"_ivl_13", 2 0, L_00000289b4a978f0;  1 drivers
v00000289b4a4cc20_0 .net *"_ivl_14", 4 0, L_00000289b4a986b0;  1 drivers
L_00000289b4a4f150 .functor BUFT 1, C4<00>, C4<0>, C4<0>, C4<0>;
v00000289b4a4cea0_0 .net *"_ivl_17", 1 0, L_00000289b4a4f150;  1 drivers
v00000289b4a4dbf0_0 .net *"_ivl_20", 0 0, L_00000289b4a97df0;  1 drivers
v00000289b4a4dfb0_0 .net *"_ivl_23", 2 0, L_00000289b4a981b0;  1 drivers
v00000289b4a4e050_0 .net *"_ivl_24", 4 0, L_00000289b4a97210;  1 drivers
L_00000289b4a4f198 .functor BUFT 1, C4<00>, C4<0>, C4<0>, C4<0>;
v00000289b4a4ec30_0 .net *"_ivl_27", 1 0, L_00000289b4a4f198;  1 drivers
v00000289b4a4e9b0_0 .net *"_ivl_3", 2 0, L_00000289b4a97f30;  1 drivers
v00000289b4a4d510_0 .net *"_ivl_31", 2 0, L_00000289b4a98890;  1 drivers
v00000289b4a4dc90_0 .net *"_ivl_32", 0 0, L_00000289b4a98390;  1 drivers
L_00000289b4a4f1e0 .functor BUFT 1, C4<01>, C4<0>, C4<0>, C4<0>;
v00000289b4a4dd30_0 .net/2s *"_ivl_34", 1 0, L_00000289b4a4f1e0;  1 drivers
L_00000289b4a4f228 .functor BUFT 1, C4<00>, C4<0>, C4<0>, C4<0>;
v00000289b4a4ef50_0 .net/2s *"_ivl_36", 1 0, L_00000289b4a4f228;  1 drivers
v00000289b4a4d5b0_0 .net *"_ivl_38", 1 0, L_00000289b4a984d0;  1 drivers
v00000289b4a4db50_0 .net *"_ivl_4", 4 0, L_00000289b4a98070;  1 drivers
L_00000289b4a4f108 .functor BUFT 1, C4<00>, C4<0>, C4<0>, C4<0>;
v00000289b4a4d0b0_0 .net *"_ivl_7", 1 0, L_00000289b4a4f108;  1 drivers
v00000289b4a4ee10 .array "address_tag_array", 0 7, 2 0;
v00000289b4a4e910 .array "cache_data_array", 0 7, 31 0;
v00000289b4a4ea50_0 .net "comparator_result", 0 0, L_00000289b4a98b10;  1 drivers
v00000289b4a4d330_0 .net "current_tag", 2 0, L_00000289b4948150;  1 drivers
v00000289b4a4eaf0_0 .var "data_block", 31 0;
v00000289b4a4ddd0_0 .net "dirty_bit", 0 0, L_00000289b4947eb0;  1 drivers
v00000289b4a4ed70 .array "dirty_bit_array", 0 7, 0 0;
v00000289b4a4de70_0 .net "hit", 0 0, L_00000289b4947f20;  1 drivers
v00000289b4a4d3d0_0 .var/i "i", 31 0;
v00000289b4a4e190_0 .var "next_state", 1 0;
v00000289b4a4e870_0 .var "readaccess", 0 0;
v00000289b4a4d470_0 .var "state", 1 0;
v00000289b4a4d830_0 .net "valid_bit", 0 0, L_00000289b4948cb0;  1 drivers
v00000289b4a4e2d0 .array "valid_bit_array", 0 7, 0 0;
v00000289b4a4df10_0 .var "writeaccess", 0 0;
E_00000289b4935c20/0 .event anyedge, v00000289b494ac20_0;
E_00000289b4935c20/1 .event posedge, v00000289b49490a0_0;
E_00000289b4935c20 .event/or E_00000289b4935c20/0, E_00000289b4935c20/1;
E_00000289b4936020 .event anyedge, v00000289b4a4d470_0;
E_00000289b4936620/0 .event anyedge, v00000289b4a4d470_0, v00000289b4a45dc0_0, v00000289b4a449c0_0, v00000289b4a4ddd0_0;
E_00000289b4936620/1 .event anyedge, v00000289b4a4de70_0, v00000289b4949c80_0;
E_00000289b4936620 .event/or E_00000289b4936620/0, E_00000289b4936620/1;
E_00000289b4935e20 .event anyedge, v00000289b4a4eaf0_0, v00000289b4a4de70_0, v00000289b4a4e870_0, v00000289b4a44240_0;
v00000289b4a4e910_0 .array/port v00000289b4a4e910, 0;
v00000289b4a4e910_1 .array/port v00000289b4a4e910, 1;
v00000289b4a4e910_2 .array/port v00000289b4a4e910, 2;
E_00000289b4936360/0 .event anyedge, v00000289b4a44240_0, v00000289b4a4e910_0, v00000289b4a4e910_1, v00000289b4a4e910_2;
v00000289b4a4e910_3 .array/port v00000289b4a4e910, 3;
v00000289b4a4e910_4 .array/port v00000289b4a4e910, 4;
v00000289b4a4e910_5 .array/port v00000289b4a4e910, 5;
v00000289b4a4e910_6 .array/port v00000289b4a4e910, 6;
E_00000289b4936360/1 .event anyedge, v00000289b4a4e910_3, v00000289b4a4e910_4, v00000289b4a4e910_5, v00000289b4a4e910_6;
v00000289b4a4e910_7 .array/port v00000289b4a4e910, 7;
E_00000289b4936360/2 .event anyedge, v00000289b4a4e910_7;
E_00000289b4936360 .event/or E_00000289b4936360/0, E_00000289b4936360/1, E_00000289b4936360/2;
E_00000289b4935ea0 .event anyedge, v00000289b494ac20_0;
E_00000289b49364e0 .event anyedge, v00000289b4a44240_0, v00000289b4a449c0_0, v00000289b4a45dc0_0;
L_00000289b4a4e7d0 .array/port v00000289b4a4ee10, L_00000289b4a98070;
L_00000289b4a97f30 .part v00000289b4a44240_0, 2, 3;
L_00000289b4a98070 .concat [ 3 2 0 0], L_00000289b4a97f30, L_00000289b4a4f108;
L_00000289b4a97710 .array/port v00000289b4a4e2d0, L_00000289b4a986b0;
L_00000289b4a978f0 .part v00000289b4a44240_0, 2, 3;
L_00000289b4a986b0 .concat [ 3 2 0 0], L_00000289b4a978f0, L_00000289b4a4f150;
L_00000289b4a97df0 .array/port v00000289b4a4ed70, L_00000289b4a97210;
L_00000289b4a981b0 .part v00000289b4a44240_0, 2, 3;
L_00000289b4a97210 .concat [ 3 2 0 0], L_00000289b4a981b0, L_00000289b4a4f198;
L_00000289b4a98890 .part v00000289b4a44240_0, 5, 3;
L_00000289b4a98390 .cmp/eq 3, L_00000289b4948150, L_00000289b4a98890;
L_00000289b4a984d0 .functor MUXZ 2, L_00000289b4a4f228, L_00000289b4a4f1e0, L_00000289b4a98390, C4<>;
L_00000289b4a98b10 .delay 1 (9,9,9) L_00000289b4a98b10/d;
L_00000289b4a98b10/d .part L_00000289b4a984d0, 0, 1;
    .scope S_00000289b48b72e0;
T_0 ;
    %wait E_00000289b49361a0;
    %load/vec4 v00000289b4a45000_0;
    %parti/s 8, 24, 6;
    %store/vec4 v00000289b4a44ec0_0, 0, 8;
    %load/vec4 v00000289b4a44ec0_0;
    %cmpi/e 6, 0, 8;
    %jmp/0xz  T_0.0, 4;
    %load/vec4 v00000289b4a45000_0;
    %parti/s 8, 16, 6;
    %store/vec4 v00000289b4a44ba0_0, 0, 8;
    %jmp T_0.1;
T_0.0 ;
    %load/vec4 v00000289b4a44ec0_0;
    %cmpi/e 7, 0, 8;
    %jmp/0xz  T_0.2, 4;
    %load/vec4 v00000289b4a45000_0;
    %parti/s 8, 16, 6;
    %store/vec4 v00000289b4a44ba0_0, 0, 8;
    %load/vec4 v00000289b4a45000_0;
    %parti/s 3, 0, 2;
    %store/vec4 v00000289b4a450a0_0, 0, 3;
    %load/vec4 v00000289b4a45000_0;
    %parti/s 3, 8, 5;
    %store/vec4 v00000289b4a451e0_0, 0, 3;
    %jmp T_0.3;
T_0.2 ;
    %load/vec4 v00000289b4a45000_0;
    %parti/s 8, 0, 2;
    %store/vec4 v00000289b4a44e20_0, 0, 8;
    %load/vec4 v00000289b4a45000_0;
    %parti/s 3, 0, 2;
    %store/vec4 v00000289b4a450a0_0, 0, 3;
    %load/vec4 v00000289b4a45000_0;
    %parti/s 3, 8, 5;
    %store/vec4 v00000289b4a451e0_0, 0, 3;
    %load/vec4 v00000289b4a45000_0;
    %parti/s 3, 16, 6;
    %store/vec4 v00000289b4a44f60_0, 0, 3;
T_0.3 ;
T_0.1 ;
    %jmp T_0;
    .thread T_0, $push;
    .scope S_00000289b48d8240;
T_1 ;
    %wait E_00000289b4936260;
    %load/vec4 v00000289b4a44380_0;
    %dup/vec4;
    %pushi/vec4 0, 0, 8;
    %cmp/u;
    %jmp/1 T_1.0, 6;
    %dup/vec4;
    %pushi/vec4 1, 0, 8;
    %cmp/u;
    %jmp/1 T_1.1, 6;
    %dup/vec4;
    %pushi/vec4 2, 0, 8;
    %cmp/u;
    %jmp/1 T_1.2, 6;
    %dup/vec4;
    %pushi/vec4 3, 0, 8;
    %cmp/u;
    %jmp/1 T_1.3, 6;
    %dup/vec4;
    %pushi/vec4 4, 0, 8;
    %cmp/u;
    %jmp/1 T_1.4, 6;
    %dup/vec4;
    %pushi/vec4 5, 0, 8;
    %cmp/u;
    %jmp/1 T_1.5, 6;
    %dup/vec4;
    %pushi/vec4 6, 0, 8;
    %cmp/u;
    %jmp/1 T_1.6, 6;
    %dup/vec4;
    %pushi/vec4 7, 0, 8;
    %cmp/u;
    %jmp/1 T_1.7, 6;
    %dup/vec4;
    %pushi/vec4 8, 0, 8;
    %cmp/u;
    %jmp/1 T_1.8, 6;
    %dup/vec4;
    %pushi/vec4 9, 0, 8;
    %cmp/u;
    %jmp/1 T_1.9, 6;
    %dup/vec4;
    %pushi/vec4 10, 0, 8;
    %cmp/u;
    %jmp/1 T_1.10, 6;
    %dup/vec4;
    %pushi/vec4 11, 0, 8;
    %cmp/u;
    %jmp/1 T_1.11, 6;
    %jmp T_1.12;
T_1.0 ;
    %delay 10, 0;
    %pushi/vec4 0, 0, 3;
    %store/vec4 v00000289b4a455a0_0, 0, 3;
    %pushi/vec4 1, 0, 1;
    %store/vec4 v00000289b4a45640_0, 0, 1;
    %pushi/vec4 1, 0, 1;
    %store/vec4 v00000289b4a44a60_0, 0, 1;
    %pushi/vec4 0, 0, 1;
    %store/vec4 v00000289b4a44920_0, 0, 1;
    %pushi/vec4 0, 0, 1;
    %store/vec4 v00000289b4a45aa0_0, 0, 1;
    %pushi/vec4 0, 0, 1;
    %store/vec4 v00000289b4a45d20_0, 0, 1;
    %pushi/vec4 0, 0, 1;
    %store/vec4 v00000289b4a45dc0_0, 0, 1;
    %pushi/vec4 0, 0, 1;
    %store/vec4 v00000289b4a449c0_0, 0, 1;
    %pushi/vec4 0, 0, 1;
    %store/vec4 v00000289b4a44b00_0, 0, 1;
    %jmp T_1.12;
T_1.1 ;
    %delay 10, 0;
    %pushi/vec4 0, 0, 3;
    %store/vec4 v00000289b4a455a0_0, 0, 3;
    %pushi/vec4 0, 0, 1;
    %store/vec4 v00000289b4a45640_0, 0, 1;
    %pushi/vec4 1, 0, 1;
    %store/vec4 v00000289b4a44a60_0, 0, 1;
    %pushi/vec4 0, 0, 1;
    %store/vec4 v00000289b4a44920_0, 0, 1;
    %pushi/vec4 0, 0, 1;
    %store/vec4 v00000289b4a45aa0_0, 0, 1;
    %pushi/vec4 0, 0, 1;
    %store/vec4 v00000289b4a45d20_0, 0, 1;
    %pushi/vec4 0, 0, 1;
    %store/vec4 v00000289b4a45dc0_0, 0, 1;
    %pushi/vec4 0, 0, 1;
    %store/vec4 v00000289b4a449c0_0, 0, 1;
    %pushi/vec4 0, 0, 1;
    %store/vec4 v00000289b4a44b00_0, 0, 1;
    %jmp T_1.12;
T_1.2 ;
    %delay 10, 0;
    %pushi/vec4 1, 0, 3;
    %store/vec4 v00000289b4a455a0_0, 0, 3;
    %pushi/vec4 0, 0, 1;
    %store/vec4 v00000289b4a45640_0, 0, 1;
    %pushi/vec4 1, 0, 1;
    %store/vec4 v00000289b4a44a60_0, 0, 1;
    %pushi/vec4 0, 0, 1;
    %store/vec4 v00000289b4a44920_0, 0, 1;
    %pushi/vec4 0, 0, 1;
    %store/vec4 v00000289b4a45aa0_0, 0, 1;
    %pushi/vec4 0, 0, 1;
    %store/vec4 v00000289b4a45d20_0, 0, 1;
    %pushi/vec4 0, 0, 1;
    %store/vec4 v00000289b4a45dc0_0, 0, 1;
    %pushi/vec4 0, 0, 1;
    %store/vec4 v00000289b4a449c0_0, 0, 1;
    %pushi/vec4 0, 0, 1;
    %store/vec4 v00000289b4a44b00_0, 0, 1;
    %jmp T_1.12;
T_1.3 ;
    %delay 10, 0;
    %pushi/vec4 1, 0, 3;
    %store/vec4 v00000289b4a455a0_0, 0, 3;
    %pushi/vec4 0, 0, 1;
    %store/vec4 v00000289b4a45640_0, 0, 1;
    %pushi/vec4 1, 0, 1;
    %store/vec4 v00000289b4a44a60_0, 0, 1;
    %pushi/vec4 1, 0, 1;
    %store/vec4 v00000289b4a44920_0, 0, 1;
    %pushi/vec4 0, 0, 1;
    %store/vec4 v00000289b4a45aa0_0, 0, 1;
    %pushi/vec4 0, 0, 1;
    %store/vec4 v00000289b4a45d20_0, 0, 1;
    %pushi/vec4 0, 0, 1;
    %store/vec4 v00000289b4a45dc0_0, 0, 1;
    %pushi/vec4 0, 0, 1;
    %store/vec4 v00000289b4a449c0_0, 0, 1;
    %pushi/vec4 0, 0, 1;
    %store/vec4 v00000289b4a44b00_0, 0, 1;
    %jmp T_1.12;
T_1.4 ;
    %delay 10, 0;
    %pushi/vec4 2, 0, 3;
    %store/vec4 v00000289b4a455a0_0, 0, 3;
    %pushi/vec4 0, 0, 1;
    %store/vec4 v00000289b4a45640_0, 0, 1;
    %pushi/vec4 1, 0, 1;
    %store/vec4 v00000289b4a44a60_0, 0, 1;
    %pushi/vec4 0, 0, 1;
    %store/vec4 v00000289b4a44920_0, 0, 1;
    %pushi/vec4 0, 0, 1;
    %store/vec4 v00000289b4a45aa0_0, 0, 1;
    %pushi/vec4 0, 0, 1;
    %store/vec4 v00000289b4a45d20_0, 0, 1;
    %pushi/vec4 0, 0, 1;
    %store/vec4 v00000289b4a45dc0_0, 0, 1;
    %pushi/vec4 0, 0, 1;
    %store/vec4 v00000289b4a449c0_0, 0, 1;
    %pushi/vec4 0, 0, 1;
    %store/vec4 v00000289b4a44b00_0, 0, 1;
    %jmp T_1.12;
T_1.5 ;
    %delay 10, 0;
    %pushi/vec4 3, 0, 3;
    %store/vec4 v00000289b4a455a0_0, 0, 3;
    %pushi/vec4 0, 0, 1;
    %store/vec4 v00000289b4a45640_0, 0, 1;
    %pushi/vec4 1, 0, 1;
    %store/vec4 v00000289b4a44a60_0, 0, 1;
    %pushi/vec4 0, 0, 1;
    %store/vec4 v00000289b4a44920_0, 0, 1;
    %pushi/vec4 0, 0, 1;
    %store/vec4 v00000289b4a45aa0_0, 0, 1;
    %pushi/vec4 0, 0, 1;
    %store/vec4 v00000289b4a45d20_0, 0, 1;
    %pushi/vec4 0, 0, 1;
    %store/vec4 v00000289b4a45dc0_0, 0, 1;
    %pushi/vec4 0, 0, 1;
    %store/vec4 v00000289b4a449c0_0, 0, 1;
    %pushi/vec4 0, 0, 1;
    %store/vec4 v00000289b4a44b00_0, 0, 1;
    %jmp T_1.12;
T_1.6 ;
    %delay 10, 0;
    %pushi/vec4 0, 0, 1;
    %store/vec4 v00000289b4a44a60_0, 0, 1;
    %pushi/vec4 0, 0, 1;
    %store/vec4 v00000289b4a44920_0, 0, 1;
    %pushi/vec4 0, 0, 1;
    %store/vec4 v00000289b4a45640_0, 0, 1;
    %pushi/vec4 1, 0, 1;
    %store/vec4 v00000289b4a45aa0_0, 0, 1;
    %pushi/vec4 0, 0, 1;
    %store/vec4 v00000289b4a45d20_0, 0, 1;
    %pushi/vec4 0, 0, 1;
    %store/vec4 v00000289b4a45dc0_0, 0, 1;
    %pushi/vec4 0, 0, 1;
    %store/vec4 v00000289b4a449c0_0, 0, 1;
    %pushi/vec4 0, 0, 1;
    %store/vec4 v00000289b4a44b00_0, 0, 1;
    %jmp T_1.12;
T_1.7 ;
    %delay 10, 0;
    %pushi/vec4 1, 0, 3;
    %store/vec4 v00000289b4a455a0_0, 0, 3;
    %pushi/vec4 0, 0, 1;
    %store/vec4 v00000289b4a44a60_0, 0, 1;
    %pushi/vec4 0, 0, 1;
    %store/vec4 v00000289b4a45640_0, 0, 1;
    %pushi/vec4 1, 0, 1;
    %store/vec4 v00000289b4a44920_0, 0, 1;
    %pushi/vec4 0, 0, 1;
    %store/vec4 v00000289b4a45aa0_0, 0, 1;
    %pushi/vec4 1, 0, 1;
    %store/vec4 v00000289b4a45d20_0, 0, 1;
    %pushi/vec4 0, 0, 1;
    %store/vec4 v00000289b4a45dc0_0, 0, 1;
    %pushi/vec4 0, 0, 1;
    %store/vec4 v00000289b4a449c0_0, 0, 1;
    %pushi/vec4 0, 0, 1;
    %store/vec4 v00000289b4a44b00_0, 0, 1;
    %jmp T_1.12;
T_1.8 ;
    %delay 10, 0;
    %pushi/vec4 0, 0, 3;
    %store/vec4 v00000289b4a455a0_0, 0, 3;
    %pushi/vec4 1, 0, 1;
    %store/vec4 v00000289b4a44a60_0, 0, 1;
    %pushi/vec4 0, 0, 1;
    %store/vec4 v00000289b4a45640_0, 0, 1;
    %pushi/vec4 0, 0, 1;
    %store/vec4 v00000289b4a44920_0, 0, 1;
    %pushi/vec4 0, 0, 1;
    %store/vec4 v00000289b4a45aa0_0, 0, 1;
    %pushi/vec4 0, 0, 1;
    %store/vec4 v00000289b4a45d20_0, 0, 1;
    %pushi/vec4 1, 0, 1;
    %store/vec4 v00000289b4a45dc0_0, 0, 1;
    %pushi/vec4 0, 0, 1;
    %store/vec4 v00000289b4a449c0_0, 0, 1;
    %pushi/vec4 1, 0, 1;
    %store/vec4 v00000289b4a44b00_0, 0, 1;
    %jmp T_1.12;
T_1.9 ;
    %delay 10, 0;
    %pushi/vec4 0, 0, 3;
    %store/vec4 v00000289b4a455a0_0, 0, 3;
    %pushi/vec4 1, 0, 1;
    %store/vec4 v00000289b4a44a60_0, 0, 1;
    %pushi/vec4 1, 0, 1;
    %store/vec4 v00000289b4a45640_0, 0, 1;
    %pushi/vec4 0, 0, 1;
    %store/vec4 v00000289b4a44920_0, 0, 1;
    %pushi/vec4 0, 0, 1;
    %store/vec4 v00000289b4a45aa0_0, 0, 1;
    %pushi/vec4 0, 0, 1;
    %store/vec4 v00000289b4a45d20_0, 0, 1;
    %pushi/vec4 1, 0, 1;
    %store/vec4 v00000289b4a45dc0_0, 0, 1;
    %pushi/vec4 0, 0, 1;
    %store/vec4 v00000289b4a449c0_0, 0, 1;
    %pushi/vec4 1, 0, 1;
    %store/vec4 v00000289b4a44b00_0, 0, 1;
    %jmp T_1.12;
T_1.10 ;
    %delay 10, 0;
    %pushi/vec4 0, 0, 3;
    %store/vec4 v00000289b4a455a0_0, 0, 3;
    %pushi/vec4 0, 0, 1;
    %store/vec4 v00000289b4a44a60_0, 0, 1;
    %pushi/vec4 0, 0, 1;
    %store/vec4 v00000289b4a45640_0, 0, 1;
    %pushi/vec4 0, 0, 1;
    %store/vec4 v00000289b4a44920_0, 0, 1;
    %pushi/vec4 0, 0, 1;
    %store/vec4 v00000289b4a45aa0_0, 0, 1;
    %pushi/vec4 0, 0, 1;
    %store/vec4 v00000289b4a45d20_0, 0, 1;
    %pushi/vec4 0, 0, 1;
    %store/vec4 v00000289b4a45dc0_0, 0, 1;
    %pushi/vec4 1, 0, 1;
    %store/vec4 v00000289b4a449c0_0, 0, 1;
    %pushi/vec4 0, 0, 1;
    %store/vec4 v00000289b4a44b00_0, 0, 1;
    %jmp T_1.12;
T_1.11 ;
    %delay 10, 0;
    %pushi/vec4 0, 0, 3;
    %store/vec4 v00000289b4a455a0_0, 0, 3;
    %pushi/vec4 0, 0, 1;
    %store/vec4 v00000289b4a44a60_0, 0, 1;
    %pushi/vec4 1, 0, 1;
    %store/vec4 v00000289b4a45640_0, 0, 1;
    %pushi/vec4 0, 0, 1;
    %store/vec4 v00000289b4a44920_0, 0, 1;
    %pushi/vec4 0, 0, 1;
    %store/vec4 v00000289b4a45aa0_0, 0, 1;
    %pushi/vec4 0, 0, 1;
    %store/vec4 v00000289b4a45d20_0, 0, 1;
    %pushi/vec4 0, 0, 1;
    %store/vec4 v00000289b4a45dc0_0, 0, 1;
    %pushi/vec4 1, 0, 1;
    %store/vec4 v00000289b4a449c0_0, 0, 1;
    %pushi/vec4 0, 0, 1;
    %store/vec4 v00000289b4a44b00_0, 0, 1;
    %jmp T_1.12;
T_1.12 ;
    %pop/vec4 1;
    %jmp T_1;
    .thread T_1, $push;
    .scope S_00000289b48d8240;
T_2 ;
    %wait E_00000289b4935f20;
    %load/vec4 v00000289b4a446a0_0;
    %cmpi/e 0, 0, 1;
    %jmp/0xz  T_2.0, 4;
    %pushi/vec4 0, 0, 1;
    %store/vec4 v00000289b4a45dc0_0, 0, 1;
    %pushi/vec4 0, 0, 1;
    %store/vec4 v00000289b4a449c0_0, 0, 1;
T_2.0 ;
    %jmp T_2;
    .thread T_2, $push;
    .scope S_00000289b4a4a090;
T_3 ;
    %wait E_00000289b4932de0;
    %load/vec4 v00000289b4a46890_0;
    %flag_set/vec4 8;
    %jmp/0xz  T_3.0, 8;
    %delay 10, 0;
    %pushi/vec4 0, 0, 32;
    %store/vec4 v00000289b4a467f0_0, 0, 32;
T_3.2 ;
    %load/vec4 v00000289b4a467f0_0;
    %cmpi/s 8, 0, 32;
    %jmp/0xz T_3.3, 5;
    %pushi/vec4 0, 0, 8;
    %ix/getv/s 3, v00000289b4a467f0_0;
    %ix/load 4, 0, 0; Constant delay
    %assign/vec4/a/d v00000289b4a47010, 0, 4;
    ; show_stmt_assign_vector: Get l-value for compressed += operand
    %load/vec4 v00000289b4a467f0_0;
    %pushi/vec4 1, 0, 32;
    %add;
    %store/vec4 v00000289b4a467f0_0, 0, 32;
    %jmp T_3.2;
T_3.3 ;
T_3.0 ;
    %load/vec4 v00000289b4a46e30_0;
    %flag_set/vec4 8;
    %jmp/0xz  T_3.4, 8;
    %delay 10, 0;
    %load/vec4 v00000289b4a46110_0;
    %load/vec4 v00000289b4a46610_0;
    %pad/u 5;
    %ix/vec4 3;
    %ix/load 4, 0, 0; Constant delay
    %assign/vec4/a/d v00000289b4a47010, 0, 4;
T_3.4 ;
    %jmp T_3;
    .thread T_3;
    .scope S_00000289b4a4a090;
T_4 ;
    %vpi_call 4 656 "$dumpfile", "cpu_wavedata_Grp18CPU.vcd" {0 0 0};
    %pushi/vec4 0, 0, 32;
    %store/vec4 v00000289b4a467f0_0, 0, 32;
T_4.0 ;
    %load/vec4 v00000289b4a467f0_0;
    %cmpi/s 8, 0, 32;
    %jmp/0xz T_4.1, 5;
    %vpi_call 4 658 "$dumpvars", 32'sb00000000000000000000000000000001, &A<v00000289b4a47010, v00000289b4a467f0_0 > {0 0 0};
    ; show_stmt_assign_vector: Get l-value for compressed += operand
    %load/vec4 v00000289b4a467f0_0;
    %pushi/vec4 1, 0, 32;
    %add;
    %store/vec4 v00000289b4a467f0_0, 0, 32;
    %jmp T_4.0;
T_4.1 ;
    %end;
    .thread T_4;
    .scope S_00000289b4a4a090;
T_5 ;
    %delay 50, 0;
    %vpi_call 4 664 "$display", "\012\011\011\011==================================================================" {0 0 0};
    %vpi_call 4 665 "$display", "\011\011\011 Change of Register Content Starting from Time #5" {0 0 0};
    %vpi_call 4 666 "$display", "\011\011\011==================================================================\012" {0 0 0};
    %vpi_call 4 667 "$display", "\011\011time\011regs0\011regs1\011regs2\011regs3\011regs4\011regs5\011regs6\011regs7" {0 0 0};
    %vpi_call 4 668 "$display", "\011\011-------------------------------------------------------------------------------------" {0 0 0};
    %vpi_call 4 669 "$monitor", $time, "\011%d\011%d\011%d\011%d\011%d\011%d\011%d\011%d", &A<v00000289b4a47010, 0>, &A<v00000289b4a47010, 1>, &A<v00000289b4a47010, 2>, &A<v00000289b4a47010, 3>, &A<v00000289b4a47010, 4>, &A<v00000289b4a47010, 5>, &A<v00000289b4a47010, 6>, &A<v00000289b4a47010, 7> {0 0 0};
    %end;
    .thread T_5;
    .scope S_00000289b4a4a220;
T_6 ;
    %wait E_00000289b4936860;
    %load/vec4 v00000289b4a473d0_0;
    %inv;
    %addi 1, 0, 8;
    %store/vec4 v00000289b4a46930_0, 0, 8;
    %delay 10, 0;
    %load/vec4 v00000289b4a46930_0;
    %store/vec4 v00000289b4a461b0_0, 0, 8;
    %jmp T_6;
    .thread T_6, $push;
    .scope S_00000289b48b7470;
T_7 ;
    %wait E_00000289b4936660;
    %load/vec4 v00000289b4a464d0_0;
    %flag_set/vec4 8;
    %jmp/0xz  T_7.0, 8;
    %load/vec4 v00000289b4a46b10_0;
    %store/vec4 v00000289b4a45280_0, 0, 8;
    %jmp T_7.1;
T_7.0 ;
    %load/vec4 v00000289b4a47790_0;
    %store/vec4 v00000289b4a45280_0, 0, 8;
T_7.1 ;
    %jmp T_7;
    .thread T_7, $push;
    .scope S_00000289b48b58e0;
T_8 ;
    %wait E_00000289b4935ae0;
    %load/vec4 v00000289b4a46ed0_0;
    %flag_set/vec4 8;
    %jmp/0xz  T_8.0, 8;
    %load/vec4 v00000289b4a47f10_0;
    %store/vec4 v00000289b4a47bf0_0, 0, 8;
    %jmp T_8.1;
T_8.0 ;
    %load/vec4 v00000289b4a46bb0_0;
    %store/vec4 v00000289b4a47bf0_0, 0, 8;
T_8.1 ;
    %jmp T_8;
    .thread T_8, $push;
    .scope S_00000289b48ddf60;
T_9 ;
    %wait E_00000289b49363e0;
    %load/vec4 v00000289b4a441a0_0;
    %dup/vec4;
    %pushi/vec4 0, 0, 3;
    %cmp/u;
    %jmp/1 T_9.0, 6;
    %dup/vec4;
    %pushi/vec4 1, 0, 3;
    %cmp/u;
    %jmp/1 T_9.1, 6;
    %dup/vec4;
    %pushi/vec4 2, 0, 3;
    %cmp/u;
    %jmp/1 T_9.2, 6;
    %dup/vec4;
    %pushi/vec4 3, 0, 3;
    %cmp/u;
    %jmp/1 T_9.3, 6;
    %pushi/vec4 0, 0, 8;
    %store/vec4 v00000289b4a44240_0, 0, 8;
    %jmp T_9.5;
T_9.0 ;
    %load/vec4 v00000289b4a442e0_0;
    %store/vec4 v00000289b4a44240_0, 0, 8;
    %jmp T_9.5;
T_9.1 ;
    %load/vec4 v00000289b4a45c80_0;
    %store/vec4 v00000289b4a44240_0, 0, 8;
    %jmp T_9.5;
T_9.2 ;
    %load/vec4 v00000289b4a44600_0;
    %store/vec4 v00000289b4a44240_0, 0, 8;
    %jmp T_9.5;
T_9.3 ;
    %load/vec4 v00000289b4a44d80_0;
    %store/vec4 v00000289b4a44240_0, 0, 8;
    %jmp T_9.5;
T_9.5 ;
    %pop/vec4 1;
    %jmp T_9;
    .thread T_9, $push;
    .scope S_00000289b48ddf60;
T_10 ;
    %wait E_00000289b49363a0;
    %load/vec4 v00000289b4a45c80_0;
    %cmpi/e 0, 0, 8;
    %jmp/0xz  T_10.0, 4;
    %pushi/vec4 1, 0, 1;
    %store/vec4 v00000289b4a45a00_0, 0, 1;
    %jmp T_10.1;
T_10.0 ;
    %pushi/vec4 0, 0, 1;
    %store/vec4 v00000289b4a45a00_0, 0, 1;
T_10.1 ;
    %jmp T_10;
    .thread T_10, $push;
    .scope S_00000289b4a4a540;
T_11 ;
    %wait E_00000289b49364a0;
    %pushi/vec4 0, 0, 32;
    %store/vec4 v00000289b4a47dd0_0, 0, 32;
T_11.0 ;
    %load/vec4 v00000289b4a47dd0_0;
    %cmpi/s 32, 0, 32;
    %jmp/0xz T_11.1, 5;
    %load/vec4 v00000289b4a47dd0_0;
    %cmpi/s 8, 0, 32;
    %jmp/0xz  T_11.2, 5;
    %load/vec4 v00000289b4a470b0_0;
    %load/vec4 v00000289b4a47dd0_0;
    %part/s 1;
    %ix/getv/s 4, v00000289b4a47dd0_0;
    %store/vec4 v00000289b4a47150_0, 4, 1;
    %jmp T_11.3;
T_11.2 ;
    %load/vec4 v00000289b4a470b0_0;
    %parti/s 1, 7, 4;
    %ix/getv/s 4, v00000289b4a47dd0_0;
    %store/vec4 v00000289b4a47150_0, 4, 1;
T_11.3 ;
    ; show_stmt_assign_vector: Get l-value for compressed += operand
    %load/vec4 v00000289b4a47dd0_0;
    %pushi/vec4 1, 0, 32;
    %add;
    %store/vec4 v00000289b4a47dd0_0, 0, 32;
    %jmp T_11.0;
T_11.1 ;
    %load/vec4 v00000289b4a47150_0;
    %ix/load 4, 2, 0;
    %flag_set/imm 4, 0;
    %shiftl 4;
    %store/vec4 v00000289b4a47150_0, 0, 32;
    %jmp T_11;
    .thread T_11, $push;
    .scope S_00000289b48af630;
T_12 ;
    %wait E_00000289b4933460;
    %load/vec4 v00000289b493a2c0_0;
    %load/vec4 v00000289b493a180_0;
    %and;
    %store/vec4 v00000289b4a45f00_0, 0, 1;
    %jmp T_12;
    .thread T_12, $push;
    .scope S_00000289b48af950;
T_13 ;
    %wait E_00000289b4936420;
    %load/vec4 v00000289b4a456e0_0;
    %load/vec4 v00000289b4a45780_0;
    %or;
    %store/vec4 v00000289b4a444c0_0, 0, 1;
    %jmp T_13;
    .thread T_13, $push;
    .scope S_00000289b48b5c00;
T_14 ;
    %wait E_00000289b4936720;
    %delay 10, 0;
    %load/vec4 v00000289b4a46250_0;
    %addi 4, 0, 32;
    %store/vec4 v00000289b4a46d90_0, 0, 32;
    %jmp T_14;
    .thread T_14, $push;
    .scope S_00000289b4a4ad10;
T_15 ;
    %wait E_00000289b49361a0;
    %delay 20, 0;
    %load/vec4 v00000289b4a47650_0;
    %load/vec4 v00000289b4a47830_0;
    %add;
    %store/vec4 v00000289b4a47b50_0, 0, 32;
    %jmp T_15;
    .thread T_15, $push;
    .scope S_00000289b48af7c0;
T_16 ;
    %wait E_00000289b49362a0;
    %load/vec4 v00000289b4a45820_0;
    %flag_set/vec4 8;
    %jmp/0xz  T_16.0, 8;
    %load/vec4 v00000289b4a45be0_0;
    %store/vec4 v00000289b4a45960_0, 0, 32;
    %jmp T_16.1;
T_16.0 ;
    %load/vec4 v00000289b4a44420_0;
    %store/vec4 v00000289b4a45960_0, 0, 32;
T_16.1 ;
    %jmp T_16;
    .thread T_16, $push;
    .scope S_00000289b4a4ab80;
T_17 ;
    %wait E_00000289b4932de0;
    %load/vec4 v00000289b4a469d0_0;
    %cmpi/e 0, 0, 1;
    %jmp/0xz  T_17.0, 4;
    %load/vec4 v00000289b4a476f0_0;
    %flag_set/vec4 8;
    %jmp/0xz  T_17.2, 8;
    %delay 10, 0;
    %pushi/vec4 0, 0, 32;
    %store/vec4 v00000289b4a46390_0, 0, 32;
T_17.2 ;
T_17.0 ;
    %jmp T_17;
    .thread T_17;
    .scope S_00000289b4a4ab80;
T_18 ;
    %wait E_00000289b4932de0;
    %load/vec4 v00000289b4a469d0_0;
    %cmpi/e 0, 0, 1;
    %jmp/0xz  T_18.0, 4;
    %delay 10, 0;
    %load/vec4 v00000289b4a46c50_0;
    %store/vec4 v00000289b4a46390_0, 0, 32;
T_18.0 ;
    %jmp T_18;
    .thread T_18;
    .scope S_00000289b48b5a70;
T_19 ;
    %wait E_00000289b4935b20;
    %load/vec4 v00000289b4a462f0_0;
    %flag_set/vec4 8;
    %jmp/0xz  T_19.0, 8;
    %load/vec4 v00000289b4a475b0_0;
    %store/vec4 v00000289b4a47d30_0, 0, 8;
    %jmp T_19.1;
T_19.0 ;
    %load/vec4 v00000289b4a47c90_0;
    %store/vec4 v00000289b4a47d30_0, 0, 8;
T_19.1 ;
    %jmp T_19;
    .thread T_19, $push;
    .scope S_00000289b4a4a860;
T_20 ;
    %wait E_00000289b49364e0;
    %load/vec4 v00000289b4a4b780_0;
    %flag_set/vec4 8;
    %load/vec4 v00000289b4a4bb40_0;
    %flag_set/vec4 9;
    %flag_or 9, 8;
    %jmp/0xz  T_20.0, 9;
    %pushi/vec4 1, 0, 1;
    %store/vec4 v00000289b4a4b6e0_0, 0, 1;
    %pushi/vec4 1, 0, 1;
    %store/vec4 v00000289b4a4e870_0, 0, 1;
    %pushi/vec4 1, 0, 1;
    %store/vec4 v00000289b4a4df10_0, 0, 1;
    %jmp T_20.1;
T_20.0 ;
    %pushi/vec4 0, 0, 1;
    %store/vec4 v00000289b4a4b6e0_0, 0, 1;
T_20.1 ;
    %jmp T_20;
    .thread T_20, $push;
    .scope S_00000289b4a4a860;
T_21 ;
    %wait E_00000289b4935ea0;
    %pushi/vec4 0, 0, 32;
    %store/vec4 v00000289b4a4d3d0_0, 0, 32;
T_21.0 ;
    %load/vec4 v00000289b4a4d3d0_0;
    %cmpi/s 8, 0, 32;
    %jmp/0xz T_21.1, 5;
    %pushi/vec4 0, 0, 1;
    %ix/getv/s 4, v00000289b4a4d3d0_0;
    %store/vec4a v00000289b4a4e2d0, 4, 0;
    %pushi/vec4 0, 0, 1;
    %ix/getv/s 4, v00000289b4a4d3d0_0;
    %store/vec4a v00000289b4a4ed70, 4, 0;
    %pushi/vec4 7, 7, 3;
    %ix/getv/s 4, v00000289b4a4d3d0_0;
    %store/vec4a v00000289b4a4ee10, 4, 0;
    %pushi/vec4 4294967295, 4294967295, 32;
    %ix/getv/s 4, v00000289b4a4d3d0_0;
    %store/vec4a v00000289b4a4e910, 4, 0;
    ; show_stmt_assign_vector: Get l-value for compressed += operand
    %load/vec4 v00000289b4a4d3d0_0;
    %pushi/vec4 1, 0, 32;
    %add;
    %store/vec4 v00000289b4a4d3d0_0, 0, 32;
    %jmp T_21.0;
T_21.1 ;
    %jmp T_21;
    .thread T_21, $push;
    .scope S_00000289b4a4a860;
T_22 ;
    %wait E_00000289b4936360;
    %delay 10, 0;
    %load/vec4 v00000289b4a4cb80_0;
    %parti/s 3, 2, 3;
    %pad/u 5;
    %ix/vec4 4;
    %load/vec4a v00000289b4a4e910, 4;
    %store/vec4 v00000289b4a4eaf0_0, 0, 32;
    %jmp T_22;
    .thread T_22, $push;
    .scope S_00000289b4a4a860;
T_23 ;
    %wait E_00000289b4932de0;
    %load/vec4 v00000289b4a4de70_0;
    %flag_set/vec4 8;
    %jmp/0xz  T_23.0, 8;
    %pushi/vec4 0, 0, 1;
    %store/vec4 v00000289b4a4b6e0_0, 0, 1;
T_23.0 ;
    %jmp T_23;
    .thread T_23;
    .scope S_00000289b4a4a860;
T_24 ;
    %wait E_00000289b4935e20;
    %load/vec4 v00000289b4a4e870_0;
    %load/vec4 v00000289b4a4de70_0;
    %and;
    %flag_set/vec4 8;
    %jmp/0xz  T_24.0, 8;
    %load/vec4 v00000289b4a4cb80_0;
    %parti/s 2, 0, 2;
    %dup/vec4;
    %pushi/vec4 0, 0, 2;
    %cmp/u;
    %jmp/1 T_24.2, 6;
    %dup/vec4;
    %pushi/vec4 1, 0, 2;
    %cmp/u;
    %jmp/1 T_24.3, 6;
    %dup/vec4;
    %pushi/vec4 2, 0, 2;
    %cmp/u;
    %jmp/1 T_24.4, 6;
    %dup/vec4;
    %pushi/vec4 3, 0, 2;
    %cmp/u;
    %jmp/1 T_24.5, 6;
    %jmp T_24.6;
T_24.2 ;
    %load/vec4 v00000289b4a4eaf0_0;
    %parti/s 8, 0, 2;
    %store/vec4 v00000289b4a4bd20_0, 0, 8;
    %jmp T_24.6;
T_24.3 ;
    %load/vec4 v00000289b4a4eaf0_0;
    %parti/s 8, 8, 5;
    %store/vec4 v00000289b4a4bd20_0, 0, 8;
    %jmp T_24.6;
T_24.4 ;
    %load/vec4 v00000289b4a4eaf0_0;
    %parti/s 8, 16, 6;
    %store/vec4 v00000289b4a4bd20_0, 0, 8;
    %jmp T_24.6;
T_24.5 ;
    %load/vec4 v00000289b4a4eaf0_0;
    %parti/s 8, 24, 6;
    %store/vec4 v00000289b4a4bd20_0, 0, 8;
    %jmp T_24.6;
T_24.6 ;
    %pop/vec4 1;
    %pushi/vec4 0, 0, 1;
    %store/vec4 v00000289b4a4e870_0, 0, 1;
T_24.0 ;
    %jmp T_24;
    .thread T_24, $push;
    .scope S_00000289b4a4a860;
T_25 ;
    %wait E_00000289b4932de0;
    %load/vec4 v00000289b4a4de70_0;
    %load/vec4 v00000289b4a4df10_0;
    %and;
    %flag_set/vec4 8;
    %jmp/0xz  T_25.0, 8;
    %delay 10, 0;
    %pushi/vec4 1, 0, 1;
    %load/vec4 v00000289b4a4cb80_0;
    %parti/s 3, 2, 3;
    %pad/u 5;
    %ix/vec4 4;
    %store/vec4a v00000289b4a4ed70, 4, 0;
    %load/vec4 v00000289b4a4cb80_0;
    %parti/s 2, 0, 2;
    %dup/vec4;
    %pushi/vec4 0, 0, 2;
    %cmp/u;
    %jmp/1 T_25.2, 6;
    %dup/vec4;
    %pushi/vec4 1, 0, 2;
    %cmp/u;
    %jmp/1 T_25.3, 6;
    %dup/vec4;
    %pushi/vec4 2, 0, 2;
    %cmp/u;
    %jmp/1 T_25.4, 6;
    %dup/vec4;
    %pushi/vec4 3, 0, 2;
    %cmp/u;
    %jmp/1 T_25.5, 6;
    %jmp T_25.6;
T_25.2 ;
    %load/vec4 v00000289b4a4b500_0;
    %load/vec4 v00000289b4a4cb80_0;
    %parti/s 3, 2, 3;
    %pad/u 5;
    %ix/vec4 4;
    %flag_mov 8, 4;
    %ix/load 5, 0, 0;
    %flag_set/imm 4, 0;
    %flag_or 4, 8;
    %store/vec4a v00000289b4a4e910, 4, 5;
    %jmp T_25.6;
T_25.3 ;
    %load/vec4 v00000289b4a4b500_0;
    %load/vec4 v00000289b4a4cb80_0;
    %parti/s 3, 2, 3;
    %pad/u 5;
    %ix/vec4 4;
    %flag_mov 8, 4;
    %ix/load 5, 8, 0;
    %flag_set/imm 4, 0;
    %flag_or 4, 8;
    %store/vec4a v00000289b4a4e910, 4, 5;
    %jmp T_25.6;
T_25.4 ;
    %load/vec4 v00000289b4a4b500_0;
    %load/vec4 v00000289b4a4cb80_0;
    %parti/s 3, 2, 3;
    %pad/u 5;
    %ix/vec4 4;
    %flag_mov 8, 4;
    %ix/load 5, 16, 0;
    %flag_set/imm 4, 0;
    %flag_or 4, 8;
    %store/vec4a v00000289b4a4e910, 4, 5;
    %jmp T_25.6;
T_25.5 ;
    %load/vec4 v00000289b4a4b500_0;
    %load/vec4 v00000289b4a4cb80_0;
    %parti/s 3, 2, 3;
    %pad/u 5;
    %ix/vec4 4;
    %flag_mov 8, 4;
    %ix/load 5, 24, 0;
    %flag_set/imm 4, 0;
    %flag_or 4, 8;
    %store/vec4a v00000289b4a4e910, 4, 5;
    %jmp T_25.6;
T_25.6 ;
    %pop/vec4 1;
    %pushi/vec4 0, 0, 1;
    %store/vec4 v00000289b4a4df10_0, 0, 1;
T_25.0 ;
    %jmp T_25;
    .thread T_25;
    .scope S_00000289b4a4a860;
T_26 ;
    %wait E_00000289b4936620;
    %load/vec4 v00000289b4a4d470_0;
    %dup/vec4;
    %pushi/vec4 0, 0, 2;
    %cmp/u;
    %jmp/1 T_26.0, 6;
    %dup/vec4;
    %pushi/vec4 1, 0, 2;
    %cmp/u;
    %jmp/1 T_26.1, 6;
    %dup/vec4;
    %pushi/vec4 2, 0, 2;
    %cmp/u;
    %jmp/1 T_26.2, 6;
    %dup/vec4;
    %pushi/vec4 3, 0, 2;
    %cmp/u;
    %jmp/1 T_26.3, 6;
    %jmp T_26.4;
T_26.0 ;
    %load/vec4 v00000289b4a4b780_0;
    %load/vec4 v00000289b4a4bb40_0;
    %or;
    %load/vec4 v00000289b4a4ddd0_0;
    %nor/r;
    %and;
    %load/vec4 v00000289b4a4de70_0;
    %nor/r;
    %and;
    %flag_set/vec4 8;
    %jmp/0xz  T_26.5, 8;
    %pushi/vec4 1, 0, 2;
    %store/vec4 v00000289b4a4e190_0, 0, 2;
    %jmp T_26.6;
T_26.5 ;
    %load/vec4 v00000289b4a4b780_0;
    %load/vec4 v00000289b4a4bb40_0;
    %or;
    %load/vec4 v00000289b4a4ddd0_0;
    %and;
    %load/vec4 v00000289b4a4de70_0;
    %nor/r;
    %and;
    %flag_set/vec4 8;
    %jmp/0xz  T_26.7, 8;
    %pushi/vec4 2, 0, 2;
    %store/vec4 v00000289b4a4e190_0, 0, 2;
    %jmp T_26.8;
T_26.7 ;
    %pushi/vec4 0, 0, 2;
    %store/vec4 v00000289b4a4e190_0, 0, 2;
T_26.8 ;
T_26.6 ;
    %jmp T_26.4;
T_26.1 ;
    %load/vec4 v00000289b4a4c360_0;
    %flag_set/vec4 8;
    %jmp/0xz  T_26.9, 8;
    %pushi/vec4 1, 0, 2;
    %store/vec4 v00000289b4a4e190_0, 0, 2;
    %jmp T_26.10;
T_26.9 ;
    %pushi/vec4 3, 0, 2;
    %store/vec4 v00000289b4a4e190_0, 0, 2;
T_26.10 ;
    %jmp T_26.4;
T_26.2 ;
    %load/vec4 v00000289b4a4c360_0;
    %flag_set/vec4 8;
    %jmp/0xz  T_26.11, 8;
    %pushi/vec4 2, 0, 2;
    %store/vec4 v00000289b4a4e190_0, 0, 2;
    %jmp T_26.12;
T_26.11 ;
    %pushi/vec4 1, 0, 2;
    %store/vec4 v00000289b4a4e190_0, 0, 2;
T_26.12 ;
    %jmp T_26.4;
T_26.3 ;
    %pushi/vec4 0, 0, 2;
    %store/vec4 v00000289b4a4e190_0, 0, 2;
    %jmp T_26.4;
T_26.4 ;
    %pop/vec4 1;
    %jmp T_26;
    .thread T_26, $push;
    .scope S_00000289b4a4a860;
T_27 ;
    %wait E_00000289b4936020;
    %load/vec4 v00000289b4a4d470_0;
    %dup/vec4;
    %pushi/vec4 0, 0, 2;
    %cmp/u;
    %jmp/1 T_27.0, 6;
    %dup/vec4;
    %pushi/vec4 1, 0, 2;
    %cmp/u;
    %jmp/1 T_27.1, 6;
    %dup/vec4;
    %pushi/vec4 2, 0, 2;
    %cmp/u;
    %jmp/1 T_27.2, 6;
    %dup/vec4;
    %pushi/vec4 3, 0, 2;
    %cmp/u;
    %jmp/1 T_27.3, 6;
    %jmp T_27.4;
T_27.0 ;
    %pushi/vec4 0, 0, 1;
    %store/vec4 v00000289b4a4c720_0, 0, 1;
    %pushi/vec4 0, 0, 1;
    %store/vec4 v00000289b4a4c860_0, 0, 1;
    %pushi/vec4 63, 63, 6;
    %store/vec4 v00000289b4a4cae0_0, 0, 6;
    %pushi/vec4 4294967295, 4294967295, 32;
    %store/vec4 v00000289b4a4b280_0, 0, 32;
    %pushi/vec4 0, 0, 1;
    %store/vec4 v00000289b4a4b6e0_0, 0, 1;
    %jmp T_27.4;
T_27.1 ;
    %pushi/vec4 1, 0, 1;
    %store/vec4 v00000289b4a4c720_0, 0, 1;
    %pushi/vec4 0, 0, 1;
    %store/vec4 v00000289b4a4c860_0, 0, 1;
    %load/vec4 v00000289b4a4cb80_0;
    %parti/s 6, 2, 3;
    %store/vec4 v00000289b4a4cae0_0, 0, 6;
    %pushi/vec4 4294967295, 4294967295, 32;
    %store/vec4 v00000289b4a4b280_0, 0, 32;
    %jmp T_27.4;
T_27.2 ;
    %pushi/vec4 0, 0, 1;
    %store/vec4 v00000289b4a4c720_0, 0, 1;
    %pushi/vec4 1, 0, 1;
    %store/vec4 v00000289b4a4c860_0, 0, 1;
    %load/vec4 v00000289b4a4d330_0;
    %load/vec4 v00000289b4a4cb80_0;
    %parti/s 3, 2, 3;
    %concat/vec4; draw_concat_vec4
    %store/vec4 v00000289b4a4cae0_0, 0, 6;
    %load/vec4 v00000289b4a4eaf0_0;
    %store/vec4 v00000289b4a4b280_0, 0, 32;
    %jmp T_27.4;
T_27.3 ;
    %pushi/vec4 0, 0, 1;
    %store/vec4 v00000289b4a4c720_0, 0, 1;
    %pushi/vec4 0, 0, 1;
    %store/vec4 v00000289b4a4c860_0, 0, 1;
    %pushi/vec4 63, 63, 6;
    %store/vec4 v00000289b4a4cae0_0, 0, 6;
    %pushi/vec4 4294967295, 4294967295, 32;
    %store/vec4 v00000289b4a4b280_0, 0, 32;
    %delay 10, 0;
    %load/vec4 v00000289b4a4ce00_0;
    %load/vec4 v00000289b4a4cb80_0;
    %parti/s 3, 2, 3;
    %pad/u 5;
    %ix/vec4 4;
    %store/vec4a v00000289b4a4e910, 4, 0;
    %load/vec4 v00000289b4a4cb80_0;
    %parti/s 3, 5, 4;
    %load/vec4 v00000289b4a4cb80_0;
    %parti/s 3, 2, 3;
    %pad/u 5;
    %ix/vec4 4;
    %store/vec4a v00000289b4a4ee10, 4, 0;
    %pushi/vec4 1, 0, 1;
    %load/vec4 v00000289b4a4cb80_0;
    %parti/s 3, 2, 3;
    %pad/u 5;
    %ix/vec4 4;
    %store/vec4a v00000289b4a4e2d0, 4, 0;
    %pushi/vec4 0, 0, 1;
    %load/vec4 v00000289b4a4cb80_0;
    %parti/s 3, 2, 3;
    %pad/u 5;
    %ix/vec4 4;
    %store/vec4a v00000289b4a4ed70, 4, 0;
    %jmp T_27.4;
T_27.4 ;
    %pop/vec4 1;
    %jmp T_27;
    .thread T_27, $push;
    .scope S_00000289b4a4a860;
T_28 ;
    %wait E_00000289b4935c20;
    %load/vec4 v00000289b4a4c9a0_0;
    %flag_set/vec4 8;
    %jmp/0xz  T_28.0, 8;
    %pushi/vec4 0, 0, 2;
    %store/vec4 v00000289b4a4d470_0, 0, 2;
    %jmp T_28.1;
T_28.0 ;
    %load/vec4 v00000289b4a4e190_0;
    %store/vec4 v00000289b4a4d470_0, 0, 2;
T_28.1 ;
    %jmp T_28;
    .thread T_28;
    .scope S_00000289b493e820;
T_29 ;
    %wait E_00000289b4932a20;
    %load/vec4 v00000289b4949280_0;
    %flag_set/vec4 8;
    %load/vec4 v00000289b4949320_0;
    %flag_set/vec4 9;
    %flag_or 9, 8;
    %jmp/0 T_29.0, 9;
    %pushi/vec4 1, 0, 2;
    %jmp/1 T_29.1, 9;
T_29.0 ; End of true expr.
    %pushi/vec4 0, 0, 2;
    %jmp/0 T_29.1, 9;
 ; End of false expr.
    %blend;
T_29.1;
    %pad/s 1;
    %store/vec4 v00000289b4949c80_0, 0, 1;
    %load/vec4 v00000289b4949280_0;
    %load/vec4 v00000289b4949320_0;
    %nor/r;
    %and;
    %flag_set/vec4 8;
    %jmp/0 T_29.2, 8;
    %pushi/vec4 1, 0, 2;
    %jmp/1 T_29.3, 8;
T_29.2 ; End of true expr.
    %pushi/vec4 0, 0, 2;
    %jmp/0 T_29.3, 8;
 ; End of false expr.
    %blend;
T_29.3;
    %pad/s 1;
    %store/vec4 v00000289b494a720_0, 0, 1;
    %load/vec4 v00000289b4949280_0;
    %nor/r;
    %load/vec4 v00000289b4949320_0;
    %and;
    %flag_set/vec4 8;
    %jmp/0 T_29.4, 8;
    %pushi/vec4 1, 0, 2;
    %jmp/1 T_29.5, 8;
T_29.4 ; End of true expr.
    %pushi/vec4 0, 0, 2;
    %jmp/0 T_29.5, 8;
 ; End of false expr.
    %blend;
T_29.5;
    %pad/s 1;
    %store/vec4 v00000289b493a0e0_0, 0, 1;
    %jmp T_29;
    .thread T_29, $push;
    .scope S_00000289b493e820;
T_30 ;
    %wait E_00000289b4932de0;
    %load/vec4 v00000289b494a720_0;
    %flag_set/vec4 8;
    %jmp/0xz  T_30.0, 8;
    %load/vec4 v00000289b494aae0_0;
    %concati/vec4 0, 0, 2;
    %pad/u 10;
    %ix/vec4 4;
    %load/vec4a v00000289b4949e60, 4;
    %store/vec4 v00000289b494a0e0_0, 0, 8;
    %pushi/vec4 400, 0, 64;
    %ix/vec4 4;
    %delayx 4;
    %load/vec4 v00000289b494a0e0_0;
    %ix/load 4, 0, 0;
    %flag_set/imm 4, 0;
    %store/vec4 v00000289b494a7c0_0, 4, 8;
    %load/vec4 v00000289b494aae0_0;
    %concati/vec4 1, 0, 2;
    %pad/u 10;
    %ix/vec4 4;
    %load/vec4a v00000289b4949e60, 4;
    %store/vec4 v00000289b494a900_0, 0, 8;
    %pushi/vec4 400, 0, 64;
    %ix/vec4 4;
    %delayx 4;
    %load/vec4 v00000289b494a900_0;
    %ix/load 4, 8, 0;
    %flag_set/imm 4, 0;
    %store/vec4 v00000289b494a7c0_0, 4, 8;
    %load/vec4 v00000289b494aae0_0;
    %concati/vec4 2, 0, 2;
    %pad/u 10;
    %ix/vec4 4;
    %load/vec4a v00000289b4949e60, 4;
    %store/vec4 v00000289b49491e0_0, 0, 8;
    %pushi/vec4 400, 0, 64;
    %ix/vec4 4;
    %delayx 4;
    %load/vec4 v00000289b49491e0_0;
    %ix/load 4, 16, 0;
    %flag_set/imm 4, 0;
    %store/vec4 v00000289b494a7c0_0, 4, 8;
    %load/vec4 v00000289b494aae0_0;
    %concati/vec4 3, 0, 2;
    %pad/u 10;
    %ix/vec4 4;
    %load/vec4a v00000289b4949e60, 4;
    %store/vec4 v00000289b4948f60_0, 0, 8;
    %pushi/vec4 400, 0, 64;
    %ix/vec4 4;
    %delayx 4;
    %load/vec4 v00000289b4948f60_0;
    %ix/load 4, 24, 0;
    %flag_set/imm 4, 0;
    %store/vec4 v00000289b494a7c0_0, 4, 8;
    %pushi/vec4 0, 0, 1;
    %store/vec4 v00000289b4949c80_0, 0, 1;
    %pushi/vec4 0, 0, 1;
    %store/vec4 v00000289b494a720_0, 0, 1;
T_30.0 ;
    %load/vec4 v00000289b493a0e0_0;
    %flag_set/vec4 8;
    %jmp/0xz  T_30.2, 8;
    %load/vec4 v00000289b493a720_0;
    %parti/s 8, 0, 2;
    %store/vec4 v00000289b494a220_0, 0, 8;
    %pushi/vec4 400, 0, 64;
    %ix/vec4 4;
    %delayx 4;
    %load/vec4 v00000289b494a220_0;
    %load/vec4 v00000289b494aae0_0;
    %concati/vec4 0, 0, 2;
    %pad/u 10;
    %ix/vec4 4;
    %store/vec4a v00000289b4949e60, 4, 0;
    %load/vec4 v00000289b493a720_0;
    %parti/s 8, 8, 5;
    %store/vec4 v00000289b494a540_0, 0, 8;
    %pushi/vec4 400, 0, 64;
    %ix/vec4 4;
    %delayx 4;
    %load/vec4 v00000289b494a540_0;
    %load/vec4 v00000289b494aae0_0;
    %concati/vec4 1, 0, 2;
    %pad/u 10;
    %ix/vec4 4;
    %store/vec4a v00000289b4949e60, 4, 0;
    %load/vec4 v00000289b493a720_0;
    %parti/s 8, 16, 6;
    %store/vec4 v00000289b494a4a0_0, 0, 8;
    %pushi/vec4 400, 0, 64;
    %ix/vec4 4;
    %delayx 4;
    %load/vec4 v00000289b494a4a0_0;
    %load/vec4 v00000289b494aae0_0;
    %concati/vec4 2, 0, 2;
    %pad/u 10;
    %ix/vec4 4;
    %store/vec4a v00000289b4949e60, 4, 0;
    %load/vec4 v00000289b493a720_0;
    %parti/s 8, 24, 6;
    %store/vec4 v00000289b4949fa0_0, 0, 8;
    %pushi/vec4 400, 0, 64;
    %ix/vec4 4;
    %delayx 4;
    %load/vec4 v00000289b4949fa0_0;
    %load/vec4 v00000289b494aae0_0;
    %concati/vec4 3, 0, 2;
    %pad/u 10;
    %ix/vec4 4;
    %store/vec4a v00000289b4949e60, 4, 0;
    %pushi/vec4 0, 0, 1;
    %store/vec4 v00000289b4949c80_0, 0, 1;
    %pushi/vec4 0, 0, 1;
    %store/vec4 v00000289b493a0e0_0, 0, 1;
T_30.2 ;
    %jmp T_30;
    .thread T_30;
    .scope S_00000289b493e820;
T_31 ;
    %wait E_00000289b49335e0;
    %load/vec4 v00000289b494ac20_0;
    %flag_set/vec4 8;
    %jmp/0xz  T_31.0, 8;
    %pushi/vec4 0, 0, 32;
    %store/vec4 v00000289b4949d20_0, 0, 32;
T_31.2 ;
    %load/vec4 v00000289b4949d20_0;
    %cmpi/s 256, 0, 32;
    %jmp/0xz T_31.3, 5;
    %pushi/vec4 0, 0, 8;
    %ix/getv/s 4, v00000289b4949d20_0;
    %store/vec4a v00000289b4949e60, 4, 0;
    %load/vec4 v00000289b4949d20_0;
    %addi 1, 0, 32;
    %store/vec4 v00000289b4949d20_0, 0, 32;
    %jmp T_31.2;
T_31.3 ;
    %pushi/vec4 0, 0, 1;
    %store/vec4 v00000289b4949c80_0, 0, 1;
    %pushi/vec4 0, 0, 1;
    %store/vec4 v00000289b494a720_0, 0, 1;
    %pushi/vec4 0, 0, 1;
    %store/vec4 v00000289b493a0e0_0, 0, 1;
T_31.0 ;
    %jmp T_31;
    .thread T_31;
    .scope S_00000289b493e4c0;
T_32 ;
    %wait E_00000289b4936720;
    %delay 20, 0;
    %load/vec4 v00000289b4a4d6f0_0;
    %pad/u 33;
    %addi 3, 0, 33;
    %ix/vec4 4;
    %load/vec4a v00000289b4a4e370, 4;
    %load/vec4 v00000289b4a4d6f0_0;
    %pad/u 33;
    %addi 2, 0, 33;
    %ix/vec4 4;
    %load/vec4a v00000289b4a4e370, 4;
    %concat/vec4; draw_concat_vec4
    %load/vec4 v00000289b4a4d6f0_0;
    %pad/u 33;
    %addi 1, 0, 33;
    %ix/vec4 4;
    %load/vec4a v00000289b4a4e370, 4;
    %concat/vec4; draw_concat_vec4
    %ix/getv 4, v00000289b4a4d6f0_0;
    %load/vec4a v00000289b4a4e370, 4;
    %concat/vec4; draw_concat_vec4
    %store/vec4 v00000289b4a4e0f0_0, 0, 32;
    %jmp T_32;
    .thread T_32, $push;
    .scope S_00000289b493e4c0;
T_33 ;
    %vpi_call 2 43 "$readmemb", "instr_mem.mem", v00000289b4a4e370 {0 0 0};
    %end;
    .thread T_33;
    .scope S_00000289b493e4c0;
T_34 ;
    %vpi_call 2 64 "$dumpfile", "cpu_wavedata_Grp18CPU.vcd" {0 0 0};
    %vpi_call 2 65 "$dumpvars", 32'sb00000000000000000000000000000000, S_00000289b493e4c0 {0 0 0};
    %pushi/vec4 0, 0, 1;
    %store/vec4 v00000289b4a4eb90_0, 0, 1;
    %pushi/vec4 1, 0, 1;
    %store/vec4 v00000289b4a4e230_0, 0, 1;
    %delay 100, 0;
    %pushi/vec4 0, 0, 1;
    %store/vec4 v00000289b4a4e230_0, 0, 1;
    %delay 15000, 0;
    %vpi_call 2 75 "$finish" {0 0 0};
    %end;
    .thread T_34;
    .scope S_00000289b493e4c0;
T_35 ;
    %delay 40, 0;
    %load/vec4 v00000289b4a4eb90_0;
    %inv;
    %store/vec4 v00000289b4a4eb90_0, 0, 1;
    %jmp T_35;
    .thread T_35;
# The file index is used to find the file name in the following table.
:file_names 6;
    "N/A";
    "<interactive>";
    "cpu_tb.v";
    "./DataMemory_LAB06_Part2.v";
    "./CPU_Lab6_Part2.v";
    "./dcacheFSM_Grp18.v";
