#! /c/Source/iverilog-install/bin/vvp
:ivl_version "12.0 (devel)" "(s20150603-1110-g18392a46)";
:ivl_delay_selection "TYPICAL";
:vpi_time_precision + 0;
:vpi_module "C:\iverilog\lib\ivl\system.vpi";
:vpi_module "C:\iverilog\lib\ivl\vhdl_sys.vpi";
:vpi_module "C:\iverilog\lib\ivl\vhdl_textio.vpi";
:vpi_module "C:\iverilog\lib\ivl\v2005_math.vpi";
:vpi_module "C:\iverilog\lib\ivl\va_math.vpi";
S_000002d335826c60 .scope module, "data_memory" "data_memory" 2 12;
 .timescale 0 0;
    .port_info 0 /INPUT 1 "clock";
    .port_info 1 /INPUT 1 "reset";
    .port_info 2 /INPUT 1 "read";
    .port_info 3 /INPUT 1 "write";
    .port_info 4 /INPUT 6 "address";
    .port_info 5 /INPUT 32 "writedata";
    .port_info 6 /OUTPUT 32 "readdata";
    .port_info 7 /OUTPUT 1 "busywait";
v000002d335826df0_0 .var *"_ivl_10", 7 0; Local signal
v000002d335826e90_0 .var *"_ivl_3", 7 0; Local signal
v000002d335826f30_0 .var *"_ivl_4", 7 0; Local signal
v000002d3357208c0_0 .var *"_ivl_5", 7 0; Local signal
v000002d335720960_0 .var *"_ivl_6", 7 0; Local signal
v000002d335720a00_0 .var *"_ivl_7", 7 0; Local signal
v000002d335720aa0_0 .var *"_ivl_8", 7 0; Local signal
v000002d335720b40_0 .var *"_ivl_9", 7 0; Local signal
o000002d33572c118 .functor BUFZ 6, C4<zzzzzz>; HiZ drive
v000002d335720be0_0 .net "address", 5 0, o000002d33572c118;  0 drivers
v000002d335720c80_0 .var "busywait", 0 0;
o000002d33572c178 .functor BUFZ 1, C4<z>; HiZ drive
v000002d335720d20_0 .net "clock", 0 0, o000002d33572c178;  0 drivers
v000002d335720dc0_0 .var/i "i", 31 0;
v000002d335720e60 .array "memory_array", 0 255, 7 0;
o000002d33572c1d8 .functor BUFZ 1, C4<z>; HiZ drive
v000002d335721590_0 .net "read", 0 0, o000002d33572c1d8;  0 drivers
v000002d335721c70_0 .var "readaccess", 0 0;
v000002d335721950_0 .var "readdata", 31 0;
o000002d33572c268 .functor BUFZ 1, C4<z>; HiZ drive
v000002d335721770_0 .net "reset", 0 0, o000002d33572c268;  0 drivers
o000002d33572c298 .functor BUFZ 1, C4<z>; HiZ drive
v000002d335721810_0 .net "write", 0 0, o000002d33572c298;  0 drivers
v000002d335721130_0 .var "writeaccess", 0 0;
o000002d33572c2f8 .functor BUFZ 32, C4<zzzzzzzzzzzzzzzzzzzzzzzzzzzzzzzz>; HiZ drive
v000002d3357216d0_0 .net "writedata", 31 0, o000002d33572c2f8;  0 drivers
E_000002d335719470 .event posedge, v000002d335721770_0;
E_000002d335719430 .event posedge, v000002d335720d20_0;
E_000002d33571a0b0 .event anyedge, v000002d335721810_0, v000002d335721590_0;
    .scope S_000002d335826c60;
T_0 ;
    %wait E_000002d33571a0b0;
    %load/vec4 v000002d335721590_0;
    %flag_set/vec4 8;
    %load/vec4 v000002d335721810_0;
    %flag_set/vec4 9;
    %flag_or 9, 8;
    %jmp/0 T_0.0, 9;
    %pushi/vec4 1, 0, 2;
    %jmp/1 T_0.1, 9;
T_0.0 ; End of true expr.
    %pushi/vec4 0, 0, 2;
    %jmp/0 T_0.1, 9;
 ; End of false expr.
    %blend;
T_0.1;
    %pad/s 1;
    %store/vec4 v000002d335720c80_0, 0, 1;
    %load/vec4 v000002d335721590_0;
    %load/vec4 v000002d335721810_0;
    %nor/r;
    %and;
    %flag_set/vec4 8;
    %jmp/0 T_0.2, 8;
    %pushi/vec4 1, 0, 2;
    %jmp/1 T_0.3, 8;
T_0.2 ; End of true expr.
    %pushi/vec4 0, 0, 2;
    %jmp/0 T_0.3, 8;
 ; End of false expr.
    %blend;
T_0.3;
    %pad/s 1;
    %store/vec4 v000002d335721c70_0, 0, 1;
    %load/vec4 v000002d335721590_0;
    %nor/r;
    %load/vec4 v000002d335721810_0;
    %and;
    %flag_set/vec4 8;
    %jmp/0 T_0.4, 8;
    %pushi/vec4 1, 0, 2;
    %jmp/1 T_0.5, 8;
T_0.4 ; End of true expr.
    %pushi/vec4 0, 0, 2;
    %jmp/0 T_0.5, 8;
 ; End of false expr.
    %blend;
T_0.5;
    %pad/s 1;
    %store/vec4 v000002d335721130_0, 0, 1;
    %jmp T_0;
    .thread T_0, $push;
    .scope S_000002d335826c60;
T_1 ;
    %wait E_000002d335719430;
    %load/vec4 v000002d335721c70_0;
    %flag_set/vec4 8;
    %jmp/0xz  T_1.0, 8;
    %load/vec4 v000002d335720be0_0;
    %concati/vec4 0, 0, 2;
    %pad/u 10;
    %ix/vec4 4;
    %load/vec4a v000002d335720e60, 4;
    %store/vec4 v000002d335826e90_0, 0, 8;
    %pushi/vec4 40, 0, 64;
    %ix/vec4 4;
    %delayx 4;
    %load/vec4 v000002d335826e90_0;
    %ix/load 4, 0, 0;
    %flag_set/imm 4, 0;
    %store/vec4 v000002d335721950_0, 4, 8;
    %load/vec4 v000002d335720be0_0;
    %concati/vec4 1, 0, 2;
    %pad/u 10;
    %ix/vec4 4;
    %load/vec4a v000002d335720e60, 4;
    %store/vec4 v000002d335826f30_0, 0, 8;
    %pushi/vec4 40, 0, 64;
    %ix/vec4 4;
    %delayx 4;
    %load/vec4 v000002d335826f30_0;
    %ix/load 4, 8, 0;
    %flag_set/imm 4, 0;
    %store/vec4 v000002d335721950_0, 4, 8;
    %load/vec4 v000002d335720be0_0;
    %concati/vec4 2, 0, 2;
    %pad/u 10;
    %ix/vec4 4;
    %load/vec4a v000002d335720e60, 4;
    %store/vec4 v000002d3357208c0_0, 0, 8;
    %pushi/vec4 40, 0, 64;
    %ix/vec4 4;
    %delayx 4;
    %load/vec4 v000002d3357208c0_0;
    %ix/load 4, 16, 0;
    %flag_set/imm 4, 0;
    %store/vec4 v000002d335721950_0, 4, 8;
    %load/vec4 v000002d335720be0_0;
    %concati/vec4 3, 0, 2;
    %pad/u 10;
    %ix/vec4 4;
    %load/vec4a v000002d335720e60, 4;
    %store/vec4 v000002d335720960_0, 0, 8;
    %pushi/vec4 40, 0, 64;
    %ix/vec4 4;
    %delayx 4;
    %load/vec4 v000002d335720960_0;
    %ix/load 4, 24, 0;
    %flag_set/imm 4, 0;
    %store/vec4 v000002d335721950_0, 4, 8;
    %pushi/vec4 0, 0, 1;
    %store/vec4 v000002d335720c80_0, 0, 1;
    %pushi/vec4 0, 0, 1;
    %store/vec4 v000002d335721c70_0, 0, 1;
T_1.0 ;
    %load/vec4 v000002d335721130_0;
    %flag_set/vec4 8;
    %jmp/0xz  T_1.2, 8;
    %load/vec4 v000002d3357216d0_0;
    %parti/s 8, 0, 2;
    %store/vec4 v000002d335720a00_0, 0, 8;
    %pushi/vec4 40, 0, 64;
    %ix/vec4 4;
    %delayx 4;
    %load/vec4 v000002d335720a00_0;
    %load/vec4 v000002d335720be0_0;
    %concati/vec4 0, 0, 2;
    %pad/u 10;
    %ix/vec4 4;
    %store/vec4a v000002d335720e60, 4, 0;
    %load/vec4 v000002d3357216d0_0;
    %parti/s 8, 8, 5;
    %store/vec4 v000002d335720aa0_0, 0, 8;
    %pushi/vec4 40, 0, 64;
    %ix/vec4 4;
    %delayx 4;
    %load/vec4 v000002d335720aa0_0;
    %load/vec4 v000002d335720be0_0;
    %concati/vec4 1, 0, 2;
    %pad/u 10;
    %ix/vec4 4;
    %store/vec4a v000002d335720e60, 4, 0;
    %load/vec4 v000002d3357216d0_0;
    %parti/s 8, 16, 6;
    %store/vec4 v000002d335720b40_0, 0, 8;
    %pushi/vec4 40, 0, 64;
    %ix/vec4 4;
    %delayx 4;
    %load/vec4 v000002d335720b40_0;
    %load/vec4 v000002d335720be0_0;
    %concati/vec4 2, 0, 2;
    %pad/u 10;
    %ix/vec4 4;
    %store/vec4a v000002d335720e60, 4, 0;
    %load/vec4 v000002d3357216d0_0;
    %parti/s 8, 24, 6;
    %store/vec4 v000002d335826df0_0, 0, 8;
    %pushi/vec4 40, 0, 64;
    %ix/vec4 4;
    %delayx 4;
    %load/vec4 v000002d335826df0_0;
    %load/vec4 v000002d335720be0_0;
    %concati/vec4 3, 0, 2;
    %pad/u 10;
    %ix/vec4 4;
    %store/vec4a v000002d335720e60, 4, 0;
    %pushi/vec4 0, 0, 1;
    %store/vec4 v000002d335720c80_0, 0, 1;
    %pushi/vec4 0, 0, 1;
    %store/vec4 v000002d335721130_0, 0, 1;
T_1.2 ;
    %jmp T_1;
    .thread T_1;
    .scope S_000002d335826c60;
T_2 ;
    %wait E_000002d335719470;
    %load/vec4 v000002d335721770_0;
    %flag_set/vec4 8;
    %jmp/0xz  T_2.0, 8;
    %pushi/vec4 0, 0, 32;
    %store/vec4 v000002d335720dc0_0, 0, 32;
T_2.2 ;
    %load/vec4 v000002d335720dc0_0;
    %cmpi/s 256, 0, 32;
    %jmp/0xz T_2.3, 5;
    %pushi/vec4 0, 0, 8;
    %ix/getv/s 4, v000002d335720dc0_0;
    %store/vec4a v000002d335720e60, 4, 0;
    %load/vec4 v000002d335720dc0_0;
    %addi 1, 0, 32;
    %store/vec4 v000002d335720dc0_0, 0, 32;
    %jmp T_2.2;
T_2.3 ;
    %pushi/vec4 0, 0, 1;
    %store/vec4 v000002d335720c80_0, 0, 1;
    %pushi/vec4 0, 0, 1;
    %store/vec4 v000002d335721c70_0, 0, 1;
    %pushi/vec4 0, 0, 1;
    %store/vec4 v000002d335721130_0, 0, 1;
T_2.0 ;
    %jmp T_2;
    .thread T_2;
# The file index is used to find the file name in the following table.
:file_names 3;
    "N/A";
    "<interactive>";
    "DataMemory_LAB06_Part2.v";
