#! /c/Source/iverilog-install/bin/vvp
:ivl_version "12.0 (devel)" "(s20150603-1110-g18392a46)";
:ivl_delay_selection "TYPICAL";
:vpi_time_precision + 0;
:vpi_module "C:\iverilog\lib\ivl\system.vpi";
:vpi_module "C:\iverilog\lib\ivl\vhdl_sys.vpi";
:vpi_module "C:\iverilog\lib\ivl\vhdl_textio.vpi";
:vpi_module "C:\iverilog\lib\ivl\v2005_math.vpi";
:vpi_module "C:\iverilog\lib\ivl\va_math.vpi";
S_0000028ed2e86c90 .scope module, "dcache" "dcache" 2 11;
 .timescale 0 0;
    .port_info 0 /INPUT 1 "CLOCK";
    .port_info 1 /INPUT 1 "RESET";
    .port_info 2 /INPUT 1 "READ";
    .port_info 3 /INPUT 1 "WRITE";
    .port_info 4 /INPUT 8 "ADDRESS";
    .port_info 5 /INPUT 8 "WRIITEDATA";
    .port_info 6 /OUTPUT 8 "READDATA";
    .port_info 7 /OUTPUT 1 "BUSYWAIT";
    .port_info 8 /OUTPUT 1 "Mem_READ";
    .port_info 9 /OUTPUT 1 "Mem_WRITE";
    .port_info 10 /OUTPUT 6 "Mem_ADDRESS";
    .port_info 11 /OUTPUT 32 "Mem_WRITEDATA";
    .port_info 12 /INPUT 32 "Mem_READDATA";
    .port_info 13 /INPUT 1 "Mem_BUSYWAIT";
P_0000028ed2e86e20 .param/l "CACHE_UPDATE" 0 2 120, C4<11>;
P_0000028ed2e86e58 .param/l "IDLE" 0 2 120, C4<00>;
P_0000028ed2e86e90 .param/l "MEM_READ" 0 2 120, C4<01>;
P_0000028ed2e86ec8 .param/l "MEM_WRITE" 0 2 120, C4<10>;
L_0000028ed2e8aff0/d .functor BUFZ 3, L_0000028ed2f477f0, C4<000>, C4<000>, C4<000>;
L_0000028ed2e8aff0 .delay 3 (1,1,1) L_0000028ed2e8aff0/d;
L_0000028ed2e8b3e0/d .functor BUFZ 1, L_0000028ed2f47250, C4<0>, C4<0>, C4<0>;
L_0000028ed2e8b3e0 .delay 1 (1,1,1) L_0000028ed2e8b3e0/d;
L_0000028ed2e8ace0/d .functor BUFZ 1, L_0000028ed2f48010, C4<0>, C4<0>, C4<0>;
L_0000028ed2e8ace0 .delay 1 (1,1,1) L_0000028ed2e8ace0/d;
L_0000028ed2e8b920 .functor AND 1, L_0000028ed2f481f0, L_0000028ed2e8b3e0, C4<1>, C4<1>;
o0000028ed2eeffa8 .functor BUFZ 8, C4<zzzzzzzz>; HiZ drive
v0000028ed2ec8c60_0 .net "ADDRESS", 7 0, o0000028ed2eeffa8;  0 drivers
v0000028ed2ec95c0_0 .var "BUSYWAIT", 0 0;
o0000028ed2ef0008 .functor BUFZ 1, C4<z>; HiZ drive
v0000028ed2ec8e40_0 .net "CLOCK", 0 0, o0000028ed2ef0008;  0 drivers
v0000028ed2ec9020_0 .var "Mem_ADDRESS", 5 0;
o0000028ed2ef0068 .functor BUFZ 1, C4<z>; HiZ drive
v0000028ed2ec9840_0 .net "Mem_BUSYWAIT", 0 0, o0000028ed2ef0068;  0 drivers
v0000028ed2ec8ee0_0 .var "Mem_READ", 0 0;
o0000028ed2ef00c8 .functor BUFZ 32, C4<zzzzzzzzzzzzzzzzzzzzzzzzzzzzzzzz>; HiZ drive
v0000028ed2ec98e0_0 .net "Mem_READDATA", 31 0, o0000028ed2ef00c8;  0 drivers
v0000028ed2ec90c0_0 .var "Mem_WRITE", 0 0;
v0000028ed2f46490_0 .var "Mem_WRITEDATA", 31 0;
o0000028ed2ef0158 .functor BUFZ 1, C4<z>; HiZ drive
v0000028ed2f46fd0_0 .net "READ", 0 0, o0000028ed2ef0158;  0 drivers
v0000028ed2f46e90_0 .var "READDATA", 7 0;
o0000028ed2ef01b8 .functor BUFZ 1, C4<z>; HiZ drive
v0000028ed2f47f70_0 .net "RESET", 0 0, o0000028ed2ef01b8;  0 drivers
o0000028ed2ef01e8 .functor BUFZ 8, C4<zzzzzzzz>; HiZ drive
v0000028ed2f47890_0 .net "WRIITEDATA", 7 0, o0000028ed2ef01e8;  0 drivers
o0000028ed2ef0218 .functor BUFZ 1, C4<z>; HiZ drive
v0000028ed2f47070_0 .net "WRITE", 0 0, o0000028ed2ef0218;  0 drivers
v0000028ed2f47570_0 .net *"_ivl_0", 2 0, L_0000028ed2f477f0;  1 drivers
v0000028ed2f46f30_0 .net *"_ivl_10", 0 0, L_0000028ed2f47250;  1 drivers
v0000028ed2f474d0_0 .net *"_ivl_13", 2 0, L_0000028ed2f46df0;  1 drivers
v0000028ed2f46cb0_0 .net *"_ivl_14", 4 0, L_0000028ed2f47390;  1 drivers
L_0000028ed2f900d0 .functor BUFT 1, C4<00>, C4<0>, C4<0>, C4<0>;
v0000028ed2f46a30_0 .net *"_ivl_17", 1 0, L_0000028ed2f900d0;  1 drivers
v0000028ed2f46850_0 .net *"_ivl_20", 0 0, L_0000028ed2f48010;  1 drivers
v0000028ed2f47930_0 .net *"_ivl_23", 2 0, L_0000028ed2f46c10;  1 drivers
v0000028ed2f46530_0 .net *"_ivl_24", 4 0, L_0000028ed2f467b0;  1 drivers
L_0000028ed2f90118 .functor BUFT 1, C4<00>, C4<0>, C4<0>, C4<0>;
v0000028ed2f47610_0 .net *"_ivl_27", 1 0, L_0000028ed2f90118;  1 drivers
v0000028ed2f479d0_0 .net *"_ivl_3", 2 0, L_0000028ed2f47cf0;  1 drivers
v0000028ed2f47d90_0 .net *"_ivl_31", 2 0, L_0000028ed2f46d50;  1 drivers
v0000028ed2f47a70_0 .net *"_ivl_32", 0 0, L_0000028ed2f480b0;  1 drivers
L_0000028ed2f90160 .functor BUFT 1, C4<01>, C4<0>, C4<0>, C4<0>;
v0000028ed2f468f0_0 .net/2s *"_ivl_34", 1 0, L_0000028ed2f90160;  1 drivers
L_0000028ed2f901a8 .functor BUFT 1, C4<00>, C4<0>, C4<0>, C4<0>;
v0000028ed2f46670_0 .net/2s *"_ivl_36", 1 0, L_0000028ed2f901a8;  1 drivers
v0000028ed2f476b0_0 .net *"_ivl_38", 1 0, L_0000028ed2f48150;  1 drivers
v0000028ed2f48290_0 .net *"_ivl_4", 4 0, L_0000028ed2f47ed0;  1 drivers
L_0000028ed2f90088 .functor BUFT 1, C4<00>, C4<0>, C4<0>, C4<0>;
v0000028ed2f48330_0 .net *"_ivl_7", 1 0, L_0000028ed2f90088;  1 drivers
v0000028ed2f47110 .array "address_tag_array", 0 7, 2 0;
v0000028ed2f47e30 .array "cache_data_array", 0 7, 31 0;
v0000028ed2f47b10_0 .net "comparator_result", 0 0, L_0000028ed2f481f0;  1 drivers
v0000028ed2f46ad0_0 .net "current_tag", 2 0, L_0000028ed2e8aff0;  1 drivers
v0000028ed2f465d0_0 .var "data_block", 31 0;
v0000028ed2f46b70_0 .net "dirty_bit", 0 0, L_0000028ed2e8ace0;  1 drivers
v0000028ed2f46990 .array "dirty_bit_array", 0 7, 0 0;
v0000028ed2f46710_0 .net "hit", 0 0, L_0000028ed2e8b920;  1 drivers
v0000028ed2f47c50_0 .var/i "i", 31 0;
v0000028ed2f47430_0 .var "next_state", 1 0;
v0000028ed2f47bb0_0 .var "state", 1 0;
v0000028ed2f47750_0 .net "valid_bit", 0 0, L_0000028ed2e8b3e0;  1 drivers
v0000028ed2f471b0 .array "valid_bit_array", 0 7, 0 0;
E_0000028ed2ece7c0/0 .event anyedge, v0000028ed2f47f70_0;
E_0000028ed2ece7c0/1 .event posedge, v0000028ed2ec8e40_0;
E_0000028ed2ece7c0 .event/or E_0000028ed2ece7c0/0, E_0000028ed2ece7c0/1;
E_0000028ed2ecea80 .event anyedge, v0000028ed2f47bb0_0;
E_0000028ed2ece540/0 .event anyedge, v0000028ed2f47bb0_0, v0000028ed2f46fd0_0, v0000028ed2f47070_0, v0000028ed2f46b70_0;
E_0000028ed2ece540/1 .event anyedge, v0000028ed2f46710_0, v0000028ed2ec9840_0;
E_0000028ed2ece540 .event/or E_0000028ed2ece540/0, E_0000028ed2ece540/1;
E_0000028ed2ece2c0 .event posedge, v0000028ed2ec8e40_0;
E_0000028ed2ece8c0 .event anyedge, v0000028ed2f465d0_0, v0000028ed2f46710_0, v0000028ed2f46fd0_0, v0000028ed2ec8c60_0;
v0000028ed2f47e30_0 .array/port v0000028ed2f47e30, 0;
v0000028ed2f47e30_1 .array/port v0000028ed2f47e30, 1;
v0000028ed2f47e30_2 .array/port v0000028ed2f47e30, 2;
E_0000028ed2ece800/0 .event anyedge, v0000028ed2ec8c60_0, v0000028ed2f47e30_0, v0000028ed2f47e30_1, v0000028ed2f47e30_2;
v0000028ed2f47e30_3 .array/port v0000028ed2f47e30, 3;
v0000028ed2f47e30_4 .array/port v0000028ed2f47e30, 4;
v0000028ed2f47e30_5 .array/port v0000028ed2f47e30, 5;
v0000028ed2f47e30_6 .array/port v0000028ed2f47e30, 6;
E_0000028ed2ece800/1 .event anyedge, v0000028ed2f47e30_3, v0000028ed2f47e30_4, v0000028ed2f47e30_5, v0000028ed2f47e30_6;
v0000028ed2f47e30_7 .array/port v0000028ed2f47e30, 7;
E_0000028ed2ece800/2 .event anyedge, v0000028ed2f47e30_7;
E_0000028ed2ece800 .event/or E_0000028ed2ece800/0, E_0000028ed2ece800/1, E_0000028ed2ece800/2;
E_0000028ed2ecdc80 .event anyedge, v0000028ed2f47f70_0;
E_0000028ed2ecdfc0 .event anyedge, v0000028ed2ec8c60_0, v0000028ed2f47070_0, v0000028ed2f46fd0_0;
L_0000028ed2f477f0 .array/port v0000028ed2f47110, L_0000028ed2f47ed0;
L_0000028ed2f47cf0 .part o0000028ed2eeffa8, 2, 3;
L_0000028ed2f47ed0 .concat [ 3 2 0 0], L_0000028ed2f47cf0, L_0000028ed2f90088;
L_0000028ed2f47250 .array/port v0000028ed2f471b0, L_0000028ed2f47390;
L_0000028ed2f46df0 .part o0000028ed2eeffa8, 2, 3;
L_0000028ed2f47390 .concat [ 3 2 0 0], L_0000028ed2f46df0, L_0000028ed2f900d0;
L_0000028ed2f48010 .array/port v0000028ed2f46990, L_0000028ed2f467b0;
L_0000028ed2f46c10 .part o0000028ed2eeffa8, 2, 3;
L_0000028ed2f467b0 .concat [ 3 2 0 0], L_0000028ed2f46c10, L_0000028ed2f90118;
L_0000028ed2f46d50 .part o0000028ed2eeffa8, 5, 3;
L_0000028ed2f480b0 .cmp/eq 3, L_0000028ed2e8aff0, L_0000028ed2f46d50;
L_0000028ed2f48150 .functor MUXZ 2, L_0000028ed2f901a8, L_0000028ed2f90160, L_0000028ed2f480b0, C4<>;
L_0000028ed2f481f0 .delay 1 (1,1,1) L_0000028ed2f481f0/d;
L_0000028ed2f481f0/d .part L_0000028ed2f48150, 0, 1;
    .scope S_0000028ed2e86c90;
T_0 ;
    %wait E_0000028ed2ecdfc0;
    %load/vec4 v0000028ed2f46fd0_0;
    %flag_set/vec4 8;
    %load/vec4 v0000028ed2f47070_0;
    %flag_set/vec4 9;
    %flag_or 9, 8;
    %jmp/0xz  T_0.0, 9;
    %pushi/vec4 1, 0, 1;
    %store/vec4 v0000028ed2ec95c0_0, 0, 1;
    %jmp T_0.1;
T_0.0 ;
    %pushi/vec4 0, 0, 1;
    %store/vec4 v0000028ed2ec95c0_0, 0, 1;
T_0.1 ;
    %jmp T_0;
    .thread T_0, $push;
    .scope S_0000028ed2e86c90;
T_1 ;
    %wait E_0000028ed2ecdc80;
    %pushi/vec4 0, 0, 32;
    %store/vec4 v0000028ed2f47c50_0, 0, 32;
T_1.0 ;
    %load/vec4 v0000028ed2f47c50_0;
    %cmpi/s 8, 0, 32;
    %jmp/0xz T_1.1, 5;
    %pushi/vec4 0, 0, 1;
    %ix/getv/s 4, v0000028ed2f47c50_0;
    %store/vec4a v0000028ed2f471b0, 4, 0;
    %pushi/vec4 0, 0, 1;
    %ix/getv/s 4, v0000028ed2f47c50_0;
    %store/vec4a v0000028ed2f46990, 4, 0;
    %pushi/vec4 7, 7, 3;
    %ix/getv/s 4, v0000028ed2f47c50_0;
    %store/vec4a v0000028ed2f47110, 4, 0;
    %pushi/vec4 4294967295, 4294967295, 32;
    %ix/getv/s 4, v0000028ed2f47c50_0;
    %store/vec4a v0000028ed2f47e30, 4, 0;
    ; show_stmt_assign_vector: Get l-value for compressed += operand
    %load/vec4 v0000028ed2f47c50_0;
    %pushi/vec4 1, 0, 32;
    %add;
    %store/vec4 v0000028ed2f47c50_0, 0, 32;
    %jmp T_1.0;
T_1.1 ;
    %jmp T_1;
    .thread T_1, $push;
    .scope S_0000028ed2e86c90;
T_2 ;
    %wait E_0000028ed2ece800;
    %delay 1, 0;
    %load/vec4 v0000028ed2ec8c60_0;
    %parti/s 3, 2, 3;
    %pad/u 5;
    %ix/vec4 4;
    %load/vec4a v0000028ed2f47e30, 4;
    %store/vec4 v0000028ed2f465d0_0, 0, 32;
    %jmp T_2;
    .thread T_2, $push;
    .scope S_0000028ed2e86c90;
T_3 ;
    %wait E_0000028ed2ece2c0;
    %load/vec4 v0000028ed2f46710_0;
    %flag_set/vec4 8;
    %jmp/0xz  T_3.0, 8;
    %pushi/vec4 0, 0, 1;
    %store/vec4 v0000028ed2ec95c0_0, 0, 1;
T_3.0 ;
    %jmp T_3;
    .thread T_3;
    .scope S_0000028ed2e86c90;
T_4 ;
    %wait E_0000028ed2ece8c0;
    %load/vec4 v0000028ed2f46fd0_0;
    %load/vec4 v0000028ed2f46710_0;
    %and;
    %flag_set/vec4 8;
    %jmp/0xz  T_4.0, 8;
    %load/vec4 v0000028ed2ec8c60_0;
    %parti/s 2, 0, 2;
    %dup/vec4;
    %pushi/vec4 0, 0, 2;
    %cmp/u;
    %jmp/1 T_4.2, 6;
    %dup/vec4;
    %pushi/vec4 1, 0, 2;
    %cmp/u;
    %jmp/1 T_4.3, 6;
    %dup/vec4;
    %pushi/vec4 2, 0, 2;
    %cmp/u;
    %jmp/1 T_4.4, 6;
    %dup/vec4;
    %pushi/vec4 3, 0, 2;
    %cmp/u;
    %jmp/1 T_4.5, 6;
    %jmp T_4.6;
T_4.2 ;
    %load/vec4 v0000028ed2f465d0_0;
    %parti/s 8, 0, 2;
    %store/vec4 v0000028ed2f46e90_0, 0, 8;
    %jmp T_4.6;
T_4.3 ;
    %load/vec4 v0000028ed2f465d0_0;
    %parti/s 8, 8, 5;
    %store/vec4 v0000028ed2f46e90_0, 0, 8;
    %jmp T_4.6;
T_4.4 ;
    %load/vec4 v0000028ed2f465d0_0;
    %parti/s 8, 16, 6;
    %store/vec4 v0000028ed2f46e90_0, 0, 8;
    %jmp T_4.6;
T_4.5 ;
    %load/vec4 v0000028ed2f465d0_0;
    %parti/s 8, 24, 6;
    %store/vec4 v0000028ed2f46e90_0, 0, 8;
    %jmp T_4.6;
T_4.6 ;
    %pop/vec4 1;
T_4.0 ;
    %jmp T_4;
    .thread T_4, $push;
    .scope S_0000028ed2e86c90;
T_5 ;
    %wait E_0000028ed2ece2c0;
    %load/vec4 v0000028ed2f46710_0;
    %load/vec4 v0000028ed2f47070_0;
    %and;
    %flag_set/vec4 8;
    %jmp/0xz  T_5.0, 8;
    %delay 1, 0;
    %pushi/vec4 1, 0, 1;
    %load/vec4 v0000028ed2ec8c60_0;
    %parti/s 3, 2, 3;
    %pad/u 5;
    %ix/vec4 4;
    %store/vec4a v0000028ed2f46990, 4, 0;
    %load/vec4 v0000028ed2ec8c60_0;
    %parti/s 2, 0, 2;
    %dup/vec4;
    %pushi/vec4 0, 0, 2;
    %cmp/u;
    %jmp/1 T_5.2, 6;
    %dup/vec4;
    %pushi/vec4 1, 0, 2;
    %cmp/u;
    %jmp/1 T_5.3, 6;
    %dup/vec4;
    %pushi/vec4 2, 0, 2;
    %cmp/u;
    %jmp/1 T_5.4, 6;
    %dup/vec4;
    %pushi/vec4 3, 0, 2;
    %cmp/u;
    %jmp/1 T_5.5, 6;
    %jmp T_5.6;
T_5.2 ;
    %load/vec4 v0000028ed2f47890_0;
    %load/vec4 v0000028ed2ec8c60_0;
    %parti/s 3, 2, 3;
    %pad/u 5;
    %ix/vec4 4;
    %flag_mov 8, 4;
    %ix/load 5, 0, 0;
    %flag_set/imm 4, 0;
    %flag_or 4, 8;
    %store/vec4a v0000028ed2f47e30, 4, 5;
    %jmp T_5.6;
T_5.3 ;
    %load/vec4 v0000028ed2f47890_0;
    %load/vec4 v0000028ed2ec8c60_0;
    %parti/s 3, 2, 3;
    %pad/u 5;
    %ix/vec4 4;
    %flag_mov 8, 4;
    %ix/load 5, 8, 0;
    %flag_set/imm 4, 0;
    %flag_or 4, 8;
    %store/vec4a v0000028ed2f47e30, 4, 5;
    %jmp T_5.6;
T_5.4 ;
    %load/vec4 v0000028ed2f47890_0;
    %load/vec4 v0000028ed2ec8c60_0;
    %parti/s 3, 2, 3;
    %pad/u 5;
    %ix/vec4 4;
    %flag_mov 8, 4;
    %ix/load 5, 16, 0;
    %flag_set/imm 4, 0;
    %flag_or 4, 8;
    %store/vec4a v0000028ed2f47e30, 4, 5;
    %jmp T_5.6;
T_5.5 ;
    %load/vec4 v0000028ed2f47890_0;
    %load/vec4 v0000028ed2ec8c60_0;
    %parti/s 3, 2, 3;
    %pad/u 5;
    %ix/vec4 4;
    %flag_mov 8, 4;
    %ix/load 5, 24, 0;
    %flag_set/imm 4, 0;
    %flag_or 4, 8;
    %store/vec4a v0000028ed2f47e30, 4, 5;
    %jmp T_5.6;
T_5.6 ;
    %pop/vec4 1;
T_5.0 ;
    %jmp T_5;
    .thread T_5;
    .scope S_0000028ed2e86c90;
T_6 ;
    %wait E_0000028ed2ece540;
    %load/vec4 v0000028ed2f47bb0_0;
    %dup/vec4;
    %pushi/vec4 0, 0, 2;
    %cmp/u;
    %jmp/1 T_6.0, 6;
    %dup/vec4;
    %pushi/vec4 1, 0, 2;
    %cmp/u;
    %jmp/1 T_6.1, 6;
    %dup/vec4;
    %pushi/vec4 2, 0, 2;
    %cmp/u;
    %jmp/1 T_6.2, 6;
    %dup/vec4;
    %pushi/vec4 3, 0, 2;
    %cmp/u;
    %jmp/1 T_6.3, 6;
    %jmp T_6.4;
T_6.0 ;
    %load/vec4 v0000028ed2f46fd0_0;
    %load/vec4 v0000028ed2f47070_0;
    %or;
    %load/vec4 v0000028ed2f46b70_0;
    %nor/r;
    %and;
    %load/vec4 v0000028ed2f46710_0;
    %nor/r;
    %and;
    %flag_set/vec4 8;
    %jmp/0xz  T_6.5, 8;
    %pushi/vec4 1, 0, 2;
    %store/vec4 v0000028ed2f47430_0, 0, 2;
    %jmp T_6.6;
T_6.5 ;
    %load/vec4 v0000028ed2f46fd0_0;
    %load/vec4 v0000028ed2f47070_0;
    %or;
    %load/vec4 v0000028ed2f46b70_0;
    %and;
    %load/vec4 v0000028ed2f46710_0;
    %nor/r;
    %and;
    %flag_set/vec4 8;
    %jmp/0xz  T_6.7, 8;
    %pushi/vec4 2, 0, 2;
    %store/vec4 v0000028ed2f47430_0, 0, 2;
    %jmp T_6.8;
T_6.7 ;
    %pushi/vec4 0, 0, 2;
    %store/vec4 v0000028ed2f47430_0, 0, 2;
T_6.8 ;
T_6.6 ;
    %jmp T_6.4;
T_6.1 ;
    %load/vec4 v0000028ed2ec9840_0;
    %flag_set/vec4 8;
    %jmp/0xz  T_6.9, 8;
    %pushi/vec4 1, 0, 2;
    %store/vec4 v0000028ed2f47430_0, 0, 2;
    %jmp T_6.10;
T_6.9 ;
    %pushi/vec4 3, 0, 2;
    %store/vec4 v0000028ed2f47430_0, 0, 2;
T_6.10 ;
    %jmp T_6.4;
T_6.2 ;
    %load/vec4 v0000028ed2ec9840_0;
    %flag_set/vec4 8;
    %jmp/0xz  T_6.11, 8;
    %pushi/vec4 2, 0, 2;
    %store/vec4 v0000028ed2f47430_0, 0, 2;
    %jmp T_6.12;
T_6.11 ;
    %pushi/vec4 1, 0, 2;
    %store/vec4 v0000028ed2f47430_0, 0, 2;
T_6.12 ;
    %jmp T_6.4;
T_6.3 ;
    %pushi/vec4 0, 0, 2;
    %store/vec4 v0000028ed2f47430_0, 0, 2;
    %jmp T_6.4;
T_6.4 ;
    %pop/vec4 1;
    %jmp T_6;
    .thread T_6, $push;
    .scope S_0000028ed2e86c90;
T_7 ;
    %wait E_0000028ed2ecea80;
    %load/vec4 v0000028ed2f47bb0_0;
    %dup/vec4;
    %pushi/vec4 0, 0, 2;
    %cmp/u;
    %jmp/1 T_7.0, 6;
    %dup/vec4;
    %pushi/vec4 1, 0, 2;
    %cmp/u;
    %jmp/1 T_7.1, 6;
    %dup/vec4;
    %pushi/vec4 2, 0, 2;
    %cmp/u;
    %jmp/1 T_7.2, 6;
    %dup/vec4;
    %pushi/vec4 3, 0, 2;
    %cmp/u;
    %jmp/1 T_7.3, 6;
    %jmp T_7.4;
T_7.0 ;
    %pushi/vec4 0, 0, 1;
    %store/vec4 v0000028ed2ec8ee0_0, 0, 1;
    %pushi/vec4 0, 0, 1;
    %store/vec4 v0000028ed2ec90c0_0, 0, 1;
    %pushi/vec4 63, 63, 6;
    %store/vec4 v0000028ed2ec9020_0, 0, 6;
    %pushi/vec4 4294967295, 4294967295, 32;
    %store/vec4 v0000028ed2f46490_0, 0, 32;
    %pushi/vec4 0, 0, 1;
    %store/vec4 v0000028ed2ec95c0_0, 0, 1;
    %jmp T_7.4;
T_7.1 ;
    %pushi/vec4 1, 0, 1;
    %store/vec4 v0000028ed2ec8ee0_0, 0, 1;
    %pushi/vec4 0, 0, 1;
    %store/vec4 v0000028ed2ec90c0_0, 0, 1;
    %load/vec4 v0000028ed2ec8c60_0;
    %parti/s 6, 2, 3;
    %store/vec4 v0000028ed2ec9020_0, 0, 6;
    %pushi/vec4 4294967295, 4294967295, 32;
    %store/vec4 v0000028ed2f46490_0, 0, 32;
    %jmp T_7.4;
T_7.2 ;
    %pushi/vec4 0, 0, 1;
    %store/vec4 v0000028ed2ec8ee0_0, 0, 1;
    %pushi/vec4 1, 0, 1;
    %store/vec4 v0000028ed2ec90c0_0, 0, 1;
    %load/vec4 v0000028ed2f46ad0_0;
    %load/vec4 v0000028ed2ec8c60_0;
    %parti/s 3, 2, 3;
    %concat/vec4; draw_concat_vec4
    %store/vec4 v0000028ed2ec9020_0, 0, 6;
    %load/vec4 v0000028ed2f465d0_0;
    %store/vec4 v0000028ed2f46490_0, 0, 32;
    %jmp T_7.4;
T_7.3 ;
    %pushi/vec4 0, 0, 1;
    %store/vec4 v0000028ed2ec8ee0_0, 0, 1;
    %pushi/vec4 0, 0, 1;
    %store/vec4 v0000028ed2ec90c0_0, 0, 1;
    %pushi/vec4 63, 63, 6;
    %store/vec4 v0000028ed2ec9020_0, 0, 6;
    %pushi/vec4 4294967295, 4294967295, 32;
    %store/vec4 v0000028ed2f46490_0, 0, 32;
    %delay 1, 0;
    %load/vec4 v0000028ed2ec98e0_0;
    %load/vec4 v0000028ed2ec8c60_0;
    %parti/s 3, 2, 3;
    %pad/u 5;
    %ix/vec4 4;
    %store/vec4a v0000028ed2f47e30, 4, 0;
    %load/vec4 v0000028ed2ec8c60_0;
    %parti/s 3, 5, 4;
    %load/vec4 v0000028ed2ec8c60_0;
    %parti/s 3, 2, 3;
    %pad/u 5;
    %ix/vec4 4;
    %store/vec4a v0000028ed2f47110, 4, 0;
    %pushi/vec4 1, 0, 1;
    %load/vec4 v0000028ed2ec8c60_0;
    %parti/s 3, 2, 3;
    %pad/u 5;
    %ix/vec4 4;
    %store/vec4a v0000028ed2f471b0, 4, 0;
    %pushi/vec4 0, 0, 1;
    %load/vec4 v0000028ed2ec8c60_0;
    %parti/s 3, 2, 3;
    %pad/u 5;
    %ix/vec4 4;
    %store/vec4a v0000028ed2f46990, 4, 0;
    %jmp T_7.4;
T_7.4 ;
    %pop/vec4 1;
    %jmp T_7;
    .thread T_7, $push;
    .scope S_0000028ed2e86c90;
T_8 ;
    %wait E_0000028ed2ece7c0;
    %load/vec4 v0000028ed2f47f70_0;
    %flag_set/vec4 8;
    %jmp/0xz  T_8.0, 8;
    %pushi/vec4 0, 0, 2;
    %store/vec4 v0000028ed2f47bb0_0, 0, 2;
    %jmp T_8.1;
T_8.0 ;
    %load/vec4 v0000028ed2f47430_0;
    %store/vec4 v0000028ed2f47bb0_0, 0, 2;
T_8.1 ;
    %jmp T_8;
    .thread T_8;
# The file index is used to find the file name in the following table.
:file_names 3;
    "N/A";
    "<interactive>";
    "dcacheFSM_skeleton.v";
