#! /c/Source/iverilog-install/bin/vvp
:ivl_version "12.0 (devel)" "(s20150603-1110-g18392a46)";
:ivl_delay_selection "TYPICAL";
:vpi_time_precision - 10;
:vpi_module "C:\iverilog\lib\ivl\system.vpi";
:vpi_module "C:\iverilog\lib\ivl\vhdl_sys.vpi";
:vpi_module "C:\iverilog\lib\ivl\vhdl_textio.vpi";
:vpi_module "C:\iverilog\lib\ivl\v2005_math.vpi";
:vpi_module "C:\iverilog\lib\ivl\va_math.vpi";
S_000002a6cdf96cd0 .scope module, "dcache" "dcache" 2 12;
 .timescale -9 -10;
    .port_info 0 /INPUT 1 "CLOCK";
    .port_info 1 /INPUT 1 "RESET";
    .port_info 2 /INPUT 1 "READ";
    .port_info 3 /INPUT 1 "WRITE";
    .port_info 4 /INPUT 8 "ADDRESS";
    .port_info 5 /INPUT 8 "WRIITEDATA";
    .port_info 6 /OUTPUT 8 "READDATA";
    .port_info 7 /OUTPUT 1 "BUSYWAIT";
    .port_info 8 /OUTPUT 1 "Mem_READ";
    .port_info 9 /OUTPUT 1 "Mem_WRITE";
    .port_info 10 /OUTPUT 6 "Mem_ADDRESS";
    .port_info 11 /OUTPUT 32 "Mem_WRITEDATA";
    .port_info 12 /INPUT 32 "Mem_READDATA";
    .port_info 13 /INPUT 1 "Mem_BUSYWAIT";
P_000002a6cdf96e60 .param/l "CACHE_UPDATE" 0 2 124, C4<11>;
P_000002a6cdf96e98 .param/l "IDLE" 0 2 124, C4<00>;
P_000002a6cdf96ed0 .param/l "MEM_READ" 0 2 124, C4<01>;
P_000002a6cdf96f08 .param/l "MEM_WRITE" 0 2 124, C4<10>;
L_000002a6cdfd6df0/d .functor BUFZ 3, L_000002a6ce058df0, C4<000>, C4<000>, C4<000>;
L_000002a6cdfd6df0 .delay 3 (10,10,10) L_000002a6cdfd6df0/d;
L_000002a6cdfd6e60/d .functor BUFZ 1, L_000002a6ce059d90, C4<0>, C4<0>, C4<0>;
L_000002a6cdfd6e60 .delay 1 (10,10,10) L_000002a6cdfd6e60/d;
L_000002a6cdfd7250/d .functor BUFZ 1, L_000002a6ce0591b0, C4<0>, C4<0>, C4<0>;
L_000002a6cdfd7250 .delay 1 (10,10,10) L_000002a6cdfd7250/d;
L_000002a6cdfd6ed0 .functor AND 1, L_000002a6ce05bf30, L_000002a6cdfd6e60, C4<1>, C4<1>;
o000002a6cdffefd8 .functor BUFZ 8, C4<zzzzzzzz>; HiZ drive
v000002a6cdfd9f10_0 .net "ADDRESS", 7 0, o000002a6cdffefd8;  0 drivers
v000002a6cdfd93d0_0 .var "BUSYWAIT", 0 0;
o000002a6cdfff038 .functor BUFZ 1, C4<z>; HiZ drive
v000002a6cdfd9fb0_0 .net "CLOCK", 0 0, o000002a6cdfff038;  0 drivers
v000002a6cdfd9510_0 .var "Mem_ADDRESS", 5 0;
o000002a6cdfff098 .functor BUFZ 1, C4<z>; HiZ drive
v000002a6cdfd95b0_0 .net "Mem_BUSYWAIT", 0 0, o000002a6cdfff098;  0 drivers
v000002a6cdfd9650_0 .var "Mem_READ", 0 0;
o000002a6cdfff0f8 .functor BUFZ 32, C4<zzzzzzzzzzzzzzzzzzzzzzzzzzzzzzzz>; HiZ drive
v000002a6cdfd98d0_0 .net "Mem_READDATA", 31 0, o000002a6cdfff0f8;  0 drivers
v000002a6cdfd96f0_0 .var "Mem_WRITE", 0 0;
v000002a6ce059430_0 .var "Mem_WRITEDATA", 31 0;
o000002a6cdfff188 .functor BUFZ 1, C4<z>; HiZ drive
v000002a6ce05a150_0 .net "READ", 0 0, o000002a6cdfff188;  0 drivers
v000002a6ce059070_0 .var "READDATA", 7 0;
o000002a6cdfff1e8 .functor BUFZ 1, C4<z>; HiZ drive
v000002a6ce0594d0_0 .net "RESET", 0 0, o000002a6cdfff1e8;  0 drivers
o000002a6cdfff218 .functor BUFZ 8, C4<zzzzzzzz>; HiZ drive
v000002a6ce05a1f0_0 .net "WRIITEDATA", 7 0, o000002a6cdfff218;  0 drivers
o000002a6cdfff248 .functor BUFZ 1, C4<z>; HiZ drive
v000002a6ce058f30_0 .net "WRITE", 0 0, o000002a6cdfff248;  0 drivers
v000002a6ce05a290_0 .net *"_ivl_0", 2 0, L_000002a6ce058df0;  1 drivers
v000002a6ce059250_0 .net *"_ivl_10", 0 0, L_000002a6ce059d90;  1 drivers
v000002a6ce05a330_0 .net *"_ivl_13", 2 0, L_000002a6ce058fd0;  1 drivers
v000002a6ce058670_0 .net *"_ivl_14", 4 0, L_000002a6ce059110;  1 drivers
L_000002a6ce0a00d0 .functor BUFT 1, C4<00>, C4<0>, C4<0>, C4<0>;
v000002a6ce059570_0 .net *"_ivl_17", 1 0, L_000002a6ce0a00d0;  1 drivers
v000002a6ce058c10_0 .net *"_ivl_20", 0 0, L_000002a6ce0591b0;  1 drivers
v000002a6ce059750_0 .net *"_ivl_23", 2 0, L_000002a6ce0585d0;  1 drivers
v000002a6ce059bb0_0 .net *"_ivl_24", 4 0, L_000002a6ce059930;  1 drivers
L_000002a6ce0a0118 .functor BUFT 1, C4<00>, C4<0>, C4<0>, C4<0>;
v000002a6ce059390_0 .net *"_ivl_27", 1 0, L_000002a6ce0a0118;  1 drivers
v000002a6ce059cf0_0 .net *"_ivl_3", 2 0, L_000002a6ce058530;  1 drivers
v000002a6ce059610_0 .net *"_ivl_31", 2 0, L_000002a6ce059a70;  1 drivers
v000002a6ce058a30_0 .net *"_ivl_32", 0 0, L_000002a6ce059e30;  1 drivers
L_000002a6ce0a0160 .functor BUFT 1, C4<01>, C4<0>, C4<0>, C4<0>;
v000002a6ce05a010_0 .net/2s *"_ivl_34", 1 0, L_000002a6ce0a0160;  1 drivers
L_000002a6ce0a01a8 .functor BUFT 1, C4<00>, C4<0>, C4<0>, C4<0>;
v000002a6ce05a0b0_0 .net/2s *"_ivl_36", 1 0, L_000002a6ce0a01a8;  1 drivers
v000002a6ce058ad0_0 .net *"_ivl_38", 1 0, L_000002a6ce059ed0;  1 drivers
v000002a6ce0596b0_0 .net *"_ivl_4", 4 0, L_000002a6ce058850;  1 drivers
L_000002a6ce0a0088 .functor BUFT 1, C4<00>, C4<0>, C4<0>, C4<0>;
v000002a6ce058b70_0 .net *"_ivl_7", 1 0, L_000002a6ce0a0088;  1 drivers
v000002a6ce0597f0 .array "address_tag_array", 0 7, 2 0;
v000002a6ce059f70 .array "cache_data_array", 0 7, 31 0;
v000002a6ce059b10_0 .net "comparator_result", 0 0, L_000002a6ce05bf30;  1 drivers
v000002a6ce058cb0_0 .net "current_tag", 2 0, L_000002a6cdfd6df0;  1 drivers
v000002a6ce058710_0 .var "data_block", 31 0;
v000002a6ce0587b0_0 .net "dirty_bit", 0 0, L_000002a6cdfd7250;  1 drivers
v000002a6ce0592f0 .array "dirty_bit_array", 0 7, 0 0;
v000002a6ce058490_0 .net "hit", 0 0, L_000002a6cdfd6ed0;  1 drivers
v000002a6ce059c50_0 .var/i "i", 31 0;
v000002a6ce058e90_0 .var "next_state", 1 0;
v000002a6ce058d50_0 .var "readaccess", 0 0;
v000002a6ce059890_0 .var "state", 1 0;
v000002a6ce058990_0 .net "valid_bit", 0 0, L_000002a6cdfd6e60;  1 drivers
v000002a6ce0599d0 .array "valid_bit_array", 0 7, 0 0;
v000002a6ce0588f0_0 .var "writeaccess", 0 0;
E_000002a6cdfe1d40/0 .event anyedge, v000002a6ce0594d0_0;
E_000002a6cdfe1d40/1 .event posedge, v000002a6cdfd9fb0_0;
E_000002a6cdfe1d40 .event/or E_000002a6cdfe1d40/0, E_000002a6cdfe1d40/1;
E_000002a6cdfe2280 .event anyedge, v000002a6ce059890_0;
E_000002a6cdfe1680/0 .event anyedge, v000002a6ce059890_0, v000002a6ce05a150_0, v000002a6ce058f30_0, v000002a6ce0587b0_0;
E_000002a6cdfe1680/1 .event anyedge, v000002a6ce058490_0, v000002a6cdfd95b0_0;
E_000002a6cdfe1680 .event/or E_000002a6cdfe1680/0, E_000002a6cdfe1680/1;
E_000002a6cdfe16c0 .event posedge, v000002a6cdfd9fb0_0;
E_000002a6cdfe22c0 .event anyedge, v000002a6ce058710_0, v000002a6ce058490_0, v000002a6ce058d50_0, v000002a6cdfd9f10_0;
v000002a6ce059f70_0 .array/port v000002a6ce059f70, 0;
v000002a6ce059f70_1 .array/port v000002a6ce059f70, 1;
v000002a6ce059f70_2 .array/port v000002a6ce059f70, 2;
E_000002a6cdfe23c0/0 .event anyedge, v000002a6cdfd9f10_0, v000002a6ce059f70_0, v000002a6ce059f70_1, v000002a6ce059f70_2;
v000002a6ce059f70_3 .array/port v000002a6ce059f70, 3;
v000002a6ce059f70_4 .array/port v000002a6ce059f70, 4;
v000002a6ce059f70_5 .array/port v000002a6ce059f70, 5;
v000002a6ce059f70_6 .array/port v000002a6ce059f70, 6;
E_000002a6cdfe23c0/1 .event anyedge, v000002a6ce059f70_3, v000002a6ce059f70_4, v000002a6ce059f70_5, v000002a6ce059f70_6;
v000002a6ce059f70_7 .array/port v000002a6ce059f70, 7;
E_000002a6cdfe23c0/2 .event anyedge, v000002a6ce059f70_7;
E_000002a6cdfe23c0 .event/or E_000002a6cdfe23c0/0, E_000002a6cdfe23c0/1, E_000002a6cdfe23c0/2;
E_000002a6cdfe2480 .event anyedge, v000002a6ce0594d0_0;
E_000002a6cdfe1700 .event anyedge, v000002a6cdfd9f10_0, v000002a6ce058f30_0, v000002a6ce05a150_0;
L_000002a6ce058df0 .array/port v000002a6ce0597f0, L_000002a6ce058850;
L_000002a6ce058530 .part o000002a6cdffefd8, 2, 3;
L_000002a6ce058850 .concat [ 3 2 0 0], L_000002a6ce058530, L_000002a6ce0a0088;
L_000002a6ce059d90 .array/port v000002a6ce0599d0, L_000002a6ce059110;
L_000002a6ce058fd0 .part o000002a6cdffefd8, 2, 3;
L_000002a6ce059110 .concat [ 3 2 0 0], L_000002a6ce058fd0, L_000002a6ce0a00d0;
L_000002a6ce0591b0 .array/port v000002a6ce0592f0, L_000002a6ce059930;
L_000002a6ce0585d0 .part o000002a6cdffefd8, 2, 3;
L_000002a6ce059930 .concat [ 3 2 0 0], L_000002a6ce0585d0, L_000002a6ce0a0118;
L_000002a6ce059a70 .part o000002a6cdffefd8, 5, 3;
L_000002a6ce059e30 .cmp/eq 3, L_000002a6cdfd6df0, L_000002a6ce059a70;
L_000002a6ce059ed0 .functor MUXZ 2, L_000002a6ce0a01a8, L_000002a6ce0a0160, L_000002a6ce059e30, C4<>;
L_000002a6ce05bf30 .delay 1 (9,9,9) L_000002a6ce05bf30/d;
L_000002a6ce05bf30/d .part L_000002a6ce059ed0, 0, 1;
    .scope S_000002a6cdf96cd0;
T_0 ;
    %wait E_000002a6cdfe1700;
    %load/vec4 v000002a6ce05a150_0;
    %flag_set/vec4 8;
    %load/vec4 v000002a6ce058f30_0;
    %flag_set/vec4 9;
    %flag_or 9, 8;
    %jmp/0xz  T_0.0, 9;
    %pushi/vec4 1, 0, 1;
    %store/vec4 v000002a6cdfd93d0_0, 0, 1;
    %pushi/vec4 1, 0, 1;
    %store/vec4 v000002a6ce058d50_0, 0, 1;
    %pushi/vec4 1, 0, 1;
    %store/vec4 v000002a6ce0588f0_0, 0, 1;
    %jmp T_0.1;
T_0.0 ;
    %pushi/vec4 0, 0, 1;
    %store/vec4 v000002a6cdfd93d0_0, 0, 1;
T_0.1 ;
    %jmp T_0;
    .thread T_0, $push;
    .scope S_000002a6cdf96cd0;
T_1 ;
    %wait E_000002a6cdfe2480;
    %pushi/vec4 0, 0, 32;
    %store/vec4 v000002a6ce059c50_0, 0, 32;
T_1.0 ;
    %load/vec4 v000002a6ce059c50_0;
    %cmpi/s 8, 0, 32;
    %jmp/0xz T_1.1, 5;
    %pushi/vec4 0, 0, 1;
    %ix/getv/s 4, v000002a6ce059c50_0;
    %store/vec4a v000002a6ce0599d0, 4, 0;
    %pushi/vec4 0, 0, 1;
    %ix/getv/s 4, v000002a6ce059c50_0;
    %store/vec4a v000002a6ce0592f0, 4, 0;
    %pushi/vec4 7, 7, 3;
    %ix/getv/s 4, v000002a6ce059c50_0;
    %store/vec4a v000002a6ce0597f0, 4, 0;
    %pushi/vec4 4294967295, 4294967295, 32;
    %ix/getv/s 4, v000002a6ce059c50_0;
    %store/vec4a v000002a6ce059f70, 4, 0;
    ; show_stmt_assign_vector: Get l-value for compressed += operand
    %load/vec4 v000002a6ce059c50_0;
    %pushi/vec4 1, 0, 32;
    %add;
    %store/vec4 v000002a6ce059c50_0, 0, 32;
    %jmp T_1.0;
T_1.1 ;
    %jmp T_1;
    .thread T_1, $push;
    .scope S_000002a6cdf96cd0;
T_2 ;
    %wait E_000002a6cdfe23c0;
    %delay 10, 0;
    %load/vec4 v000002a6cdfd9f10_0;
    %parti/s 3, 2, 3;
    %pad/u 5;
    %ix/vec4 4;
    %load/vec4a v000002a6ce059f70, 4;
    %store/vec4 v000002a6ce058710_0, 0, 32;
    %jmp T_2;
    .thread T_2, $push;
    .scope S_000002a6cdf96cd0;
T_3 ;
    %wait E_000002a6cdfe16c0;
    %load/vec4 v000002a6ce058490_0;
    %flag_set/vec4 8;
    %jmp/0xz  T_3.0, 8;
    %pushi/vec4 0, 0, 1;
    %store/vec4 v000002a6cdfd93d0_0, 0, 1;
T_3.0 ;
    %jmp T_3;
    .thread T_3;
    .scope S_000002a6cdf96cd0;
T_4 ;
    %wait E_000002a6cdfe22c0;
    %load/vec4 v000002a6ce058d50_0;
    %load/vec4 v000002a6ce058490_0;
    %and;
    %flag_set/vec4 8;
    %jmp/0xz  T_4.0, 8;
    %load/vec4 v000002a6cdfd9f10_0;
    %parti/s 2, 0, 2;
    %dup/vec4;
    %pushi/vec4 0, 0, 2;
    %cmp/u;
    %jmp/1 T_4.2, 6;
    %dup/vec4;
    %pushi/vec4 1, 0, 2;
    %cmp/u;
    %jmp/1 T_4.3, 6;
    %dup/vec4;
    %pushi/vec4 2, 0, 2;
    %cmp/u;
    %jmp/1 T_4.4, 6;
    %dup/vec4;
    %pushi/vec4 3, 0, 2;
    %cmp/u;
    %jmp/1 T_4.5, 6;
    %jmp T_4.6;
T_4.2 ;
    %load/vec4 v000002a6ce058710_0;
    %parti/s 8, 0, 2;
    %store/vec4 v000002a6ce059070_0, 0, 8;
    %jmp T_4.6;
T_4.3 ;
    %load/vec4 v000002a6ce058710_0;
    %parti/s 8, 8, 5;
    %store/vec4 v000002a6ce059070_0, 0, 8;
    %jmp T_4.6;
T_4.4 ;
    %load/vec4 v000002a6ce058710_0;
    %parti/s 8, 16, 6;
    %store/vec4 v000002a6ce059070_0, 0, 8;
    %jmp T_4.6;
T_4.5 ;
    %load/vec4 v000002a6ce058710_0;
    %parti/s 8, 24, 6;
    %store/vec4 v000002a6ce059070_0, 0, 8;
    %jmp T_4.6;
T_4.6 ;
    %pop/vec4 1;
    %pushi/vec4 0, 0, 1;
    %store/vec4 v000002a6ce058d50_0, 0, 1;
T_4.0 ;
    %jmp T_4;
    .thread T_4, $push;
    .scope S_000002a6cdf96cd0;
T_5 ;
    %wait E_000002a6cdfe16c0;
    %load/vec4 v000002a6ce058490_0;
    %load/vec4 v000002a6ce0588f0_0;
    %and;
    %flag_set/vec4 8;
    %jmp/0xz  T_5.0, 8;
    %delay 10, 0;
    %pushi/vec4 1, 0, 1;
    %load/vec4 v000002a6cdfd9f10_0;
    %parti/s 3, 2, 3;
    %pad/u 5;
    %ix/vec4 4;
    %store/vec4a v000002a6ce0592f0, 4, 0;
    %load/vec4 v000002a6cdfd9f10_0;
    %parti/s 2, 0, 2;
    %dup/vec4;
    %pushi/vec4 0, 0, 2;
    %cmp/u;
    %jmp/1 T_5.2, 6;
    %dup/vec4;
    %pushi/vec4 1, 0, 2;
    %cmp/u;
    %jmp/1 T_5.3, 6;
    %dup/vec4;
    %pushi/vec4 2, 0, 2;
    %cmp/u;
    %jmp/1 T_5.4, 6;
    %dup/vec4;
    %pushi/vec4 3, 0, 2;
    %cmp/u;
    %jmp/1 T_5.5, 6;
    %jmp T_5.6;
T_5.2 ;
    %load/vec4 v000002a6ce05a1f0_0;
    %load/vec4 v000002a6cdfd9f10_0;
    %parti/s 3, 2, 3;
    %pad/u 5;
    %ix/vec4 4;
    %flag_mov 8, 4;
    %ix/load 5, 0, 0;
    %flag_set/imm 4, 0;
    %flag_or 4, 8;
    %store/vec4a v000002a6ce059f70, 4, 5;
    %jmp T_5.6;
T_5.3 ;
    %load/vec4 v000002a6ce05a1f0_0;
    %load/vec4 v000002a6cdfd9f10_0;
    %parti/s 3, 2, 3;
    %pad/u 5;
    %ix/vec4 4;
    %flag_mov 8, 4;
    %ix/load 5, 8, 0;
    %flag_set/imm 4, 0;
    %flag_or 4, 8;
    %store/vec4a v000002a6ce059f70, 4, 5;
    %jmp T_5.6;
T_5.4 ;
    %load/vec4 v000002a6ce05a1f0_0;
    %load/vec4 v000002a6cdfd9f10_0;
    %parti/s 3, 2, 3;
    %pad/u 5;
    %ix/vec4 4;
    %flag_mov 8, 4;
    %ix/load 5, 16, 0;
    %flag_set/imm 4, 0;
    %flag_or 4, 8;
    %store/vec4a v000002a6ce059f70, 4, 5;
    %jmp T_5.6;
T_5.5 ;
    %load/vec4 v000002a6ce05a1f0_0;
    %load/vec4 v000002a6cdfd9f10_0;
    %parti/s 3, 2, 3;
    %pad/u 5;
    %ix/vec4 4;
    %flag_mov 8, 4;
    %ix/load 5, 24, 0;
    %flag_set/imm 4, 0;
    %flag_or 4, 8;
    %store/vec4a v000002a6ce059f70, 4, 5;
    %jmp T_5.6;
T_5.6 ;
    %pop/vec4 1;
    %pushi/vec4 0, 0, 1;
    %store/vec4 v000002a6ce0588f0_0, 0, 1;
T_5.0 ;
    %jmp T_5;
    .thread T_5;
    .scope S_000002a6cdf96cd0;
T_6 ;
    %wait E_000002a6cdfe1680;
    %load/vec4 v000002a6ce059890_0;
    %dup/vec4;
    %pushi/vec4 0, 0, 2;
    %cmp/u;
    %jmp/1 T_6.0, 6;
    %dup/vec4;
    %pushi/vec4 1, 0, 2;
    %cmp/u;
    %jmp/1 T_6.1, 6;
    %dup/vec4;
    %pushi/vec4 2, 0, 2;
    %cmp/u;
    %jmp/1 T_6.2, 6;
    %dup/vec4;
    %pushi/vec4 3, 0, 2;
    %cmp/u;
    %jmp/1 T_6.3, 6;
    %jmp T_6.4;
T_6.0 ;
    %load/vec4 v000002a6ce05a150_0;
    %load/vec4 v000002a6ce058f30_0;
    %or;
    %load/vec4 v000002a6ce0587b0_0;
    %nor/r;
    %and;
    %load/vec4 v000002a6ce058490_0;
    %nor/r;
    %and;
    %flag_set/vec4 8;
    %jmp/0xz  T_6.5, 8;
    %pushi/vec4 1, 0, 2;
    %store/vec4 v000002a6ce058e90_0, 0, 2;
    %jmp T_6.6;
T_6.5 ;
    %load/vec4 v000002a6ce05a150_0;
    %load/vec4 v000002a6ce058f30_0;
    %or;
    %load/vec4 v000002a6ce0587b0_0;
    %and;
    %load/vec4 v000002a6ce058490_0;
    %nor/r;
    %and;
    %flag_set/vec4 8;
    %jmp/0xz  T_6.7, 8;
    %pushi/vec4 2, 0, 2;
    %store/vec4 v000002a6ce058e90_0, 0, 2;
    %jmp T_6.8;
T_6.7 ;
    %pushi/vec4 0, 0, 2;
    %store/vec4 v000002a6ce058e90_0, 0, 2;
T_6.8 ;
T_6.6 ;
    %jmp T_6.4;
T_6.1 ;
    %load/vec4 v000002a6cdfd95b0_0;
    %flag_set/vec4 8;
    %jmp/0xz  T_6.9, 8;
    %pushi/vec4 1, 0, 2;
    %store/vec4 v000002a6ce058e90_0, 0, 2;
    %jmp T_6.10;
T_6.9 ;
    %pushi/vec4 3, 0, 2;
    %store/vec4 v000002a6ce058e90_0, 0, 2;
T_6.10 ;
    %jmp T_6.4;
T_6.2 ;
    %load/vec4 v000002a6cdfd95b0_0;
    %flag_set/vec4 8;
    %jmp/0xz  T_6.11, 8;
    %pushi/vec4 2, 0, 2;
    %store/vec4 v000002a6ce058e90_0, 0, 2;
    %jmp T_6.12;
T_6.11 ;
    %pushi/vec4 1, 0, 2;
    %store/vec4 v000002a6ce058e90_0, 0, 2;
T_6.12 ;
    %jmp T_6.4;
T_6.3 ;
    %pushi/vec4 0, 0, 2;
    %store/vec4 v000002a6ce058e90_0, 0, 2;
    %jmp T_6.4;
T_6.4 ;
    %pop/vec4 1;
    %jmp T_6;
    .thread T_6, $push;
    .scope S_000002a6cdf96cd0;
T_7 ;
    %wait E_000002a6cdfe2280;
    %load/vec4 v000002a6ce059890_0;
    %dup/vec4;
    %pushi/vec4 0, 0, 2;
    %cmp/u;
    %jmp/1 T_7.0, 6;
    %dup/vec4;
    %pushi/vec4 1, 0, 2;
    %cmp/u;
    %jmp/1 T_7.1, 6;
    %dup/vec4;
    %pushi/vec4 2, 0, 2;
    %cmp/u;
    %jmp/1 T_7.2, 6;
    %dup/vec4;
    %pushi/vec4 3, 0, 2;
    %cmp/u;
    %jmp/1 T_7.3, 6;
    %jmp T_7.4;
T_7.0 ;
    %pushi/vec4 0, 0, 1;
    %store/vec4 v000002a6cdfd9650_0, 0, 1;
    %pushi/vec4 0, 0, 1;
    %store/vec4 v000002a6cdfd96f0_0, 0, 1;
    %pushi/vec4 63, 63, 6;
    %store/vec4 v000002a6cdfd9510_0, 0, 6;
    %pushi/vec4 4294967295, 4294967295, 32;
    %store/vec4 v000002a6ce059430_0, 0, 32;
    %pushi/vec4 0, 0, 1;
    %store/vec4 v000002a6cdfd93d0_0, 0, 1;
    %jmp T_7.4;
T_7.1 ;
    %pushi/vec4 1, 0, 1;
    %store/vec4 v000002a6cdfd9650_0, 0, 1;
    %pushi/vec4 0, 0, 1;
    %store/vec4 v000002a6cdfd96f0_0, 0, 1;
    %load/vec4 v000002a6cdfd9f10_0;
    %parti/s 6, 2, 3;
    %store/vec4 v000002a6cdfd9510_0, 0, 6;
    %pushi/vec4 4294967295, 4294967295, 32;
    %store/vec4 v000002a6ce059430_0, 0, 32;
    %jmp T_7.4;
T_7.2 ;
    %pushi/vec4 0, 0, 1;
    %store/vec4 v000002a6cdfd9650_0, 0, 1;
    %pushi/vec4 1, 0, 1;
    %store/vec4 v000002a6cdfd96f0_0, 0, 1;
    %load/vec4 v000002a6ce058cb0_0;
    %load/vec4 v000002a6cdfd9f10_0;
    %parti/s 3, 2, 3;
    %concat/vec4; draw_concat_vec4
    %store/vec4 v000002a6cdfd9510_0, 0, 6;
    %load/vec4 v000002a6ce058710_0;
    %store/vec4 v000002a6ce059430_0, 0, 32;
    %jmp T_7.4;
T_7.3 ;
    %pushi/vec4 0, 0, 1;
    %store/vec4 v000002a6cdfd9650_0, 0, 1;
    %pushi/vec4 0, 0, 1;
    %store/vec4 v000002a6cdfd96f0_0, 0, 1;
    %pushi/vec4 63, 63, 6;
    %store/vec4 v000002a6cdfd9510_0, 0, 6;
    %pushi/vec4 4294967295, 4294967295, 32;
    %store/vec4 v000002a6ce059430_0, 0, 32;
    %delay 10, 0;
    %load/vec4 v000002a6cdfd98d0_0;
    %load/vec4 v000002a6cdfd9f10_0;
    %parti/s 3, 2, 3;
    %pad/u 5;
    %ix/vec4 4;
    %store/vec4a v000002a6ce059f70, 4, 0;
    %load/vec4 v000002a6cdfd9f10_0;
    %parti/s 3, 5, 4;
    %load/vec4 v000002a6cdfd9f10_0;
    %parti/s 3, 2, 3;
    %pad/u 5;
    %ix/vec4 4;
    %store/vec4a v000002a6ce0597f0, 4, 0;
    %pushi/vec4 1, 0, 1;
    %load/vec4 v000002a6cdfd9f10_0;
    %parti/s 3, 2, 3;
    %pad/u 5;
    %ix/vec4 4;
    %store/vec4a v000002a6ce0599d0, 4, 0;
    %pushi/vec4 0, 0, 1;
    %load/vec4 v000002a6cdfd9f10_0;
    %parti/s 3, 2, 3;
    %pad/u 5;
    %ix/vec4 4;
    %store/vec4a v000002a6ce0592f0, 4, 0;
    %jmp T_7.4;
T_7.4 ;
    %pop/vec4 1;
    %jmp T_7;
    .thread T_7, $push;
    .scope S_000002a6cdf96cd0;
T_8 ;
    %wait E_000002a6cdfe1d40;
    %load/vec4 v000002a6ce0594d0_0;
    %flag_set/vec4 8;
    %jmp/0xz  T_8.0, 8;
    %pushi/vec4 0, 0, 2;
    %store/vec4 v000002a6ce059890_0, 0, 2;
    %jmp T_8.1;
T_8.0 ;
    %load/vec4 v000002a6ce058e90_0;
    %store/vec4 v000002a6ce059890_0, 0, 2;
T_8.1 ;
    %jmp T_8;
    .thread T_8;
# The file index is used to find the file name in the following table.
:file_names 3;
    "N/A";
    "<interactive>";
    "dcacheFSM_Grp18.v";
