#! /c/Source/iverilog-install/bin/vvp
:ivl_version "12.0 (devel)" "(s20150603-1110-g18392a46)";
:ivl_delay_selection "TYPICAL";
:vpi_time_precision - 10;
:vpi_module "C:\iverilog\lib\ivl\system.vpi";
:vpi_module "C:\iverilog\lib\ivl\vhdl_sys.vpi";
:vpi_module "C:\iverilog\lib\ivl\vhdl_textio.vpi";
:vpi_module "C:\iverilog\lib\ivl\v2005_math.vpi";
:vpi_module "C:\iverilog\lib\ivl\va_math.vpi";
S_000001f80fd76cb0 .scope module, "dcache" "dcache" 2 3;
 .timescale -9 -10;
    .port_info 0 /INPUT 1 "clock";
    .port_info 1 /INPUT 1 "reset";
    .port_info 2 /INPUT 1 "read";
    .port_info 3 /INPUT 1 "write";
    .port_info 4 /INPUT 8 "address";
    .port_info 5 /INPUT 8 "writedata";
    .port_info 6 /OUTPUT 8 "readdata";
    .port_info 7 /OUTPUT 1 "busywait";
    .port_info 8 /OUTPUT 1 "mem_read";
    .port_info 9 /OUTPUT 1 "mem_write";
    .port_info 10 /OUTPUT 6 "mem_address";
    .port_info 11 /OUTPUT 32 "mem_writedata";
    .port_info 12 /INPUT 32 "mem_readdata";
    .port_info 13 /INPUT 1 "mem_busywait";
P_000001f80fd76e40 .param/l "CACHE_UPDATE" 0 2 146, C4<11>;
P_000001f80fd76e78 .param/l "IDLE" 0 2 146, C4<00>;
P_000001f80fd76eb0 .param/l "MEM_READ" 0 2 146, C4<01>;
P_000001f80fd76ee8 .param/l "MEM_WRITE" 0 2 146, C4<10>;
L_000001f80fddc620/d .functor BUFZ 1, L_000001f80fe37b30, C4<0>, C4<0>, C4<0>;
L_000001f80fddc620 .delay 1 (10,10,10) L_000001f80fddc620/d;
L_000001f80fddcf50/d .functor BUFZ 1, L_000001f80fe37db0, C4<0>, C4<0>, C4<0>;
L_000001f80fddcf50 .delay 1 (10,10,10) L_000001f80fddcf50/d;
L_000001f80fddc9a0/d .functor BUFZ 3, L_000001f80fe38ad0, C4<000>, C4<000>, C4<000>;
L_000001f80fddc9a0 .delay 3 (10,10,10) L_000001f80fddc9a0/d;
L_000001f80fddd0a0 .functor AND 1, L_000001f80fe37810, L_000001f80fddc620, C4<1>, C4<1>;
v000001f80fdbaf10_0 .net "COMPARATORSIGNAL", 0 0, L_000001f80fe37810;  1 drivers
v000001f80fdbb410_0 .var "DATA", 31 0;
v000001f80fdbaab0_0 .net "DIRTY", 0 0, L_000001f80fddcf50;  1 drivers
v000001f80fdbac90_0 .net "HITSIGNAL", 0 0, L_000001f80fddd0a0;  1 drivers
v000001f80fdbab50 .array "STORE_DATA", 0 7, 31 0;
v000001f80fdbadd0 .array "STORE_DIRTY", 0 7, 0 0;
v000001f80fdbafb0 .array "STORE_TAG", 0 7, 2 0;
v000001f80fdbb050 .array "STORE_VALID", 0 7, 0 0;
v000001f80fdbb0f0_0 .net "TAG", 2 0, L_000001f80fddc9a0;  1 drivers
v000001f80fe38990_0 .net "VALID", 0 0, L_000001f80fddc620;  1 drivers
v000001f80fe38d50_0 .net *"_ivl_0", 0 0, L_000001f80fe37b30;  1 drivers
v000001f80fe37bd0_0 .net *"_ivl_10", 0 0, L_000001f80fe37db0;  1 drivers
v000001f80fe383f0_0 .net *"_ivl_13", 2 0, L_000001f80fe38670;  1 drivers
v000001f80fe38a30_0 .net *"_ivl_14", 4 0, L_000001f80fe376d0;  1 drivers
L_000001f80fe800d0 .functor BUFT 1, C4<00>, C4<0>, C4<0>, C4<0>;
v000001f80fe37c70_0 .net *"_ivl_17", 1 0, L_000001f80fe800d0;  1 drivers
v000001f80fe38710_0 .net *"_ivl_20", 2 0, L_000001f80fe38ad0;  1 drivers
v000001f80fe37590_0 .net *"_ivl_23", 2 0, L_000001f80fe38b70;  1 drivers
v000001f80fe37090_0 .net *"_ivl_24", 4 0, L_000001f80fe38cb0;  1 drivers
L_000001f80fe80118 .functor BUFT 1, C4<00>, C4<0>, C4<0>, C4<0>;
v000001f80fe38df0_0 .net *"_ivl_27", 1 0, L_000001f80fe80118;  1 drivers
v000001f80fe38210_0 .net *"_ivl_3", 2 0, L_000001f80fe37310;  1 drivers
v000001f80fe37630_0 .net *"_ivl_31", 2 0, L_000001f80fe37450;  1 drivers
v000001f80fe38f30_0 .net *"_ivl_32", 0 0, L_000001f80fe374f0;  1 drivers
L_000001f80fe80160 .functor BUFT 1, C4<01>, C4<0>, C4<0>, C4<0>;
v000001f80fe38850_0 .net/2s *"_ivl_34", 1 0, L_000001f80fe80160;  1 drivers
L_000001f80fe801a8 .functor BUFT 1, C4<00>, C4<0>, C4<0>, C4<0>;
v000001f80fe38030_0 .net/2s *"_ivl_36", 1 0, L_000001f80fe801a8;  1 drivers
v000001f80fe378b0_0 .net *"_ivl_38", 1 0, L_000001f80fe37770;  1 drivers
v000001f80fe37130_0 .net *"_ivl_4", 4 0, L_000001f80fe373b0;  1 drivers
L_000001f80fe80088 .functor BUFT 1, C4<00>, C4<0>, C4<0>, C4<0>;
v000001f80fe37f90_0 .net *"_ivl_7", 1 0, L_000001f80fe80088;  1 drivers
o000001f80fddf5a8 .functor BUFZ 8, C4<zzzzzzzz>; HiZ drive
v000001f80fe385d0_0 .net "address", 7 0, o000001f80fddf5a8;  0 drivers
v000001f80fe388f0_0 .var "busywait", 0 0;
o000001f80fddf608 .functor BUFZ 1, C4<z>; HiZ drive
v000001f80fe38350_0 .net "clock", 0 0, o000001f80fddf608;  0 drivers
v000001f80fe37a90_0 .var/i "i", 31 0;
v000001f80fe37ef0_0 .var "mem_address", 5 0;
o000001f80fddf698 .functor BUFZ 1, C4<z>; HiZ drive
v000001f80fe38170_0 .net "mem_busywait", 0 0, o000001f80fddf698;  0 drivers
v000001f80fe38490_0 .var "mem_read", 0 0;
o000001f80fddf6f8 .functor BUFZ 32, C4<zzzzzzzzzzzzzzzzzzzzzzzzzzzzzzzz>; HiZ drive
v000001f80fe371d0_0 .net "mem_readdata", 31 0, o000001f80fddf6f8;  0 drivers
v000001f80fe379f0_0 .var "mem_write", 0 0;
v000001f80fe387b0_0 .var "mem_writedata", 31 0;
v000001f80fe382b0_0 .var "next_state", 1 0;
o000001f80fddf7b8 .functor BUFZ 1, C4<z>; HiZ drive
v000001f80fe38530_0 .net "read", 0 0, o000001f80fddf7b8;  0 drivers
v000001f80fe38c10_0 .var "readdata", 7 0;
o000001f80fddf818 .functor BUFZ 1, C4<z>; HiZ drive
v000001f80fe38e90_0 .net "reset", 0 0, o000001f80fddf818;  0 drivers
v000001f80fe380d0_0 .var "state", 1 0;
o000001f80fddf878 .functor BUFZ 1, C4<z>; HiZ drive
v000001f80fe37270_0 .net "write", 0 0, o000001f80fddf878;  0 drivers
o000001f80fddf8a8 .functor BUFZ 8, C4<zzzzzzzz>; HiZ drive
v000001f80fe37d10_0 .net "writedata", 7 0, o000001f80fddf8a8;  0 drivers
E_000001f80fdbf3b0/0 .event anyedge, v000001f80fe38e90_0;
E_000001f80fdbf3b0/1 .event posedge, v000001f80fe38350_0;
E_000001f80fdbf3b0 .event/or E_000001f80fdbf3b0/0, E_000001f80fdbf3b0/1;
E_000001f80fdbf4f0 .event anyedge, v000001f80fe380d0_0;
E_000001f80fdbf8b0/0 .event anyedge, v000001f80fe380d0_0, v000001f80fe38530_0, v000001f80fe37270_0, v000001f80fdbaab0_0;
E_000001f80fdbf8b0/1 .event anyedge, v000001f80fdbac90_0, v000001f80fe38170_0;
E_000001f80fdbf8b0 .event/or E_000001f80fdbf8b0/0, E_000001f80fdbf8b0/1;
E_000001f80fdbfaf0 .event posedge, v000001f80fe38350_0;
E_000001f80fdbfc30 .event anyedge, v000001f80fdbb410_0, v000001f80fdbac90_0, v000001f80fe38530_0, v000001f80fe385d0_0;
v000001f80fdbab50_0 .array/port v000001f80fdbab50, 0;
v000001f80fdbab50_1 .array/port v000001f80fdbab50, 1;
v000001f80fdbab50_2 .array/port v000001f80fdbab50, 2;
E_000001f80fdbee70/0 .event anyedge, v000001f80fe385d0_0, v000001f80fdbab50_0, v000001f80fdbab50_1, v000001f80fdbab50_2;
v000001f80fdbab50_3 .array/port v000001f80fdbab50, 3;
v000001f80fdbab50_4 .array/port v000001f80fdbab50, 4;
v000001f80fdbab50_5 .array/port v000001f80fdbab50, 5;
v000001f80fdbab50_6 .array/port v000001f80fdbab50, 6;
E_000001f80fdbee70/1 .event anyedge, v000001f80fdbab50_3, v000001f80fdbab50_4, v000001f80fdbab50_5, v000001f80fdbab50_6;
v000001f80fdbab50_7 .array/port v000001f80fdbab50, 7;
E_000001f80fdbee70/2 .event anyedge, v000001f80fdbab50_7;
E_000001f80fdbee70 .event/or E_000001f80fdbee70/0, E_000001f80fdbee70/1, E_000001f80fdbee70/2;
E_000001f80fdbf530 .event anyedge, v000001f80fe37270_0, v000001f80fe38530_0;
E_000001f80fdbeff0 .event anyedge, v000001f80fe38e90_0;
L_000001f80fe37b30 .array/port v000001f80fdbb050, L_000001f80fe373b0;
L_000001f80fe37310 .part o000001f80fddf5a8, 2, 3;
L_000001f80fe373b0 .concat [ 3 2 0 0], L_000001f80fe37310, L_000001f80fe80088;
L_000001f80fe37db0 .array/port v000001f80fdbadd0, L_000001f80fe376d0;
L_000001f80fe38670 .part o000001f80fddf5a8, 2, 3;
L_000001f80fe376d0 .concat [ 3 2 0 0], L_000001f80fe38670, L_000001f80fe800d0;
L_000001f80fe38ad0 .array/port v000001f80fdbafb0, L_000001f80fe38cb0;
L_000001f80fe38b70 .part o000001f80fddf5a8, 2, 3;
L_000001f80fe38cb0 .concat [ 3 2 0 0], L_000001f80fe38b70, L_000001f80fe80118;
L_000001f80fe37450 .part o000001f80fddf5a8, 5, 3;
L_000001f80fe374f0 .cmp/eq 3, L_000001f80fddc9a0, L_000001f80fe37450;
L_000001f80fe37770 .functor MUXZ 2, L_000001f80fe801a8, L_000001f80fe80160, L_000001f80fe374f0, C4<>;
L_000001f80fe37810 .delay 1 (9,9,9) L_000001f80fe37810/d;
L_000001f80fe37810/d .part L_000001f80fe37770, 0, 1;
    .scope S_000001f80fd76cb0;
T_0 ;
    %wait E_000001f80fdbeff0;
    %pushi/vec4 0, 0, 32;
    %store/vec4 v000001f80fe37a90_0, 0, 32;
T_0.0 ;
    %load/vec4 v000001f80fe37a90_0;
    %cmpi/s 8, 0, 32;
    %jmp/0xz T_0.1, 5;
    %pushi/vec4 0, 0, 1;
    %ix/getv/s 4, v000001f80fe37a90_0;
    %store/vec4a v000001f80fdbb050, 4, 0;
    %pushi/vec4 0, 0, 1;
    %ix/getv/s 4, v000001f80fe37a90_0;
    %store/vec4a v000001f80fdbadd0, 4, 0;
    %pushi/vec4 7, 7, 3;
    %ix/getv/s 4, v000001f80fe37a90_0;
    %store/vec4a v000001f80fdbafb0, 4, 0;
    %pushi/vec4 4294967295, 4294967295, 32;
    %ix/getv/s 4, v000001f80fe37a90_0;
    %store/vec4a v000001f80fdbab50, 4, 0;
    ; show_stmt_assign_vector: Get l-value for compressed += operand
    %load/vec4 v000001f80fe37a90_0;
    %pushi/vec4 1, 0, 32;
    %add;
    %store/vec4 v000001f80fe37a90_0, 0, 32;
    %jmp T_0.0;
T_0.1 ;
    %jmp T_0;
    .thread T_0, $push;
    .scope S_000001f80fd76cb0;
T_1 ;
    %wait E_000001f80fdbf530;
    %load/vec4 v000001f80fe38530_0;
    %flag_set/vec4 8;
    %load/vec4 v000001f80fe37270_0;
    %flag_set/vec4 9;
    %flag_or 9, 8;
    %jmp/0xz  T_1.0, 9;
    %pushi/vec4 1, 0, 1;
    %store/vec4 v000001f80fe388f0_0, 0, 1;
    %jmp T_1.1;
T_1.0 ;
    %pushi/vec4 0, 0, 1;
    %store/vec4 v000001f80fe388f0_0, 0, 1;
T_1.1 ;
    %jmp T_1;
    .thread T_1, $push;
    .scope S_000001f80fd76cb0;
T_2 ;
    %wait E_000001f80fdbee70;
    %delay 10, 0;
    %load/vec4 v000001f80fe385d0_0;
    %parti/s 3, 2, 3;
    %pad/u 5;
    %ix/vec4 4;
    %load/vec4a v000001f80fdbab50, 4;
    %store/vec4 v000001f80fdbb410_0, 0, 32;
    %jmp T_2;
    .thread T_2, $push;
    .scope S_000001f80fd76cb0;
T_3 ;
    %wait E_000001f80fdbfaf0;
    %load/vec4 v000001f80fdbac90_0;
    %flag_set/vec4 8;
    %jmp/0xz  T_3.0, 8;
    %pushi/vec4 0, 0, 1;
    %store/vec4 v000001f80fe388f0_0, 0, 1;
T_3.0 ;
    %jmp T_3;
    .thread T_3;
    .scope S_000001f80fd76cb0;
T_4 ;
    %wait E_000001f80fdbfc30;
    %load/vec4 v000001f80fe38530_0;
    %load/vec4 v000001f80fdbac90_0;
    %and;
    %flag_set/vec4 8;
    %jmp/0xz  T_4.0, 8;
    %load/vec4 v000001f80fe385d0_0;
    %parti/s 2, 0, 2;
    %dup/vec4;
    %pushi/vec4 0, 0, 2;
    %cmp/u;
    %jmp/1 T_4.2, 6;
    %dup/vec4;
    %pushi/vec4 1, 0, 2;
    %cmp/u;
    %jmp/1 T_4.3, 6;
    %dup/vec4;
    %pushi/vec4 2, 0, 2;
    %cmp/u;
    %jmp/1 T_4.4, 6;
    %dup/vec4;
    %pushi/vec4 3, 0, 2;
    %cmp/u;
    %jmp/1 T_4.5, 6;
    %jmp T_4.6;
T_4.2 ;
    %load/vec4 v000001f80fdbb410_0;
    %parti/s 8, 0, 2;
    %store/vec4 v000001f80fe38c10_0, 0, 8;
    %jmp T_4.6;
T_4.3 ;
    %load/vec4 v000001f80fdbb410_0;
    %parti/s 8, 8, 5;
    %store/vec4 v000001f80fe38c10_0, 0, 8;
    %jmp T_4.6;
T_4.4 ;
    %load/vec4 v000001f80fdbb410_0;
    %parti/s 8, 16, 6;
    %store/vec4 v000001f80fe38c10_0, 0, 8;
    %jmp T_4.6;
T_4.5 ;
    %load/vec4 v000001f80fdbb410_0;
    %parti/s 8, 24, 6;
    %store/vec4 v000001f80fe38c10_0, 0, 8;
    %jmp T_4.6;
T_4.6 ;
    %pop/vec4 1;
T_4.0 ;
    %jmp T_4;
    .thread T_4, $push;
    .scope S_000001f80fd76cb0;
T_5 ;
    %wait E_000001f80fdbfaf0;
    %load/vec4 v000001f80fdbac90_0;
    %load/vec4 v000001f80fe37270_0;
    %and;
    %flag_set/vec4 8;
    %jmp/0xz  T_5.0, 8;
    %delay 10, 0;
    %pushi/vec4 1, 0, 1;
    %load/vec4 v000001f80fe385d0_0;
    %parti/s 3, 2, 3;
    %pad/u 5;
    %ix/vec4 4;
    %store/vec4a v000001f80fdbadd0, 4, 0;
    %load/vec4 v000001f80fe385d0_0;
    %parti/s 2, 0, 2;
    %cmpi/e 0, 0, 2;
    %jmp/0xz  T_5.2, 4;
    %load/vec4 v000001f80fe37d10_0;
    %load/vec4 v000001f80fe385d0_0;
    %parti/s 3, 2, 3;
    %pad/u 5;
    %ix/vec4 4;
    %flag_mov 8, 4;
    %ix/load 5, 0, 0;
    %flag_set/imm 4, 0;
    %flag_or 4, 8;
    %store/vec4a v000001f80fdbab50, 4, 5;
    %jmp T_5.3;
T_5.2 ;
    %load/vec4 v000001f80fe385d0_0;
    %parti/s 2, 0, 2;
    %cmpi/e 1, 0, 2;
    %jmp/0xz  T_5.4, 4;
    %load/vec4 v000001f80fe37d10_0;
    %load/vec4 v000001f80fe385d0_0;
    %parti/s 3, 2, 3;
    %pad/u 5;
    %ix/vec4 4;
    %flag_mov 8, 4;
    %ix/load 5, 8, 0;
    %flag_set/imm 4, 0;
    %flag_or 4, 8;
    %store/vec4a v000001f80fdbab50, 4, 5;
    %jmp T_5.5;
T_5.4 ;
    %load/vec4 v000001f80fe385d0_0;
    %parti/s 2, 0, 2;
    %cmpi/e 2, 0, 2;
    %jmp/0xz  T_5.6, 4;
    %load/vec4 v000001f80fe37d10_0;
    %load/vec4 v000001f80fe385d0_0;
    %parti/s 3, 2, 3;
    %pad/u 5;
    %ix/vec4 4;
    %flag_mov 8, 4;
    %ix/load 5, 16, 0;
    %flag_set/imm 4, 0;
    %flag_or 4, 8;
    %store/vec4a v000001f80fdbab50, 4, 5;
    %jmp T_5.7;
T_5.6 ;
    %load/vec4 v000001f80fe385d0_0;
    %parti/s 2, 0, 2;
    %cmpi/e 3, 0, 2;
    %jmp/0xz  T_5.8, 4;
    %load/vec4 v000001f80fe37d10_0;
    %load/vec4 v000001f80fe385d0_0;
    %parti/s 3, 2, 3;
    %pad/u 5;
    %ix/vec4 4;
    %flag_mov 8, 4;
    %ix/load 5, 24, 0;
    %flag_set/imm 4, 0;
    %flag_or 4, 8;
    %store/vec4a v000001f80fdbab50, 4, 5;
T_5.8 ;
T_5.7 ;
T_5.5 ;
T_5.3 ;
T_5.0 ;
    %jmp T_5;
    .thread T_5;
    .scope S_000001f80fd76cb0;
T_6 ;
    %wait E_000001f80fdbf8b0;
    %load/vec4 v000001f80fe380d0_0;
    %dup/vec4;
    %pushi/vec4 0, 0, 2;
    %cmp/u;
    %jmp/1 T_6.0, 6;
    %dup/vec4;
    %pushi/vec4 1, 0, 2;
    %cmp/u;
    %jmp/1 T_6.1, 6;
    %dup/vec4;
    %pushi/vec4 2, 0, 2;
    %cmp/u;
    %jmp/1 T_6.2, 6;
    %dup/vec4;
    %pushi/vec4 3, 0, 2;
    %cmp/u;
    %jmp/1 T_6.3, 6;
    %jmp T_6.4;
T_6.0 ;
    %load/vec4 v000001f80fe38530_0;
    %load/vec4 v000001f80fe37270_0;
    %or;
    %load/vec4 v000001f80fdbaab0_0;
    %nor/r;
    %and;
    %load/vec4 v000001f80fdbac90_0;
    %nor/r;
    %and;
    %flag_set/vec4 8;
    %jmp/0xz  T_6.5, 8;
    %pushi/vec4 1, 0, 2;
    %store/vec4 v000001f80fe382b0_0, 0, 2;
    %jmp T_6.6;
T_6.5 ;
    %load/vec4 v000001f80fe38530_0;
    %load/vec4 v000001f80fe37270_0;
    %or;
    %load/vec4 v000001f80fdbaab0_0;
    %and;
    %load/vec4 v000001f80fdbac90_0;
    %nor/r;
    %and;
    %flag_set/vec4 8;
    %jmp/0xz  T_6.7, 8;
    %pushi/vec4 2, 0, 2;
    %store/vec4 v000001f80fe382b0_0, 0, 2;
    %jmp T_6.8;
T_6.7 ;
    %pushi/vec4 0, 0, 2;
    %store/vec4 v000001f80fe382b0_0, 0, 2;
T_6.8 ;
T_6.6 ;
    %jmp T_6.4;
T_6.1 ;
    %load/vec4 v000001f80fe38170_0;
    %flag_set/vec4 8;
    %jmp/0xz  T_6.9, 8;
    %pushi/vec4 1, 0, 2;
    %store/vec4 v000001f80fe382b0_0, 0, 2;
    %jmp T_6.10;
T_6.9 ;
    %pushi/vec4 3, 0, 2;
    %store/vec4 v000001f80fe382b0_0, 0, 2;
T_6.10 ;
    %jmp T_6.4;
T_6.2 ;
    %load/vec4 v000001f80fe38170_0;
    %flag_set/vec4 8;
    %jmp/0xz  T_6.11, 8;
    %pushi/vec4 2, 0, 2;
    %store/vec4 v000001f80fe382b0_0, 0, 2;
    %jmp T_6.12;
T_6.11 ;
    %pushi/vec4 1, 0, 2;
    %store/vec4 v000001f80fe382b0_0, 0, 2;
T_6.12 ;
    %jmp T_6.4;
T_6.3 ;
    %pushi/vec4 0, 0, 2;
    %store/vec4 v000001f80fe382b0_0, 0, 2;
    %jmp T_6.4;
T_6.4 ;
    %pop/vec4 1;
    %jmp T_6;
    .thread T_6, $push;
    .scope S_000001f80fd76cb0;
T_7 ;
    %wait E_000001f80fdbf4f0;
    %load/vec4 v000001f80fe380d0_0;
    %dup/vec4;
    %pushi/vec4 0, 0, 2;
    %cmp/u;
    %jmp/1 T_7.0, 6;
    %dup/vec4;
    %pushi/vec4 1, 0, 2;
    %cmp/u;
    %jmp/1 T_7.1, 6;
    %dup/vec4;
    %pushi/vec4 2, 0, 2;
    %cmp/u;
    %jmp/1 T_7.2, 6;
    %dup/vec4;
    %pushi/vec4 3, 0, 2;
    %cmp/u;
    %jmp/1 T_7.3, 6;
    %jmp T_7.4;
T_7.0 ;
    %pushi/vec4 0, 0, 1;
    %store/vec4 v000001f80fe38490_0, 0, 1;
    %pushi/vec4 0, 0, 1;
    %store/vec4 v000001f80fe379f0_0, 0, 1;
    %pushi/vec4 63, 63, 6;
    %store/vec4 v000001f80fe37ef0_0, 0, 6;
    %pushi/vec4 4294967295, 4294967295, 32;
    %store/vec4 v000001f80fe387b0_0, 0, 32;
    %pushi/vec4 0, 0, 1;
    %store/vec4 v000001f80fe388f0_0, 0, 1;
    %jmp T_7.4;
T_7.1 ;
    %pushi/vec4 1, 0, 1;
    %store/vec4 v000001f80fe38490_0, 0, 1;
    %pushi/vec4 0, 0, 1;
    %store/vec4 v000001f80fe379f0_0, 0, 1;
    %load/vec4 v000001f80fe385d0_0;
    %parti/s 6, 2, 3;
    %store/vec4 v000001f80fe37ef0_0, 0, 6;
    %pushi/vec4 4294967295, 4294967295, 32;
    %store/vec4 v000001f80fe387b0_0, 0, 32;
    %jmp T_7.4;
T_7.2 ;
    %pushi/vec4 0, 0, 1;
    %store/vec4 v000001f80fe38490_0, 0, 1;
    %pushi/vec4 1, 0, 1;
    %store/vec4 v000001f80fe379f0_0, 0, 1;
    %load/vec4 v000001f80fdbb0f0_0;
    %load/vec4 v000001f80fe385d0_0;
    %parti/s 3, 2, 3;
    %concat/vec4; draw_concat_vec4
    %store/vec4 v000001f80fe37ef0_0, 0, 6;
    %load/vec4 v000001f80fdbb410_0;
    %store/vec4 v000001f80fe387b0_0, 0, 32;
    %jmp T_7.4;
T_7.3 ;
    %pushi/vec4 0, 0, 1;
    %store/vec4 v000001f80fe38490_0, 0, 1;
    %pushi/vec4 0, 0, 1;
    %store/vec4 v000001f80fe379f0_0, 0, 1;
    %pushi/vec4 63, 63, 6;
    %store/vec4 v000001f80fe37ef0_0, 0, 6;
    %pushi/vec4 4294967295, 4294967295, 32;
    %store/vec4 v000001f80fe387b0_0, 0, 32;
    %delay 10, 0;
    %load/vec4 v000001f80fe371d0_0;
    %load/vec4 v000001f80fe385d0_0;
    %parti/s 3, 2, 3;
    %pad/u 5;
    %ix/vec4 4;
    %store/vec4a v000001f80fdbab50, 4, 0;
    %load/vec4 v000001f80fe385d0_0;
    %parti/s 3, 5, 4;
    %load/vec4 v000001f80fe385d0_0;
    %parti/s 3, 2, 3;
    %pad/u 5;
    %ix/vec4 4;
    %store/vec4a v000001f80fdbafb0, 4, 0;
    %pushi/vec4 1, 0, 1;
    %load/vec4 v000001f80fe385d0_0;
    %parti/s 3, 2, 3;
    %pad/u 5;
    %ix/vec4 4;
    %store/vec4a v000001f80fdbb050, 4, 0;
    %pushi/vec4 0, 0, 1;
    %load/vec4 v000001f80fe385d0_0;
    %parti/s 3, 2, 3;
    %pad/u 5;
    %ix/vec4 4;
    %store/vec4a v000001f80fdbadd0, 4, 0;
    %jmp T_7.4;
T_7.4 ;
    %pop/vec4 1;
    %jmp T_7;
    .thread T_7, $push;
    .scope S_000001f80fd76cb0;
T_8 ;
    %wait E_000001f80fdbf3b0;
    %load/vec4 v000001f80fe38e90_0;
    %flag_set/vec4 8;
    %jmp/0xz  T_8.0, 8;
    %pushi/vec4 0, 0, 2;
    %store/vec4 v000001f80fe380d0_0, 0, 2;
    %jmp T_8.1;
T_8.0 ;
    %load/vec4 v000001f80fe382b0_0;
    %store/vec4 v000001f80fe380d0_0, 0, 2;
T_8.1 ;
    %jmp T_8;
    .thread T_8;
# The file index is used to find the file name in the following table.
:file_names 3;
    "N/A";
    "<interactive>";
    "e16_4.v";
