#! /c/Source/iverilog-install/bin/vvp
:ivl_version "12.0 (devel)" "(s20150603-1110-g18392a46)";
:ivl_delay_selection "TYPICAL";
:vpi_time_precision + 0;
:vpi_module "C:\iverilog\lib\ivl\system.vpi";
:vpi_module "C:\iverilog\lib\ivl\vhdl_sys.vpi";
:vpi_module "C:\iverilog\lib\ivl\vhdl_textio.vpi";
:vpi_module "C:\iverilog\lib\ivl\v2005_math.vpi";
:vpi_module "C:\iverilog\lib\ivl\va_math.vpi";
S_0000021fa6366cc0 .scope module, "cache_controller" "cache_controller" 2 6;
 .timescale 0 0;
    .port_info 0 /INPUT 1 "clock";
    .port_info 1 /INPUT 1 "reset";
    .port_info 2 /INPUT 1 "read";
    .port_info 3 /OUTPUT 1 "mem_read";
    .port_info 4 /INPUT 1 "write";
    .port_info 5 /OUTPUT 1 "mem_write";
    .port_info 6 /INPUT 8 "address";
    .port_info 7 /OUTPUT 6 "mem_address";
    .port_info 8 /INPUT 8 "writedata";
    .port_info 9 /OUTPUT 32 "mem_writedata";
    .port_info 10 /OUTPUT 8 "readdata";
    .port_info 11 /INPUT 32 "mem_readdata";
    .port_info 12 /OUTPUT 1 "busywait";
    .port_info 13 /INPUT 1 "mem_busywait";
v0000021fa636ba00_0 .net *"_ivl_1", 1 0, L_0000021fa64149e0;  1 drivers
L_0000021fa6415868 .functor BUFT 1, C4<000>, C4<0>, C4<0>, C4<0>;
v0000021fa6366e50_0 .net/2u *"_ivl_2", 2 0, L_0000021fa6415868;  1 drivers
o0000021fa63c4038 .functor BUFZ 8, C4<zzzzzzzz>; HiZ drive
v0000021fa6414b20_0 .net "address", 7 0, o0000021fa63c4038;  0 drivers
v0000021fa6414ee0_0 .var "busywait", 0 0;
v0000021fa6414bc0 .array "cache", 0 7, 36 0;
v0000021fa64148a0_0 .net "cache_index", 2 0, L_0000021fa63b3560;  1 drivers
o0000021fa63c40c8 .functor BUFZ 1, C4<z>; HiZ drive
v0000021fa64155c0_0 .net "clock", 0 0, o0000021fa63c40c8;  0 drivers
v0000021fa6415660_0 .var "comparator", 0 0;
v0000021fa6415160_0 .var "hit", 0 0;
v0000021fa6414f80_0 .var/i "i", 31 0;
v0000021fa6415520_0 .var "line", 36 0;
v0000021fa6414940_0 .var "mem_address", 5 0;
o0000021fa63c41e8 .functor BUFZ 1, C4<z>; HiZ drive
v0000021fa6414c60_0 .net "mem_busywait", 0 0, o0000021fa63c41e8;  0 drivers
v0000021fa6414a80_0 .var "mem_read", 0 0;
o0000021fa63c4248 .functor BUFZ 32, C4<zzzzzzzzzzzzzzzzzzzzzzzzzzzzzzzz>; HiZ drive
v0000021fa6415700_0 .net "mem_readdata", 31 0, o0000021fa63c4248;  0 drivers
v0000021fa6414d00_0 .var "mem_write", 0 0;
v0000021fa6415340_0 .var "mem_writedata", 31 0;
o0000021fa63c42d8 .functor BUFZ 1, C4<z>; HiZ drive
v0000021fa6414da0_0 .net "read", 0 0, o0000021fa63c42d8;  0 drivers
v0000021fa6414e40_0 .var "readdata", 7 0;
v0000021fa64153e0_0 .var "readword", 7 0;
o0000021fa63c4368 .functor BUFZ 1, C4<z>; HiZ drive
v0000021fa6415020_0 .net "reset", 0 0, o0000021fa63c4368;  0 drivers
v0000021fa64150c0_0 .net "tag_bits", 2 0, L_0000021fa63b2200;  1 drivers
v0000021fa6415200_0 .net "word_index", 4 0, L_0000021fa63b22a0;  1 drivers
o0000021fa63c43f8 .functor BUFZ 1, C4<z>; HiZ drive
v0000021fa64157a0_0 .net "write", 0 0, o0000021fa63c43f8;  0 drivers
v0000021fa64152a0_0 .var "writeaccess", 0 0;
o0000021fa63c4458 .functor BUFZ 8, C4<zzzzzzzz>; HiZ drive
v0000021fa6415480_0 .net "writedata", 7 0, o0000021fa63c4458;  0 drivers
E_0000021fa63a7600 .event posedge, v0000021fa64155c0_0;
E_0000021fa63a8340 .event negedge, v0000021fa6414c60_0;
E_0000021fa63a78c0/0 .event negedge, v0000021fa6414c60_0;
E_0000021fa63a78c0/1 .event posedge, v0000021fa6414ee0_0;
E_0000021fa63a78c0 .event/or E_0000021fa63a78c0/0, E_0000021fa63a78c0/1;
E_0000021fa63a7e80 .event anyedge, v0000021fa64150c0_0, v0000021fa6415520_0;
E_0000021fa63a7640 .event posedge, v0000021fa64157a0_0, v0000021fa6414da0_0;
L_0000021fa64149e0 .part o0000021fa63c4038, 0, 2;
L_0000021fa63b22a0 .concat [ 3 2 0 0], L_0000021fa6415868, L_0000021fa64149e0;
L_0000021fa63b3560 .part o0000021fa63c4038, 2, 3;
L_0000021fa63b2200 .part o0000021fa63c4038, 5, 3;
    .scope S_0000021fa6366cc0;
T_0 ;
    %wait E_0000021fa63a7640;
    %load/vec4 v0000021fa6414da0_0;
    %load/vec4 v0000021fa64157a0_0;
    %or;
    %store/vec4 v0000021fa6414ee0_0, 0, 1;
    %jmp T_0;
    .thread T_0;
    .scope S_0000021fa6366cc0;
T_1 ;
    %wait E_0000021fa63a7e80;
    %delay 1, 0;
    %load/vec4 v0000021fa64150c0_0;
    %load/vec4 v0000021fa6415520_0;
    %parti/s 3, 34, 7;
    %cmp/e;
    %flag_get/vec4 4;
    %store/vec4 v0000021fa6415660_0, 0, 1;
    %load/vec4 v0000021fa6415520_0;
    %parti/s 1, 33, 7;
    %load/vec4 v0000021fa6415660_0;
    %and;
    %store/vec4 v0000021fa6415160_0, 0, 1;
    %jmp T_1;
    .thread T_1, $push;
    .scope S_0000021fa6366cc0;
T_2 ;
    %wait E_0000021fa63a78c0;
    %load/vec4 v0000021fa6414ee0_0;
    %flag_set/vec4 8;
    %jmp/0xz  T_2.0, 8;
    %delay 1, 0;
    %delay 1, 0;
    %load/vec4 v0000021fa64148a0_0;
    %pad/u 5;
    %ix/vec4 4;
    %load/vec4a v0000021fa6414bc0, 4;
    %store/vec4 v0000021fa6415520_0, 0, 37;
    %delay 1, 0;
    %load/vec4 v0000021fa6415520_0;
    %load/vec4 v0000021fa6415200_0;
    %part/u 8;
    %store/vec4 v0000021fa64153e0_0, 0, 8;
T_2.0 ;
    %load/vec4 v0000021fa6414a80_0;
    %nor/r;
    %flag_set/vec4 8;
    %jmp/0xz  T_2.2, 8;
    %load/vec4 v0000021fa6415160_0;
    %flag_set/vec4 8;
    %jmp/0xz  T_2.4, 8;
    %load/vec4 v0000021fa6414da0_0;
    %flag_set/vec4 8;
    %jmp/0xz  T_2.6, 8;
    %load/vec4 v0000021fa64153e0_0;
    %store/vec4 v0000021fa6414e40_0, 0, 8;
    %pushi/vec4 0, 0, 1;
    %store/vec4 v0000021fa6414ee0_0, 0, 1;
T_2.6 ;
    %load/vec4 v0000021fa64157a0_0;
    %flag_set/vec4 8;
    %jmp/0xz  T_2.8, 8;
    %pushi/vec4 1, 0, 1;
    %store/vec4 v0000021fa64152a0_0, 0, 1;
    %pushi/vec4 0, 0, 1;
    %store/vec4 v0000021fa6414ee0_0, 0, 1;
T_2.8 ;
    %jmp T_2.5;
T_2.4 ;
    %load/vec4 v0000021fa6415520_0;
    %parti/s 1, 32, 7;
    %flag_set/vec4 8;
    %jmp/0xz  T_2.10, 8;
    %pushi/vec4 1, 0, 1;
    %store/vec4 v0000021fa6414d00_0, 0, 1;
    %load/vec4 v0000021fa6415520_0;
    %parti/s 3, 34, 7;
    %load/vec4 v0000021fa64148a0_0;
    %concat/vec4; draw_concat_vec4
    %store/vec4 v0000021fa6414940_0, 0, 6;
    %load/vec4 v0000021fa6415520_0;
    %parti/s 32, 0, 2;
    %store/vec4 v0000021fa6415340_0, 0, 32;
    %jmp T_2.11;
T_2.10 ;
    %pushi/vec4 1, 0, 1;
    %store/vec4 v0000021fa6414a80_0, 0, 1;
    %load/vec4 v0000021fa6414b20_0;
    %parti/s 6, 2, 3;
    %store/vec4 v0000021fa6414940_0, 0, 6;
T_2.11 ;
T_2.5 ;
T_2.2 ;
    %jmp T_2;
    .thread T_2;
    .scope S_0000021fa6366cc0;
T_3 ;
    %wait E_0000021fa63a7600;
    %load/vec4 v0000021fa64152a0_0;
    %flag_set/vec4 8;
    %jmp/0xz  T_3.0, 8;
    %delay 1, 0;
    %load/vec4 v0000021fa6415480_0;
    %load/vec4 v0000021fa64148a0_0;
    %pad/u 5;
    %ix/vec4 4;
    %flag_mov 8, 4;
    %ix/getv 5, v0000021fa6415200_0;
    %flag_or 4, 8;
    %store/vec4a v0000021fa6414bc0, 4, 5;
    %pushi/vec4 1, 0, 1;
    %load/vec4 v0000021fa64148a0_0;
    %pad/u 5;
    %ix/vec4 4;
    %flag_mov 8, 4;
    %ix/load 5, 32, 0;
    %flag_set/imm 4, 0;
    %flag_or 4, 8;
    %store/vec4a v0000021fa6414bc0, 4, 5;
    %pushi/vec4 0, 0, 1;
    %store/vec4 v0000021fa64152a0_0, 0, 1;
T_3.0 ;
    %jmp T_3;
    .thread T_3;
    .scope S_0000021fa6366cc0;
T_4 ;
    %wait E_0000021fa63a8340;
    %load/vec4 v0000021fa6414d00_0;
    %flag_set/vec4 8;
    %jmp/0xz  T_4.0, 8;
    %pushi/vec4 0, 0, 1;
    %store/vec4 v0000021fa6414d00_0, 0, 1;
    %load/vec4 v0000021fa6414da0_0;
    %load/vec4 v0000021fa64157a0_0;
    %or;
    %load/vec4 v0000021fa6415160_0;
    %nor/r;
    %and;
    %load/vec4 v0000021fa6415520_0;
    %parti/s 1, 32, 7;
    %and;
    %flag_set/vec4 8;
    %jmp/0xz  T_4.2, 8;
    %pushi/vec4 1, 0, 1;
    %store/vec4 v0000021fa6414a80_0, 0, 1;
    %load/vec4 v0000021fa6414b20_0;
    %parti/s 6, 2, 3;
    %store/vec4 v0000021fa6414940_0, 0, 6;
T_4.2 ;
    %jmp T_4.1;
T_4.0 ;
    %load/vec4 v0000021fa6414a80_0;
    %flag_set/vec4 8;
    %jmp/0xz  T_4.4, 8;
    %pushi/vec4 0, 0, 1;
    %store/vec4 v0000021fa6414a80_0, 0, 1;
    %delay 1, 0;
    %load/vec4 v0000021fa64150c0_0;
    %concati/vec4 2, 0, 2;
    %load/vec4 v0000021fa6415700_0;
    %concat/vec4; draw_concat_vec4
    %load/vec4 v0000021fa64148a0_0;
    %pad/u 5;
    %ix/vec4 4;
    %store/vec4a v0000021fa6414bc0, 4, 0;
T_4.4 ;
T_4.1 ;
    %jmp T_4;
    .thread T_4;
    .scope S_0000021fa6366cc0;
T_5 ;
    %wait E_0000021fa63a7600;
    %load/vec4 v0000021fa6415020_0;
    %flag_set/vec4 8;
    %jmp/0xz  T_5.0, 8;
    %pushi/vec4 0, 0, 32;
    %store/vec4 v0000021fa6414f80_0, 0, 32;
T_5.2 ;
    %load/vec4 v0000021fa6414f80_0;
    %cmpi/s 8, 0, 32;
    %jmp/0xz T_5.3, 5;
    %pushi/vec4 0, 0, 1;
    %ix/getv/s 4, v0000021fa6414f80_0;
    %flag_mov 8, 4;
    %ix/load 5, 33, 0;
    %flag_set/imm 4, 0;
    %flag_or 4, 8;
    %store/vec4a v0000021fa6414bc0, 4, 5;
    %load/vec4 v0000021fa6414f80_0;
    %addi 1, 0, 32;
    %store/vec4 v0000021fa6414f80_0, 0, 32;
    %jmp T_5.2;
T_5.3 ;
    %pushi/vec4 0, 0, 1;
    %store/vec4 v0000021fa6414ee0_0, 0, 1;
    %pushi/vec4 0, 0, 1;
    %store/vec4 v0000021fa6414a80_0, 0, 1;
    %pushi/vec4 0, 0, 1;
    %store/vec4 v0000021fa6414d00_0, 0, 1;
    %pushi/vec4 0, 0, 1;
    %store/vec4 v0000021fa64152a0_0, 0, 1;
T_5.0 ;
    %jmp T_5;
    .thread T_5;
# The file index is used to find the file name in the following table.
:file_names 3;
    "N/A";
    "<interactive>";
    "sathii.v";
